#
# There is insufficient memory for the Java Runtime Environment to continue.
# Native memory allocation (malloc) failed to allocate 66846720 bytes for committing reserved memory.
# Possible reasons:
#   The system is out of physical RAM or swap space
#   In 32 bit mode, the process size limit was hit
# Possible solutions:
#   Reduce memory load on the system
#   Increase physical memory or swap space
#   Check if swap backing store is full
#   Use 64 bit Java on a 64 bit OS
#   Decrease Java heap size (-Xmx/-Xms)
#   Decrease number of Java threads
#   Decrease Java thread stack sizes (-Xss)
#   Set larger code cache with -XX:ReservedCodeCacheSize=
# This output file may be truncated or incomplete.
#
#  Out of Memory Error (os_linux.cpp:2756), pid=10571, tid=2414562112
#
# JRE version: Java(TM) SE Runtime Environment (7.0_80-b15) (build 1.7.0_80-b15)
# Java VM: Java HotSpot(TM) Server VM (24.80-b11 mixed mode linux-x86 )
# Failed to write core dump. Core dumps have been disabled. To enable core dumping, try "ulimit -c unlimited" before starting Java again
#

---------------  T H R E A D  ---------------

Current thread (0x8e610400):  VMThread [stack: 0x8fe34000,0x8feb5000] [id=10580]

Stack: [0x8fe34000,0x8feb5000],  sp=0x8feb3a70,  free space=510k
Native frames: (J=compiled Java code, j=interpreted, Vv=VM code, C=native code)
V  [libjvm.so+0x7ea656]  VMError::report_and_die()+0x1a6
V  [libjvm.so+0x33eb82]  report_vm_out_of_memory(char const*, int, unsigned int, char const*)+0x72
V  [libjvm.so+0x687fb1]  os::Linux::commit_memory_impl(char*, unsigned int, bool)+0xe1
V  [libjvm.so+0x688478]  os::pd_commit_memory(char*, unsigned int, unsigned int, bool)+0x28
V  [libjvm.so+0x681b2c]  os::commit_memory(char*, unsigned int, unsigned int, bool)+0x2c
V  [libjvm.so+0x6ea8d8]  PSVirtualSpace::expand_by(unsigned int)+0x48
V  [libjvm.so+0x6dcd01]  PSOldGen::expand(unsigned int)+0x141
V  [libjvm.so+0x6dcdcf]  PSOldGen::resize(unsigned int)+0x8f
V  [libjvm.so+0x6e39d6]  PSParallelCompact::invoke_no_policy(bool)+0x8b6
V  [libjvm.so+0x6e8fed]  PSScavenge::invoke()+0x16d
V  [libjvm.so+0x6a851a]  ParallelScavengeHeap::failed_mem_allocate(unsigned int)+0x5a
V  [libjvm.so+0x7ebeea]  VM_ParallelGCFailedAllocation::doit()+0x7a
V  [libjvm.so+0x7f4d07]  VM_Operation::evaluate()+0x47
V  [libjvm.so+0x7f2da3]  VMThread::evaluate_operation(VM_Operation*)+0xb3
V  [libjvm.so+0x7f3140]  VMThread::loop()+0x1b0
V  [libjvm.so+0x7f35a5]  VMThread::run()+0x85
V  [libjvm.so+0x68a249]  java_start(Thread*)+0x119
C  [libpthread.so.0+0x6295]  start_thread+0xe5

VM_Operation (0xb67f20b4): ParallelGCFailedAllocation, mode: safepoint, requested by thread 0xb6607c00


---------------  P R O C E S S  ---------------

Java Threads: ( => current thread )
  0x8e62ac00 JavaThread "Service Thread" daemon [_thread_blocked, id=10586, stack(0x8e20b000,0x8e25c000)]
  0x8e629000 JavaThread "C2 CompilerThread1" daemon [_thread_blocked, id=10585, stack(0x8e25c000,0x8e2dd000)]
  0x8e627000 JavaThread "C2 CompilerThread0" daemon [_thread_blocked, id=10584, stack(0x8e2dd000,0x8e35e000)]
  0x8e625800 JavaThread "Signal Dispatcher" daemon [_thread_blocked, id=10583, stack(0x8e35e000,0x8e3af000)]
  0x8e614800 JavaThread "Finalizer" daemon [_thread_blocked, id=10582, stack(0x8e5af000,0x8e600000)]
  0x8e613000 JavaThread "Reference Handler" daemon [_thread_blocked, id=10581, stack(0x8e72d000,0x8e77e000)]
  0xb6607c00 JavaThread "main" [_thread_blocked, id=10577, stack(0xb67a3000,0xb67f4000)]

Other Threads:
=>0x8e610400 VMThread [stack: 0x8fe34000,0x8feb5000] [id=10580]
  0x8e62c800 WatcherThread [stack: 0x8e18a000,0x8e20b000] [id=10587]

VM state:at safepoint (normal execution)

VM Mutex/Monitor currently owned by a thread:  ([mutex/lock_event])
[0xb6604c08] ExpandHeap_lock - owner thread: 0x8e610400
[0xb6605150] Threads_lock - owner thread: 0x8e610400
[0xb6605560] Heap_lock - owner thread: 0xb6607c00

Heap
 PSYoungGen      total 113408K, used 0K [0xa8f40000, 0xb3540000, 0xb3540000)
  eden space 56832K, 0% used [0xa8f40000,0xa8f40000,0xac6c0000)
  from space 56576K, 0% used [0xafe00000,0xafe00000,0xb3540000)
  to   space 56576K, 0% used [0xac6c0000,0xac6c0000,0xafe00000)
 ParOldGen       total 231424K, used 205348K [0x94340000, 0xa2540000, 0xa8f40000)
  object space 231424K, 88% used [0x94340000,0xa0bc9218,0xa2540000)
 PSPermGen       total 27904K, used 13375K [0x90340000, 0x91e80000, 0x94340000)
  object space 27904K, 47% used [0x90340000,0x9104fec8,0x91e80000)

Card table byte_map: [0x90226000,0x90340000] byte_map_base: 0x8fda4600

Polling page: 0xb774e000

Code Cache  [0xb3600000, 0xb3a50000, 0xb6600000)
 total_blobs=1308 nmethods=1165 adapters=96 free_code_cache=44941Kb largest_free_block=45820160

Compilation events (10 events):
Event: 39.708 Thread 0x8e629000 nmethod 1396 0xb3705f88 code [0xb3706140, 0xb3706758]
Event: 39.708 Thread 0x8e629000 1397             com.sun.tools.javac.tree.JCTree$Visitor::<init> (5 bytes)
Event: 39.709 Thread 0x8e629000 nmethod 1397 0xb39b7088 code [0xb39b7160, 0xb39b71b0]
Event: 39.709 Thread 0x8e629000 1398             java.net.URI::needsNormalization (184 bytes)
Event: 39.718 Thread 0x8e627000 nmethod 1394 0xb392e488 code [0xb392e6e0, 0xb392f3ac]
Event: 39.719 Thread 0x8e627000 1399             com.sun.tools.javac.jvm.Code::addLineNumber (93 bytes)
Event: 39.723 Thread 0x8e627000 nmethod 1399 0xb3705988 code [0xb3705ac0, 0xb3705d70]
Event: 39.723 Thread 0x8e627000 1400   !         com.sun.tools.javac.jvm.ClassWriter::enterInner (237 bytes)
Event: 39.731 Thread 0x8e629000 nmethod 1398 0xb38e8888 code [0xb38e89c0, 0xb38e8e70]
Event: 39.731 Thread 0x8e629000 1401             com.sun.tools.javac.comp.Resolve::findMethod (346 bytes)

GC Heap History (10 events):
Event: 26.128 GC heap after
Heap after GC invocations=17 (full 2):
 PSYoungGen      total 134912K, used 23019K [0xa8f40000, 0xb3540000, 0xb3540000)
  eden space 111104K, 0% used [0xa8f40000,0xa8f40000,0xafbc0000)
  from space 23808K, 96% used [0xafbc0000,0xb123afb0,0xb1300000)
  to   space 35072K, 0% used [0xb1300000,0xb1300000,0xb3540000)
 ParOldGen       total 157696K, used 102453K [0x94340000, 0x9dd40000, 0xa8f40000)
  object space 157696K, 64% used [0x94340000,0x9a74d418,0x9dd40000)
 PSPermGen       total 28928K, used 12797K [0x90340000, 0x91f80000, 0x94340000)
  object space 28928K, 44% used [0x90340000,0x90fbf680,0x91f80000)
}
Event: 29.376 GC heap before
{Heap before GC invocations=18 (full 2):
 PSYoungGen      total 134912K, used 134123K [0xa8f40000, 0xb3540000, 0xb3540000)
  eden space 111104K, 100% used [0xa8f40000,0xafbc0000,0xafbc0000)
  from space 23808K, 96% used [0xafbc0000,0xb123afb0,0xb1300000)
  to   space 35072K, 0% used [0xb1300000,0xb1300000,0xb3540000)
 ParOldGen       total 157696K, used 102453K [0x94340000, 0x9dd40000, 0xa8f40000)
  object space 157696K, 64% used [0x94340000,0x9a74d418,0x9dd40000)
 PSPermGen       total 28928K, used 12911K [0x90340000, 0x91f80000, 0x94340000)
  object space 28928K, 44% used [0x90340000,0x90fdbff8,0x91f80000)
Event: 29.806 GC heap after
Heap after GC invocations=18 (full 2):
 PSYoungGen      total 91904K, used 35063K [0xa8f40000, 0xb3540000, 0xb3540000)
  eden space 56832K, 0% used [0xa8f40000,0xa8f40000,0xac6c0000)
  from space 35072K, 99% used [0xb1300000,0xb353de80,0xb3540000)
  to   space 56576K, 0% used [0xac6c0000,0xac6c0000,0xafe00000)
 ParOldGen       total 157696K, used 140161K [0x94340000, 0x9dd40000, 0xa8f40000)
  object space 157696K, 88% used [0x94340000,0x9cc20740,0x9dd40000)
 PSPermGen       total 28928K, used 12911K [0x90340000, 0x91f80000, 0x94340000)
  object space 28928K, 44% used [0x90340000,0x90fdbff8,0x91f80000)
}
Event: 29.806 GC heap before
{Heap before GC invocations=19 (full 3):
 PSYoungGen      total 91904K, used 35063K [0xa8f40000, 0xb3540000, 0xb3540000)
  eden space 56832K, 0% used [0xa8f40000,0xa8f40000,0xac6c0000)
  from space 35072K, 99% used [0xb1300000,0xb353de80,0xb3540000)
  to   space 56576K, 0% used [0xac6c0000,0xac6c0000,0xafe00000)
 ParOldGen       total 157696K, used 140161K [0x94340000, 0x9dd40000, 0xa8f40000)
  object space 157696K, 88% used [0x94340000,0x9cc20740,0x9dd40000)
 PSPermGen       total 28928K, used 12911K [0x90340000, 0x91f80000, 0x94340000)
  object space 28928K, 44% used [0x90340000,0x90fdbff8,0x91f80000)
Event: 30.969 GC heap after
Heap after GC invocations=19 (full 3):
 PSYoungGen      total 91904K, used 17077K [0xa8f40000, 0xb3540000, 0xb3540000)
  eden space 56832K, 0% used [0xa8f40000,0xa8f40000,0xac6c0000)
  from space 35072K, 48% used [0xb1300000,0xb23ad6e8,0xb3540000)
  to   space 56576K, 0% used [0xac6c0000,0xac6c0000,0xafe00000)
 ParOldGen       total 231424K, used 157591K [0x94340000, 0xa2540000, 0xa8f40000)
  object space 231424K, 68% used [0x94340000,0x9dd25f70,0xa2540000)
 PSPermGen       total 27904K, used 12911K [0x90340000, 0x91e80000, 0x94340000)
  object space 27904K, 46% used [0x90340000,0x90fdbf88,0x91e80000)
}
Event: 33.168 GC heap before
{Heap before GC invocations=20 (full 3):
 PSYoungGen      total 91904K, used 73909K [0xa8f40000, 0xb3540000, 0xb3540000)
  eden space 56832K, 100% used [0xa8f40000,0xac6c0000,0xac6c0000)
  from space 35072K, 48% used [0xb1300000,0xb23ad6e8,0xb3540000)
  to   space 56576K, 0% used [0xac6c0000,0xac6c0000,0xafe00000)
 ParOldGen       total 231424K, used 157591K [0x94340000, 0xa2540000, 0xa8f40000)
  object space 231424K, 68% used [0x94340000,0x9dd25f70,0xa2540000)
 PSPermGen       total 27904K, used 13020K [0x90340000, 0x91e80000, 0x94340000)
  object space 27904K, 46% used [0x90340000,0x90ff7180,0x91e80000)
Event: 33.462 GC heap after
Heap after GC invocations=20 (full 3):
 PSYoungGen      total 113408K, used 29183K [0xa8f40000, 0xb3540000, 0xb3540000)
  eden space 56832K, 0% used [0xa8f40000,0xa8f40000,0xac6c0000)
  from space 56576K, 51% used [0xac6c0000,0xae33ff28,0xafe00000)
  to   space 56576K, 0% used [0xafe00000,0xafe00000,0xb3540000)
 ParOldGen       total 231424K, used 174733K [0x94340000, 0xa2540000, 0xa8f40000)
  object space 231424K, 75% used [0x94340000,0x9ede3560,0xa2540000)
 PSPermGen       total 27904K, used 13020K [0x90340000, 0x91e80000, 0x94340000)
  object space 27904K, 46% used [0x90340000,0x90ff7180,0x91e80000)
}
Event: 39.770 GC heap before
{Heap before GC invocations=21 (full 3):
 PSYoungGen      total 113408K, used 86015K [0xa8f40000, 0xb3540000, 0xb3540000)
  eden space 56832K, 100% used [0xa8f40000,0xac6c0000,0xac6c0000)
  from space 56576K, 51% used [0xac6c0000,0xae33ff28,0xafe00000)
  to   space 56576K, 0% used [0xafe00000,0xafe00000,0xb3540000)
 ParOldGen       total 231424K, used 174733K [0x94340000, 0xa2540000, 0xa8f40000)
  object space 231424K, 75% used [0x94340000,0x9ede3560,0xa2540000)
 PSPermGen       total 27904K, used 13378K [0x90340000, 0x91e80000, 0x94340000)
  object space 27904K, 47% used [0x90340000,0x91050b28,0x91e80000)
Event: 40.000 GC heap after
Heap after GC invocations=21 (full 3):
 PSYoungGen      total 113408K, used 4240K [0xa8f40000, 0xb3540000, 0xb3540000)
  eden space 56832K, 0% used [0xa8f40000,0xa8f40000,0xac6c0000)
  from space 56576K, 7% used [0xafe00000,0xb0224030,0xb3540000)
  to   space 56576K, 0% used [0xac6c0000,0xac6c0000,0xafe00000)
 ParOldGen       total 231424K, used 203792K [0x94340000, 0xa2540000, 0xa8f40000)
  object space 231424K, 88% used [0x94340000,0xa0a44108,0xa2540000)
 PSPermGen       total 27904K, used 13378K [0x90340000, 0x91e80000, 0x94340000)
  object space 27904K, 47% used [0x90340000,0x91050b28,0x91e80000)
}
Event: 40.000 GC heap before
{Heap before GC invocations=22 (full 4):
 PSYoungGen      total 113408K, used 4240K [0xa8f40000, 0xb3540000, 0xb3540000)
  eden space 56832K, 0% used [0xa8f40000,0xa8f40000,0xac6c0000)
  from space 56576K, 7% used [0xafe00000,0xb0224030,0xb3540000)
  to   space 56576K, 0% used [0xac6c0000,0xac6c0000,0xafe00000)
 ParOldGen       total 231424K, used 203792K [0x94340000, 0xa2540000, 0xa8f40000)
  object space 231424K, 88% used [0x94340000,0xa0a44108,0xa2540000)
 PSPermGen       total 27904K, used 13378K [0x90340000, 0x91e80000, 0x94340000)
  object space 27904K, 47% used [0x90340000,0x91050b28,0x91e80000)

Deoptimization events (10 events):
Event: 38.367 Thread 0xb6607c00 Uncommon trap: reason=unstable_if action=reinterpret pc=0xb3a073fc method=com.sun.tools.javac.comp.Attr.visitIdent(Lcom/sun/tools/javac/tree/JCTree$JCIdent;)V @ 221
Event: 38.409 Thread 0xb6607c00 Uncommon trap: reason=unstable_if action=reinterpret pc=0xb3a0f578 method=com.sun.tools.javac.comp.Resolve.isAccessible(Lcom/sun/tools/javac/comp/Env;Lcom/sun/tools/javac/code/Type;Lcom/sun/tools/javac/code/Symbol;Z)Z @ 118
Event: 38.567 Thread 0xb6607c00 Uncommon trap: reason=class_check action=maybe_recompile pc=0xb384e4d4 method=com.sun.tools.javac.jvm.ClassWriter.assembleSig(Lcom/sun/tools/javac/code/Type;)V @ 247
Event: 38.655 Thread 0xb6607c00 Uncommon trap: reason=class_check action=maybe_recompile pc=0xb3a1e224 method=com.sun.tools.javac.code.Types$ImplementationCache.implementationInternal(Lcom/sun/tools/javac/code/Symbol$MethodSymbol;Lcom/sun/tools/javac/code/Symbol$TypeSymbol;ZLcom/sun/too
Event: 39.149 Thread 0xb6607c00 Uncommon trap: reason=null_check action=make_not_entrant pc=0xb38ccc94 method=com.sun.tools.javac.comp.Flow.errorUncaught()V @ 7
Event: 39.150 Thread 0xb6607c00 Uncommon trap: reason=unstable_if action=reinterpret pc=0xb38a46d8 method=com.sun.tools.javac.util.Bits.sizeTo(I)V @ 6
Event: 39.150 Thread 0xb6607c00 Uncommon trap: reason=unstable_if action=reinterpret pc=0xb37a3fc0 method=com.sun.tools.javac.util.Bits.sizeTo(I)V @ 6
Event: 39.151 Thread 0xb6607c00 Uncommon trap: reason=unstable_if action=reinterpret pc=0xb37df9a8 method=com.sun.tools.javac.util.Bits.sizeTo(I)V @ 6
Event: 39.190 Thread 0xb6607c00 Uncommon trap: reason=bimorphic action=maybe_recompile pc=0xb365c064 method=com.sun.tools.javac.comp.TransTypes.coerce(Lcom/sun/tools/javac/tree/JCTree$JCExpression;Lcom/sun/tools/javac/code/Type;)Lcom/sun/tools/javac/tree/JCTree$JCExpression; @ 1
Event: 39.190 Thread 0xb6607c00 Uncommon trap: reason=bimorphic action=maybe_recompile pc=0xb365c064 method=com.sun.tools.javac.comp.TransTypes.coerce(Lcom/sun/tools/javac/tree/JCTree$JCExpression;Lcom/sun/tools/javac/code/Type;)Lcom/sun/tools/javac/tree/JCTree$JCExpression; @ 1

Internal exceptions (10 events):
Event: 36.484 Thread 0xb6607c00 Threw 0xaa3865a0 at /HUDSON/workspace/7u-2-build-linux-i586/jdk7u80/2329/hotspot/src/share/vm/prims/jvm.cpp:1319
Event: 36.484 Thread 0xb6607c00 Threw 0xaa386bd8 at /HUDSON/workspace/7u-2-build-linux-i586/jdk7u80/2329/hotspot/src/share/vm/prims/jvm.cpp:1319
Event: 36.492 Thread 0xb6607c00 Threw 0xaa3960b0 at /HUDSON/workspace/7u-2-build-linux-i586/jdk7u80/2329/hotspot/src/share/vm/prims/jvm.cpp:1319
Event: 36.492 Thread 0xb6607c00 Threw 0xaa396958 at /HUDSON/workspace/7u-2-build-linux-i586/jdk7u80/2329/hotspot/src/share/vm/prims/jvm.cpp:1319
Event: 37.586 Thread 0xb6607c00 Threw 0xab308598 at /HUDSON/workspace/7u-2-build-linux-i586/jdk7u80/2329/hotspot/src/share/vm/prims/jvm.cpp:1319
Event: 37.586 Thread 0xb6607c00 Threw 0xab308da0 at /HUDSON/workspace/7u-2-build-linux-i586/jdk7u80/2329/hotspot/src/share/vm/prims/jvm.cpp:1319
Event: 37.614 Thread 0xb6607c00 Implicit null exception at 0xb39d9e6e to 0xb39db615
Event: 37.617 Thread 0xb6607c00 Implicit null exception at 0xb39ee9a0 to 0xb39ef4c1
Event: 38.219 Thread 0xb6607c00 Implicit null exception at 0xb39d10b8 to 0xb39d1a75
Event: 39.149 Thread 0xb6607c00 Implicit null exception at 0xb38c9ad8 to 0xb38ccc41

Events (10 events):
Event: 39.190 Thread 0xb6607c00 DEOPT UNPACKING pc=0xb362cbc8 sp=0xb67f1fdc mode 2
Event: 39.190 Thread 0xb6607c00 Uncommon trap: trap_request=0xffffffc6 fr.pc=0xb365c064
Event: 39.190 Thread 0xb6607c00 DEOPT PACKING pc=0xb365c064 sp=0xb67f2020
Event: 39.190 Thread 0xb6607c00 DEOPT UNPACKING pc=0xb362cbc8 sp=0xb67f1fdc mode 2
Event: 39.554 Thread 0x8e627000 flushing nmethod 0xb37ab7c8
Event: 39.566 Thread 0x8e629000 flushing nmethod 0xb383f648
Event: 39.592 Thread 0x8e627000 flushing nmethod 0xb390d588
Event: 39.592 Thread 0x8e627000 flushing nmethod 0xb392e488
Event: 39.592 Thread 0x8e627000 flushing nmethod 0xb3952d08
Event: 39.770 Executing VM operation: ParallelGCFailedAllocation


Dynamic libraries:
08048000-08049000 r-xp 00000000 08:06 705763     /usr/local/java/jdk1.7.0_80/bin/java
08049000-0804a000 rw-p 00000000 08:06 705763     /usr/local/java/jdk1.7.0_80/bin/java
08d63000-0944b000 rw-p 00000000 00:00 0          [heap]
8c900000-8ca00000 rw-p 00000000 00:00 0 
8cb00000-8cc00000 rw-p 00000000 00:00 0 
8cd00000-8cdfd000 rw-p 00000000 00:00 0 
8cdfd000-8ce00000 ---p 00000000 00:00 0 
8cf00000-8cfdb000 rw-p 00000000 00:00 0 
8cfdb000-8d000000 ---p 00000000 00:00 0 
8d100000-8d1fd000 rw-p 00000000 00:00 0 
8d1fd000-8d200000 ---p 00000000 00:00 0 
8d300000-8d3fa000 rw-p 00000000 00:00 0 
8d3fa000-8d400000 ---p 00000000 00:00 0 
8d495000-8d500000 r--s 00e21000 08:06 296708     /usr/local/java/jdk1.7.0_80/lib/tools.jar
8d500000-8d5fc000 rw-p 00000000 00:00 0 
8d5fc000-8d600000 ---p 00000000 00:00 0 
8d600000-8d6fd000 rw-p 00000000 00:00 0 
8d6fd000-8d700000 ---p 00000000 00:00 0 
8d700000-8d7fe000 rw-p 00000000 00:00 0 
8d7fe000-8d800000 ---p 00000000 00:00 0 
8d800000-8d8fa000 rw-p 00000000 00:00 0 
8d8fa000-8d900000 ---p 00000000 00:00 0 
8d900000-8d9ff000 rw-p 00000000 00:00 0 
8d9ff000-8da00000 ---p 00000000 00:00 0 
8da00000-8dafd000 rw-p 00000000 00:00 0 
8dafd000-8db00000 ---p 00000000 00:00 0 
8db00000-8dbff000 rw-p 00000000 00:00 0 
8dbff000-8dc00000 ---p 00000000 00:00 0 
8dc1e000-8dc1f000 r--s 00004000 08:07 534879     /home/akshat/.m2/repository/org/codehaus/plexus/plexus-compiler-javac/2.7/plexus-compiler-javac-2.7.jar
8dc1f000-8dc21000 r--s 00000000 08:07 276263     /home/akshat/.m2/repository/org/codehaus/plexus/plexus-compiler-manager/2.7/plexus-compiler-manager-2.7.jar
8dc21000-8dc23000 r--s 00005000 08:07 276261     /home/akshat/.m2/repository/org/codehaus/plexus/plexus-compiler-api/2.7/plexus-compiler-api-2.7.jar
8dc23000-8dc25000 r--s 00002000 08:07 534877     /home/akshat/.m2/repository/org/apache/maven/shared/maven-shared-incremental/1.1/maven-shared-incremental-1.1.jar
8dc25000-8dc27000 r--s 00006000 08:07 407358     /home/akshat/.m2/repository/com/google/code/findbugs/jsr305/2.0.1/jsr305-2.0.1.jar
8dc27000-8dc2b000 r--s 0002a000 08:07 407356     /home/akshat/.m2/repository/commons-io/commons-io/2.4/commons-io-2.4.jar
8dc2b000-8dc2e000 r--s 00023000 08:07 407354     /home/akshat/.m2/repository/org/apache/maven/shared/maven-shared-utils/3.0.0/maven-shared-utils-3.0.0.jar
8dc2e000-8dc30000 r--s 00002000 08:07 276257     /home/akshat/.m2/repository/org/sonatype/plexus/plexus-cipher/1.4/plexus-cipher-1.4.jar
8dc30000-8dc32000 r--s 00000000 08:07 165723     /home/akshat/.m2/repository/org/codehaus/plexus/plexus-component-annotations/1.5.5/plexus-component-annotations-1.5.5.jar
8dc32000-8dc34000 r--s 0000d000 08:07 165719     /home/akshat/.m2/repository/org/codehaus/plexus/plexus-interpolation/1.14/plexus-interpolation-1.14.jar
8dc34000-8dc3f000 r--s 00069000 08:07 165707     /home/akshat/.m2/repository/org/sonatype/sisu/sisu-guice/2.1.7/sisu-guice-2.1.7-noaop.jar
8dc3f000-8de00000 rw-p 00000000 00:00 0 
8de00000-8deff000 rw-p 00000000 00:00 0 
8deff000-8df00000 ---p 00000000 00:00 0 
8df00000-8dffe000 rw-p 00000000 00:00 0 
8dffe000-8e000000 ---p 00000000 00:00 0 
8e000000-8e100000 rw-p 00000000 00:00 0 
8e100000-8e101000 r--s 00006000 08:07 165725     /home/akshat/.m2/repository/org/sonatype/plexus/plexus-sec-dispatcher/1.3/plexus-sec-dispatcher-1.3.jar
8e101000-8e105000 r--s 00017000 08:07 276255     /home/akshat/.m2/repository/org/sonatype/aether/aether-util/1.7/aether-util-1.7.jar
8e105000-8e109000 r--s 00033000 08:07 165711     /home/akshat/.m2/repository/org/codehaus/plexus/plexus-utils/2.0.4/plexus-utils-2.0.4.jar
8e109000-8e10e000 r--s 00021000 08:07 165705     /home/akshat/.m2/repository/org/sonatype/sisu/sisu-inject-bean/1.4.2/sisu-inject-bean-1.4.2.jar
8e10e000-8e110000 r--s 0000b000 08:07 152863     /home/akshat/.m2/repository/org/apache/maven/plugins/maven-compiler-plugin/3.5.1/maven-compiler-plugin-3.5.1.jar
8e110000-8e112000 r--s 0000d000 08:07 276317     /home/akshat/.m2/repository/org/codehaus/plexus/plexus-interpolation/1.13/plexus-interpolation-1.13.jar
8e112000-8e113000 r--s 00001000 08:07 276315     /home/akshat/.m2/repository/org/sonatype/plexus/plexus-build-api/0.0.4/plexus-build-api-0.0.4.jar
8e113000-8e115000 r--s 00009000 08:07 534905     /home/akshat/.m2/repository/org/apache/maven/shared/maven-filtering/1.1/maven-filtering-1.1.jar
8e115000-8e119000 r--s 00033000 08:07 165769     /home/akshat/.m2/repository/org/codehaus/plexus/plexus-utils/2.0.5/plexus-utils-2.0.5.jar
8e119000-8e11c000 r--s 0001b000 08:07 276313     /home/akshat/.m2/repository/junit/junit/3.8.1/junit-3.8.1.jar
8e11c000-8e11e000 r--s 00002000 08:07 276309     /home/akshat/.m2/repository/org/codehaus/plexus/plexus-interactivity-api/1.0-alpha-4/plexus-interactivity-api-1.0-alpha-4.jar
8e11e000-8e120000 r--s 00006000 08:07 407424     /home/akshat/.m2/repository/commons-cli/commons-cli/1.0/commons-cli-1.0.jar
8e120000-8e121000 r--s 00001000 08:07 407420     /home/akshat/.m2/repository/org/apache/maven/doxia/doxia-sink-api/1.0-alpha-7/doxia-sink-api-1.0-alpha-7.jar
8e121000-8e122000 r--s 00002000 08:07 407418     /home/akshat/.m2/repository/org/apache/maven/reporting/maven-reporting-api/2.0.6/maven-reporting-api-2.0.6.jar
8e122000-8e124000 r--s 00006000 08:07 155750     /home/akshat/.m2/repository/org/apache/maven/plugins/maven-resources-plugin/2.6/maven-resources-plugin-2.6.jar
8e124000-8e128000 r--s 0008b000 08:06 296723     /usr/local/java/jdk1.7.0_80/jre/lib/jsse.jar
8e128000-8e13d000 r-xp 00000000 08:06 440372     /usr/local/java/jdk1.7.0_80/jre/lib/i386/libnet.so
8e13d000-8e13e000 rw-p 00015000 08:06 440372     /usr/local/java/jdk1.7.0_80/jre/lib/i386/libnet.so
8e13e000-8e14c000 r-xp 00000000 08:06 440353     /usr/local/java/jdk1.7.0_80/jre/lib/i386/libnio.so
8e14c000-8e14d000 rw-p 0000e000 08:06 440353     /usr/local/java/jdk1.7.0_80/jre/lib/i386/libnio.so
8e14d000-8e14e000 r--s 00002000 08:07 263313     /home/akshat/Documents/DistributedComputing/eclipse/plugins/org.eclipse.m2e.maven.runtime.slf4j.simple_1.8.0.20160921-2001/jars/slf4j-simple-1.7.5.jar
8e14e000-8e153000 r--s 00041000 08:07 263330     /home/akshat/Documents/DistributedComputing/eclipse/plugins/org.eclipse.m2e.maven.runtime_1.8.0.20160921-2001/jars/commons-lang-2.6.jar
8e153000-8e154000 r--s 00002000 08:07 263342     /home/akshat/Documents/DistributedComputing/eclipse/plugins/org.eclipse.m2e.maven.runtime_1.8.0.20160921-2001/jars/wagon-file-2.10.jar
8e154000-8e156000 r--s 00005000 08:07 263329     /home/akshat/Documents/DistributedComputing/eclipse/plugins/org.eclipse.m2e.maven.runtime_1.8.0.20160921-2001/jars/aether-transport-wagon-1.0.2.v20150114.jar
8e156000-8e158000 r--s 0000f000 08:07 263349     /home/akshat/Documents/DistributedComputing/eclipse/plugins/org.eclipse.m2e.maven.runtime_1.8.0.20160921-2001/jars/okio-1.6.0.jar
8e158000-8e15d000 r--s 00049000 08:07 263359     /home/akshat/Documents/DistributedComputing/eclipse/plugins/org.eclipse.m2e.maven.runtime_1.8.0.20160921-2001/jars/okhttp-2.5.0.jar
8e15d000-8e15f000 r--s 0000b000 08:07 263340     /home/akshat/Documents/DistributedComputing/eclipse/plugins/org.eclipse.m2e.maven.runtime_1.8.0.20160921-2001/jars/aether-connector-okhttp-0.16.0.jar
8e15f000-8e18a000 r--s 001fc000 08:07 263327     /home/akshat/Documents/DistributedComputing/eclipse/plugins/org.eclipse.m2e.maven.runtime_1.8.0.20160921-2001/jars/guava-18.0.jar
8e18a000-8e18b000 ---p 00000000 00:00 0 
8e18b000-8e20b000 rw-p 00000000 00:00 0 
8e20b000-8e20e000 ---p 00000000 00:00 0 
8e20e000-8e25c000 rw-p 00000000 00:00 0 
8e25c000-8e25f000 ---p 00000000 00:00 0 
8e25f000-8e2dd000 rw-p 00000000 00:00 0 
8e2dd000-8e2e0000 ---p 00000000 00:00 0 
8e2e0000-8e35e000 rw-p 00000000 00:00 0 
8e35e000-8e361000 ---p 00000000 00:00 0 
8e361000-8e3af000 rw-p 00000000 00:00 0 
8e3af000-8e5af000 r--p 00000000 08:06 2007       /usr/lib/locale/locale-archive
8e5af000-8e5b2000 ---p 00000000 00:00 0 
8e5b2000-8e600000 rw-p 00000000 00:00 0 
8e600000-8e6fe000 rw-p 00000000 00:00 0 
8e6fe000-8e700000 ---p 00000000 00:00 0 
8e700000-8e701000 r--s 00008000 08:07 263344     /home/akshat/Documents/DistributedComputing/eclipse/plugins/org.eclipse.m2e.maven.runtime_1.8.0.20160921-2001/jars/aether-connector-basic-1.0.2.v20150114.jar
8e701000-8e703000 r--s 00006000 08:07 263352     /home/akshat/Documents/DistributedComputing/eclipse/plugins/org.eclipse.m2e.maven.runtime_1.8.0.20160921-2001/jars/aether-spi-1.0.2.v20150114.jar
8e703000-8e707000 r--s 00027000 08:07 263356     /home/akshat/Documents/DistributedComputing/eclipse/plugins/org.eclipse.m2e.maven.runtime_1.8.0.20160921-2001/jars/aether-impl-1.0.2.v20150114.jar
8e707000-8e70f000 r--s 00055000 08:07 263357     /home/akshat/Documents/DistributedComputing/eclipse/plugins/org.eclipse.m2e.maven.runtime_1.8.0.20160921-2001/jars/org.eclipse.sisu.inject-0.3.2.jar
8e70f000-8e710000 r--s 00001000 08:07 263361     /home/akshat/Documents/DistributedComputing/eclipse/plugins/org.eclipse.m2e.maven.runtime_1.8.0.20160921-2001/jars/jsr250-api-1.0.jar
8e710000-8e713000 r--s 00008000 08:07 263328     /home/akshat/Documents/DistributedComputing/eclipse/plugins/org.eclipse.m2e.maven.runtime_1.8.0.20160921-2001/jars/cdi-api-1.0.jar
8e713000-8e719000 r--s 0002d000 08:07 263339     /home/akshat/Documents/DistributedComputing/eclipse/plugins/org.eclipse.m2e.maven.runtime_1.8.0.20160921-2001/jars/org.eclipse.sisu.plexus-0.3.2.jar
8e719000-8e71c000 r--s 0000b000 08:07 263348     /home/akshat/Documents/DistributedComputing/eclipse/plugins/org.eclipse.m2e.maven.runtime_1.8.0.20160921-2001/jars/wagon-provider-api-2.10.jar
8e71c000-8e722000 r--s 00041000 08:07 263362     /home/akshat/Documents/DistributedComputing/eclipse/plugins/org.eclipse.m2e.maven.runtime_1.8.0.20160921-2001/jars/maven-compat-3.3.9.jar
8e722000-8e724000 r--s 00009000 08:07 263355     /home/akshat/Documents/DistributedComputing/eclipse/plugins/org.eclipse.m2e.maven.runtime_1.8.0.20160921-2001/jars/commons-cli-1.2.jar
8e724000-8e726000 r--s 00002000 08:07 263338     /home/akshat/Documents/DistributedComputing/eclipse/plugins/org.eclipse.m2e.maven.runtime_1.8.0.20160921-2001/jars/plexus-cipher-1.7.jar
8e726000-8e72d000 r--s 00064000 08:07 263341     /home/akshat/Documents/DistributedComputing/eclipse/plugins/org.eclipse.m2e.maven.runtime_1.8.0.20160921-2001/jars/commons-lang3-3.4.jar
8e72d000-8e730000 ---p 00000000 00:00 0 
8e730000-8e77e000 rw-p 00000000 00:00 0 
8e77e000-8e93e000 r--s 039fb000 08:06 297021     /usr/local/java/jdk1.7.0_80/jre/lib/rt.jar
8e93e000-8fd00000 rw-p 00000000 00:00 0 
8fd00000-8fdf9000 rw-p 00000000 00:00 0 
8fdf9000-8fe00000 ---p 00000000 00:00 0 
8fe00000-8fe03000 r--s 00013000 08:07 263334     /home/akshat/Documents/DistributedComputing/eclipse/plugins/org.eclipse.m2e.maven.runtime_1.8.0.20160921-2001/jars/maven-embedder-3.3.9.jar
8fe03000-8fe05000 r--s 00000000 08:07 263363     /home/akshat/Documents/DistributedComputing/eclipse/plugins/org.eclipse.m2e.maven.runtime_1.8.0.20160921-2001/jars/plexus-component-annotations-1.6.jar
8fe05000-8fe09000 r--s 00038000 08:07 263351     /home/akshat/Documents/DistributedComputing/eclipse/plugins/org.eclipse.m2e.maven.runtime_1.8.0.20160921-2001/jars/plexus-utils-3.0.22.jar
8fe09000-8fe0c000 r--s 0000d000 08:07 263345     /home/akshat/Documents/DistributedComputing/eclipse/plugins/org.eclipse.m2e.maven.runtime_1.8.0.20160921-2001/jars/plexus-interpolation-1.21.jar
8fe0c000-8fe15000 r--s 0005f000 08:07 263331     /home/akshat/Documents/DistributedComputing/eclipse/plugins/org.eclipse.m2e.maven.runtime_1.8.0.20160921-2001/jars/guice-4.0-no_aop.jar
8fe15000-8fe19000 r--s 00020000 08:07 263337     /home/akshat/Documents/DistributedComputing/eclipse/plugins/org.eclipse.m2e.maven.runtime_1.8.0.20160921-2001/jars/aether-util-1.0.2.v20150114.jar
8fe19000-8fe1e000 r--s 0001d000 08:07 263335     /home/akshat/Documents/DistributedComputing/eclipse/plugins/org.eclipse.m2e.maven.runtime_1.8.0.20160921-2001/jars/aether-api-1.0.2.v20150114.jar
8fe1e000-8fe20000 r--s 0000f000 08:07 263350     /home/akshat/Documents/DistributedComputing/eclipse/plugins/org.eclipse.m2e.maven.runtime_1.8.0.20160921-2001/jars/maven-aether-provider-3.3.9.jar
8fe20000-8fe25000 r--s 00027000 08:07 263332     /home/akshat/Documents/DistributedComputing/eclipse/plugins/org.eclipse.m2e.maven.runtime_1.8.0.20160921-2001/jars/maven-model-builder-3.3.9.jar
8fe25000-8fe27000 r--s 0000a000 08:07 263353     /home/akshat/Documents/DistributedComputing/eclipse/plugins/org.eclipse.m2e.maven.runtime_1.8.0.20160921-2001/jars/maven-plugin-api-3.3.9.jar
8fe27000-8fe34000 r--s 0008f000 08:07 263365     /home/akshat/Documents/DistributedComputing/eclipse/plugins/org.eclipse.m2e.maven.runtime_1.8.0.20160921-2001/jars/maven-core-3.3.9.jar
8fe34000-8fe35000 ---p 00000000 00:00 0 
8fe35000-8ff00000 rw-p 00000000 00:00 0 
8ff00000-8ff21000 rw-p 00000000 00:00 0 
8ff21000-90000000 ---p 00000000 00:00 0 
90000000-90001000 r--s 00006000 08:07 263346     /home/akshat/Documents/DistributedComputing/eclipse/plugins/org.eclipse.m2e.maven.runtime_1.8.0.20160921-2001/jars/plexus-sec-dispatcher-1.3.jar
90001000-90003000 r--s 0000c000 08:07 263354     /home/akshat/Documents/DistributedComputing/eclipse/plugins/org.eclipse.m2e.maven.runtime_1.8.0.20160921-2001/jars/maven-artifact-3.3.9.jar
90003000-9005e000 rw-p 00000000 00:00 0 
9005e000-9005f000 ---p 00000000 00:00 0 
9005f000-900df000 rw-p 00000000 00:00 0 
900df000-900e0000 ---p 00000000 00:00 0 
900e0000-9016e000 rw-p 00000000 00:00 0 
9016e000-9016f000 ---p 00000000 00:00 0 
9016f000-90180000 rw-p 00000000 00:00 0 
90180000-901f1000 rw-p 00000000 00:00 0 
901f1000-90226000 rw-p 00000000 00:00 0 
90226000-90234000 rw-p 00000000 00:00 0 
90234000-90235000 ---p 00000000 00:00 0 
90235000-90246000 rw-p 00000000 00:00 0 
90246000-902b7000 rw-p 00000000 00:00 0 
902b7000-902ec000 rw-p 00000000 00:00 0 
902ec000-9033f000 rw-p 00000000 00:00 0 
9033f000-91e80000 rw-p 00000000 00:00 0 
91e80000-91f80000 ---p 00000000 00:00 0 
91f80000-94340000 rw-p 00000000 00:00 0 
94340000-a2540000 rw-p 00000000 00:00 0 
a638d000-a6500000 rw-p 00000000 00:00 0 
a6500000-a8f40000 rw-p 00000000 00:00 0 
a8f40000-b3540000 rw-p 00000000 00:00 0 
b3540000-b3552000 rw-p 00000000 00:00 0 
b3552000-b3600000 rw-p 00000000 00:00 0 
b3600000-b3a50000 rwxp 00000000 00:00 0 
b3a50000-b66f3000 rw-p 00000000 00:00 0 
b66f3000-b6700000 ---p 00000000 00:00 0 
b6700000-b6701000 r--s 00006000 08:07 263364     /home/akshat/Documents/DistributedComputing/eclipse/plugins/org.eclipse.m2e.maven.runtime_1.8.0.20160921-2001/jars/maven-repository-metadata-3.3.9.jar
b6701000-b6703000 r--s 00009000 08:07 263360     /home/akshat/Documents/DistributedComputing/eclipse/plugins/org.eclipse.m2e.maven.runtime_1.8.0.20160921-2001/jars/maven-settings-builder-3.3.9.jar
b6703000-b671a000 r-xp 00000000 08:06 440373     /usr/local/java/jdk1.7.0_80/jre/lib/i386/libzip.so
b671a000-b671b000 rw-p 00016000 08:06 440373     /usr/local/java/jdk1.7.0_80/jre/lib/i386/libzip.so
b671b000-b6726000 r-xp 00000000 08:06 555855     /lib/i386-linux-gnu/libnss_files-2.23.so
b6726000-b6727000 r--p 0000a000 08:06 555855     /lib/i386-linux-gnu/libnss_files-2.23.so
b6727000-b6728000 rw-p 0000b000 08:06 555855     /lib/i386-linux-gnu/libnss_files-2.23.so
b6728000-b672e000 rw-p 00000000 00:00 0 
b672e000-b6739000 r-xp 00000000 08:06 555848     /lib/i386-linux-gnu/libnss_nis-2.23.so
b6739000-b673a000 r--p 0000a000 08:06 555848     /lib/i386-linux-gnu/libnss_nis-2.23.so
b673a000-b673b000 rw-p 0000b000 08:06 555848     /lib/i386-linux-gnu/libnss_nis-2.23.so
b673b000-b6752000 r-xp 00000000 08:06 555850     /lib/i386-linux-gnu/libnsl-2.23.so
b6752000-b6753000 r--p 00016000 08:06 555850     /lib/i386-linux-gnu/libnsl-2.23.so
b6753000-b6754000 rw-p 00017000 08:06 555850     /lib/i386-linux-gnu/libnsl-2.23.so
b6754000-b6756000 rw-p 00000000 00:00 0 
b6756000-b675e000 r-xp 00000000 08:06 555856     /lib/i386-linux-gnu/libnss_compat-2.23.so
b675e000-b675f000 r--p 00007000 08:06 555856     /lib/i386-linux-gnu/libnss_compat-2.23.so
b675f000-b6760000 rw-p 00008000 08:06 555856     /lib/i386-linux-gnu/libnss_compat-2.23.so
b6760000-b6761000 r--s 00003000 08:07 263358     /home/akshat/Documents/DistributedComputing/eclipse/plugins/org.eclipse.m2e.maven.runtime_1.8.0.20160921-2001/jars/maven-builder-support-3.3.9.jar
b6761000-b6762000 r--s 0000a000 08:07 263336     /home/akshat/Documents/DistributedComputing/eclipse/plugins/org.eclipse.m2e.maven.runtime_1.8.0.20160921-2001/jars/maven-settings-3.3.9.jar
b6762000-b6765000 r--s 00026000 08:07 263343     /home/akshat/Documents/DistributedComputing/eclipse/plugins/org.eclipse.m2e.maven.runtime_1.8.0.20160921-2001/jars/maven-model-3.3.9.jar
b6765000-b6767000 r--s 0000b000 08:07 263333     /home/akshat/Documents/DistributedComputing/eclipse/plugins/org.eclipse.m2e.maven.runtime_1.8.0.20160921-2001/jars/plexus-classworlds-2.5.2.jar
b6767000-b6768000 r--p 002d4000 08:06 2007       /usr/lib/locale/locale-archive
b6768000-b6776000 rw-p 00000000 00:00 0 
b6776000-b6799000 r-xp 00000000 08:06 440350     /usr/local/java/jdk1.7.0_80/jre/lib/i386/libjava.so
b6799000-b679a000 rw-p 00023000 08:06 440350     /usr/local/java/jdk1.7.0_80/jre/lib/i386/libjava.so
b679a000-b67a1000 r-xp 00000000 08:06 555857     /lib/i386-linux-gnu/librt-2.23.so
b67a1000-b67a2000 r--p 00006000 08:06 555857     /lib/i386-linux-gnu/librt-2.23.so
b67a2000-b67a3000 rw-p 00007000 08:06 555857     /lib/i386-linux-gnu/librt-2.23.so
b67a3000-b67a6000 ---p 00000000 00:00 0 
b67a6000-b67f4000 rw-p 00000000 00:00 0 
b67f4000-b6847000 r-xp 00000000 08:06 555849     /lib/i386-linux-gnu/libm-2.23.so
b6847000-b6848000 r--p 00052000 08:06 555849     /lib/i386-linux-gnu/libm-2.23.so
b6848000-b6849000 rw-p 00053000 08:06 555849     /lib/i386-linux-gnu/libm-2.23.so
b6849000-b70d0000 r-xp 00000000 08:06 440333     /usr/local/java/jdk1.7.0_80/jre/lib/i386/server/libjvm.so
b70d0000-b7134000 rw-p 00886000 08:06 440333     /usr/local/java/jdk1.7.0_80/jre/lib/i386/server/libjvm.so
b7134000-b7558000 rw-p 00000000 00:00 0 
b7558000-b7707000 r-xp 00000000 08:06 555851     /lib/i386-linux-gnu/libc-2.23.so
b7707000-b7708000 ---p 001af000 08:06 555851     /lib/i386-linux-gnu/libc-2.23.so
b7708000-b770a000 r--p 001af000 08:06 555851     /lib/i386-linux-gnu/libc-2.23.so
b770a000-b770b000 rw-p 001b1000 08:06 555851     /lib/i386-linux-gnu/libc-2.23.so
b770b000-b770e000 rw-p 00000000 00:00 0 
b770e000-b7711000 r-xp 00000000 08:06 555847     /lib/i386-linux-gnu/libdl-2.23.so
b7711000-b7712000 r--p 00002000 08:06 555847     /lib/i386-linux-gnu/libdl-2.23.so
b7712000-b7713000 rw-p 00003000 08:06 555847     /lib/i386-linux-gnu/libdl-2.23.so
b7713000-b7727000 r-xp 00000000 08:06 296707     /usr/local/java/jdk1.7.0_80/lib/i386/jli/libjli.so
b7727000-b7728000 rw-p 00013000 08:06 296707     /usr/local/java/jdk1.7.0_80/lib/i386/jli/libjli.so
b7728000-b7741000 r-xp 00000000 08:06 555861     /lib/i386-linux-gnu/libpthread-2.23.so
b7741000-b7742000 r--p 00018000 08:06 555861     /lib/i386-linux-gnu/libpthread-2.23.so
b7742000-b7743000 rw-p 00019000 08:06 555861     /lib/i386-linux-gnu/libpthread-2.23.so
b7743000-b7745000 rw-p 00000000 00:00 0 
b7745000-b774d000 rw-s 00000000 08:06 789361     /tmp/hsperfdata_akshat/10571
b774d000-b774e000 rw-p 00000000 00:00 0 
b774e000-b774f000 ---p 00000000 00:00 0 
b774f000-b775a000 r-xp 00000000 08:06 440369     /usr/local/java/jdk1.7.0_80/jre/lib/i386/libverify.so
b775a000-b775b000 rw-p 0000b000 08:06 440369     /usr/local/java/jdk1.7.0_80/jre/lib/i386/libverify.so
b775b000-b775d000 rw-p 00000000 00:00 0 
b775d000-b775f000 r--p 00000000 00:00 0          [vvar]
b775f000-b7760000 r-xp 00000000 00:00 0          [vdso]
b7760000-b7782000 r-xp 00000000 08:06 555852     /lib/i386-linux-gnu/ld-2.23.so
b7782000-b7783000 rw-p 00000000 00:00 0 
b7783000-b7784000 r--p 00022000 08:06 555852     /lib/i386-linux-gnu/ld-2.23.so
b7784000-b7785000 rw-p 00023000 08:06 555852     /lib/i386-linux-gnu/ld-2.23.so
bfa47000-bfa48000 rwxp 00000000 00:00 0 
bfa79000-bfa9b000 rw-p 00000000 00:00 0          [stack]

VM Arguments:
jvm_args: -Dmaven.home=EMBEDDED -Dclassworlds.conf=/home/akshat/workspace/.metadata/.plugins/org.eclipse.m2e.launching/launches/m2conf836768585177753139.tmp -Dmaven.multiModuleProjectDirectory=/home/akshat/workspace/HCDistributed -Dfile.encoding=UTF-8 
java_command: org.codehaus.plexus.classworlds.launcher.Launcher -B package shade:shade
Launcher Type: SUN_STANDARD

Environment Variables:
JAVA_HOME=/usr/local/java/jdk1.8.0_101
JRE_HOME=/usr/local/java/jdk1.8.0_101/jre
PATH=/home/akshat/Documents/DistributedComputing/hadoop-2.7.2/bin:/home/akshat/Downloads/mosek/7/tools/platform/linux32x86/bin:/home/akshat/Downloads/sublime_text_3/sublime_text:/home/akshat/Documents/DistributedComputing/eclipse:/home/akshat/bin:/home/akshat/.local/bin:/usr/local/sbin:/usr/local/bin:/usr/sbin:/usr/bin:/sbin:/bin:/usr/games:/usr/local/games:/snap/bin:/usr/local/java/jdk1.8.0_101/bin:/usr/local/java/jdk1.8.0_101/jre/bin
LD_LIBRARY_PATH=/usr/local/java/jdk1.7.0_80/jre/lib/i386/server:/usr/local/java/jdk1.7.0_80/jre/lib/i386:/usr/local/java/jdk1.7.0_80/jre/../lib/i386:/usr/local/java/jdk1.8.0_101/jre/lib/i386/client:/usr/local/java/jdk1.8.0_101/jre/lib/i386:
SHELL=/bin/bash
DISPLAY=:0

Signal Handlers:
SIGSEGV: [libjvm.so+0x7eb160], sa_mask[0]=0x7ffbfeff, sa_flags=0x10000004
SIGBUS: [libjvm.so+0x7eb160], sa_mask[0]=0x7ffbfeff, sa_flags=0x10000004
SIGFPE: [libjvm.so+0x684ac0], sa_mask[0]=0x7ffbfeff, sa_flags=0x10000004
SIGPIPE: [libjvm.so+0x684ac0], sa_mask[0]=0x7ffbfeff, sa_flags=0x10000004
SIGXFSZ: [libjvm.so+0x684ac0], sa_mask[0]=0x7ffbfeff, sa_flags=0x10000004
SIGILL: [libjvm.so+0x684ac0], sa_mask[0]=0x7ffbfeff, sa_flags=0x10000004
SIGUSR1: SIG_DFL, sa_mask[0]=0x00000000, sa_flags=0x00000000
SIGUSR2: [libjvm.so+0x686330], sa_mask[0]=0x00000004, sa_flags=0x10000004
SIGHUP: [libjvm.so+0x687660], sa_mask[0]=0x7ffbfeff, sa_flags=0x10000004
SIGINT: [libjvm.so+0x687660], sa_mask[0]=0x7ffbfeff, sa_flags=0x10000004
SIGTERM: [libjvm.so+0x687660], sa_mask[0]=0x7ffbfeff, sa_flags=0x10000004
SIGQUIT: [libjvm.so+0x687660], sa_mask[0]=0x7ffbfeff, sa_flags=0x10000004


---------------  S Y S T E M  ---------------

OS:stretch/sid

uname:Linux 4.4.0-75-generic #96-Ubuntu SMP Thu Apr 20 09:55:15 UTC 2017 i686
libc:glibc 2.23 NPTL 2.23 
rlimit: STACK 8192k, CORE 0k, NPROC 15619, NOFILE 65536, AS infinity
load average:1.31 0.88 0.75

/proc/meminfo:
MemTotal:        2036416 kB
MemFree:          142604 kB
MemAvailable:      31892 kB
Buffers:            6056 kB
Cached:           214692 kB
SwapCached:            0 kB
Active:          1619172 kB
Inactive:         201972 kB
Active(anon):    1602600 kB
Inactive(anon):   184916 kB
Active(file):      16572 kB
Inactive(file):    17056 kB
Unevictable:         248 kB
Mlocked:             248 kB
HighTotal:       1157832 kB
HighFree:          21312 kB
LowTotal:         878584 kB
LowFree:          121292 kB
SwapTotal:             0 kB
SwapFree:              0 kB
Dirty:              1348 kB
Writeback:             0 kB
AnonPages:       1600796 kB
Mapped:            33472 kB
Shmem:            186928 kB
Slab:              37432 kB
SReclaimable:      16688 kB
SUnreclaim:        20744 kB
KernelStack:        3976 kB
PageTables:        11280 kB
NFS_Unstable:          0 kB
Bounce:                0 kB
WritebackTmp:          0 kB
CommitLimit:     1018208 kB
Committed_AS:    4846380 kB
VmallocTotal:     122880 kB
VmallocUsed:           0 kB
VmallocChunk:          0 kB
AnonHugePages:   1075200 kB
CmaTotal:              0 kB
CmaFree:               0 kB
HugePages_Total:       0
HugePages_Free:        0
HugePages_Rsvd:        0
HugePages_Surp:        0
Hugepagesize:       2048 kB
DirectMap4k:       40952 kB
DirectMap2M:      872448 kB


CPU:total 2 (2 cores per cpu, 1 threads per core) family 6 model 15 stepping 13, cmov, cx8, fxsr, mmx, sse, sse2, sse3, ssse3, tsc

/proc/cpuinfo:
processor	: 0
vendor_id	: GenuineIntel
cpu family	: 6
model		: 15
model name	: Intel(R) Core(TM)2 Duo CPU     T5870  @ 2.00GHz
stepping	: 13
microcode	: 0xa3
cpu MHz		: 2001.000
cache size	: 2048 KB
physical id	: 0
siblings	: 2
core id		: 0
cpu cores	: 2
apicid		: 0
initial apicid	: 0
fdiv_bug	: no
f00f_bug	: no
coma_bug	: no
fpu		: yes
fpu_exception	: yes
cpuid level	: 10
wp		: yes
flags		: fpu vme de pse tsc msr pae mce cx8 apic sep mtrr pge mca cmov pat pse36 clflush dts acpi mmx fxsr sse sse2 ss ht tm pbe nx lm constant_tsc arch_perfmon pebs bts aperfmperf pni dtes64 monitor ds_cpl est tm2 ssse3 cx16 xtpr pdcm lahf_lm dtherm ida
bugs		:
bogomips	: 3989.73
clflush size	: 64
cache_alignment	: 64
address sizes	: 36 bits physical, 48 bits virtual
power management:

processor	: 1
vendor_id	: GenuineIntel
cpu family	: 6
model		: 15
model name	: Intel(R) Core(TM)2 Duo CPU     T5870  @ 2.00GHz
stepping	: 13
microcode	: 0xa3
cpu MHz		: 2001.000
cache size	: 2048 KB
physical id	: 0
siblings	: 2
core id		: 1
cpu cores	: 2
apicid		: 1
initial apicid	: 1
fdiv_bug	: no
f00f_bug	: no
coma_bug	: no
fpu		: yes
fpu_exception	: yes
cpuid level	: 10
wp		: yes
flags		: fpu vme de pse tsc msr pae mce cx8 apic sep mtrr pge mca cmov pat pse36 clflush dts acpi mmx fxsr sse sse2 ss ht tm pbe nx lm constant_tsc arch_perfmon pebs bts aperfmperf pni dtes64 monitor ds_cpl est tm2 ssse3 cx16 xtpr pdcm lahf_lm dtherm ida
bugs		:
bogomips	: 3989.73
clflush size	: 64
cache_alignment	: 64
address sizes	: 36 bits physical, 48 bits virtual
power management:



Memory: 4k page, physical 2036416k(142604k free), swap 0k(0k free)

vm_info: Java HotSpot(TM) Server VM (24.80-b11) for linux-x86 JRE (1.7.0_80-b15), built on Apr 10 2015 12:29:10 by "java_re" with gcc 4.3.0 20080428 (Red Hat 4.3.0-8)

time: Tue May  2 09:22:30 2017
elapsed time: 42 seconds

