#
# There is insufficient memory for the Java Runtime Environment to continue.
# Native memory allocation (malloc) failed to allocate 82837504 bytes for committing reserved memory.
# Possible reasons:
#   The system is out of physical RAM or swap space
#   In 32 bit mode, the process size limit was hit
# Possible solutions:
#   Reduce memory load on the system
#   Increase physical memory or swap space
#   Check if swap backing store is full
#   Use 64 bit Java on a 64 bit OS
#   Decrease Java heap size (-Xmx/-Xms)
#   Decrease number of Java threads
#   Decrease Java thread stack sizes (-Xss)
#   Set larger code cache with -XX:ReservedCodeCacheSize=
# This output file may be truncated or incomplete.
#
#  Out of Memory Error (os_linux.cpp:2756), pid=10543, tid=2414562112
#
# JRE version: Java(TM) SE Runtime Environment (7.0_80-b15) (build 1.7.0_80-b15)
# Java VM: Java HotSpot(TM) Server VM (24.80-b11 mixed mode linux-x86 )
# Failed to write core dump. Core dumps have been disabled. To enable core dumping, try "ulimit -c unlimited" before starting Java again
#

---------------  T H R E A D  ---------------

Current thread (0x8e610400):  VMThread [stack: 0x8fe34000,0x8feb5000] [id=10548]

Stack: [0x8fe34000,0x8feb5000],  sp=0x8feb3870,  free space=510k
Native frames: (J=compiled Java code, j=interpreted, Vv=VM code, C=native code)
V  [libjvm.so+0x7ea656]  VMError::report_and_die()+0x1a6
V  [libjvm.so+0x33eb82]  report_vm_out_of_memory(char const*, int, unsigned int, char const*)+0x72
V  [libjvm.so+0x687fb1]  os::Linux::commit_memory_impl(char*, unsigned int, bool)+0xe1
V  [libjvm.so+0x688478]  os::pd_commit_memory(char*, unsigned int, unsigned int, bool)+0x28
V  [libjvm.so+0x681b2c]  os::commit_memory(char*, unsigned int, unsigned int, bool)+0x2c
V  [libjvm.so+0x6ea8d8]  PSVirtualSpace::expand_by(unsigned int)+0x48
V  [libjvm.so+0x6dcd01]  PSOldGen::expand(unsigned int)+0x141
V  [libjvm.so+0x6dcdcf]  PSOldGen::resize(unsigned int)+0x8f
V  [libjvm.so+0x6e39d6]  PSParallelCompact::invoke_no_policy(bool)+0x8b6
V  [libjvm.so+0x6e8fed]  PSScavenge::invoke()+0x16d
V  [libjvm.so+0x6a851a]  ParallelScavengeHeap::failed_mem_allocate(unsigned int)+0x5a
V  [libjvm.so+0x7ebeea]  VM_ParallelGCFailedAllocation::doit()+0x7a
V  [libjvm.so+0x7f4d07]  VM_Operation::evaluate()+0x47
V  [libjvm.so+0x7f2da3]  VMThread::evaluate_operation(VM_Operation*)+0xb3
V  [libjvm.so+0x7f3140]  VMThread::loop()+0x1b0
V  [libjvm.so+0x7f35a5]  VMThread::run()+0x85
V  [libjvm.so+0x68a249]  java_start(Thread*)+0x119
C  [libpthread.so.0+0x6295]  start_thread+0xe5

VM_Operation (0xb67fbdd4): ParallelGCFailedAllocation, mode: safepoint, requested by thread 0xb6607c00


---------------  P R O C E S S  ---------------

Java Threads: ( => current thread )
  0x8e62ac00 JavaThread "Service Thread" daemon [_thread_blocked, id=10558, stack(0x8e20b000,0x8e25c000)]
  0x8e629000 JavaThread "C2 CompilerThread1" daemon [_thread_blocked, id=10557, stack(0x8e25c000,0x8e2dd000)]
  0x8e627000 JavaThread "C2 CompilerThread0" daemon [_thread_blocked, id=10556, stack(0x8e2dd000,0x8e35e000)]
  0x8e625800 JavaThread "Signal Dispatcher" daemon [_thread_blocked, id=10555, stack(0x8e35e000,0x8e3af000)]
  0x8e614800 JavaThread "Finalizer" daemon [_thread_blocked, id=10553, stack(0x8e5af000,0x8e600000)]
  0x8e613000 JavaThread "Reference Handler" daemon [_thread_blocked, id=10551, stack(0x8e72d000,0x8e77e000)]
  0xb6607c00 JavaThread "main" [_thread_blocked, id=10545, stack(0xb67ad000,0xb67fe000)]

Other Threads:
=>0x8e610400 VMThread [stack: 0x8fe34000,0x8feb5000] [id=10548]
  0x8e62c800 WatcherThread [stack: 0x8e18a000,0x8e20b000] [id=10559]

VM state:at safepoint (normal execution)

VM Mutex/Monitor currently owned by a thread:  ([mutex/lock_event])
[0xb6604c08] ExpandHeap_lock - owner thread: 0x8e610400
[0xb6605150] Threads_lock - owner thread: 0x8e610400
[0xb6605560] Heap_lock - owner thread: 0xb6607c00

Heap
 PSYoungGen      total 91392K, used 2035K [0xa8f40000, 0xb3540000, 0xb3540000)
  eden space 56832K, 0% used [0xa8f40000,0xa8f40000,0xac6c0000)
  from space 34560K, 5% used [0xb1380000,0xb157cd30,0xb3540000)
  to   space 56576K, 0% used [0xac6c0000,0xac6c0000,0xafe00000)
 ParOldGen       total 186368K, used 186341K [0x94340000, 0x9f940000, 0xa8f40000)
  object space 186368K, 99% used [0x94340000,0x9f9395d8,0x9f940000)
 PSPermGen       total 27904K, used 13014K [0x90340000, 0x91e80000, 0x94340000)
  object space 27904K, 46% used [0x90340000,0x90ff5b28,0x91e80000)

Card table byte_map: [0x90226000,0x90340000] byte_map_base: 0x8fda4600

Polling page: 0xb7758000

Code Cache  [0xb3600000, 0xb3900000, 0xb6600000)
 total_blobs=1050 nmethods=907 adapters=96 free_code_cache=46159Kb largest_free_block=47208192

Compilation events (10 events):
Event: 26.840 Thread 0x8e627000 nmethod 1006 0xb3811b48 code [0xb3811c40, 0xb3811cf0]
Event: 26.884 Thread 0x8e627000 1007             com.sun.tools.javac.comp.Resolve::isStatic (32 bytes)
Event: 26.885 Thread 0x8e627000 nmethod 1007 0xb381bd08 code [0xb381be00, 0xb381bed0]
Event: 26.903 Thread 0x8e627000 1008             com.sun.tools.javac.comp.Resolve::findMemberType (277 bytes)
Event: 26.980 Thread 0x8e627000 nmethod 1008 0xb38edd88 code [0xb38ee140, 0xb38efb18]
Event: 27.018 Thread 0x8e627000 1009   !         com.sun.tools.javac.comp.MemberEnter::visitVarDef (436 bytes)
Event: 27.147 Thread 0x8e627000 nmethod 1009 0xb38f6408 code [0xb38f67c0, 0xb38f835c]
Event: 27.147 Thread 0x8e627000 1010             com.sun.tools.javac.tree.TreeInfo::isEnumInit (51 bytes)
Event: 27.148 Thread 0x8e627000 nmethod 1010 0xb381bac8 code [0xb381bbc0, 0xb381bc50]
Event: 27.148 Thread 0x8e627000 1011             com.sun.tools.javac.comp.Check::checkTransparentVar (108 bytes)

GC Heap History (10 events):
Event: 13.885 GC heap after
Heap after GC invocations=13 (full 1):
 PSYoungGen      total 115712K, used 14844K [0xa8f40000, 0xb3540000, 0xb3540000)
  eden space 100864K, 0% used [0xa8f40000,0xa8f40000,0xaf1c0000)
  from space 14848K, 99% used [0xb26c0000,0xb353f2f0,0xb3540000)
  to   space 34560K, 0% used [0xaf1c0000,0xaf1c0000,0xb1380000)
 ParOldGen       total 77568K, used 77473K [0x94340000, 0x98f00000, 0xa8f40000)
  object space 77568K, 99% used [0x94340000,0x98ee8618,0x98f00000)
 PSPermGen       total 25600K, used 12797K [0x90340000, 0x91c40000, 0x94340000)
  object space 25600K, 49% used [0x90340000,0x90fbf448,0x91c40000)
}
Event: 13.886 GC heap before
{Heap before GC invocations=14 (full 2):
 PSYoungGen      total 115712K, used 14844K [0xa8f40000, 0xb3540000, 0xb3540000)
  eden space 100864K, 0% used [0xa8f40000,0xa8f40000,0xaf1c0000)
  from space 14848K, 99% used [0xb26c0000,0xb353f2f0,0xb3540000)
  to   space 34560K, 0% used [0xaf1c0000,0xaf1c0000,0xb1380000)
 ParOldGen       total 77568K, used 77473K [0x94340000, 0x98f00000, 0xa8f40000)
  object space 77568K, 99% used [0x94340000,0x98ee8618,0x98f00000)
 PSPermGen       total 25600K, used 12797K [0x90340000, 0x91c40000, 0x94340000)
  object space 25600K, 49% used [0x90340000,0x90fbf448,0x91c40000)
Event: 14.603 GC heap after
Heap after GC invocations=14 (full 2):
 PSYoungGen      total 115712K, used 13234K [0xa8f40000, 0xb3540000, 0xb3540000)
  eden space 100864K, 0% used [0xa8f40000,0xa8f40000,0xaf1c0000)
  from space 14848K, 89% used [0xb26c0000,0xb33ac988,0xb3540000)
  to   space 34560K, 0% used [0xaf1c0000,0xaf1c0000,0xb1380000)
 ParOldGen       total 122880K, used 77562K [0x94340000, 0x9bb40000, 0xa8f40000)
  object space 122880K, 63% used [0x94340000,0x98efe980,0x9bb40000)
 PSPermGen       total 28928K, used 12796K [0x90340000, 0x91f80000, 0x94340000)
  object space 28928K, 44% used [0x90340000,0x90fbf288,0x91f80000)
}
Event: 19.454 GC heap before
{Heap before GC invocations=15 (full 2):
 PSYoungGen      total 115712K, used 114098K [0xa8f40000, 0xb3540000, 0xb3540000)
  eden space 100864K, 100% used [0xa8f40000,0xaf1c0000,0xaf1c0000)
  from space 14848K, 89% used [0xb26c0000,0xb33ac988,0xb3540000)
  to   space 34560K, 0% used [0xaf1c0000,0xaf1c0000,0xb1380000)
 ParOldGen       total 122880K, used 77562K [0x94340000, 0x9bb40000, 0xa8f40000)
  object space 122880K, 63% used [0x94340000,0x98efe980,0x9bb40000)
 PSPermGen       total 28928K, used 12802K [0x90340000, 0x91f80000, 0x94340000)
  object space 28928K, 44% used [0x90340000,0x90fc0840,0x91f80000)
Event: 20.054 GC heap after
Heap after GC invocations=15 (full 2):
 PSYoungGen      total 135424K, used 34558K [0xa8f40000, 0xb3540000, 0xb3540000)
  eden space 100864K, 0% used [0xa8f40000,0xa8f40000,0xaf1c0000)
  from space 34560K, 99% used [0xaf1c0000,0xb137faf0,0xb1380000)
  to   space 34560K, 0% used [0xb1380000,0xb1380000,0xb3540000)
 ParOldGen       total 122880K, used 117034K [0x94340000, 0x9bb40000, 0xa8f40000)
  object space 122880K, 95% used [0x94340000,0x9b58a8b8,0x9bb40000)
 PSPermGen       total 28928K, used 12802K [0x90340000, 0x91f80000, 0x94340000)
  object space 28928K, 44% used [0x90340000,0x90fc0840,0x91f80000)
}
Event: 20.054 GC heap before
{Heap before GC invocations=16 (full 3):
 PSYoungGen      total 135424K, used 34558K [0xa8f40000, 0xb3540000, 0xb3540000)
  eden space 100864K, 0% used [0xa8f40000,0xa8f40000,0xaf1c0000)
  from space 34560K, 99% used [0xaf1c0000,0xb137faf0,0xb1380000)
  to   space 34560K, 0% used [0xb1380000,0xb1380000,0xb3540000)
 ParOldGen       total 122880K, used 117034K [0x94340000, 0x9bb40000, 0xa8f40000)
  object space 122880K, 95% used [0x94340000,0x9b58a8b8,0x9bb40000)
 PSPermGen       total 28928K, used 12802K [0x90340000, 0x91f80000, 0x94340000)
  object space 28928K, 44% used [0x90340000,0x90fc0840,0x91f80000)
Event: 21.109 GC heap after
Heap after GC invocations=16 (full 3):
 PSYoungGen      total 135424K, used 28161K [0xa8f40000, 0xb3540000, 0xb3540000)
  eden space 100864K, 0% used [0xa8f40000,0xa8f40000,0xaf1c0000)
  from space 34560K, 81% used [0xaf1c0000,0xb0d40588,0xb1380000)
  to   space 34560K, 0% used [0xb1380000,0xb1380000,0xb3540000)
 ParOldGen       total 186368K, used 122662K [0x94340000, 0x9f940000, 0xa8f40000)
  object space 186368K, 65% used [0x94340000,0x9bb09b98,0x9f940000)
 PSPermGen       total 27904K, used 12801K [0x90340000, 0x91e80000, 0x94340000)
  object space 27904K, 45% used [0x90340000,0x90fc07d0,0x91e80000)
}
Event: 27.152 GC heap before
{Heap before GC invocations=17 (full 3):
 PSYoungGen      total 135424K, used 129025K [0xa8f40000, 0xb3540000, 0xb3540000)
  eden space 100864K, 100% used [0xa8f40000,0xaf1c0000,0xaf1c0000)
  from space 34560K, 81% used [0xaf1c0000,0xb0d40588,0xb1380000)
  to   space 34560K, 0% used [0xb1380000,0xb1380000,0xb3540000)
 ParOldGen       total 186368K, used 122662K [0x94340000, 0x9f940000, 0xa8f40000)
  object space 186368K, 65% used [0x94340000,0x9bb09b98,0x9f940000)
 PSPermGen       total 27904K, used 13015K [0x90340000, 0x91e80000, 0x94340000)
  object space 27904K, 46% used [0x90340000,0x90ff5d18,0x91e80000)
Event: 27.542 GC heap after
Heap after GC invocations=17 (full 3):
 PSYoungGen      total 91392K, used 34555K [0xa8f40000, 0xb3540000, 0xb3540000)
  eden space 56832K, 0% used [0xa8f40000,0xa8f40000,0xac6c0000)
  from space 34560K, 99% used [0xb1380000,0xb353ee10,0xb3540000)
  to   space 56576K, 0% used [0xac6c0000,0xac6c0000,0xafe00000)
 ParOldGen       total 186368K, used 154901K [0x94340000, 0x9f940000, 0xa8f40000)
  object space 186368K, 83% used [0x94340000,0x9da855f8,0x9f940000)
 PSPermGen       total 27904K, used 13015K [0x90340000, 0x91e80000, 0x94340000)
  object space 27904K, 46% used [0x90340000,0x90ff5d18,0x91e80000)
}
Event: 27.542 GC heap before
{Heap before GC invocations=18 (full 4):
 PSYoungGen      total 91392K, used 34555K [0xa8f40000, 0xb3540000, 0xb3540000)
  eden space 56832K, 0% used [0xa8f40000,0xa8f40000,0xac6c0000)
  from space 34560K, 99% used [0xb1380000,0xb353ee10,0xb3540000)
  to   space 56576K, 0% used [0xac6c0000,0xac6c0000,0xafe00000)
 ParOldGen       total 186368K, used 154901K [0x94340000, 0x9f940000, 0xa8f40000)
  object space 186368K, 83% used [0x94340000,0x9da855f8,0x9f940000)
 PSPermGen       total 27904K, used 13015K [0x90340000, 0x91e80000, 0x94340000)
  object space 27904K, 46% used [0x90340000,0x90ff5d18,0x91e80000)

Deoptimization events (10 events):
Event: 26.147 Thread 0xb6607c00 Uncommon trap: reason=class_check action=maybe_recompile pc=0xb37e1d10 method=com.sun.tools.javac.code.Types$UnaryVisitor.visit(Lcom/sun/tools/javac/code/Type;)Ljava/lang/Object; @ 3
Event: 26.147 Thread 0xb6607c00 Uncommon trap: reason=class_check action=maybe_recompile pc=0xb37e1d10 method=com.sun.tools.javac.code.Types$UnaryVisitor.visit(Lcom/sun/tools/javac/code/Type;)Ljava/lang/Object; @ 3
Event: 26.147 Thread 0xb6607c00 Uncommon trap: reason=class_check action=maybe_recompile pc=0xb37e1d10 method=com.sun.tools.javac.code.Types$UnaryVisitor.visit(Lcom/sun/tools/javac/code/Type;)Ljava/lang/Object; @ 3
Event: 26.267 Thread 0xb6607c00 Uncommon trap: reason=unstable_if action=reinterpret pc=0xb37cc064 method=com.sun.tools.javac.code.Type$ClassType.getTypeArguments()Lcom/sun/tools/javac/util/List; @ 15
Event: 26.542 Thread 0xb6607c00 Uncommon trap: reason=unstable_if action=reinterpret pc=0xb37ba194 method=com.sun.tools.javac.code.Scope.dble()V @ 39
Event: 26.600 Thread 0xb6607c00 Uncommon trap: reason=unstable_if action=reinterpret pc=0xb38c41a8 method=com.sun.tools.javac.comp.Resolve.findMemberType(Lcom/sun/tools/javac/comp/Env;Lcom/sun/tools/javac/code/Type;Lcom/sun/tools/javac/util/Name;Lcom/sun/tools/javac/code/Symbol$TypeSymb
Event: 26.733 Thread 0xb6607c00 Uncommon trap: reason=unstable_if action=reinterpret pc=0xb38d03d4 method=com.sun.tools.javac.comp.Check.checkDeprecated(Lcom/sun/tools/javac/util/JCDiagnostic$DiagnosticPosition;Lcom/sun/tools/javac/code/Symbol;Lcom/sun/tools/javac/code/Symbol;)V @ 10
Event: 26.832 Thread 0xb6607c00 Uncommon trap: reason=unstable_if action=reinterpret pc=0xb38db39c method=com.sun.tools.javac.comp.Resolve.findGlobalType(Lcom/sun/tools/javac/comp/Env;Lcom/sun/tools/javac/code/Scope;Lcom/sun/tools/javac/util/Name;)Lcom/sun/tools/javac/code/Symbol; @ 42
Event: 26.881 Thread 0xb6607c00 Uncommon trap: reason=unstable_if action=reinterpret pc=0xb37cc4f0 method=com.sun.tools.javac.comp.Check.checkDeprecated(Lcom/sun/tools/javac/util/JCDiagnostic$DiagnosticPosition;Lcom/sun/tools/javac/code/Symbol;Lcom/sun/tools/javac/code/Symbol;)V @ 10
Event: 26.881 Thread 0xb6607c00 Uncommon trap: reason=unstable_if action=reinterpret pc=0xb38e9fd4 method=com.sun.tools.javac.comp.Resolve.findMemberType(Lcom/sun/tools/javac/comp/Env;Lcom/sun/tools/javac/code/Type;Lcom/sun/tools/javac/util/Name;Lcom/sun/tools/javac/code/Symbol$TypeSymb

Internal exceptions (10 events):
Event: 26.086 Thread 0xb6607c00 Threw 0xade28c38 at /HUDSON/workspace/7u-2-build-linux-i586/jdk7u80/2329/hotspot/src/share/vm/prims/jvm.cpp:1319
Event: 26.086 Thread 0xb6607c00 Threw 0xade29568 at /HUDSON/workspace/7u-2-build-linux-i586/jdk7u80/2329/hotspot/src/share/vm/prims/jvm.cpp:1319
Event: 26.190 Thread 0xb6607c00 Threw 0xadf28d60 at /HUDSON/workspace/7u-2-build-linux-i586/jdk7u80/2329/hotspot/src/share/vm/prims/jvm.cpp:1319
Event: 26.190 Thread 0xb6607c00 Threw 0xadf293b0 at /HUDSON/workspace/7u-2-build-linux-i586/jdk7u80/2329/hotspot/src/share/vm/prims/jvm.cpp:1319
Event: 26.733 Thread 0xb6607c00 Threw 0xaea98710 at /HUDSON/workspace/7u-2-build-linux-i586/jdk7u80/2329/hotspot/src/share/vm/prims/jvm.cpp:1319
Event: 26.733 Thread 0xb6607c00 Threw 0xaea98d28 at /HUDSON/workspace/7u-2-build-linux-i586/jdk7u80/2329/hotspot/src/share/vm/prims/jvm.cpp:1319
Event: 26.743 Thread 0xb6607c00 Threw 0xaea9ad40 at /HUDSON/workspace/7u-2-build-linux-i586/jdk7u80/2329/hotspot/src/share/vm/prims/jvm.cpp:1319
Event: 26.743 Thread 0xb6607c00 Threw 0xaea9b4e8 at /HUDSON/workspace/7u-2-build-linux-i586/jdk7u80/2329/hotspot/src/share/vm/prims/jvm.cpp:1319
Event: 26.916 Thread 0xb6607c00 Threw 0xaed89a58 at /HUDSON/workspace/7u-2-build-linux-i586/jdk7u80/2329/hotspot/src/share/vm/prims/jvm.cpp:1319
Event: 26.916 Thread 0xb6607c00 Threw 0xaed8a288 at /HUDSON/workspace/7u-2-build-linux-i586/jdk7u80/2329/hotspot/src/share/vm/prims/jvm.cpp:1319

Events (10 events):
Event: 26.832 Thread 0xb6607c00 DEOPT UNPACKING pc=0xb362cbc8 sp=0xb67fbf3c mode 2
Event: 26.881 Thread 0xb6607c00 Uncommon trap: trap_request=0xffffff75 fr.pc=0xb37cc4f0
Event: 26.881 Thread 0xb6607c00 DEOPT PACKING pc=0xb37cc4f0 sp=0xb67fc030
Event: 26.881 Thread 0xb6607c00 DEOPT UNPACKING pc=0xb362cbc8 sp=0xb67fc014 mode 2
Event: 26.881 Thread 0xb6607c00 Uncommon trap: trap_request=0xffffff75 fr.pc=0xb38e9fd4
Event: 26.881 Thread 0xb6607c00 DEOPT PACKING pc=0xb38e9fd4 sp=0xb67fc050
Event: 26.881 Thread 0xb6607c00 DEOPT UNPACKING pc=0xb362cbc8 sp=0xb67fc00c mode 2
Event: 26.916 loading class 0x8d3aceb8
Event: 26.916 loading class 0x8d3aceb8 done
Event: 27.152 Executing VM operation: ParallelGCFailedAllocation


Dynamic libraries:
08048000-08049000 r-xp 00000000 08:06 705763     /usr/local/java/jdk1.7.0_80/bin/java
08049000-0804a000 rw-p 00000000 08:06 705763     /usr/local/java/jdk1.7.0_80/bin/java
09a20000-0a297000 rw-p 00000000 00:00 0          [heap]
8c900000-8c9fe000 rw-p 00000000 00:00 0 
8c9fe000-8ca00000 ---p 00000000 00:00 0 
8cb00000-8cbfa000 rw-p 00000000 00:00 0 
8cbfa000-8cc00000 ---p 00000000 00:00 0 
8cd00000-8cdfd000 rw-p 00000000 00:00 0 
8cdfd000-8ce00000 ---p 00000000 00:00 0 
8ce00000-8cef2000 rw-p 00000000 00:00 0 
8cef2000-8cf00000 ---p 00000000 00:00 0 
8cf00000-8cfef000 rw-p 00000000 00:00 0 
8cfef000-8d000000 ---p 00000000 00:00 0 
8d100000-8d300000 rw-p 00000000 00:00 0 
8d300000-8d3fd000 rw-p 00000000 00:00 0 
8d3fd000-8d400000 ---p 00000000 00:00 0 
8d500000-8d5fe000 rw-p 00000000 00:00 0 
8d5fe000-8d600000 ---p 00000000 00:00 0 
8d600000-8d6ff000 rw-p 00000000 00:00 0 
8d6ff000-8d700000 ---p 00000000 00:00 0 
8d700000-8d8f9000 rw-p 00000000 00:00 0 
8d8f9000-8d900000 ---p 00000000 00:00 0 
8d900000-8d9fc000 rw-p 00000000 00:00 0 
8d9fc000-8da00000 ---p 00000000 00:00 0 
8db00000-8dc00000 rw-p 00000000 00:00 0 
8dc3f000-8de00000 rw-p 00000000 00:00 0 
8de00000-8deff000 rw-p 00000000 00:00 0 
8deff000-8df00000 ---p 00000000 00:00 0 
8df7e000-8dfe9000 r--s 00e21000 08:06 296708     /usr/local/java/jdk1.7.0_80/lib/tools.jar
8dfe9000-8dfea000 r--s 00004000 08:07 534879     /home/akshat/.m2/repository/org/codehaus/plexus/plexus-compiler-javac/2.7/plexus-compiler-javac-2.7.jar
8dfea000-8dfec000 r--s 00000000 08:07 276263     /home/akshat/.m2/repository/org/codehaus/plexus/plexus-compiler-manager/2.7/plexus-compiler-manager-2.7.jar
8dfec000-8dfee000 r--s 00005000 08:07 276261     /home/akshat/.m2/repository/org/codehaus/plexus/plexus-compiler-api/2.7/plexus-compiler-api-2.7.jar
8dfee000-8dff0000 r--s 00002000 08:07 534877     /home/akshat/.m2/repository/org/apache/maven/shared/maven-shared-incremental/1.1/maven-shared-incremental-1.1.jar
8dff0000-8dff2000 r--s 00006000 08:07 407358     /home/akshat/.m2/repository/com/google/code/findbugs/jsr305/2.0.1/jsr305-2.0.1.jar
8dff2000-8dff6000 r--s 0002a000 08:07 407356     /home/akshat/.m2/repository/commons-io/commons-io/2.4/commons-io-2.4.jar
8dff6000-8dff9000 r--s 00023000 08:07 407354     /home/akshat/.m2/repository/org/apache/maven/shared/maven-shared-utils/3.0.0/maven-shared-utils-3.0.0.jar
8dff9000-8dffb000 r--s 00002000 08:07 276257     /home/akshat/.m2/repository/org/sonatype/plexus/plexus-cipher/1.4/plexus-cipher-1.4.jar
8dffb000-8dffc000 r--s 00006000 08:07 165725     /home/akshat/.m2/repository/org/sonatype/plexus/plexus-sec-dispatcher/1.3/plexus-sec-dispatcher-1.3.jar
8dffc000-8dffe000 r--s 00000000 08:07 165723     /home/akshat/.m2/repository/org/codehaus/plexus/plexus-component-annotations/1.5.5/plexus-component-annotations-1.5.5.jar
8dffe000-8e000000 r--s 0000d000 08:07 165719     /home/akshat/.m2/repository/org/codehaus/plexus/plexus-interpolation/1.14/plexus-interpolation-1.14.jar
8e000000-8e100000 rw-p 00000000 00:00 0 
8e100000-8e104000 r--s 00017000 08:07 276255     /home/akshat/.m2/repository/org/sonatype/aether/aether-util/1.7/aether-util-1.7.jar
8e104000-8e108000 r--s 00033000 08:07 165711     /home/akshat/.m2/repository/org/codehaus/plexus/plexus-utils/2.0.4/plexus-utils-2.0.4.jar
8e108000-8e113000 r--s 00069000 08:07 165707     /home/akshat/.m2/repository/org/sonatype/sisu/sisu-guice/2.1.7/sisu-guice-2.1.7-noaop.jar
8e113000-8e118000 r--s 00021000 08:07 165705     /home/akshat/.m2/repository/org/sonatype/sisu/sisu-inject-bean/1.4.2/sisu-inject-bean-1.4.2.jar
8e118000-8e11a000 r--s 0000b000 08:07 152863     /home/akshat/.m2/repository/org/apache/maven/plugins/maven-compiler-plugin/3.5.1/maven-compiler-plugin-3.5.1.jar
8e11a000-8e11c000 r--s 0000d000 08:07 276317     /home/akshat/.m2/repository/org/codehaus/plexus/plexus-interpolation/1.13/plexus-interpolation-1.13.jar
8e11c000-8e11d000 r--s 00001000 08:07 276315     /home/akshat/.m2/repository/org/sonatype/plexus/plexus-build-api/0.0.4/plexus-build-api-0.0.4.jar
8e11d000-8e11f000 r--s 00009000 08:07 534905     /home/akshat/.m2/repository/org/apache/maven/shared/maven-filtering/1.1/maven-filtering-1.1.jar
8e11f000-8e123000 r--s 00033000 08:07 165769     /home/akshat/.m2/repository/org/codehaus/plexus/plexus-utils/2.0.5/plexus-utils-2.0.5.jar
8e123000-8e126000 r--s 0001b000 08:07 276313     /home/akshat/.m2/repository/junit/junit/3.8.1/junit-3.8.1.jar
8e126000-8e128000 r--s 00002000 08:07 276309     /home/akshat/.m2/repository/org/codehaus/plexus/plexus-interactivity-api/1.0-alpha-4/plexus-interactivity-api-1.0-alpha-4.jar
8e128000-8e12a000 r--s 00006000 08:07 407424     /home/akshat/.m2/repository/commons-cli/commons-cli/1.0/commons-cli-1.0.jar
8e12a000-8e12b000 r--s 00001000 08:07 407420     /home/akshat/.m2/repository/org/apache/maven/doxia/doxia-sink-api/1.0-alpha-7/doxia-sink-api-1.0-alpha-7.jar
8e12b000-8e12c000 r--s 00002000 08:07 407418     /home/akshat/.m2/repository/org/apache/maven/reporting/maven-reporting-api/2.0.6/maven-reporting-api-2.0.6.jar
8e12c000-8e12e000 r--s 00006000 08:07 155750     /home/akshat/.m2/repository/org/apache/maven/plugins/maven-resources-plugin/2.6/maven-resources-plugin-2.6.jar
8e12e000-8e132000 r--s 0008b000 08:06 296723     /usr/local/java/jdk1.7.0_80/jre/lib/jsse.jar
8e132000-8e147000 r-xp 00000000 08:06 440372     /usr/local/java/jdk1.7.0_80/jre/lib/i386/libnet.so
8e147000-8e148000 rw-p 00015000 08:06 440372     /usr/local/java/jdk1.7.0_80/jre/lib/i386/libnet.so
8e148000-8e156000 r-xp 00000000 08:06 440353     /usr/local/java/jdk1.7.0_80/jre/lib/i386/libnio.so
8e156000-8e157000 rw-p 0000e000 08:06 440353     /usr/local/java/jdk1.7.0_80/jre/lib/i386/libnio.so
8e157000-8e158000 r--s 00002000 08:07 263313     /home/akshat/Documents/DistributedComputing/eclipse/plugins/org.eclipse.m2e.maven.runtime.slf4j.simple_1.8.0.20160921-2001/jars/slf4j-simple-1.7.5.jar
8e158000-8e15d000 r--s 00041000 08:07 263330     /home/akshat/Documents/DistributedComputing/eclipse/plugins/org.eclipse.m2e.maven.runtime_1.8.0.20160921-2001/jars/commons-lang-2.6.jar
8e15d000-8e15f000 r--s 00005000 08:07 263329     /home/akshat/Documents/DistributedComputing/eclipse/plugins/org.eclipse.m2e.maven.runtime_1.8.0.20160921-2001/jars/aether-transport-wagon-1.0.2.v20150114.jar
8e15f000-8e18a000 r--s 001fc000 08:07 263327     /home/akshat/Documents/DistributedComputing/eclipse/plugins/org.eclipse.m2e.maven.runtime_1.8.0.20160921-2001/jars/guava-18.0.jar
8e18a000-8e18b000 ---p 00000000 00:00 0 
8e18b000-8e20b000 rw-p 00000000 00:00 0 
8e20b000-8e20e000 ---p 00000000 00:00 0 
8e20e000-8e25c000 rw-p 00000000 00:00 0 
8e25c000-8e25f000 ---p 00000000 00:00 0 
8e25f000-8e2dd000 rw-p 00000000 00:00 0 
8e2dd000-8e2e0000 ---p 00000000 00:00 0 
8e2e0000-8e35e000 rw-p 00000000 00:00 0 
8e35e000-8e361000 ---p 00000000 00:00 0 
8e361000-8e3af000 rw-p 00000000 00:00 0 
8e3af000-8e5af000 r--p 00000000 08:06 2007       /usr/lib/locale/locale-archive
8e5af000-8e5b2000 ---p 00000000 00:00 0 
8e5b2000-8e600000 rw-p 00000000 00:00 0 
8e600000-8e6fe000 rw-p 00000000 00:00 0 
8e6fe000-8e700000 ---p 00000000 00:00 0 
8e700000-8e701000 r--s 00002000 08:07 263342     /home/akshat/Documents/DistributedComputing/eclipse/plugins/org.eclipse.m2e.maven.runtime_1.8.0.20160921-2001/jars/wagon-file-2.10.jar
8e701000-8e702000 r--s 00008000 08:07 263344     /home/akshat/Documents/DistributedComputing/eclipse/plugins/org.eclipse.m2e.maven.runtime_1.8.0.20160921-2001/jars/aether-connector-basic-1.0.2.v20150114.jar
8e702000-8e704000 r--s 0000f000 08:07 263349     /home/akshat/Documents/DistributedComputing/eclipse/plugins/org.eclipse.m2e.maven.runtime_1.8.0.20160921-2001/jars/okio-1.6.0.jar
8e704000-8e709000 r--s 00049000 08:07 263359     /home/akshat/Documents/DistributedComputing/eclipse/plugins/org.eclipse.m2e.maven.runtime_1.8.0.20160921-2001/jars/okhttp-2.5.0.jar
8e709000-8e70b000 r--s 0000b000 08:07 263340     /home/akshat/Documents/DistributedComputing/eclipse/plugins/org.eclipse.m2e.maven.runtime_1.8.0.20160921-2001/jars/aether-connector-okhttp-0.16.0.jar
8e70b000-8e70d000 r--s 00006000 08:07 263352     /home/akshat/Documents/DistributedComputing/eclipse/plugins/org.eclipse.m2e.maven.runtime_1.8.0.20160921-2001/jars/aether-spi-1.0.2.v20150114.jar
8e70d000-8e711000 r--s 00027000 08:07 263356     /home/akshat/Documents/DistributedComputing/eclipse/plugins/org.eclipse.m2e.maven.runtime_1.8.0.20160921-2001/jars/aether-impl-1.0.2.v20150114.jar
8e711000-8e719000 r--s 00055000 08:07 263357     /home/akshat/Documents/DistributedComputing/eclipse/plugins/org.eclipse.m2e.maven.runtime_1.8.0.20160921-2001/jars/org.eclipse.sisu.inject-0.3.2.jar
8e719000-8e71c000 r--s 00008000 08:07 263328     /home/akshat/Documents/DistributedComputing/eclipse/plugins/org.eclipse.m2e.maven.runtime_1.8.0.20160921-2001/jars/cdi-api-1.0.jar
8e71c000-8e722000 r--s 0002d000 08:07 263339     /home/akshat/Documents/DistributedComputing/eclipse/plugins/org.eclipse.m2e.maven.runtime_1.8.0.20160921-2001/jars/org.eclipse.sisu.plexus-0.3.2.jar
8e722000-8e725000 r--s 0000b000 08:07 263348     /home/akshat/Documents/DistributedComputing/eclipse/plugins/org.eclipse.m2e.maven.runtime_1.8.0.20160921-2001/jars/wagon-provider-api-2.10.jar
8e725000-8e72b000 r--s 00041000 08:07 263362     /home/akshat/Documents/DistributedComputing/eclipse/plugins/org.eclipse.m2e.maven.runtime_1.8.0.20160921-2001/jars/maven-compat-3.3.9.jar
8e72b000-8e72d000 r--s 00009000 08:07 263355     /home/akshat/Documents/DistributedComputing/eclipse/plugins/org.eclipse.m2e.maven.runtime_1.8.0.20160921-2001/jars/commons-cli-1.2.jar
8e72d000-8e730000 ---p 00000000 00:00 0 
8e730000-8e77e000 rw-p 00000000 00:00 0 
8e77e000-8e93e000 r--s 039fb000 08:06 297021     /usr/local/java/jdk1.7.0_80/jre/lib/rt.jar
8e93e000-8fd00000 rw-p 00000000 00:00 0 
8fd00000-8fdfe000 rw-p 00000000 00:00 0 
8fdfe000-8fe00000 ---p 00000000 00:00 0 
8fe00000-8fe01000 r--s 00001000 08:07 263361     /home/akshat/Documents/DistributedComputing/eclipse/plugins/org.eclipse.m2e.maven.runtime_1.8.0.20160921-2001/jars/jsr250-api-1.0.jar
8fe01000-8fe03000 r--s 00002000 08:07 263338     /home/akshat/Documents/DistributedComputing/eclipse/plugins/org.eclipse.m2e.maven.runtime_1.8.0.20160921-2001/jars/plexus-cipher-1.7.jar
8fe03000-8fe06000 r--s 00013000 08:07 263334     /home/akshat/Documents/DistributedComputing/eclipse/plugins/org.eclipse.m2e.maven.runtime_1.8.0.20160921-2001/jars/maven-embedder-3.3.9.jar
8fe06000-8fe0d000 r--s 00064000 08:07 263341     /home/akshat/Documents/DistributedComputing/eclipse/plugins/org.eclipse.m2e.maven.runtime_1.8.0.20160921-2001/jars/commons-lang3-3.4.jar
8fe0d000-8fe0e000 r--s 00006000 08:07 263346     /home/akshat/Documents/DistributedComputing/eclipse/plugins/org.eclipse.m2e.maven.runtime_1.8.0.20160921-2001/jars/plexus-sec-dispatcher-1.3.jar
8fe0e000-8fe10000 r--s 00000000 08:07 263363     /home/akshat/Documents/DistributedComputing/eclipse/plugins/org.eclipse.m2e.maven.runtime_1.8.0.20160921-2001/jars/plexus-component-annotations-1.6.jar
8fe10000-8fe14000 r--s 00038000 08:07 263351     /home/akshat/Documents/DistributedComputing/eclipse/plugins/org.eclipse.m2e.maven.runtime_1.8.0.20160921-2001/jars/plexus-utils-3.0.22.jar
8fe14000-8fe17000 r--s 0000d000 08:07 263345     /home/akshat/Documents/DistributedComputing/eclipse/plugins/org.eclipse.m2e.maven.runtime_1.8.0.20160921-2001/jars/plexus-interpolation-1.21.jar
8fe17000-8fe20000 r--s 0005f000 08:07 263331     /home/akshat/Documents/DistributedComputing/eclipse/plugins/org.eclipse.m2e.maven.runtime_1.8.0.20160921-2001/jars/guice-4.0-no_aop.jar
8fe20000-8fe24000 r--s 00020000 08:07 263337     /home/akshat/Documents/DistributedComputing/eclipse/plugins/org.eclipse.m2e.maven.runtime_1.8.0.20160921-2001/jars/aether-util-1.0.2.v20150114.jar
8fe24000-8fe29000 r--s 0001d000 08:07 263335     /home/akshat/Documents/DistributedComputing/eclipse/plugins/org.eclipse.m2e.maven.runtime_1.8.0.20160921-2001/jars/aether-api-1.0.2.v20150114.jar
8fe29000-8fe2b000 r--s 0000f000 08:07 263350     /home/akshat/Documents/DistributedComputing/eclipse/plugins/org.eclipse.m2e.maven.runtime_1.8.0.20160921-2001/jars/maven-aether-provider-3.3.9.jar
8fe2b000-8fe30000 r--s 00027000 08:07 263332     /home/akshat/Documents/DistributedComputing/eclipse/plugins/org.eclipse.m2e.maven.runtime_1.8.0.20160921-2001/jars/maven-model-builder-3.3.9.jar
8fe30000-8fe32000 r--s 0000a000 08:07 263353     /home/akshat/Documents/DistributedComputing/eclipse/plugins/org.eclipse.m2e.maven.runtime_1.8.0.20160921-2001/jars/maven-plugin-api-3.3.9.jar
8fe32000-8fe34000 r--s 0000c000 08:07 263354     /home/akshat/Documents/DistributedComputing/eclipse/plugins/org.eclipse.m2e.maven.runtime_1.8.0.20160921-2001/jars/maven-artifact-3.3.9.jar
8fe34000-8fe35000 ---p 00000000 00:00 0 
8fe35000-8ff00000 rw-p 00000000 00:00 0 
8ff00000-8ff21000 rw-p 00000000 00:00 0 
8ff21000-90000000 ---p 00000000 00:00 0 
90000000-90001000 r--s 00006000 08:07 263364     /home/akshat/Documents/DistributedComputing/eclipse/plugins/org.eclipse.m2e.maven.runtime_1.8.0.20160921-2001/jars/maven-repository-metadata-3.3.9.jar
90001000-90003000 r--s 00009000 08:07 263360     /home/akshat/Documents/DistributedComputing/eclipse/plugins/org.eclipse.m2e.maven.runtime_1.8.0.20160921-2001/jars/maven-settings-builder-3.3.9.jar
90003000-9005e000 rw-p 00000000 00:00 0 
9005e000-9005f000 ---p 00000000 00:00 0 
9005f000-900df000 rw-p 00000000 00:00 0 
900df000-900e0000 ---p 00000000 00:00 0 
900e0000-9016e000 rw-p 00000000 00:00 0 
9016e000-9016f000 ---p 00000000 00:00 0 
9016f000-90180000 rw-p 00000000 00:00 0 
90180000-901db000 rw-p 00000000 00:00 0 
901db000-90226000 rw-p 00000000 00:00 0 
90226000-90234000 rw-p 00000000 00:00 0 
90234000-90235000 ---p 00000000 00:00 0 
90235000-90246000 rw-p 00000000 00:00 0 
90246000-902a1000 rw-p 00000000 00:00 0 
902a1000-902ec000 rw-p 00000000 00:00 0 
902ec000-9033f000 rw-p 00000000 00:00 0 
9033f000-91e80000 rw-p 00000000 00:00 0 
91e80000-91f80000 ---p 00000000 00:00 0 
91f80000-94340000 rw-p 00000000 00:00 0 
94340000-9f940000 rw-p 00000000 00:00 0 
a46cd000-a4840000 rw-p 00000000 00:00 0 
a4840000-a8f40000 rw-p 00000000 00:00 0 
a8f40000-b3540000 rw-p 00000000 00:00 0 
b3540000-b354c000 rw-p 00000000 00:00 0 
b354c000-b3600000 rw-p 00000000 00:00 0 
b3600000-b3900000 rwxp 00000000 00:00 0 
b3900000-b66f3000 rw-p 00000000 00:00 0 
b66f3000-b6700000 ---p 00000000 00:00 0 
b6700000-b670d000 r--s 0008f000 08:07 263365     /home/akshat/Documents/DistributedComputing/eclipse/plugins/org.eclipse.m2e.maven.runtime_1.8.0.20160921-2001/jars/maven-core-3.3.9.jar
b670d000-b6724000 r-xp 00000000 08:06 440373     /usr/local/java/jdk1.7.0_80/jre/lib/i386/libzip.so
b6724000-b6725000 rw-p 00016000 08:06 440373     /usr/local/java/jdk1.7.0_80/jre/lib/i386/libzip.so
b6725000-b6730000 r-xp 00000000 08:06 555855     /lib/i386-linux-gnu/libnss_files-2.23.so
b6730000-b6731000 r--p 0000a000 08:06 555855     /lib/i386-linux-gnu/libnss_files-2.23.so
b6731000-b6732000 rw-p 0000b000 08:06 555855     /lib/i386-linux-gnu/libnss_files-2.23.so
b6732000-b6738000 rw-p 00000000 00:00 0 
b6738000-b6743000 r-xp 00000000 08:06 555848     /lib/i386-linux-gnu/libnss_nis-2.23.so
b6743000-b6744000 r--p 0000a000 08:06 555848     /lib/i386-linux-gnu/libnss_nis-2.23.so
b6744000-b6745000 rw-p 0000b000 08:06 555848     /lib/i386-linux-gnu/libnss_nis-2.23.so
b6745000-b675c000 r-xp 00000000 08:06 555850     /lib/i386-linux-gnu/libnsl-2.23.so
b675c000-b675d000 r--p 00016000 08:06 555850     /lib/i386-linux-gnu/libnsl-2.23.so
b675d000-b675e000 rw-p 00017000 08:06 555850     /lib/i386-linux-gnu/libnsl-2.23.so
b675e000-b6760000 rw-p 00000000 00:00 0 
b6760000-b6768000 r-xp 00000000 08:06 555856     /lib/i386-linux-gnu/libnss_compat-2.23.so
b6768000-b6769000 r--p 00007000 08:06 555856     /lib/i386-linux-gnu/libnss_compat-2.23.so
b6769000-b676a000 rw-p 00008000 08:06 555856     /lib/i386-linux-gnu/libnss_compat-2.23.so
b676a000-b676b000 r--s 00003000 08:07 263358     /home/akshat/Documents/DistributedComputing/eclipse/plugins/org.eclipse.m2e.maven.runtime_1.8.0.20160921-2001/jars/maven-builder-support-3.3.9.jar
b676b000-b676c000 r--s 0000a000 08:07 263336     /home/akshat/Documents/DistributedComputing/eclipse/plugins/org.eclipse.m2e.maven.runtime_1.8.0.20160921-2001/jars/maven-settings-3.3.9.jar
b676c000-b676f000 r--s 00026000 08:07 263343     /home/akshat/Documents/DistributedComputing/eclipse/plugins/org.eclipse.m2e.maven.runtime_1.8.0.20160921-2001/jars/maven-model-3.3.9.jar
b676f000-b6771000 r--s 0000b000 08:07 263333     /home/akshat/Documents/DistributedComputing/eclipse/plugins/org.eclipse.m2e.maven.runtime_1.8.0.20160921-2001/jars/plexus-classworlds-2.5.2.jar
b6771000-b6772000 r--p 002d4000 08:06 2007       /usr/lib/locale/locale-archive
b6772000-b6780000 rw-p 00000000 00:00 0 
b6780000-b67a3000 r-xp 00000000 08:06 440350     /usr/local/java/jdk1.7.0_80/jre/lib/i386/libjava.so
b67a3000-b67a4000 rw-p 00023000 08:06 440350     /usr/local/java/jdk1.7.0_80/jre/lib/i386/libjava.so
b67a4000-b67ab000 r-xp 00000000 08:06 555857     /lib/i386-linux-gnu/librt-2.23.so
b67ab000-b67ac000 r--p 00006000 08:06 555857     /lib/i386-linux-gnu/librt-2.23.so
b67ac000-b67ad000 rw-p 00007000 08:06 555857     /lib/i386-linux-gnu/librt-2.23.so
b67ad000-b67b0000 ---p 00000000 00:00 0 
b67b0000-b67fe000 rw-p 00000000 00:00 0 
b67fe000-b6851000 r-xp 00000000 08:06 555849     /lib/i386-linux-gnu/libm-2.23.so
b6851000-b6852000 r--p 00052000 08:06 555849     /lib/i386-linux-gnu/libm-2.23.so
b6852000-b6853000 rw-p 00053000 08:06 555849     /lib/i386-linux-gnu/libm-2.23.so
b6853000-b70da000 r-xp 00000000 08:06 440333     /usr/local/java/jdk1.7.0_80/jre/lib/i386/server/libjvm.so
b70da000-b713e000 rw-p 00886000 08:06 440333     /usr/local/java/jdk1.7.0_80/jre/lib/i386/server/libjvm.so
b713e000-b7562000 rw-p 00000000 00:00 0 
b7562000-b7711000 r-xp 00000000 08:06 555851     /lib/i386-linux-gnu/libc-2.23.so
b7711000-b7712000 ---p 001af000 08:06 555851     /lib/i386-linux-gnu/libc-2.23.so
b7712000-b7714000 r--p 001af000 08:06 555851     /lib/i386-linux-gnu/libc-2.23.so
b7714000-b7715000 rw-p 001b1000 08:06 555851     /lib/i386-linux-gnu/libc-2.23.so
b7715000-b7718000 rw-p 00000000 00:00 0 
b7718000-b771b000 r-xp 00000000 08:06 555847     /lib/i386-linux-gnu/libdl-2.23.so
b771b000-b771c000 r--p 00002000 08:06 555847     /lib/i386-linux-gnu/libdl-2.23.so
b771c000-b771d000 rw-p 00003000 08:06 555847     /lib/i386-linux-gnu/libdl-2.23.so
b771d000-b7731000 r-xp 00000000 08:06 296707     /usr/local/java/jdk1.7.0_80/lib/i386/jli/libjli.so
b7731000-b7732000 rw-p 00013000 08:06 296707     /usr/local/java/jdk1.7.0_80/lib/i386/jli/libjli.so
b7732000-b774b000 r-xp 00000000 08:06 555861     /lib/i386-linux-gnu/libpthread-2.23.so
b774b000-b774c000 r--p 00018000 08:06 555861     /lib/i386-linux-gnu/libpthread-2.23.so
b774c000-b774d000 rw-p 00019000 08:06 555861     /lib/i386-linux-gnu/libpthread-2.23.so
b774d000-b774f000 rw-p 00000000 00:00 0 
b774f000-b7757000 rw-s 00000000 08:06 789361     /tmp/hsperfdata_akshat/10543
b7757000-b7758000 rw-p 00000000 00:00 0 
b7758000-b7759000 ---p 00000000 00:00 0 
b7759000-b7764000 r-xp 00000000 08:06 440369     /usr/local/java/jdk1.7.0_80/jre/lib/i386/libverify.so
b7764000-b7765000 rw-p 0000b000 08:06 440369     /usr/local/java/jdk1.7.0_80/jre/lib/i386/libverify.so
b7765000-b7767000 rw-p 00000000 00:00 0 
b7767000-b7769000 r--p 00000000 00:00 0          [vvar]
b7769000-b776a000 r-xp 00000000 00:00 0          [vdso]
b776a000-b778c000 r-xp 00000000 08:06 555852     /lib/i386-linux-gnu/ld-2.23.so
b778c000-b778d000 rw-p 00000000 00:00 0 
b778d000-b778e000 r--p 00022000 08:06 555852     /lib/i386-linux-gnu/ld-2.23.so
b778e000-b778f000 rw-p 00023000 08:06 555852     /lib/i386-linux-gnu/ld-2.23.so
bfbd5000-bfbd6000 rwxp 00000000 00:00 0 
bfc07000-bfc29000 rw-p 00000000 00:00 0          [stack]

VM Arguments:
jvm_args: -Dmaven.home=EMBEDDED -Dclassworlds.conf=/home/akshat/workspace/.metadata/.plugins/org.eclipse.m2e.launching/launches/m2conf454466471926976205.tmp -Dmaven.multiModuleProjectDirectory=/home/akshat/workspace/HCDistributed -Dfile.encoding=UTF-8 
java_command: org.codehaus.plexus.classworlds.launcher.Launcher -B package shade:shade
Launcher Type: SUN_STANDARD

Environment Variables:
JAVA_HOME=/usr/local/java/jdk1.8.0_101
JRE_HOME=/usr/local/java/jdk1.8.0_101/jre
PATH=/home/akshat/Documents/DistributedComputing/hadoop-2.7.2/bin:/home/akshat/Downloads/mosek/7/tools/platform/linux32x86/bin:/home/akshat/Downloads/sublime_text_3/sublime_text:/home/akshat/Documents/DistributedComputing/eclipse:/home/akshat/bin:/home/akshat/.local/bin:/usr/local/sbin:/usr/local/bin:/usr/sbin:/usr/bin:/sbin:/bin:/usr/games:/usr/local/games:/snap/bin:/usr/local/java/jdk1.8.0_101/bin:/usr/local/java/jdk1.8.0_101/jre/bin
LD_LIBRARY_PATH=/usr/local/java/jdk1.7.0_80/jre/lib/i386/server:/usr/local/java/jdk1.7.0_80/jre/lib/i386:/usr/local/java/jdk1.7.0_80/jre/../lib/i386:/usr/local/java/jdk1.8.0_101/jre/lib/i386/client:/usr/local/java/jdk1.8.0_101/jre/lib/i386:
SHELL=/bin/bash
DISPLAY=:0

Signal Handlers:
SIGSEGV: [libjvm.so+0x7eb160], sa_mask[0]=0x7ffbfeff, sa_flags=0x10000004
SIGBUS: [libjvm.so+0x7eb160], sa_mask[0]=0x7ffbfeff, sa_flags=0x10000004
SIGFPE: [libjvm.so+0x684ac0], sa_mask[0]=0x7ffbfeff, sa_flags=0x10000004
SIGPIPE: [libjvm.so+0x684ac0], sa_mask[0]=0x7ffbfeff, sa_flags=0x10000004
SIGXFSZ: [libjvm.so+0x684ac0], sa_mask[0]=0x7ffbfeff, sa_flags=0x10000004
SIGILL: [libjvm.so+0x684ac0], sa_mask[0]=0x7ffbfeff, sa_flags=0x10000004
SIGUSR1: SIG_DFL, sa_mask[0]=0x00000000, sa_flags=0x00000000
SIGUSR2: [libjvm.so+0x686330], sa_mask[0]=0x00000004, sa_flags=0x10000004
SIGHUP: [libjvm.so+0x687660], sa_mask[0]=0x7ffbfeff, sa_flags=0x10000004
SIGINT: [libjvm.so+0x687660], sa_mask[0]=0x7ffbfeff, sa_flags=0x10000004
SIGTERM: [libjvm.so+0x687660], sa_mask[0]=0x7ffbfeff, sa_flags=0x10000004
SIGQUIT: [libjvm.so+0x687660], sa_mask[0]=0x7ffbfeff, sa_flags=0x10000004


---------------  S Y S T E M  ---------------

OS:stretch/sid

uname:Linux 4.4.0-75-generic #96-Ubuntu SMP Thu Apr 20 09:55:15 UTC 2017 i686
libc:glibc 2.23 NPTL 2.23 
rlimit: STACK 8192k, CORE 0k, NPROC 15619, NOFILE 65536, AS infinity
load average:1.73 0.97 0.75

/proc/meminfo:
MemTotal:        2036416 kB
MemFree:          125188 kB
MemAvailable:      30556 kB
Buffers:            6100 kB
Cached:           249964 kB
SwapCached:            0 kB
Active:          1616116 kB
Inactive:         220904 kB
Active(anon):    1583416 kB
Inactive(anon):   189156 kB
Active(file):      32700 kB
Inactive(file):    31748 kB
Unevictable:         248 kB
Mlocked:             248 kB
HighTotal:       1157832 kB
HighFree:          14780 kB
LowTotal:         878584 kB
LowFree:          110408 kB
SwapTotal:             0 kB
SwapFree:              0 kB
Dirty:               140 kB
Writeback:             0 kB
AnonPages:       1581460 kB
Mapped:            59980 kB
Shmem:            191404 kB
Slab:              38756 kB
SReclaimable:      18028 kB
SUnreclaim:        20728 kB
KernelStack:        3976 kB
PageTables:        11236 kB
NFS_Unstable:          0 kB
Bounce:                0 kB
WritebackTmp:          0 kB
CommitLimit:     1018208 kB
Committed_AS:    4805256 kB
VmallocTotal:     122880 kB
VmallocUsed:           0 kB
VmallocChunk:          0 kB
AnonHugePages:   1021952 kB
CmaTotal:              0 kB
CmaFree:               0 kB
HugePages_Total:       0
HugePages_Free:        0
HugePages_Rsvd:        0
HugePages_Surp:        0
Hugepagesize:       2048 kB
DirectMap4k:       40952 kB
DirectMap2M:      872448 kB


CPU:total 2 (2 cores per cpu, 1 threads per core) family 6 model 15 stepping 13, cmov, cx8, fxsr, mmx, sse, sse2, sse3, ssse3, tsc

/proc/cpuinfo:
processor	: 0
vendor_id	: GenuineIntel
cpu family	: 6
model		: 15
model name	: Intel(R) Core(TM)2 Duo CPU     T5870  @ 2.00GHz
stepping	: 13
microcode	: 0xa3
cpu MHz		: 2001.000
cache size	: 2048 KB
physical id	: 0
siblings	: 2
core id		: 0
cpu cores	: 2
apicid		: 0
initial apicid	: 0
fdiv_bug	: no
f00f_bug	: no
coma_bug	: no
fpu		: yes
fpu_exception	: yes
cpuid level	: 10
wp		: yes
flags		: fpu vme de pse tsc msr pae mce cx8 apic sep mtrr pge mca cmov pat pse36 clflush dts acpi mmx fxsr sse sse2 ss ht tm pbe nx lm constant_tsc arch_perfmon pebs bts aperfmperf pni dtes64 monitor ds_cpl est tm2 ssse3 cx16 xtpr pdcm lahf_lm dtherm ida
bugs		:
bogomips	: 3989.73
clflush size	: 64
cache_alignment	: 64
address sizes	: 36 bits physical, 48 bits virtual
power management:

processor	: 1
vendor_id	: GenuineIntel
cpu family	: 6
model		: 15
model name	: Intel(R) Core(TM)2 Duo CPU     T5870  @ 2.00GHz
stepping	: 13
microcode	: 0xa3
cpu MHz		: 800.000
cache size	: 2048 KB
physical id	: 0
siblings	: 2
core id		: 1
cpu cores	: 2
apicid		: 1
initial apicid	: 1
fdiv_bug	: no
f00f_bug	: no
coma_bug	: no
fpu		: yes
fpu_exception	: yes
cpuid level	: 10
wp		: yes
flags		: fpu vme de pse tsc msr pae mce cx8 apic sep mtrr pge mca cmov pat pse36 clflush dts acpi mmx fxsr sse sse2 ss ht tm pbe nx lm constant_tsc arch_perfmon pebs bts aperfmperf pni dtes64 monitor ds_cpl est tm2 ssse3 cx16 xtpr pdcm lahf_lm dtherm ida
bugs		:
bogomips	: 3989.73
clflush size	: 64
cache_alignment	: 64
address sizes	: 36 bits physical, 48 bits virtual
power management:



Memory: 4k page, physical 2036416k(125188k free), swap 0k(0k free)

vm_info: Java HotSpot(TM) Server VM (24.80-b11) for linux-x86 JRE (1.7.0_80-b15), built on Apr 10 2015 12:29:10 by "java_re" with gcc 4.3.0 20080428 (Red Hat 4.3.0-8)

time: Tue May  2 09:19:17 2017
elapsed time: 29 seconds

