#
# There is insufficient memory for the Java Runtime Environment to continue.
# Native memory allocation (malloc) failed to allocate 74973184 bytes for committing reserved memory.
# Possible reasons:
#   The system is out of physical RAM or swap space
#   In 32 bit mode, the process size limit was hit
# Possible solutions:
#   Reduce memory load on the system
#   Increase physical memory or swap space
#   Check if swap backing store is full
#   Use 64 bit Java on a 64 bit OS
#   Decrease Java heap size (-Xmx/-Xms)
#   Decrease number of Java threads
#   Decrease Java thread stack sizes (-Xss)
#   Set larger code cache with -XX:ReservedCodeCacheSize=
# This output file may be truncated or incomplete.
#
#  Out of Memory Error (os_linux.cpp:2756), pid=5325, tid=2388654912
#
# JRE version: Java(TM) SE Runtime Environment (7.0_80-b15) (build 1.7.0_80-b15)
# Java VM: Java HotSpot(TM) Server VM (24.80-b11 mixed mode linux-x86 )
# Failed to write core dump. Core dumps have been disabled. To enable core dumping, try "ulimit -c unlimited" before starting Java again
#

---------------  T H R E A D  ---------------

Current thread (0x8e610400):  VMThread [stack: 0x8e57f000,0x8e600000] [id=5333]

Stack: [0x8e57f000,0x8e600000],  sp=0x8e5fe770,  free space=509k
Native frames: (J=compiled Java code, j=interpreted, Vv=VM code, C=native code)
V  [libjvm.so+0x7ea656]  VMError::report_and_die()+0x1a6
V  [libjvm.so+0x33eb82]  report_vm_out_of_memory(char const*, int, unsigned int, char const*)+0x72
V  [libjvm.so+0x687fb1]  os::Linux::commit_memory_impl(char*, unsigned int, bool)+0xe1
V  [libjvm.so+0x688478]  os::pd_commit_memory(char*, unsigned int, unsigned int, bool)+0x28
V  [libjvm.so+0x681b2c]  os::commit_memory(char*, unsigned int, unsigned int, bool)+0x2c
V  [libjvm.so+0x6ea8d8]  PSVirtualSpace::expand_by(unsigned int)+0x48
V  [libjvm.so+0x6dcd01]  PSOldGen::expand(unsigned int)+0x141
V  [libjvm.so+0x6dcdcf]  PSOldGen::resize(unsigned int)+0x8f
V  [libjvm.so+0x6e39d6]  PSParallelCompact::invoke_no_policy(bool)+0x8b6
V  [libjvm.so+0x6e8fed]  PSScavenge::invoke()+0x16d
V  [libjvm.so+0x6a851a]  ParallelScavengeHeap::failed_mem_allocate(unsigned int)+0x5a
V  [libjvm.so+0x7ebeea]  VM_ParallelGCFailedAllocation::doit()+0x7a
V  [libjvm.so+0x7f4d07]  VM_Operation::evaluate()+0x47
V  [libjvm.so+0x7f2da3]  VMThread::evaluate_operation(VM_Operation*)+0xb3
V  [libjvm.so+0x7f3140]  VMThread::loop()+0x1b0
V  [libjvm.so+0x7f35a5]  VMThread::run()+0x85
V  [libjvm.so+0x68a249]  java_start(Thread*)+0x119
C  [libpthread.so.0+0x6295]  start_thread+0xe5

VM_Operation (0xb67bf704): ParallelGCFailedAllocation, mode: safepoint, requested by thread 0xb6607c00


---------------  P R O C E S S  ---------------

Java Threads: ( => current thread )
  0x8e62ac00 JavaThread "Service Thread" daemon [_thread_blocked, id=5339, stack(0x8e1db000,0x8e22c000)]
  0x8e629000 JavaThread "C2 CompilerThread1" daemon [_thread_blocked, id=5338, stack(0x8e22c000,0x8e2ad000)]
  0x8e627000 JavaThread "C2 CompilerThread0" daemon [_thread_blocked, id=5337, stack(0x8e2ad000,0x8e32e000)]
  0x8e625800 JavaThread "Signal Dispatcher" daemon [_thread_blocked, id=5336, stack(0x8e32e000,0x8e37f000)]
  0x8e614800 JavaThread "Finalizer" daemon [_thread_blocked, id=5335, stack(0x8e72d000,0x8e77e000)]
  0x8e613000 JavaThread "Reference Handler" daemon [_thread_blocked, id=5334, stack(0x8fe09000,0x8fe5a000)]
  0xb6607c00 JavaThread "main" [_thread_blocked, id=5330, stack(0xb6771000,0xb67c2000)]

Other Threads:
=>0x8e610400 VMThread [stack: 0x8e57f000,0x8e600000] [id=5333]
  0x8e62c800 WatcherThread [stack: 0x8e15a000,0x8e1db000] [id=5340]

VM state:at safepoint (normal execution)

VM Mutex/Monitor currently owned by a thread:  ([mutex/lock_event])
[0xb6604c08] ExpandHeap_lock - owner thread: 0x8e610400
[0xb6605150] Threads_lock - owner thread: 0x8e610400
[0xb6605560] Heap_lock - owner thread: 0xb6607c00

Heap
 PSYoungGen      total 90624K, used 16963K [0xa8f00000, 0xb3500000, 0xb3500000)
  eden space 56832K, 0% used [0xa8f00000,0xa8f00000,0xac680000)
  from space 33792K, 50% used [0xb1400000,0xb2490ee8,0xb3500000)
  to   space 56576K, 0% used [0xac680000,0xac680000,0xafdc0000)
 ParOldGen       total 159232K, used 159155K [0x94300000, 0x9de80000, 0xa8f00000)
  object space 159232K, 99% used [0x94300000,0x9de6ce60,0x9de80000)
 PSPermGen       total 28928K, used 12948K [0x90300000, 0x91f40000, 0x94300000)
  object space 28928K, 44% used [0x90300000,0x90fa5350,0x91f40000)

Card table byte_map: [0x901e6000,0x90300000] byte_map_base: 0x8fd64800

Polling page: 0xb771c000

Code Cache  [0xb35c8000, 0xb3870000, 0xb65c8000)
 total_blobs=898 nmethods=756 adapters=96 free_code_cache=46549Kb largest_free_block=47579072

Compilation events (10 events):
Event: 31.314 Thread 0x8e627000  847             com.sun.tools.javac.code.Scope::lookup (9 bytes)
Event: 31.319 Thread 0x8e627000 nmethod 847 0xb3793748 code [0xb3793860, 0xb3793a10]
Event: 31.319 Thread 0x8e627000  848             com.sun.tools.javac.code.Scope::lookup (67 bytes)
Event: 31.321 Thread 0x8e629000  849             com.sun.tools.javac.jvm.ClassReader::classSigToType (441 bytes)
Event: 31.324 Thread 0x8e627000 nmethod 848 0xb3793148 code [0xb3793260, 0xb3793470]
Event: 31.330 Thread 0x8e627000  850             com.sun.tools.javac.code.Symbol::flatName (5 bytes)
Event: 31.331 Thread 0x8e627000 nmethod 850 0xb3792388 code [0xb3792480, 0xb37924f0]
Event: 31.337 Thread 0x8e627000  851             com.sun.tools.javac.comp.Resolve::findMemberType (277 bytes)
Event: 31.345 Thread 0x8e629000 nmethod 849 0xb37c9c08 code [0xb37c9e00, 0xb37ca83c]
Event: 31.347 Thread 0x8e629000  852             com.sun.tools.javac.jvm.ClassReader::classSigToType (441 bytes)

GC Heap History (10 events):
Event: 19.620 GC heap after
Heap after GC invocations=14 (full 0):
 PSYoungGen      total 118016K, used 6653K [0xa8f00000, 0xb3500000, 0xb3500000)
  eden space 111360K, 0% used [0xa8f00000,0xa8f00000,0xafbc0000)
  from space 6656K, 99% used [0xb1400000,0xb1a7f7b8,0xb1a80000)
  to   space 24832K, 0% used [0xafbc0000,0xafbc0000,0xb1400000)
 ParOldGen       total 61440K, used 61001K [0x94300000, 0x97f00000, 0xa8f00000)
  object space 61440K, 99% used [0x94300000,0x97e92680,0x97f00000)
 PSPermGen       total 16384K, used 12794K [0x90300000, 0x91300000, 0x94300000)
  object space 16384K, 78% used [0x90300000,0x90f7e9b8,0x91300000)
}
Event: 19.620 GC heap before
{Heap before GC invocations=15 (full 1):
 PSYoungGen      total 118016K, used 6653K [0xa8f00000, 0xb3500000, 0xb3500000)
  eden space 111360K, 0% used [0xa8f00000,0xa8f00000,0xafbc0000)
  from space 6656K, 99% used [0xb1400000,0xb1a7f7b8,0xb1a80000)
  to   space 24832K, 0% used [0xafbc0000,0xafbc0000,0xb1400000)
 ParOldGen       total 61440K, used 61001K [0x94300000, 0x97f00000, 0xa8f00000)
  object space 61440K, 99% used [0x94300000,0x97e92680,0x97f00000)
 PSPermGen       total 16384K, used 12794K [0x90300000, 0x91300000, 0x94300000)
  object space 16384K, 78% used [0x90300000,0x90f7e9b8,0x91300000)
Event: 20.303 GC heap after
Heap after GC invocations=15 (full 1):
 PSYoungGen      total 118016K, used 473K [0xa8f00000, 0xb3500000, 0xb3500000)
  eden space 111360K, 0% used [0xa8f00000,0xa8f00000,0xafbc0000)
  from space 6656K, 7% used [0xb1400000,0xb1476480,0xb1a80000)
  to   space 24832K, 0% used [0xafbc0000,0xafbc0000,0xb1400000)
 ParOldGen       total 93696K, used 61324K [0x94300000, 0x99e80000, 0xa8f00000)
  object space 93696K, 65% used [0x94300000,0x97ee3300,0x99e80000)
 PSPermGen       total 25600K, used 12786K [0x90300000, 0x91c00000, 0x94300000)
  object space 25600K, 49% used [0x90300000,0x90f7c980,0x91c00000)
}
Event: 25.487 GC heap before
{Heap before GC invocations=16 (full 1):
 PSYoungGen      total 118016K, used 111833K [0xa8f00000, 0xb3500000, 0xb3500000)
  eden space 111360K, 100% used [0xa8f00000,0xafbc0000,0xafbc0000)
  from space 6656K, 7% used [0xb1400000,0xb1476480,0xb1a80000)
  to   space 24832K, 0% used [0xafbc0000,0xafbc0000,0xb1400000)
 ParOldGen       total 93696K, used 61324K [0x94300000, 0x99e80000, 0xa8f00000)
  object space 93696K, 65% used [0x94300000,0x97ee3300,0x99e80000)
 PSPermGen       total 25600K, used 12795K [0x90300000, 0x91c00000, 0x94300000)
  object space 25600K, 49% used [0x90300000,0x90f7ec30,0x91c00000)
Event: 25.795 GC heap after
Heap after GC invocations=16 (full 1):
 PSYoungGen      total 136192K, used 24821K [0xa8f00000, 0xb3500000, 0xb3500000)
  eden space 111360K, 0% used [0xa8f00000,0xa8f00000,0xafbc0000)
  from space 24832K, 99% used [0xafbc0000,0xb13fd408,0xb1400000)
  to   space 33792K, 0% used [0xb1400000,0xb1400000,0xb3500000)
 ParOldGen       total 104960K, used 104559K [0x94300000, 0x9a980000, 0xa8f00000)
  object space 104960K, 99% used [0x94300000,0x9a91bef0,0x9a980000)
 PSPermGen       total 25600K, used 12795K [0x90300000, 0x91c00000, 0x94300000)
  object space 25600K, 49% used [0x90300000,0x90f7ec30,0x91c00000)
}
Event: 25.795 GC heap before
{Heap before GC invocations=17 (full 2):
 PSYoungGen      total 136192K, used 24821K [0xa8f00000, 0xb3500000, 0xb3500000)
  eden space 111360K, 0% used [0xa8f00000,0xa8f00000,0xafbc0000)
  from space 24832K, 99% used [0xafbc0000,0xb13fd408,0xb1400000)
  to   space 33792K, 0% used [0xb1400000,0xb1400000,0xb3500000)
 ParOldGen       total 104960K, used 104559K [0x94300000, 0x9a980000, 0xa8f00000)
  object space 104960K, 99% used [0x94300000,0x9a91bef0,0x9a980000)
 PSPermGen       total 25600K, used 12795K [0x90300000, 0x91c00000, 0x94300000)
  object space 25600K, 49% used [0x90300000,0x90f7ec30,0x91c00000)
Event: 26.750 GC heap after
Heap after GC invocations=17 (full 2):
 PSYoungGen      total 136192K, used 23487K [0xa8f00000, 0xb3500000, 0xb3500000)
  eden space 111360K, 0% used [0xa8f00000,0xa8f00000,0xafbc0000)
  from space 24832K, 94% used [0xafbc0000,0xb12afeb0,0xb1400000)
  to   space 33792K, 0% used [0xb1400000,0xb1400000,0xb3500000)
 ParOldGen       total 159232K, used 104859K [0x94300000, 0x9de80000, 0xa8f00000)
  object space 159232K, 65% used [0x94300000,0x9a966ee8,0x9de80000)
 PSPermGen       total 28928K, used 12794K [0x90300000, 0x91f40000, 0x94300000)
  object space 28928K, 44% used [0x90300000,0x90f7ebe0,0x91f40000)
}
Event: 31.362 GC heap before
{Heap before GC invocations=18 (full 2):
 PSYoungGen      total 136192K, used 134847K [0xa8f00000, 0xb3500000, 0xb3500000)
  eden space 111360K, 100% used [0xa8f00000,0xafbc0000,0xafbc0000)
  from space 24832K, 94% used [0xafbc0000,0xb12afeb0,0xb1400000)
  to   space 33792K, 0% used [0xb1400000,0xb1400000,0xb3500000)
 ParOldGen       total 159232K, used 104859K [0x94300000, 0x9de80000, 0xa8f00000)
  object space 159232K, 65% used [0x94300000,0x9a966ee8,0x9de80000)
 PSPermGen       total 28928K, used 12949K [0x90300000, 0x91f40000, 0x94300000)
  object space 28928K, 44% used [0x90300000,0x90fa5450,0x91f40000)
Event: 31.798 GC heap after
Heap after GC invocations=18 (full 2):
 PSYoungGen      total 90624K, used 33782K [0xa8f00000, 0xb3500000, 0xb3500000)
  eden space 56832K, 0% used [0xa8f00000,0xa8f00000,0xac680000)
  from space 33792K, 99% used [0xb1400000,0xb34fd830,0xb3500000)
  to   space 56576K, 0% used [0xac680000,0xac680000,0xafdc0000)
 ParOldGen       total 159232K, used 143473K [0x94300000, 0x9de80000, 0xa8f00000)
  object space 159232K, 90% used [0x94300000,0x9cf1c608,0x9de80000)
 PSPermGen       total 28928K, used 12949K [0x90300000, 0x91f40000, 0x94300000)
  object space 28928K, 44% used [0x90300000,0x90fa5450,0x91f40000)
}
Event: 31.798 GC heap before
{Heap before GC invocations=19 (full 3):
 PSYoungGen      total 90624K, used 33782K [0xa8f00000, 0xb3500000, 0xb3500000)
  eden space 56832K, 0% used [0xa8f00000,0xa8f00000,0xac680000)
  from space 33792K, 99% used [0xb1400000,0xb34fd830,0xb3500000)
  to   space 56576K, 0% used [0xac680000,0xac680000,0xafdc0000)
 ParOldGen       total 159232K, used 143473K [0x94300000, 0x9de80000, 0xa8f00000)
  object space 159232K, 90% used [0x94300000,0x9cf1c608,0x9de80000)
 PSPermGen       total 28928K, used 12949K [0x90300000, 0x91f40000, 0x94300000)
  object space 28928K, 44% used [0x90300000,0x90fa5450,0x91f40000)

Deoptimization events (10 events):
Event: 31.193 Thread 0xb6607c00 Uncommon trap: reason=unstable_if action=reinterpret pc=0xb378b80c method=com.sun.tools.javac.code.Scope.getIndex(Lcom/sun/tools/javac/util/Name;)I @ 45
Event: 31.252 Thread 0xb6607c00 Uncommon trap: reason=bimorphic action=maybe_recompile pc=0xb379b5dc method=com.sun.tools.javac.code.Symbol$TypeSymbol.formFlatName(Lcom/sun/tools/javac/util/Name;Lcom/sun/tools/javac/code/Symbol;)Lcom/sun/tools/javac/util/Name; @ 53
Event: 31.252 Thread 0xb6607c00 Uncommon trap: reason=bimorphic action=maybe_recompile pc=0xb379b5dc method=com.sun.tools.javac.code.Symbol$TypeSymbol.formFlatName(Lcom/sun/tools/javac/util/Name;Lcom/sun/tools/javac/code/Symbol;)Lcom/sun/tools/javac/util/Name; @ 53
Event: 31.266 Thread 0xb6607c00 Uncommon trap: reason=unstable_if action=reinterpret pc=0xb379dc40 method=com.sun.tools.javac.code.Scope.lookup(Lcom/sun/tools/javac/util/Name;Lcom/sun/tools/javac/util/Filter;)Lcom/sun/tools/javac/code/Scope$Entry; @ 19
Event: 31.266 Thread 0xb6607c00 Uncommon trap: reason=unstable_if action=reinterpret pc=0xb379d630 method=com.sun.tools.javac.code.Scope.lookup(Lcom/sun/tools/javac/util/Name;Lcom/sun/tools/javac/util/Filter;)Lcom/sun/tools/javac/code/Scope$Entry; @ 19
Event: 31.285 Thread 0xb6607c00 Uncommon trap: reason=unstable_if action=reinterpret pc=0xb379c974 method=com.sun.tools.javac.jvm.ClassReader.classSigToType()Lcom/sun/tools/javac/code/Type; @ 148
Event: 31.299 Thread 0xb6607c00 Uncommon trap: reason=unstable_if action=reinterpret pc=0xb36e0a94 method=com.sun.tools.javac.util.BaseFileManager.getKind(Ljava/lang/String;)Ljavax/tools/JavaFileObject$Kind; @ 44
Event: 31.300 Thread 0xb6607c00 Uncommon trap: reason=unstable_if action=reinterpret pc=0xb379b5c4 method=com.sun.tools.javac.code.Symbol$TypeSymbol.formFlatName(Lcom/sun/tools/javac/util/Name;Lcom/sun/tools/javac/code/Symbol;)Lcom/sun/tools/javac/util/Name; @ 72
Event: 31.347 Thread 0xb6607c00 Uncommon trap: reason=null_check action=make_not_entrant pc=0xb37ca774 method=com.sun.tools.javac.jvm.ClassReader.enterClass(Lcom/sun/tools/javac/util/Name;)Lcom/sun/tools/javac/code/Symbol$ClassSymbol; @ 10
Event: 31.354 Thread 0xb6607c00 Uncommon trap: reason=null_check action=make_not_entrant pc=0xb37ce32c method=com.sun.tools.javac.jvm.ClassReader.enterClass(Lcom/sun/tools/javac/util/Name;)Lcom/sun/tools/javac/code/Symbol$ClassSymbol; @ 10

Internal exceptions (10 events):
Event: 31.171 Thread 0xb6607c00 Threw 0xaf97ac28 at /HUDSON/workspace/7u-2-build-linux-i586/jdk7u80/2329/hotspot/src/share/vm/prims/jvm.cpp:1319
Event: 31.171 Thread 0xb6607c00 Threw 0xaf97b520 at /HUDSON/workspace/7u-2-build-linux-i586/jdk7u80/2329/hotspot/src/share/vm/prims/jvm.cpp:1319
Event: 31.171 Thread 0xb6607c00 Threw 0xaf97dc28 at /HUDSON/workspace/7u-2-build-linux-i586/jdk7u80/2329/hotspot/src/share/vm/prims/jvm.cpp:1319
Event: 31.171 Thread 0xb6607c00 Threw 0xaf97e508 at /HUDSON/workspace/7u-2-build-linux-i586/jdk7u80/2329/hotspot/src/share/vm/prims/jvm.cpp:1319
Event: 31.172 Thread 0xb6607c00 Threw 0xaf984c30 at /HUDSON/workspace/7u-2-build-linux-i586/jdk7u80/2329/hotspot/src/share/vm/prims/jvm.cpp:1319
Event: 31.172 Thread 0xb6607c00 Threw 0xaf9856c8 at /HUDSON/workspace/7u-2-build-linux-i586/jdk7u80/2329/hotspot/src/share/vm/prims/jvm.cpp:1319
Event: 31.174 Thread 0xb6607c00 Threw 0xaf98bb28 at /HUDSON/workspace/7u-2-build-linux-i586/jdk7u80/2329/hotspot/src/share/vm/prims/jvm.cpp:1319
Event: 31.174 Thread 0xb6607c00 Threw 0xaf98c178 at /HUDSON/workspace/7u-2-build-linux-i586/jdk7u80/2329/hotspot/src/share/vm/prims/jvm.cpp:1319
Event: 31.347 Thread 0xb6607c00 Implicit null exception at 0xb37c9f84 to 0xb37ca761
Event: 31.354 Thread 0xb6607c00 Implicit null exception at 0xb37cdc0c to 0xb37ce321

Events (10 events):
Event: 31.300 Thread 0xb6607c00 Uncommon trap: trap_request=0xffffff75 fr.pc=0xb379b5c4
Event: 31.300 Thread 0xb6607c00 DEOPT PACKING pc=0xb379b5c4 sp=0xb67bf230
Event: 31.300 Thread 0xb6607c00 DEOPT UNPACKING pc=0xb35f4bc8 sp=0xb67bf228 mode 2
Event: 31.347 Thread 0xb6607c00 Uncommon trap: trap_request=0xfffffff4 fr.pc=0xb37ca774
Event: 31.347 Thread 0xb6607c00 DEOPT PACKING pc=0xb37ca774 sp=0xb67bf820
Event: 31.347 Thread 0xb6607c00 DEOPT UNPACKING pc=0xb35f4bc8 sp=0xb67bf7f0 mode 2
Event: 31.354 Thread 0xb6607c00 Uncommon trap: trap_request=0xfffffff4 fr.pc=0xb37ce32c
Event: 31.354 Thread 0xb6607c00 DEOPT PACKING pc=0xb37ce32c sp=0xb67bf820
Event: 31.354 Thread 0xb6607c00 DEOPT UNPACKING pc=0xb35f4bc8 sp=0xb67bf7f0 mode 2
Event: 31.362 Executing VM operation: ParallelGCFailedAllocation


Dynamic libraries:
08048000-08049000 r-xp 00000000 08:06 705763     /usr/local/java/jdk1.7.0_80/bin/java
08049000-0804a000 rw-p 00000000 08:06 705763     /usr/local/java/jdk1.7.0_80/bin/java
0965a000-09cb6000 rw-p 00000000 00:00 0          [heap]
8c700000-8c7f2000 rw-p 00000000 00:00 0 
8c7f2000-8c800000 ---p 00000000 00:00 0 
8c900000-8c9e3000 rw-p 00000000 00:00 0 
8c9e3000-8ca00000 ---p 00000000 00:00 0 
8ca00000-8caff000 rw-p 00000000 00:00 0 
8caff000-8cb00000 ---p 00000000 00:00 0 
8cb00000-8cbfe000 rw-p 00000000 00:00 0 
8cbfe000-8cc00000 ---p 00000000 00:00 0 
8cd00000-8cdfb000 rw-p 00000000 00:00 0 
8cdfb000-8ce00000 ---p 00000000 00:00 0 
8cf00000-8d0ef000 rw-p 00000000 00:00 0 
8d0ef000-8d100000 ---p 00000000 00:00 0 
8d100000-8d1f0000 rw-p 00000000 00:00 0 
8d1f0000-8d200000 ---p 00000000 00:00 0 
8d200000-8d2fc000 rw-p 00000000 00:00 0 
8d2fc000-8d300000 ---p 00000000 00:00 0 
8d300000-8d3f9000 rw-p 00000000 00:00 0 
8d3f9000-8d400000 ---p 00000000 00:00 0 
8d500000-8d5f9000 rw-p 00000000 00:00 0 
8d5f9000-8d600000 ---p 00000000 00:00 0 
8d600000-8d6f3000 rw-p 00000000 00:00 0 
8d6f3000-8d700000 ---p 00000000 00:00 0 
8d700000-8d7f9000 rw-p 00000000 00:00 0 
8d7f9000-8d800000 ---p 00000000 00:00 0 
8d900000-8d9fb000 rw-p 00000000 00:00 0 
8d9fb000-8da00000 ---p 00000000 00:00 0 
8da00000-8dafd000 rw-p 00000000 00:00 0 
8dafd000-8db00000 ---p 00000000 00:00 0 
8db00000-8dbfb000 rw-p 00000000 00:00 0 
8dbfb000-8dc00000 ---p 00000000 00:00 0 
8dc3f000-8de00000 rw-p 00000000 00:00 0 
8de00000-8defe000 rw-p 00000000 00:00 0 
8defe000-8df00000 ---p 00000000 00:00 0 
8df42000-8dfad000 r--s 00e21000 08:06 296708     /usr/local/java/jdk1.7.0_80/lib/tools.jar
8dfad000-8dfae000 r--s 00004000 08:07 534879     /home/akshat/.m2/repository/org/codehaus/plexus/plexus-compiler-javac/2.7/plexus-compiler-javac-2.7.jar
8dfae000-8dfb0000 r--s 00000000 08:07 276263     /home/akshat/.m2/repository/org/codehaus/plexus/plexus-compiler-manager/2.7/plexus-compiler-manager-2.7.jar
8dfb0000-8dfb2000 r--s 00005000 08:07 276261     /home/akshat/.m2/repository/org/codehaus/plexus/plexus-compiler-api/2.7/plexus-compiler-api-2.7.jar
8dfb2000-8dfb4000 r--s 00002000 08:07 534877     /home/akshat/.m2/repository/org/apache/maven/shared/maven-shared-incremental/1.1/maven-shared-incremental-1.1.jar
8dfb4000-8dfb6000 r--s 00006000 08:07 407358     /home/akshat/.m2/repository/com/google/code/findbugs/jsr305/2.0.1/jsr305-2.0.1.jar
8dfb6000-8dfba000 r--s 0002a000 08:07 407356     /home/akshat/.m2/repository/commons-io/commons-io/2.4/commons-io-2.4.jar
8dfba000-8dfbd000 r--s 00023000 08:07 407354     /home/akshat/.m2/repository/org/apache/maven/shared/maven-shared-utils/3.0.0/maven-shared-utils-3.0.0.jar
8dfbd000-8dfbf000 r--s 00002000 08:07 276257     /home/akshat/.m2/repository/org/sonatype/plexus/plexus-cipher/1.4/plexus-cipher-1.4.jar
8dfbf000-8dfc0000 r--s 00006000 08:07 165725     /home/akshat/.m2/repository/org/sonatype/plexus/plexus-sec-dispatcher/1.3/plexus-sec-dispatcher-1.3.jar
8dfc0000-8dfc2000 r--s 00000000 08:07 165723     /home/akshat/.m2/repository/org/codehaus/plexus/plexus-component-annotations/1.5.5/plexus-component-annotations-1.5.5.jar
8dfc2000-8dfc4000 r--s 0000d000 08:07 165719     /home/akshat/.m2/repository/org/codehaus/plexus/plexus-interpolation/1.14/plexus-interpolation-1.14.jar
8dfc4000-8dfc8000 r--s 00017000 08:07 276255     /home/akshat/.m2/repository/org/sonatype/aether/aether-util/1.7/aether-util-1.7.jar
8dfc8000-8dfcc000 r--s 00033000 08:07 165711     /home/akshat/.m2/repository/org/codehaus/plexus/plexus-utils/2.0.4/plexus-utils-2.0.4.jar
8dfcc000-8dfd7000 r--s 00069000 08:07 165707     /home/akshat/.m2/repository/org/sonatype/sisu/sisu-guice/2.1.7/sisu-guice-2.1.7-noaop.jar
8dfd7000-8dfdc000 r--s 00021000 08:07 165705     /home/akshat/.m2/repository/org/sonatype/sisu/sisu-inject-bean/1.4.2/sisu-inject-bean-1.4.2.jar
8dfdc000-8dfde000 r--s 0000b000 08:07 152863     /home/akshat/.m2/repository/org/apache/maven/plugins/maven-compiler-plugin/3.5.1/maven-compiler-plugin-3.5.1.jar
8dfde000-8dfe0000 r--s 0000d000 08:07 276317     /home/akshat/.m2/repository/org/codehaus/plexus/plexus-interpolation/1.13/plexus-interpolation-1.13.jar
8dfe0000-8dfe1000 r--s 00001000 08:07 276315     /home/akshat/.m2/repository/org/sonatype/plexus/plexus-build-api/0.0.4/plexus-build-api-0.0.4.jar
8dfe1000-8dfe3000 r--s 00009000 08:07 534905     /home/akshat/.m2/repository/org/apache/maven/shared/maven-filtering/1.1/maven-filtering-1.1.jar
8dfe3000-8dfe7000 r--s 00033000 08:07 165769     /home/akshat/.m2/repository/org/codehaus/plexus/plexus-utils/2.0.5/plexus-utils-2.0.5.jar
8dfe7000-8dfea000 r--s 0001b000 08:07 276313     /home/akshat/.m2/repository/junit/junit/3.8.1/junit-3.8.1.jar
8dfea000-8dfff000 r-xp 00000000 08:06 440372     /usr/local/java/jdk1.7.0_80/jre/lib/i386/libnet.so
8dfff000-8e000000 rw-p 00015000 08:06 440372     /usr/local/java/jdk1.7.0_80/jre/lib/i386/libnet.so
8e000000-8e0fc000 rw-p 00000000 00:00 0 
8e0fc000-8e100000 ---p 00000000 00:00 0 
8e100000-8e102000 r--s 00002000 08:07 276309     /home/akshat/.m2/repository/org/codehaus/plexus/plexus-interactivity-api/1.0-alpha-4/plexus-interactivity-api-1.0-alpha-4.jar
8e102000-8e104000 r--s 00006000 08:07 407424     /home/akshat/.m2/repository/commons-cli/commons-cli/1.0/commons-cli-1.0.jar
8e104000-8e105000 r--s 00001000 08:07 407420     /home/akshat/.m2/repository/org/apache/maven/doxia/doxia-sink-api/1.0-alpha-7/doxia-sink-api-1.0-alpha-7.jar
8e105000-8e106000 r--s 00002000 08:07 407418     /home/akshat/.m2/repository/org/apache/maven/reporting/maven-reporting-api/2.0.6/maven-reporting-api-2.0.6.jar
8e106000-8e108000 r--s 00006000 08:07 155750     /home/akshat/.m2/repository/org/apache/maven/plugins/maven-resources-plugin/2.6/maven-resources-plugin-2.6.jar
8e108000-8e10c000 r--s 0008b000 08:06 296723     /usr/local/java/jdk1.7.0_80/jre/lib/jsse.jar
8e10c000-8e11a000 r-xp 00000000 08:06 440353     /usr/local/java/jdk1.7.0_80/jre/lib/i386/libnio.so
8e11a000-8e11b000 rw-p 0000e000 08:06 440353     /usr/local/java/jdk1.7.0_80/jre/lib/i386/libnio.so
8e11b000-8e11c000 r--s 00002000 08:07 263313     /home/akshat/Documents/DistributedComputing/eclipse/plugins/org.eclipse.m2e.maven.runtime.slf4j.simple_1.8.0.20160921-2001/jars/slf4j-simple-1.7.5.jar
8e11c000-8e121000 r--s 00041000 08:07 263330     /home/akshat/Documents/DistributedComputing/eclipse/plugins/org.eclipse.m2e.maven.runtime_1.8.0.20160921-2001/jars/commons-lang-2.6.jar
8e121000-8e122000 r--s 00002000 08:07 263342     /home/akshat/Documents/DistributedComputing/eclipse/plugins/org.eclipse.m2e.maven.runtime_1.8.0.20160921-2001/jars/wagon-file-2.10.jar
8e122000-8e124000 r--s 00005000 08:07 263329     /home/akshat/Documents/DistributedComputing/eclipse/plugins/org.eclipse.m2e.maven.runtime_1.8.0.20160921-2001/jars/aether-transport-wagon-1.0.2.v20150114.jar
8e124000-8e126000 r--s 0000f000 08:07 263349     /home/akshat/Documents/DistributedComputing/eclipse/plugins/org.eclipse.m2e.maven.runtime_1.8.0.20160921-2001/jars/okio-1.6.0.jar
8e126000-8e12b000 r--s 00049000 08:07 263359     /home/akshat/Documents/DistributedComputing/eclipse/plugins/org.eclipse.m2e.maven.runtime_1.8.0.20160921-2001/jars/okhttp-2.5.0.jar
8e12b000-8e12d000 r--s 0000b000 08:07 263340     /home/akshat/Documents/DistributedComputing/eclipse/plugins/org.eclipse.m2e.maven.runtime_1.8.0.20160921-2001/jars/aether-connector-okhttp-0.16.0.jar
8e12d000-8e12f000 r--s 00006000 08:07 263352     /home/akshat/Documents/DistributedComputing/eclipse/plugins/org.eclipse.m2e.maven.runtime_1.8.0.20160921-2001/jars/aether-spi-1.0.2.v20150114.jar
8e12f000-8e15a000 r--s 001fc000 08:07 263327     /home/akshat/Documents/DistributedComputing/eclipse/plugins/org.eclipse.m2e.maven.runtime_1.8.0.20160921-2001/jars/guava-18.0.jar
8e15a000-8e15b000 ---p 00000000 00:00 0 
8e15b000-8e1db000 rw-p 00000000 00:00 0 
8e1db000-8e1de000 ---p 00000000 00:00 0 
8e1de000-8e22c000 rw-p 00000000 00:00 0 
8e22c000-8e22f000 ---p 00000000 00:00 0 
8e22f000-8e2ad000 rw-p 00000000 00:00 0 
8e2ad000-8e2b0000 ---p 00000000 00:00 0 
8e2b0000-8e32e000 rw-p 00000000 00:00 0 
8e32e000-8e331000 ---p 00000000 00:00 0 
8e331000-8e37f000 rw-p 00000000 00:00 0 
8e37f000-8e57f000 r--p 00000000 08:06 2007       /usr/lib/locale/locale-archive
8e57f000-8e580000 ---p 00000000 00:00 0 
8e580000-8e600000 rw-p 00000000 00:00 0 
8e600000-8e700000 rw-p 00000000 00:00 0 
8e700000-8e701000 r--s 00008000 08:07 263344     /home/akshat/Documents/DistributedComputing/eclipse/plugins/org.eclipse.m2e.maven.runtime_1.8.0.20160921-2001/jars/aether-connector-basic-1.0.2.v20150114.jar
8e701000-8e705000 r--s 00027000 08:07 263356     /home/akshat/Documents/DistributedComputing/eclipse/plugins/org.eclipse.m2e.maven.runtime_1.8.0.20160921-2001/jars/aether-impl-1.0.2.v20150114.jar
8e705000-8e70d000 r--s 00055000 08:07 263357     /home/akshat/Documents/DistributedComputing/eclipse/plugins/org.eclipse.m2e.maven.runtime_1.8.0.20160921-2001/jars/org.eclipse.sisu.inject-0.3.2.jar
8e70d000-8e710000 r--s 00008000 08:07 263328     /home/akshat/Documents/DistributedComputing/eclipse/plugins/org.eclipse.m2e.maven.runtime_1.8.0.20160921-2001/jars/cdi-api-1.0.jar
8e710000-8e716000 r--s 0002d000 08:07 263339     /home/akshat/Documents/DistributedComputing/eclipse/plugins/org.eclipse.m2e.maven.runtime_1.8.0.20160921-2001/jars/org.eclipse.sisu.plexus-0.3.2.jar
8e716000-8e719000 r--s 0000b000 08:07 263348     /home/akshat/Documents/DistributedComputing/eclipse/plugins/org.eclipse.m2e.maven.runtime_1.8.0.20160921-2001/jars/wagon-provider-api-2.10.jar
8e719000-8e71f000 r--s 00041000 08:07 263362     /home/akshat/Documents/DistributedComputing/eclipse/plugins/org.eclipse.m2e.maven.runtime_1.8.0.20160921-2001/jars/maven-compat-3.3.9.jar
8e71f000-8e721000 r--s 00009000 08:07 263355     /home/akshat/Documents/DistributedComputing/eclipse/plugins/org.eclipse.m2e.maven.runtime_1.8.0.20160921-2001/jars/commons-cli-1.2.jar
8e721000-8e723000 r--s 00002000 08:07 263338     /home/akshat/Documents/DistributedComputing/eclipse/plugins/org.eclipse.m2e.maven.runtime_1.8.0.20160921-2001/jars/plexus-cipher-1.7.jar
8e723000-8e726000 r--s 00013000 08:07 263334     /home/akshat/Documents/DistributedComputing/eclipse/plugins/org.eclipse.m2e.maven.runtime_1.8.0.20160921-2001/jars/maven-embedder-3.3.9.jar
8e726000-8e72d000 r--s 00064000 08:07 263341     /home/akshat/Documents/DistributedComputing/eclipse/plugins/org.eclipse.m2e.maven.runtime_1.8.0.20160921-2001/jars/commons-lang3-3.4.jar
8e72d000-8e730000 ---p 00000000 00:00 0 
8e730000-8e77e000 rw-p 00000000 00:00 0 
8e77e000-8e93e000 r--s 039fb000 08:06 297021     /usr/local/java/jdk1.7.0_80/jre/lib/rt.jar
8e93e000-8fd00000 rw-p 00000000 00:00 0 
8fd00000-8fdfb000 rw-p 00000000 00:00 0 
8fdfb000-8fe00000 ---p 00000000 00:00 0 
8fe00000-8fe09000 r--s 0005f000 08:07 263331     /home/akshat/Documents/DistributedComputing/eclipse/plugins/org.eclipse.m2e.maven.runtime_1.8.0.20160921-2001/jars/guice-4.0-no_aop.jar
8fe09000-8fe0c000 ---p 00000000 00:00 0 
8fe0c000-8ff00000 rw-p 00000000 00:00 0 
8ff00000-8ff21000 rw-p 00000000 00:00 0 
8ff21000-90000000 ---p 00000000 00:00 0 
90000000-90001000 r--s 00001000 08:07 263361     /home/akshat/Documents/DistributedComputing/eclipse/plugins/org.eclipse.m2e.maven.runtime_1.8.0.20160921-2001/jars/jsr250-api-1.0.jar
90001000-90002000 r--s 00006000 08:07 263346     /home/akshat/Documents/DistributedComputing/eclipse/plugins/org.eclipse.m2e.maven.runtime_1.8.0.20160921-2001/jars/plexus-sec-dispatcher-1.3.jar
90002000-90004000 r--s 00000000 08:07 263363     /home/akshat/Documents/DistributedComputing/eclipse/plugins/org.eclipse.m2e.maven.runtime_1.8.0.20160921-2001/jars/plexus-component-annotations-1.6.jar
90004000-90008000 r--s 00038000 08:07 263351     /home/akshat/Documents/DistributedComputing/eclipse/plugins/org.eclipse.m2e.maven.runtime_1.8.0.20160921-2001/jars/plexus-utils-3.0.22.jar
90008000-9000c000 r--s 00020000 08:07 263337     /home/akshat/Documents/DistributedComputing/eclipse/plugins/org.eclipse.m2e.maven.runtime_1.8.0.20160921-2001/jars/aether-util-1.0.2.v20150114.jar
9000c000-90011000 r--s 0001d000 08:07 263335     /home/akshat/Documents/DistributedComputing/eclipse/plugins/org.eclipse.m2e.maven.runtime_1.8.0.20160921-2001/jars/aether-api-1.0.2.v20150114.jar
90011000-9001e000 r--s 0008f000 08:07 263365     /home/akshat/Documents/DistributedComputing/eclipse/plugins/org.eclipse.m2e.maven.runtime_1.8.0.20160921-2001/jars/maven-core-3.3.9.jar
9001e000-9001f000 ---p 00000000 00:00 0 
9001f000-9009f000 rw-p 00000000 00:00 0 
9009f000-900a0000 ---p 00000000 00:00 0 
900a0000-9012f000 rw-p 00000000 00:00 0 
9012f000-90140000 rw-p 00000000 00:00 0 
90140000-9018e000 rw-p 00000000 00:00 0 
9018e000-901e6000 rw-p 00000000 00:00 0 
901e6000-901f5000 rw-p 00000000 00:00 0 
901f5000-90206000 rw-p 00000000 00:00 0 
90206000-90254000 rw-p 00000000 00:00 0 
90254000-902ac000 rw-p 00000000 00:00 0 
902ac000-902ff000 rw-p 00000000 00:00 0 
902ff000-91f40000 rw-p 00000000 00:00 0 
91f40000-94300000 rw-p 00000000 00:00 0 
94300000-9de80000 rw-p 00000000 00:00 0 
a248d000-a2600000 rw-p 00000000 00:00 0 
a2600000-a8f00000 rw-p 00000000 00:00 0 
a8f00000-b3500000 rw-p 00000000 00:00 0 
b3500000-b3503000 r--s 0000d000 08:07 263345     /home/akshat/Documents/DistributedComputing/eclipse/plugins/org.eclipse.m2e.maven.runtime_1.8.0.20160921-2001/jars/plexus-interpolation-1.21.jar
b3503000-b3508000 r--s 00027000 08:07 263332     /home/akshat/Documents/DistributedComputing/eclipse/plugins/org.eclipse.m2e.maven.runtime_1.8.0.20160921-2001/jars/maven-model-builder-3.3.9.jar
b3508000-b3513000 rw-p 00000000 00:00 0 
b3513000-b35c8000 rw-p 00000000 00:00 0 
b35c8000-b3870000 rwxp 00000000 00:00 0 
b3870000-b65c8000 rw-p 00000000 00:00 0 
b65c8000-b65df000 r-xp 00000000 08:06 440373     /usr/local/java/jdk1.7.0_80/jre/lib/i386/libzip.so
b65df000-b65e0000 rw-p 00016000 08:06 440373     /usr/local/java/jdk1.7.0_80/jre/lib/i386/libzip.so
b65e0000-b65eb000 r-xp 00000000 08:06 555855     /lib/i386-linux-gnu/libnss_files-2.23.so
b65eb000-b65ec000 r--p 0000a000 08:06 555855     /lib/i386-linux-gnu/libnss_files-2.23.so
b65ec000-b65ed000 rw-p 0000b000 08:06 555855     /lib/i386-linux-gnu/libnss_files-2.23.so
b65ed000-b65f3000 rw-p 00000000 00:00 0 
b65f3000-b65fe000 r-xp 00000000 08:06 555848     /lib/i386-linux-gnu/libnss_nis-2.23.so
b65fe000-b65ff000 r--p 0000a000 08:06 555848     /lib/i386-linux-gnu/libnss_nis-2.23.so
b65ff000-b6600000 rw-p 0000b000 08:06 555848     /lib/i386-linux-gnu/libnss_nis-2.23.so
b6600000-b66f3000 rw-p 00000000 00:00 0 
b66f3000-b6700000 ---p 00000000 00:00 0 
b6700000-b6702000 r--s 0000f000 08:07 263350     /home/akshat/Documents/DistributedComputing/eclipse/plugins/org.eclipse.m2e.maven.runtime_1.8.0.20160921-2001/jars/maven-aether-provider-3.3.9.jar
b6702000-b6704000 r--s 0000a000 08:07 263353     /home/akshat/Documents/DistributedComputing/eclipse/plugins/org.eclipse.m2e.maven.runtime_1.8.0.20160921-2001/jars/maven-plugin-api-3.3.9.jar
b6704000-b6706000 r--s 0000c000 08:07 263354     /home/akshat/Documents/DistributedComputing/eclipse/plugins/org.eclipse.m2e.maven.runtime_1.8.0.20160921-2001/jars/maven-artifact-3.3.9.jar
b6706000-b6707000 r--s 00006000 08:07 263364     /home/akshat/Documents/DistributedComputing/eclipse/plugins/org.eclipse.m2e.maven.runtime_1.8.0.20160921-2001/jars/maven-repository-metadata-3.3.9.jar
b6707000-b6709000 r--s 00009000 08:07 263360     /home/akshat/Documents/DistributedComputing/eclipse/plugins/org.eclipse.m2e.maven.runtime_1.8.0.20160921-2001/jars/maven-settings-builder-3.3.9.jar
b6709000-b6720000 r-xp 00000000 08:06 555850     /lib/i386-linux-gnu/libnsl-2.23.so
b6720000-b6721000 r--p 00016000 08:06 555850     /lib/i386-linux-gnu/libnsl-2.23.so
b6721000-b6722000 rw-p 00017000 08:06 555850     /lib/i386-linux-gnu/libnsl-2.23.so
b6722000-b6724000 rw-p 00000000 00:00 0 
b6724000-b672c000 r-xp 00000000 08:06 555856     /lib/i386-linux-gnu/libnss_compat-2.23.so
b672c000-b672d000 r--p 00007000 08:06 555856     /lib/i386-linux-gnu/libnss_compat-2.23.so
b672d000-b672e000 rw-p 00008000 08:06 555856     /lib/i386-linux-gnu/libnss_compat-2.23.so
b672e000-b672f000 r--s 00003000 08:07 263358     /home/akshat/Documents/DistributedComputing/eclipse/plugins/org.eclipse.m2e.maven.runtime_1.8.0.20160921-2001/jars/maven-builder-support-3.3.9.jar
b672f000-b6730000 r--s 0000a000 08:07 263336     /home/akshat/Documents/DistributedComputing/eclipse/plugins/org.eclipse.m2e.maven.runtime_1.8.0.20160921-2001/jars/maven-settings-3.3.9.jar
b6730000-b6733000 r--s 00026000 08:07 263343     /home/akshat/Documents/DistributedComputing/eclipse/plugins/org.eclipse.m2e.maven.runtime_1.8.0.20160921-2001/jars/maven-model-3.3.9.jar
b6733000-b6735000 r--s 0000b000 08:07 263333     /home/akshat/Documents/DistributedComputing/eclipse/plugins/org.eclipse.m2e.maven.runtime_1.8.0.20160921-2001/jars/plexus-classworlds-2.5.2.jar
b6735000-b6736000 r--p 002d4000 08:06 2007       /usr/lib/locale/locale-archive
b6736000-b6744000 rw-p 00000000 00:00 0 
b6744000-b6767000 r-xp 00000000 08:06 440350     /usr/local/java/jdk1.7.0_80/jre/lib/i386/libjava.so
b6767000-b6768000 rw-p 00023000 08:06 440350     /usr/local/java/jdk1.7.0_80/jre/lib/i386/libjava.so
b6768000-b676f000 r-xp 00000000 08:06 555857     /lib/i386-linux-gnu/librt-2.23.so
b676f000-b6770000 r--p 00006000 08:06 555857     /lib/i386-linux-gnu/librt-2.23.so
b6770000-b6771000 rw-p 00007000 08:06 555857     /lib/i386-linux-gnu/librt-2.23.so
b6771000-b6774000 ---p 00000000 00:00 0 
b6774000-b67c2000 rw-p 00000000 00:00 0 
b67c2000-b6815000 r-xp 00000000 08:06 555849     /lib/i386-linux-gnu/libm-2.23.so
b6815000-b6816000 r--p 00052000 08:06 555849     /lib/i386-linux-gnu/libm-2.23.so
b6816000-b6817000 rw-p 00053000 08:06 555849     /lib/i386-linux-gnu/libm-2.23.so
b6817000-b709e000 r-xp 00000000 08:06 440333     /usr/local/java/jdk1.7.0_80/jre/lib/i386/server/libjvm.so
b709e000-b7102000 rw-p 00886000 08:06 440333     /usr/local/java/jdk1.7.0_80/jre/lib/i386/server/libjvm.so
b7102000-b7526000 rw-p 00000000 00:00 0 
b7526000-b76d5000 r-xp 00000000 08:06 555851     /lib/i386-linux-gnu/libc-2.23.so
b76d5000-b76d6000 ---p 001af000 08:06 555851     /lib/i386-linux-gnu/libc-2.23.so
b76d6000-b76d8000 r--p 001af000 08:06 555851     /lib/i386-linux-gnu/libc-2.23.so
b76d8000-b76d9000 rw-p 001b1000 08:06 555851     /lib/i386-linux-gnu/libc-2.23.so
b76d9000-b76dc000 rw-p 00000000 00:00 0 
b76dc000-b76df000 r-xp 00000000 08:06 555847     /lib/i386-linux-gnu/libdl-2.23.so
b76df000-b76e0000 r--p 00002000 08:06 555847     /lib/i386-linux-gnu/libdl-2.23.so
b76e0000-b76e1000 rw-p 00003000 08:06 555847     /lib/i386-linux-gnu/libdl-2.23.so
b76e1000-b76f5000 r-xp 00000000 08:06 296707     /usr/local/java/jdk1.7.0_80/lib/i386/jli/libjli.so
b76f5000-b76f6000 rw-p 00013000 08:06 296707     /usr/local/java/jdk1.7.0_80/lib/i386/jli/libjli.so
b76f6000-b770f000 r-xp 00000000 08:06 555861     /lib/i386-linux-gnu/libpthread-2.23.so
b770f000-b7710000 r--p 00018000 08:06 555861     /lib/i386-linux-gnu/libpthread-2.23.so
b7710000-b7711000 rw-p 00019000 08:06 555861     /lib/i386-linux-gnu/libpthread-2.23.so
b7711000-b7713000 rw-p 00000000 00:00 0 
b7713000-b771b000 rw-s 00000000 08:06 789270     /tmp/hsperfdata_akshat/5325
b771b000-b771c000 rw-p 00000000 00:00 0 
b771c000-b771d000 ---p 00000000 00:00 0 
b771d000-b7728000 r-xp 00000000 08:06 440369     /usr/local/java/jdk1.7.0_80/jre/lib/i386/libverify.so
b7728000-b7729000 rw-p 0000b000 08:06 440369     /usr/local/java/jdk1.7.0_80/jre/lib/i386/libverify.so
b7729000-b772b000 rw-p 00000000 00:00 0 
b772b000-b772d000 r--p 00000000 00:00 0          [vvar]
b772d000-b772e000 r-xp 00000000 00:00 0          [vdso]
b772e000-b7750000 r-xp 00000000 08:06 555852     /lib/i386-linux-gnu/ld-2.23.so
b7750000-b7751000 rw-p 00000000 00:00 0 
b7751000-b7752000 r--p 00022000 08:06 555852     /lib/i386-linux-gnu/ld-2.23.so
b7752000-b7753000 rw-p 00023000 08:06 555852     /lib/i386-linux-gnu/ld-2.23.so
bfac2000-bfac3000 rwxp 00000000 00:00 0 
bfaf4000-bfb16000 rw-p 00000000 00:00 0          [stack]

VM Arguments:
jvm_args: -Dmaven.home=EMBEDDED -Dclassworlds.conf=/home/akshat/workspace/.metadata/.plugins/org.eclipse.m2e.launching/launches/m2conf8449561838756780043.tmp -Dmaven.multiModuleProjectDirectory=/home/akshat/workspace/HCDistributed -Dfile.encoding=UTF-8 
java_command: org.codehaus.plexus.classworlds.launcher.Launcher -B package shade:shade
Launcher Type: SUN_STANDARD

Environment Variables:
JAVA_HOME=/usr/local/java/jdk1.8.0_101
JRE_HOME=/usr/local/java/jdk1.8.0_101/jre
PATH=/home/akshat/Documents/DistributedComputing/hadoop-2.7.2/bin:/home/akshat/Downloads/mosek/7/tools/platform/linux32x86/bin:/home/akshat/Downloads/sublime_text_3/sublime_text:/home/akshat/Documents/DistributedComputing/eclipse:/home/akshat/bin:/home/akshat/.local/bin:/usr/local/sbin:/usr/local/bin:/usr/sbin:/usr/bin:/sbin:/bin:/usr/games:/usr/local/games:/snap/bin:/usr/local/java/jdk1.8.0_101/bin:/usr/local/java/jdk1.8.0_101/jre/bin
LD_LIBRARY_PATH=/usr/local/java/jdk1.7.0_80/jre/lib/i386/server:/usr/local/java/jdk1.7.0_80/jre/lib/i386:/usr/local/java/jdk1.7.0_80/jre/../lib/i386:/usr/local/java/jdk1.8.0_101/jre/lib/i386/client:/usr/local/java/jdk1.8.0_101/jre/lib/i386:
SHELL=/bin/bash
DISPLAY=:0

Signal Handlers:
SIGSEGV: [libjvm.so+0x7eb160], sa_mask[0]=0x7ffbfeff, sa_flags=0x10000004
SIGBUS: [libjvm.so+0x7eb160], sa_mask[0]=0x7ffbfeff, sa_flags=0x10000004
SIGFPE: [libjvm.so+0x684ac0], sa_mask[0]=0x7ffbfeff, sa_flags=0x10000004
SIGPIPE: [libjvm.so+0x684ac0], sa_mask[0]=0x7ffbfeff, sa_flags=0x10000004
SIGXFSZ: [libjvm.so+0x684ac0], sa_mask[0]=0x7ffbfeff, sa_flags=0x10000004
SIGILL: [libjvm.so+0x684ac0], sa_mask[0]=0x7ffbfeff, sa_flags=0x10000004
SIGUSR1: SIG_DFL, sa_mask[0]=0x00000000, sa_flags=0x00000000
SIGUSR2: [libjvm.so+0x686330], sa_mask[0]=0x00000004, sa_flags=0x10000004
SIGHUP: [libjvm.so+0x687660], sa_mask[0]=0x7ffbfeff, sa_flags=0x10000004
SIGINT: [libjvm.so+0x687660], sa_mask[0]=0x7ffbfeff, sa_flags=0x10000004
SIGTERM: [libjvm.so+0x687660], sa_mask[0]=0x7ffbfeff, sa_flags=0x10000004
SIGQUIT: [libjvm.so+0x687660], sa_mask[0]=0x7ffbfeff, sa_flags=0x10000004


---------------  S Y S T E M  ---------------

OS:stretch/sid

uname:Linux 4.4.0-75-generic #96-Ubuntu SMP Thu Apr 20 09:55:15 UTC 2017 i686
libc:glibc 2.23 NPTL 2.23 
rlimit: STACK 8192k, CORE 0k, NPROC 15619, NOFILE 65536, AS infinity
load average:1.16 0.92 0.81

/proc/meminfo:
MemTotal:        2036416 kB
MemFree:          126244 kB
MemAvailable:      18028 kB
Buffers:            2348 kB
Cached:           337220 kB
SwapCached:            0 kB
Active:          1519812 kB
Inactive:         316876 kB
Active(anon):    1500104 kB
Inactive(anon):   296700 kB
Active(file):      19708 kB
Inactive(file):    20176 kB
Unevictable:         248 kB
Mlocked:             248 kB
HighTotal:       1157832 kB
HighFree:          14768 kB
LowTotal:         878584 kB
LowFree:          111476 kB
SwapTotal:             0 kB
SwapFree:              0 kB
Dirty:                88 kB
Writeback:             0 kB
AnonPages:       1497708 kB
Mapped:            57180 kB
Shmem:            299408 kB
Slab:              35060 kB
SReclaimable:      15420 kB
SUnreclaim:        19640 kB
KernelStack:        3952 kB
PageTables:        11148 kB
NFS_Unstable:          0 kB
Bounce:                0 kB
WritebackTmp:          0 kB
CommitLimit:     1018208 kB
Committed_AS:    4855080 kB
VmallocTotal:     122880 kB
VmallocUsed:           0 kB
VmallocChunk:          0 kB
AnonHugePages:   1009664 kB
CmaTotal:              0 kB
CmaFree:               0 kB
HugePages_Total:       0
HugePages_Free:        0
HugePages_Rsvd:        0
HugePages_Surp:        0
Hugepagesize:       2048 kB
DirectMap4k:       51192 kB
DirectMap2M:      862208 kB


CPU:total 2 (2 cores per cpu, 1 threads per core) family 6 model 15 stepping 13, cmov, cx8, fxsr, mmx, sse, sse2, sse3, ssse3, tsc

/proc/cpuinfo:
processor	: 0
vendor_id	: GenuineIntel
cpu family	: 6
model		: 15
model name	: Intel(R) Core(TM)2 Duo CPU     T5870  @ 2.00GHz
stepping	: 13
microcode	: 0xa3
cpu MHz		: 800.000
cache size	: 2048 KB
physical id	: 0
siblings	: 2
core id		: 0
cpu cores	: 2
apicid		: 0
initial apicid	: 0
fdiv_bug	: no
f00f_bug	: no
coma_bug	: no
fpu		: yes
fpu_exception	: yes
cpuid level	: 10
wp		: yes
flags		: fpu vme de pse tsc msr pae mce cx8 apic sep mtrr pge mca cmov pat pse36 clflush dts acpi mmx fxsr sse sse2 ss ht tm pbe nx lm constant_tsc arch_perfmon pebs bts aperfmperf pni dtes64 monitor ds_cpl est tm2 ssse3 cx16 xtpr pdcm lahf_lm dtherm ida
bugs		:
bogomips	: 3990.08
clflush size	: 64
cache_alignment	: 64
address sizes	: 36 bits physical, 48 bits virtual
power management:

processor	: 1
vendor_id	: GenuineIntel
cpu family	: 6
model		: 15
model name	: Intel(R) Core(TM)2 Duo CPU     T5870  @ 2.00GHz
stepping	: 13
microcode	: 0xa3
cpu MHz		: 2001.000
cache size	: 2048 KB
physical id	: 0
siblings	: 2
core id		: 1
cpu cores	: 2
apicid		: 1
initial apicid	: 1
fdiv_bug	: no
f00f_bug	: no
coma_bug	: no
fpu		: yes
fpu_exception	: yes
cpuid level	: 10
wp		: yes
flags		: fpu vme de pse tsc msr pae mce cx8 apic sep mtrr pge mca cmov pat pse36 clflush dts acpi mmx fxsr sse sse2 ss ht tm pbe nx lm constant_tsc arch_perfmon pebs bts aperfmperf pni dtes64 monitor ds_cpl est tm2 ssse3 cx16 xtpr pdcm lahf_lm dtherm ida
bugs		:
bogomips	: 3990.08
clflush size	: 64
cache_alignment	: 64
address sizes	: 36 bits physical, 48 bits virtual
power management:



Memory: 4k page, physical 2036416k(126244k free), swap 0k(0k free)

vm_info: Java HotSpot(TM) Server VM (24.80-b11) for linux-x86 JRE (1.7.0_80-b15), built on Apr 10 2015 12:29:10 by "java_re" with gcc 4.3.0 20080428 (Red Hat 4.3.0-8)

time: Tue May  2 01:02:39 2017
elapsed time: 33 seconds

