#
# There is insufficient memory for the Java Runtime Environment to continue.
# Native memory allocation (malloc) failed to allocate 86769664 bytes for committing reserved memory.
# Possible reasons:
#   The system is out of physical RAM or swap space
#   In 32 bit mode, the process size limit was hit
# Possible solutions:
#   Reduce memory load on the system
#   Increase physical memory or swap space
#   Check if swap backing store is full
#   Use 64 bit Java on a 64 bit OS
#   Decrease Java heap size (-Xmx/-Xms)
#   Decrease number of Java threads
#   Decrease Java thread stack sizes (-Xss)
#   Set larger code cache with -XX:ReservedCodeCacheSize=
# This output file may be truncated or incomplete.
#
#  Out of Memory Error (os_linux.cpp:2756), pid=2919, tid=2414562112
#
# JRE version: Java(TM) SE Runtime Environment (7.0_80-b15) (build 1.7.0_80-b15)
# Java VM: Java HotSpot(TM) Server VM (24.80-b11 mixed mode linux-x86 )
# Failed to write core dump. Core dumps have been disabled. To enable core dumping, try "ulimit -c unlimited" before starting Java again
#

---------------  T H R E A D  ---------------

Current thread (0x8e610400):  VMThread [stack: 0x8fe34000,0x8feb5000] [id=2928]

Stack: [0x8fe34000,0x8feb5000],  sp=0x8feb3870,  free space=510k
Native frames: (J=compiled Java code, j=interpreted, Vv=VM code, C=native code)
V  [libjvm.so+0x7ea656]  VMError::report_and_die()+0x1a6
V  [libjvm.so+0x33eb82]  report_vm_out_of_memory(char const*, int, unsigned int, char const*)+0x72
V  [libjvm.so+0x687fb1]  os::Linux::commit_memory_impl(char*, unsigned int, bool)+0xe1
V  [libjvm.so+0x688478]  os::pd_commit_memory(char*, unsigned int, unsigned int, bool)+0x28
V  [libjvm.so+0x681b2c]  os::commit_memory(char*, unsigned int, unsigned int, bool)+0x2c
V  [libjvm.so+0x6ea8d8]  PSVirtualSpace::expand_by(unsigned int)+0x48
V  [libjvm.so+0x6dcd01]  PSOldGen::expand(unsigned int)+0x141
V  [libjvm.so+0x6dcdcf]  PSOldGen::resize(unsigned int)+0x8f
V  [libjvm.so+0x6e39d6]  PSParallelCompact::invoke_no_policy(bool)+0x8b6
V  [libjvm.so+0x6e8fed]  PSScavenge::invoke()+0x16d
V  [libjvm.so+0x6a851a]  ParallelScavengeHeap::failed_mem_allocate(unsigned int)+0x5a
V  [libjvm.so+0x7ebeea]  VM_ParallelGCFailedAllocation::doit()+0x7a
V  [libjvm.so+0x7f4d07]  VM_Operation::evaluate()+0x47
V  [libjvm.so+0x7f2da3]  VMThread::evaluate_operation(VM_Operation*)+0xb3
V  [libjvm.so+0x7f3140]  VMThread::loop()+0x1b0
V  [libjvm.so+0x7f35a5]  VMThread::run()+0x85
V  [libjvm.so+0x68a249]  java_start(Thread*)+0x119
C  [libpthread.so.0+0x6295]  start_thread+0xe5

VM_Operation (0xb67f7b44): ParallelGCFailedAllocation, mode: safepoint, requested by thread 0xb6607c00


---------------  P R O C E S S  ---------------

Java Threads: ( => current thread )
  0x8e62ac00 JavaThread "Service Thread" daemon [_thread_blocked, id=2934, stack(0x8e20b000,0x8e25c000)]
  0x8e629000 JavaThread "C2 CompilerThread1" daemon [_thread_blocked, id=2933, stack(0x8e25c000,0x8e2dd000)]
  0x8e626c00 JavaThread "C2 CompilerThread0" daemon [_thread_blocked, id=2932, stack(0x8e2dd000,0x8e35e000)]
  0x8e625800 JavaThread "Signal Dispatcher" daemon [_thread_blocked, id=2931, stack(0x8e35e000,0x8e3af000)]
  0x8e614800 JavaThread "Finalizer" daemon [_thread_blocked, id=2930, stack(0x8e5af000,0x8e600000)]
  0x8e613000 JavaThread "Reference Handler" daemon [_thread_blocked, id=2929, stack(0x8e72d000,0x8e77e000)]
  0xb6607c00 JavaThread "main" [_thread_blocked, id=2925, stack(0xb67a9000,0xb67fa000)]

Other Threads:
=>0x8e610400 VMThread [stack: 0x8fe34000,0x8feb5000] [id=2928]
  0x8e62c800 WatcherThread [stack: 0x8e18a000,0x8e20b000] [id=2935]

VM state:at safepoint (normal execution)

VM Mutex/Monitor currently owned by a thread:  ([mutex/lock_event])
[0xb6604c08] ExpandHeap_lock - owner thread: 0x8e610400
[0xb6605150] Threads_lock - owner thread: 0x8e610400
[0xb6605560] Heap_lock - owner thread: 0xb6607c00

Heap
 PSYoungGen      total 88832K, used 5302K [0xa8f40000, 0xb3540000, 0xb3540000)
  eden space 56832K, 0% used [0xa8f40000,0xa8f40000,0xac6c0000)
  from space 32000K, 16% used [0xb1600000,0xb1b2db98,0xb3540000)
  to   space 56576K, 0% used [0xac6c0000,0xac6c0000,0xafe00000)
 ParOldGen       total 182272K, used 182233K [0x94340000, 0x9f540000, 0xa8f40000)
  object space 182272K, 99% used [0x94340000,0x9f536568,0x9f540000)
 PSPermGen       total 27904K, used 13015K [0x90340000, 0x91e80000, 0x94340000)
  object space 27904K, 46% used [0x90340000,0x90ff5da0,0x91e80000)

Card table byte_map: [0x90226000,0x90340000] byte_map_base: 0x8fda4600

Polling page: 0xb7754000

Code Cache  [0xb3600000, 0xb38b8000, 0xb6600000)
 total_blobs=996 nmethods=853 adapters=96 free_code_cache=46452Kb largest_free_block=47484544

Compilation events (10 events):
Event: 51.590 Thread 0x8e626c00 nmethod 965 0xb3828c48 code [0xb3828d20, 0xb3828d70]
Event: 51.600 Thread 0x8e626c00  966             com.sun.tools.javac.comp.Resolve::isStatic (32 bytes)
Event: 51.602 Thread 0x8e626c00 nmethod 966 0xb3899688 code [0xb3899780, 0xb3899850]
Event: 51.612 Thread 0x8e626c00  967             com.sun.tools.javac.code.Type$ClassType::getTypeArguments (30 bytes)
Event: 51.618 Thread 0x8e626c00 nmethod 967 0xb3899448 code [0xb3899540, 0xb38995d0]
Event: 51.651 Thread 0x8e626c00  968 %           com.sun.tools.javac.comp.Resolve::findMemberType @ 159 (277 bytes)
Event: 51.745 Thread 0x8e626c00 nmethod 968% 0xb37ee8c8 code [0xb37eeae0, 0xb37ef5d0]
Event: 51.751 Thread 0x8e626c00  969             com.sun.tools.javac.comp.Resolve::findMemberType (277 bytes)
Event: 51.904 Thread 0x8e626c00 nmethod 969 0xb38b1ec8 code [0xb38b2280, 0xb38b3bf8]
Event: 51.908 Thread 0x8e626c00  970   !         com.sun.tools.javac.comp.MemberEnter::visitVarDef (436 bytes)

GC Heap History (10 events):
Event: 31.573 GC heap after
Heap after GC invocations=13 (full 1):
 PSYoungGen      total 117504K, used 11509K [0xa8f40000, 0xb3540000, 0xb3540000)
  eden space 105984K, 0% used [0xa8f40000,0xa8f40000,0xaf6c0000)
  from space 11520K, 99% used [0xb2a00000,0xb353d668,0xb3540000)
  to   space 32000K, 0% used [0xaf6c0000,0xaf6c0000,0xb1600000)
 ParOldGen       total 72704K, used 72320K [0x94340000, 0x98a40000, 0xa8f40000)
  object space 72704K, 99% used [0x94340000,0x989e0010,0x98a40000)
 PSPermGen       total 25600K, used 12795K [0x90340000, 0x91c40000, 0x94340000)
  object space 25600K, 49% used [0x90340000,0x90fbec88,0x91c40000)
}
Event: 31.573 GC heap before
{Heap before GC invocations=14 (full 2):
 PSYoungGen      total 117504K, used 11509K [0xa8f40000, 0xb3540000, 0xb3540000)
  eden space 105984K, 0% used [0xa8f40000,0xa8f40000,0xaf6c0000)
  from space 11520K, 99% used [0xb2a00000,0xb353d668,0xb3540000)
  to   space 32000K, 0% used [0xaf6c0000,0xaf6c0000,0xb1600000)
 ParOldGen       total 72704K, used 72320K [0x94340000, 0x98a40000, 0xa8f40000)
  object space 72704K, 99% used [0x94340000,0x989e0010,0x98a40000)
 PSPermGen       total 25600K, used 12795K [0x90340000, 0x91c40000, 0x94340000)
  object space 25600K, 49% used [0x90340000,0x90fbec88,0x91c40000)
Event: 32.699 GC heap after
Heap after GC invocations=14 (full 2):
 PSYoungGen      total 117504K, used 9581K [0xa8f40000, 0xb3540000, 0xb3540000)
  eden space 105984K, 0% used [0xa8f40000,0xa8f40000,0xaf6c0000)
  from space 11520K, 83% used [0xb2a00000,0xb335b6b0,0xb3540000)
  to   space 32000K, 0% used [0xaf6c0000,0xaf6c0000,0xb1600000)
 ParOldGen       total 117504K, used 72550K [0x94340000, 0x9b600000, 0xa8f40000)
  object space 117504K, 61% used [0x94340000,0x98a19960,0x9b600000)
 PSPermGen       total 28928K, used 12794K [0x90340000, 0x91f80000, 0x94340000)
  object space 28928K, 44% used [0x90340000,0x90fbeab8,0x91f80000)
}
Event: 39.870 GC heap before
{Heap before GC invocations=15 (full 2):
 PSYoungGen      total 117504K, used 115565K [0xa8f40000, 0xb3540000, 0xb3540000)
  eden space 105984K, 100% used [0xa8f40000,0xaf6c0000,0xaf6c0000)
  from space 11520K, 83% used [0xb2a00000,0xb335b6b0,0xb3540000)
  to   space 32000K, 0% used [0xaf6c0000,0xaf6c0000,0xb1600000)
 ParOldGen       total 117504K, used 72550K [0x94340000, 0x9b600000, 0xa8f40000)
  object space 117504K, 61% used [0x94340000,0x98a19960,0x9b600000)
 PSPermGen       total 28928K, used 12800K [0x90340000, 0x91f80000, 0x94340000)
  object space 28928K, 44% used [0x90340000,0x90fc00d0,0x91f80000)
Event: 40.524 GC heap after
Heap after GC invocations=15 (full 2):
 PSYoungGen      total 137984K, used 31986K [0xa8f40000, 0xb3540000, 0xb3540000)
  eden space 105984K, 0% used [0xa8f40000,0xa8f40000,0xaf6c0000)
  from space 32000K, 99% used [0xaf6c0000,0xb15fcae0,0xb1600000)
  to   space 32000K, 0% used [0xb1600000,0xb1600000,0xb3540000)
 ParOldGen       total 117504K, used 114150K [0x94340000, 0x9b600000, 0xa8f40000)
  object space 117504K, 97% used [0x94340000,0x9b2b9a58,0x9b600000)
 PSPermGen       total 28928K, used 12800K [0x90340000, 0x91f80000, 0x94340000)
  object space 28928K, 44% used [0x90340000,0x90fc00d0,0x91f80000)
}
Event: 40.524 GC heap before
{Heap before GC invocations=16 (full 3):
 PSYoungGen      total 137984K, used 31986K [0xa8f40000, 0xb3540000, 0xb3540000)
  eden space 105984K, 0% used [0xa8f40000,0xa8f40000,0xaf6c0000)
  from space 32000K, 99% used [0xaf6c0000,0xb15fcae0,0xb1600000)
  to   space 32000K, 0% used [0xb1600000,0xb1600000,0xb3540000)
 ParOldGen       total 117504K, used 114150K [0x94340000, 0x9b600000, 0xa8f40000)
  object space 117504K, 97% used [0x94340000,0x9b2b9a58,0x9b600000)
 PSPermGen       total 28928K, used 12800K [0x90340000, 0x91f80000, 0x94340000)
  object space 28928K, 44% used [0x90340000,0x90fc00d0,0x91f80000)
Event: 41.753 GC heap after
Heap after GC invocations=16 (full 3):
 PSYoungGen      total 137984K, used 27900K [0xa8f40000, 0xb3540000, 0xb3540000)
  eden space 105984K, 0% used [0xa8f40000,0xa8f40000,0xaf6c0000)
  from space 32000K, 87% used [0xaf6c0000,0xb11ff250,0xb1600000)
  to   space 32000K, 0% used [0xb1600000,0xb1600000,0xb3540000)
 ParOldGen       total 182272K, used 117225K [0x94340000, 0x9f540000, 0xa8f40000)
  object space 182272K, 64% used [0x94340000,0x9b5ba7e8,0x9f540000)
 PSPermGen       total 27904K, used 12800K [0x90340000, 0x91e80000, 0x94340000)
  object space 27904K, 45% used [0x90340000,0x90fc0070,0x91e80000)
}
Event: 51.965 GC heap before
{Heap before GC invocations=17 (full 3):
 PSYoungGen      total 137984K, used 133884K [0xa8f40000, 0xb3540000, 0xb3540000)
  eden space 105984K, 100% used [0xa8f40000,0xaf6c0000,0xaf6c0000)
  from space 32000K, 87% used [0xaf6c0000,0xb11ff250,0xb1600000)
  to   space 32000K, 0% used [0xb1600000,0xb1600000,0xb3540000)
 ParOldGen       total 182272K, used 117225K [0x94340000, 0x9f540000, 0xa8f40000)
  object space 182272K, 64% used [0x94340000,0x9b5ba7e8,0x9f540000)
 PSPermGen       total 27904K, used 13016K [0x90340000, 0x91e80000, 0x94340000)
  object space 27904K, 46% used [0x90340000,0x90ff6080,0x91e80000)
Event: 53.543 GC heap after
Heap after GC invocations=17 (full 3):
 PSYoungGen      total 88832K, used 31992K [0xa8f40000, 0xb3540000, 0xb3540000)
  eden space 56832K, 0% used [0xa8f40000,0xa8f40000,0xac6c0000)
  from space 32000K, 99% used [0xb1600000,0xb353e2b0,0xb3540000)
  to   space 56576K, 0% used [0xac6c0000,0xac6c0000,0xafe00000)
 ParOldGen       total 182272K, used 156122K [0x94340000, 0x9f540000, 0xa8f40000)
  object space 182272K, 85% used [0x94340000,0x9dbb6b40,0x9f540000)
 PSPermGen       total 27904K, used 13016K [0x90340000, 0x91e80000, 0x94340000)
  object space 27904K, 46% used [0x90340000,0x90ff6080,0x91e80000)
}
Event: 54.609 GC heap before
{Heap before GC invocations=18 (full 4):
 PSYoungGen      total 88832K, used 31992K [0xa8f40000, 0xb3540000, 0xb3540000)
  eden space 56832K, 0% used [0xa8f40000,0xa8f40000,0xac6c0000)
  from space 32000K, 99% used [0xb1600000,0xb353e2b0,0xb3540000)
  to   space 56576K, 0% used [0xac6c0000,0xac6c0000,0xafe00000)
 ParOldGen       total 182272K, used 156122K [0x94340000, 0x9f540000, 0xa8f40000)
  object space 182272K, 85% used [0x94340000,0x9dbb6b40,0x9f540000)
 PSPermGen       total 27904K, used 13016K [0x90340000, 0x91e80000, 0x94340000)
  object space 27904K, 46% used [0x90340000,0x90ff6080,0x91e80000)

Deoptimization events (10 events):
Event: 50.161 Thread 0xb6607c00 Uncommon trap: reason=class_check action=maybe_recompile pc=0xb377f910 method=com.sun.tools.javac.code.Types$UnaryVisitor.visit(Lcom/sun/tools/javac/code/Type;)Ljava/lang/Object; @ 3
Event: 50.161 Thread 0xb6607c00 Uncommon trap: reason=class_check action=maybe_recompile pc=0xb377f910 method=com.sun.tools.javac.code.Types$UnaryVisitor.visit(Lcom/sun/tools/javac/code/Type;)Ljava/lang/Object; @ 3
Event: 50.320 Thread 0xb6607c00 Uncommon trap: reason=unstable_if action=reinterpret pc=0xb38390a4 method=com.sun.tools.javac.code.Type$ClassType.getTypeArguments()Lcom/sun/tools/javac/util/List; @ 15
Event: 50.818 Thread 0xb6607c00 Uncommon trap: reason=unstable_if action=reinterpret pc=0xb3782950 method=com.sun.tools.javac.code.Scope.dble()V @ 39
Event: 50.910 Thread 0xb6607c00 Uncommon trap: reason=unstable_if action=reinterpret pc=0xb3841610 method=com.sun.tools.javac.comp.Resolve.findMemberType(Lcom/sun/tools/javac/comp/Env;Lcom/sun/tools/javac/code/Type;Lcom/sun/tools/javac/util/Name;Lcom/sun/tools/javac/code/Symbol$TypeSymb
Event: 51.149 Thread 0xb6607c00 Uncommon trap: reason=unstable_if action=reinterpret pc=0xb37fa814 method=com.sun.tools.javac.comp.Check.checkDeprecated(Lcom/sun/tools/javac/util/JCDiagnostic$DiagnosticPosition;Lcom/sun/tools/javac/code/Symbol;Lcom/sun/tools/javac/code/Symbol;)V @ 10
Event: 51.400 Thread 0xb6607c00 Uncommon trap: reason=unstable_if action=reinterpret pc=0xb38a7a8c method=com.sun.tools.javac.comp.Resolve.findGlobalType(Lcom/sun/tools/javac/comp/Env;Lcom/sun/tools/javac/code/Scope;Lcom/sun/tools/javac/util/Name;)Lcom/sun/tools/javac/code/Symbol; @ 42
Event: 51.602 Thread 0xb6607c00 Uncommon trap: reason=unstable_if action=reinterpret pc=0xb378014c method=com.sun.tools.javac.code.Scope.dble()V @ 39
Event: 51.608 Thread 0xb6607c00 Uncommon trap: reason=unstable_if action=reinterpret pc=0xb383a2b0 method=com.sun.tools.javac.comp.Check.checkDeprecated(Lcom/sun/tools/javac/util/JCDiagnostic$DiagnosticPosition;Lcom/sun/tools/javac/code/Symbol;Lcom/sun/tools/javac/code/Symbol;)V @ 10
Event: 51.608 Thread 0xb6607c00 Uncommon trap: reason=unstable_if action=reinterpret pc=0xb389c810 method=com.sun.tools.javac.comp.Resolve.findMemberType(Lcom/sun/tools/javac/comp/Env;Lcom/sun/tools/javac/code/Type;Lcom/sun/tools/javac/util/Name;Lcom/sun/tools/javac/code/Symbol$TypeSymb

Internal exceptions (10 events):
Event: 50.120 Thread 0xb6607c00 Threw 0xae82c700 at /HUDSON/workspace/7u-2-build-linux-i586/jdk7u80/2329/hotspot/src/share/vm/prims/jvm.cpp:1319
Event: 50.120 Thread 0xb6607c00 Threw 0xae82d030 at /HUDSON/workspace/7u-2-build-linux-i586/jdk7u80/2329/hotspot/src/share/vm/prims/jvm.cpp:1319
Event: 50.178 Thread 0xb6607c00 Threw 0xae92c848 at /HUDSON/workspace/7u-2-build-linux-i586/jdk7u80/2329/hotspot/src/share/vm/prims/jvm.cpp:1319
Event: 50.178 Thread 0xb6607c00 Threw 0xae92ce98 at /HUDSON/workspace/7u-2-build-linux-i586/jdk7u80/2329/hotspot/src/share/vm/prims/jvm.cpp:1319
Event: 51.149 Thread 0xb6607c00 Threw 0xaf2aab18 at /HUDSON/workspace/7u-2-build-linux-i586/jdk7u80/2329/hotspot/src/share/vm/prims/jvm.cpp:1319
Event: 51.149 Thread 0xb6607c00 Threw 0xaf2ab130 at /HUDSON/workspace/7u-2-build-linux-i586/jdk7u80/2329/hotspot/src/share/vm/prims/jvm.cpp:1319
Event: 51.160 Thread 0xb6607c00 Threw 0xaf2ad148 at /HUDSON/workspace/7u-2-build-linux-i586/jdk7u80/2329/hotspot/src/share/vm/prims/jvm.cpp:1319
Event: 51.161 Thread 0xb6607c00 Threw 0xaf2ad8f0 at /HUDSON/workspace/7u-2-build-linux-i586/jdk7u80/2329/hotspot/src/share/vm/prims/jvm.cpp:1319
Event: 51.758 Thread 0xb6607c00 Threw 0xaf59d0d8 at /HUDSON/workspace/7u-2-build-linux-i586/jdk7u80/2329/hotspot/src/share/vm/prims/jvm.cpp:1319
Event: 51.758 Thread 0xb6607c00 Threw 0xaf59d908 at /HUDSON/workspace/7u-2-build-linux-i586/jdk7u80/2329/hotspot/src/share/vm/prims/jvm.cpp:1319

Events (10 events):
Event: 51.602 Thread 0xb6607c00 DEOPT UNPACKING pc=0xb362cbc8 sp=0xb67f8020 mode 2
Event: 51.608 Thread 0xb6607c00 Uncommon trap: trap_request=0xffffff75 fr.pc=0xb383a2b0
Event: 51.608 Thread 0xb6607c00 DEOPT PACKING pc=0xb383a2b0 sp=0xb67f8030
Event: 51.608 Thread 0xb6607c00 DEOPT UNPACKING pc=0xb362cbc8 sp=0xb67f8014 mode 2
Event: 51.608 Thread 0xb6607c00 Uncommon trap: trap_request=0xffffff75 fr.pc=0xb389c810
Event: 51.608 Thread 0xb6607c00 DEOPT PACKING pc=0xb389c810 sp=0xb67f8050
Event: 51.608 Thread 0xb6607c00 DEOPT UNPACKING pc=0xb362cbc8 sp=0xb67f800c mode 2
Event: 51.758 loading class 0x8d195ee0
Event: 51.758 loading class 0x8d195ee0 done
Event: 51.965 Executing VM operation: ParallelGCFailedAllocation


Dynamic libraries:
08048000-08049000 r-xp 00000000 08:06 705763     /usr/local/java/jdk1.7.0_80/bin/java
08049000-0804a000 rw-p 00000000 08:06 705763     /usr/local/java/jdk1.7.0_80/bin/java
08425000-08c01000 rw-p 00000000 00:00 0          [heap]
8cd00000-8cddb000 rw-p 00000000 00:00 0 
8cddb000-8ce00000 ---p 00000000 00:00 0 
8cf00000-8cffe000 rw-p 00000000 00:00 0 
8cffe000-8d000000 ---p 00000000 00:00 0 
8d100000-8d1fc000 rw-p 00000000 00:00 0 
8d1fc000-8d200000 ---p 00000000 00:00 0 
8d200000-8d2ff000 rw-p 00000000 00:00 0 
8d2ff000-8d300000 ---p 00000000 00:00 0 
8d300000-8d3fa000 rw-p 00000000 00:00 0 
8d3fa000-8d400000 ---p 00000000 00:00 0 
8d400000-8d4fc000 rw-p 00000000 00:00 0 
8d4fc000-8d500000 ---p 00000000 00:00 0 
8d500000-8d59c000 rw-p 00000000 00:00 0 
8d59c000-8d600000 ---p 00000000 00:00 0 
8d600000-8d6cf000 rw-p 00000000 00:00 0 
8d6cf000-8d700000 ---p 00000000 00:00 0 
8d700000-8d7f9000 rw-p 00000000 00:00 0 
8d7f9000-8d800000 ---p 00000000 00:00 0 
8d800000-8d8ff000 rw-p 00000000 00:00 0 
8d8ff000-8d900000 ---p 00000000 00:00 0 
8d900000-8d9fe000 rw-p 00000000 00:00 0 
8d9fe000-8da00000 ---p 00000000 00:00 0 
8da00000-8dafe000 rw-p 00000000 00:00 0 
8dafe000-8db00000 ---p 00000000 00:00 0 
8dbb9000-8dc24000 r--s 00e21000 08:06 296708     /usr/local/java/jdk1.7.0_80/lib/tools.jar
8dc24000-8dc25000 r--s 00004000 08:07 534879     /home/akshat/.m2/repository/org/codehaus/plexus/plexus-compiler-javac/2.7/plexus-compiler-javac-2.7.jar
8dc25000-8dc27000 r--s 00000000 08:07 276263     /home/akshat/.m2/repository/org/codehaus/plexus/plexus-compiler-manager/2.7/plexus-compiler-manager-2.7.jar
8dc27000-8dc29000 r--s 00005000 08:07 276261     /home/akshat/.m2/repository/org/codehaus/plexus/plexus-compiler-api/2.7/plexus-compiler-api-2.7.jar
8dc29000-8dc2b000 r--s 00002000 08:07 534877     /home/akshat/.m2/repository/org/apache/maven/shared/maven-shared-incremental/1.1/maven-shared-incremental-1.1.jar
8dc2b000-8dc2d000 r--s 00006000 08:07 407358     /home/akshat/.m2/repository/com/google/code/findbugs/jsr305/2.0.1/jsr305-2.0.1.jar
8dc2d000-8dc31000 r--s 0002a000 08:07 407356     /home/akshat/.m2/repository/commons-io/commons-io/2.4/commons-io-2.4.jar
8dc31000-8dc34000 r--s 00023000 08:07 407354     /home/akshat/.m2/repository/org/apache/maven/shared/maven-shared-utils/3.0.0/maven-shared-utils-3.0.0.jar
8dc34000-8dc36000 r--s 00002000 08:07 276257     /home/akshat/.m2/repository/org/sonatype/plexus/plexus-cipher/1.4/plexus-cipher-1.4.jar
8dc36000-8dc37000 r--s 00006000 08:07 165725     /home/akshat/.m2/repository/org/sonatype/plexus/plexus-sec-dispatcher/1.3/plexus-sec-dispatcher-1.3.jar
8dc37000-8dc39000 r--s 00000000 08:07 165723     /home/akshat/.m2/repository/org/codehaus/plexus/plexus-component-annotations/1.5.5/plexus-component-annotations-1.5.5.jar
8dc39000-8dc3b000 r--s 0000d000 08:07 165719     /home/akshat/.m2/repository/org/codehaus/plexus/plexus-interpolation/1.14/plexus-interpolation-1.14.jar
8dc3b000-8dc3f000 r--s 00017000 08:07 276255     /home/akshat/.m2/repository/org/sonatype/aether/aether-util/1.7/aether-util-1.7.jar
8dc3f000-8de00000 rw-p 00000000 00:00 0 
8de00000-8df00000 rw-p 00000000 00:00 0 
8df00000-8dffc000 rw-p 00000000 00:00 0 
8dffc000-8e000000 ---p 00000000 00:00 0 
8e000000-8e0ff000 rw-p 00000000 00:00 0 
8e0ff000-8e100000 ---p 00000000 00:00 0 
8e100000-8e104000 r--s 00033000 08:07 165711     /home/akshat/.m2/repository/org/codehaus/plexus/plexus-utils/2.0.4/plexus-utils-2.0.4.jar
8e104000-8e10f000 r--s 00069000 08:07 165707     /home/akshat/.m2/repository/org/sonatype/sisu/sisu-guice/2.1.7/sisu-guice-2.1.7-noaop.jar
8e10f000-8e114000 r--s 00021000 08:07 165705     /home/akshat/.m2/repository/org/sonatype/sisu/sisu-inject-bean/1.4.2/sisu-inject-bean-1.4.2.jar
8e114000-8e116000 r--s 0000b000 08:07 152863     /home/akshat/.m2/repository/org/apache/maven/plugins/maven-compiler-plugin/3.5.1/maven-compiler-plugin-3.5.1.jar
8e116000-8e118000 r--s 0000d000 08:07 276317     /home/akshat/.m2/repository/org/codehaus/plexus/plexus-interpolation/1.13/plexus-interpolation-1.13.jar
8e118000-8e119000 r--s 00001000 08:07 276315     /home/akshat/.m2/repository/org/sonatype/plexus/plexus-build-api/0.0.4/plexus-build-api-0.0.4.jar
8e119000-8e11b000 r--s 00009000 08:07 534905     /home/akshat/.m2/repository/org/apache/maven/shared/maven-filtering/1.1/maven-filtering-1.1.jar
8e11b000-8e11f000 r--s 00033000 08:07 165769     /home/akshat/.m2/repository/org/codehaus/plexus/plexus-utils/2.0.5/plexus-utils-2.0.5.jar
8e11f000-8e122000 r--s 0001b000 08:07 276313     /home/akshat/.m2/repository/junit/junit/3.8.1/junit-3.8.1.jar
8e122000-8e124000 r--s 00002000 08:07 276309     /home/akshat/.m2/repository/org/codehaus/plexus/plexus-interactivity-api/1.0-alpha-4/plexus-interactivity-api-1.0-alpha-4.jar
8e124000-8e126000 r--s 00006000 08:07 407424     /home/akshat/.m2/repository/commons-cli/commons-cli/1.0/commons-cli-1.0.jar
8e126000-8e127000 r--s 00001000 08:07 407420     /home/akshat/.m2/repository/org/apache/maven/doxia/doxia-sink-api/1.0-alpha-7/doxia-sink-api-1.0-alpha-7.jar
8e127000-8e128000 r--s 00002000 08:07 407418     /home/akshat/.m2/repository/org/apache/maven/reporting/maven-reporting-api/2.0.6/maven-reporting-api-2.0.6.jar
8e128000-8e12a000 r--s 00006000 08:07 155750     /home/akshat/.m2/repository/org/apache/maven/plugins/maven-resources-plugin/2.6/maven-resources-plugin-2.6.jar
8e12a000-8e12e000 r--s 0008b000 08:06 296723     /usr/local/java/jdk1.7.0_80/jre/lib/jsse.jar
8e12e000-8e143000 r-xp 00000000 08:06 440372     /usr/local/java/jdk1.7.0_80/jre/lib/i386/libnet.so
8e143000-8e144000 rw-p 00015000 08:06 440372     /usr/local/java/jdk1.7.0_80/jre/lib/i386/libnet.so
8e144000-8e152000 r-xp 00000000 08:06 440353     /usr/local/java/jdk1.7.0_80/jre/lib/i386/libnio.so
8e152000-8e153000 rw-p 0000e000 08:06 440353     /usr/local/java/jdk1.7.0_80/jre/lib/i386/libnio.so
8e153000-8e154000 r--s 00002000 08:07 263313     /home/akshat/Documents/DistributedComputing/eclipse/plugins/org.eclipse.m2e.maven.runtime.slf4j.simple_1.8.0.20160921-2001/jars/slf4j-simple-1.7.5.jar
8e154000-8e159000 r--s 00041000 08:07 263330     /home/akshat/Documents/DistributedComputing/eclipse/plugins/org.eclipse.m2e.maven.runtime_1.8.0.20160921-2001/jars/commons-lang-2.6.jar
8e159000-8e15a000 r--s 00002000 08:07 263342     /home/akshat/Documents/DistributedComputing/eclipse/plugins/org.eclipse.m2e.maven.runtime_1.8.0.20160921-2001/jars/wagon-file-2.10.jar
8e15a000-8e15c000 r--s 00005000 08:07 263329     /home/akshat/Documents/DistributedComputing/eclipse/plugins/org.eclipse.m2e.maven.runtime_1.8.0.20160921-2001/jars/aether-transport-wagon-1.0.2.v20150114.jar
8e15c000-8e15d000 r--s 00008000 08:07 263344     /home/akshat/Documents/DistributedComputing/eclipse/plugins/org.eclipse.m2e.maven.runtime_1.8.0.20160921-2001/jars/aether-connector-basic-1.0.2.v20150114.jar
8e15d000-8e15f000 r--s 0000f000 08:07 263349     /home/akshat/Documents/DistributedComputing/eclipse/plugins/org.eclipse.m2e.maven.runtime_1.8.0.20160921-2001/jars/okio-1.6.0.jar
8e15f000-8e18a000 r--s 001fc000 08:07 263327     /home/akshat/Documents/DistributedComputing/eclipse/plugins/org.eclipse.m2e.maven.runtime_1.8.0.20160921-2001/jars/guava-18.0.jar
8e18a000-8e18b000 ---p 00000000 00:00 0 
8e18b000-8e20b000 rw-p 00000000 00:00 0 
8e20b000-8e20e000 ---p 00000000 00:00 0 
8e20e000-8e25c000 rw-p 00000000 00:00 0 
8e25c000-8e25f000 ---p 00000000 00:00 0 
8e25f000-8e2dd000 rw-p 00000000 00:00 0 
8e2dd000-8e2e0000 ---p 00000000 00:00 0 
8e2e0000-8e35e000 rw-p 00000000 00:00 0 
8e35e000-8e361000 ---p 00000000 00:00 0 
8e361000-8e3af000 rw-p 00000000 00:00 0 
8e3af000-8e5af000 r--p 00000000 08:06 2007       /usr/lib/locale/locale-archive
8e5af000-8e5b2000 ---p 00000000 00:00 0 
8e5b2000-8e600000 rw-p 00000000 00:00 0 
8e600000-8e6f9000 rw-p 00000000 00:00 0 
8e6f9000-8e700000 ---p 00000000 00:00 0 
8e700000-8e705000 r--s 00049000 08:07 263359     /home/akshat/Documents/DistributedComputing/eclipse/plugins/org.eclipse.m2e.maven.runtime_1.8.0.20160921-2001/jars/okhttp-2.5.0.jar
8e705000-8e707000 r--s 0000b000 08:07 263340     /home/akshat/Documents/DistributedComputing/eclipse/plugins/org.eclipse.m2e.maven.runtime_1.8.0.20160921-2001/jars/aether-connector-okhttp-0.16.0.jar
8e707000-8e709000 r--s 00006000 08:07 263352     /home/akshat/Documents/DistributedComputing/eclipse/plugins/org.eclipse.m2e.maven.runtime_1.8.0.20160921-2001/jars/aether-spi-1.0.2.v20150114.jar
8e709000-8e70d000 r--s 00027000 08:07 263356     /home/akshat/Documents/DistributedComputing/eclipse/plugins/org.eclipse.m2e.maven.runtime_1.8.0.20160921-2001/jars/aether-impl-1.0.2.v20150114.jar
8e70d000-8e715000 r--s 00055000 08:07 263357     /home/akshat/Documents/DistributedComputing/eclipse/plugins/org.eclipse.m2e.maven.runtime_1.8.0.20160921-2001/jars/org.eclipse.sisu.inject-0.3.2.jar
8e715000-8e716000 r--s 00001000 08:07 263361     /home/akshat/Documents/DistributedComputing/eclipse/plugins/org.eclipse.m2e.maven.runtime_1.8.0.20160921-2001/jars/jsr250-api-1.0.jar
8e716000-8e719000 r--s 00008000 08:07 263328     /home/akshat/Documents/DistributedComputing/eclipse/plugins/org.eclipse.m2e.maven.runtime_1.8.0.20160921-2001/jars/cdi-api-1.0.jar
8e719000-8e71f000 r--s 0002d000 08:07 263339     /home/akshat/Documents/DistributedComputing/eclipse/plugins/org.eclipse.m2e.maven.runtime_1.8.0.20160921-2001/jars/org.eclipse.sisu.plexus-0.3.2.jar
8e71f000-8e722000 r--s 0000b000 08:07 263348     /home/akshat/Documents/DistributedComputing/eclipse/plugins/org.eclipse.m2e.maven.runtime_1.8.0.20160921-2001/jars/wagon-provider-api-2.10.jar
8e722000-8e728000 r--s 00041000 08:07 263362     /home/akshat/Documents/DistributedComputing/eclipse/plugins/org.eclipse.m2e.maven.runtime_1.8.0.20160921-2001/jars/maven-compat-3.3.9.jar
8e728000-8e72a000 r--s 00009000 08:07 263355     /home/akshat/Documents/DistributedComputing/eclipse/plugins/org.eclipse.m2e.maven.runtime_1.8.0.20160921-2001/jars/commons-cli-1.2.jar
8e72a000-8e72d000 r--s 00013000 08:07 263334     /home/akshat/Documents/DistributedComputing/eclipse/plugins/org.eclipse.m2e.maven.runtime_1.8.0.20160921-2001/jars/maven-embedder-3.3.9.jar
8e72d000-8e730000 ---p 00000000 00:00 0 
8e730000-8e77e000 rw-p 00000000 00:00 0 
8e77e000-8e93e000 r--s 039fb000 08:06 297021     /usr/local/java/jdk1.7.0_80/jre/lib/rt.jar
8e93e000-8fd00000 rw-p 00000000 00:00 0 
8fd00000-8fdfd000 rw-p 00000000 00:00 0 
8fdfd000-8fe00000 ---p 00000000 00:00 0 
8fe00000-8fe02000 r--s 00002000 08:07 263338     /home/akshat/Documents/DistributedComputing/eclipse/plugins/org.eclipse.m2e.maven.runtime_1.8.0.20160921-2001/jars/plexus-cipher-1.7.jar
8fe02000-8fe09000 r--s 00064000 08:07 263341     /home/akshat/Documents/DistributedComputing/eclipse/plugins/org.eclipse.m2e.maven.runtime_1.8.0.20160921-2001/jars/commons-lang3-3.4.jar
8fe09000-8fe0a000 r--s 00006000 08:07 263346     /home/akshat/Documents/DistributedComputing/eclipse/plugins/org.eclipse.m2e.maven.runtime_1.8.0.20160921-2001/jars/plexus-sec-dispatcher-1.3.jar
8fe0a000-8fe0c000 r--s 00000000 08:07 263363     /home/akshat/Documents/DistributedComputing/eclipse/plugins/org.eclipse.m2e.maven.runtime_1.8.0.20160921-2001/jars/plexus-component-annotations-1.6.jar
8fe0c000-8fe10000 r--s 00038000 08:07 263351     /home/akshat/Documents/DistributedComputing/eclipse/plugins/org.eclipse.m2e.maven.runtime_1.8.0.20160921-2001/jars/plexus-utils-3.0.22.jar
8fe10000-8fe19000 r--s 0005f000 08:07 263331     /home/akshat/Documents/DistributedComputing/eclipse/plugins/org.eclipse.m2e.maven.runtime_1.8.0.20160921-2001/jars/guice-4.0-no_aop.jar
8fe19000-8fe1d000 r--s 00020000 08:07 263337     /home/akshat/Documents/DistributedComputing/eclipse/plugins/org.eclipse.m2e.maven.runtime_1.8.0.20160921-2001/jars/aether-util-1.0.2.v20150114.jar
8fe1d000-8fe22000 r--s 0001d000 08:07 263335     /home/akshat/Documents/DistributedComputing/eclipse/plugins/org.eclipse.m2e.maven.runtime_1.8.0.20160921-2001/jars/aether-api-1.0.2.v20150114.jar
8fe22000-8fe27000 r--s 00027000 08:07 263332     /home/akshat/Documents/DistributedComputing/eclipse/plugins/org.eclipse.m2e.maven.runtime_1.8.0.20160921-2001/jars/maven-model-builder-3.3.9.jar
8fe27000-8fe34000 r--s 0008f000 08:07 263365     /home/akshat/Documents/DistributedComputing/eclipse/plugins/org.eclipse.m2e.maven.runtime_1.8.0.20160921-2001/jars/maven-core-3.3.9.jar
8fe34000-8fe35000 ---p 00000000 00:00 0 
8fe35000-8ff00000 rw-p 00000000 00:00 0 
8ff00000-8ff21000 rw-p 00000000 00:00 0 
8ff21000-90000000 ---p 00000000 00:00 0 
90000000-90003000 r--s 0000d000 08:07 263345     /home/akshat/Documents/DistributedComputing/eclipse/plugins/org.eclipse.m2e.maven.runtime_1.8.0.20160921-2001/jars/plexus-interpolation-1.21.jar
90003000-9005e000 rw-p 00000000 00:00 0 
9005e000-9005f000 ---p 00000000 00:00 0 
9005f000-900df000 rw-p 00000000 00:00 0 
900df000-900e0000 ---p 00000000 00:00 0 
900e0000-9016e000 rw-p 00000000 00:00 0 
9016e000-9016f000 ---p 00000000 00:00 0 
9016f000-90180000 rw-p 00000000 00:00 0 
90180000-901d9000 rw-p 00000000 00:00 0 
901d9000-90226000 rw-p 00000000 00:00 0 
90226000-90234000 rw-p 00000000 00:00 0 
90234000-90235000 ---p 00000000 00:00 0 
90235000-90246000 rw-p 00000000 00:00 0 
90246000-9029f000 rw-p 00000000 00:00 0 
9029f000-902ec000 rw-p 00000000 00:00 0 
902ec000-9033f000 rw-p 00000000 00:00 0 
9033f000-91e80000 rw-p 00000000 00:00 0 
91e80000-91f80000 ---p 00000000 00:00 0 
91f80000-94340000 rw-p 00000000 00:00 0 
94340000-9f540000 rw-p 00000000 00:00 0 
a468d000-a4800000 rw-p 00000000 00:00 0 
a4800000-a8f40000 rw-p 00000000 00:00 0 
a8f40000-b3540000 rw-p 00000000 00:00 0 
b3540000-b354b000 rw-p 00000000 00:00 0 
b354b000-b3600000 rw-p 00000000 00:00 0 
b3600000-b38b8000 rwxp 00000000 00:00 0 
b38b8000-b66f3000 rw-p 00000000 00:00 0 
b66f3000-b6700000 ---p 00000000 00:00 0 
b6700000-b6702000 r--s 0000f000 08:07 263350     /home/akshat/Documents/DistributedComputing/eclipse/plugins/org.eclipse.m2e.maven.runtime_1.8.0.20160921-2001/jars/maven-aether-provider-3.3.9.jar
b6702000-b6704000 r--s 0000a000 08:07 263353     /home/akshat/Documents/DistributedComputing/eclipse/plugins/org.eclipse.m2e.maven.runtime_1.8.0.20160921-2001/jars/maven-plugin-api-3.3.9.jar
b6704000-b6706000 r--s 0000c000 08:07 263354     /home/akshat/Documents/DistributedComputing/eclipse/plugins/org.eclipse.m2e.maven.runtime_1.8.0.20160921-2001/jars/maven-artifact-3.3.9.jar
b6706000-b6707000 r--s 00006000 08:07 263364     /home/akshat/Documents/DistributedComputing/eclipse/plugins/org.eclipse.m2e.maven.runtime_1.8.0.20160921-2001/jars/maven-repository-metadata-3.3.9.jar
b6707000-b6709000 r--s 00009000 08:07 263360     /home/akshat/Documents/DistributedComputing/eclipse/plugins/org.eclipse.m2e.maven.runtime_1.8.0.20160921-2001/jars/maven-settings-builder-3.3.9.jar
b6709000-b6720000 r-xp 00000000 08:06 440373     /usr/local/java/jdk1.7.0_80/jre/lib/i386/libzip.so
b6720000-b6721000 rw-p 00016000 08:06 440373     /usr/local/java/jdk1.7.0_80/jre/lib/i386/libzip.so
b6721000-b672c000 r-xp 00000000 08:06 555855     /lib/i386-linux-gnu/libnss_files-2.23.so
b672c000-b672d000 r--p 0000a000 08:06 555855     /lib/i386-linux-gnu/libnss_files-2.23.so
b672d000-b672e000 rw-p 0000b000 08:06 555855     /lib/i386-linux-gnu/libnss_files-2.23.so
b672e000-b6734000 rw-p 00000000 00:00 0 
b6734000-b673f000 r-xp 00000000 08:06 555848     /lib/i386-linux-gnu/libnss_nis-2.23.so
b673f000-b6740000 r--p 0000a000 08:06 555848     /lib/i386-linux-gnu/libnss_nis-2.23.so
b6740000-b6741000 rw-p 0000b000 08:06 555848     /lib/i386-linux-gnu/libnss_nis-2.23.so
b6741000-b6758000 r-xp 00000000 08:06 555850     /lib/i386-linux-gnu/libnsl-2.23.so
b6758000-b6759000 r--p 00016000 08:06 555850     /lib/i386-linux-gnu/libnsl-2.23.so
b6759000-b675a000 rw-p 00017000 08:06 555850     /lib/i386-linux-gnu/libnsl-2.23.so
b675a000-b675c000 rw-p 00000000 00:00 0 
b675c000-b6764000 r-xp 00000000 08:06 555856     /lib/i386-linux-gnu/libnss_compat-2.23.so
b6764000-b6765000 r--p 00007000 08:06 555856     /lib/i386-linux-gnu/libnss_compat-2.23.so
b6765000-b6766000 rw-p 00008000 08:06 555856     /lib/i386-linux-gnu/libnss_compat-2.23.so
b6766000-b6767000 r--s 00003000 08:07 263358     /home/akshat/Documents/DistributedComputing/eclipse/plugins/org.eclipse.m2e.maven.runtime_1.8.0.20160921-2001/jars/maven-builder-support-3.3.9.jar
b6767000-b6768000 r--s 0000a000 08:07 263336     /home/akshat/Documents/DistributedComputing/eclipse/plugins/org.eclipse.m2e.maven.runtime_1.8.0.20160921-2001/jars/maven-settings-3.3.9.jar
b6768000-b676b000 r--s 00026000 08:07 263343     /home/akshat/Documents/DistributedComputing/eclipse/plugins/org.eclipse.m2e.maven.runtime_1.8.0.20160921-2001/jars/maven-model-3.3.9.jar
b676b000-b676d000 r--s 0000b000 08:07 263333     /home/akshat/Documents/DistributedComputing/eclipse/plugins/org.eclipse.m2e.maven.runtime_1.8.0.20160921-2001/jars/plexus-classworlds-2.5.2.jar
b676d000-b676e000 r--p 002d4000 08:06 2007       /usr/lib/locale/locale-archive
b676e000-b677c000 rw-p 00000000 00:00 0 
b677c000-b679f000 r-xp 00000000 08:06 440350     /usr/local/java/jdk1.7.0_80/jre/lib/i386/libjava.so
b679f000-b67a0000 rw-p 00023000 08:06 440350     /usr/local/java/jdk1.7.0_80/jre/lib/i386/libjava.so
b67a0000-b67a7000 r-xp 00000000 08:06 555857     /lib/i386-linux-gnu/librt-2.23.so
b67a7000-b67a8000 r--p 00006000 08:06 555857     /lib/i386-linux-gnu/librt-2.23.so
b67a8000-b67a9000 rw-p 00007000 08:06 555857     /lib/i386-linux-gnu/librt-2.23.so
b67a9000-b67ac000 ---p 00000000 00:00 0 
b67ac000-b67fa000 rw-p 00000000 00:00 0 
b67fa000-b684d000 r-xp 00000000 08:06 555849     /lib/i386-linux-gnu/libm-2.23.so
b684d000-b684e000 r--p 00052000 08:06 555849     /lib/i386-linux-gnu/libm-2.23.so
b684e000-b684f000 rw-p 00053000 08:06 555849     /lib/i386-linux-gnu/libm-2.23.so
b684f000-b70d6000 r-xp 00000000 08:06 440333     /usr/local/java/jdk1.7.0_80/jre/lib/i386/server/libjvm.so
b70d6000-b713a000 rw-p 00886000 08:06 440333     /usr/local/java/jdk1.7.0_80/jre/lib/i386/server/libjvm.so
b713a000-b755e000 rw-p 00000000 00:00 0 
b755e000-b770d000 r-xp 00000000 08:06 555851     /lib/i386-linux-gnu/libc-2.23.so
b770d000-b770e000 ---p 001af000 08:06 555851     /lib/i386-linux-gnu/libc-2.23.so
b770e000-b7710000 r--p 001af000 08:06 555851     /lib/i386-linux-gnu/libc-2.23.so
b7710000-b7711000 rw-p 001b1000 08:06 555851     /lib/i386-linux-gnu/libc-2.23.so
b7711000-b7714000 rw-p 00000000 00:00 0 
b7714000-b7717000 r-xp 00000000 08:06 555847     /lib/i386-linux-gnu/libdl-2.23.so
b7717000-b7718000 r--p 00002000 08:06 555847     /lib/i386-linux-gnu/libdl-2.23.so
b7718000-b7719000 rw-p 00003000 08:06 555847     /lib/i386-linux-gnu/libdl-2.23.so
b7719000-b772d000 r-xp 00000000 08:06 296707     /usr/local/java/jdk1.7.0_80/lib/i386/jli/libjli.so
b772d000-b772e000 rw-p 00013000 08:06 296707     /usr/local/java/jdk1.7.0_80/lib/i386/jli/libjli.so
b772e000-b7747000 r-xp 00000000 08:06 555861     /lib/i386-linux-gnu/libpthread-2.23.so
b7747000-b7748000 r--p 00018000 08:06 555861     /lib/i386-linux-gnu/libpthread-2.23.so
b7748000-b7749000 rw-p 00019000 08:06 555861     /lib/i386-linux-gnu/libpthread-2.23.so
b7749000-b774b000 rw-p 00000000 00:00 0 
b774b000-b7753000 rw-s 00000000 08:06 788112     /tmp/hsperfdata_akshat/2919
b7753000-b7754000 rw-p 00000000 00:00 0 
b7754000-b7755000 ---p 00000000 00:00 0 
b7755000-b7760000 r-xp 00000000 08:06 440369     /usr/local/java/jdk1.7.0_80/jre/lib/i386/libverify.so
b7760000-b7761000 rw-p 0000b000 08:06 440369     /usr/local/java/jdk1.7.0_80/jre/lib/i386/libverify.so
b7761000-b7763000 rw-p 00000000 00:00 0 
b7763000-b7765000 r--p 00000000 00:00 0          [vvar]
b7765000-b7766000 r-xp 00000000 00:00 0          [vdso]
b7766000-b7788000 r-xp 00000000 08:06 555852     /lib/i386-linux-gnu/ld-2.23.so
b7788000-b7789000 rw-p 00000000 00:00 0 
b7789000-b778a000 r--p 00022000 08:06 555852     /lib/i386-linux-gnu/ld-2.23.so
b778a000-b778b000 rw-p 00023000 08:06 555852     /lib/i386-linux-gnu/ld-2.23.so
bfd5d000-bfd5e000 rwxp 00000000 00:00 0 
bfd8f000-bfdb1000 rw-p 00000000 00:00 0          [stack]

VM Arguments:
jvm_args: -Dmaven.home=EMBEDDED -Dclassworlds.conf=/home/akshat/workspace/.metadata/.plugins/org.eclipse.m2e.launching/launches/m2conf1980132562224499950.tmp -Dmaven.multiModuleProjectDirectory=/home/akshat/workspace/HCDistributed -Dfile.encoding=UTF-8 
java_command: org.codehaus.plexus.classworlds.launcher.Launcher -B package shade:shade
Launcher Type: SUN_STANDARD

Environment Variables:
JAVA_HOME=/usr/local/java/jdk1.8.0_101
JRE_HOME=/usr/local/java/jdk1.8.0_101/jre
PATH=/home/akshat/Documents/DistributedComputing/hadoop-2.7.2/bin:/home/akshat/Downloads/mosek/7/tools/platform/linux32x86/bin:/home/akshat/Downloads/sublime_text_3/sublime_text:/home/akshat/Documents/DistributedComputing/eclipse:/home/akshat/bin:/home/akshat/.local/bin:/usr/local/sbin:/usr/local/bin:/usr/sbin:/usr/bin:/sbin:/bin:/usr/games:/usr/local/games:/snap/bin:/usr/local/java/jdk1.8.0_101/bin:/usr/local/java/jdk1.8.0_101/jre/bin
LD_LIBRARY_PATH=/usr/local/java/jdk1.7.0_80/jre/lib/i386/server:/usr/local/java/jdk1.7.0_80/jre/lib/i386:/usr/local/java/jdk1.7.0_80/jre/../lib/i386:/usr/local/java/jdk1.8.0_101/jre/lib/i386/client:/usr/local/java/jdk1.8.0_101/jre/lib/i386:
SHELL=/bin/bash
DISPLAY=:0

Signal Handlers:
SIGSEGV: [libjvm.so+0x7eb160], sa_mask[0]=0x7ffbfeff, sa_flags=0x10000004
SIGBUS: [libjvm.so+0x7eb160], sa_mask[0]=0x7ffbfeff, sa_flags=0x10000004
SIGFPE: [libjvm.so+0x684ac0], sa_mask[0]=0x7ffbfeff, sa_flags=0x10000004
SIGPIPE: [libjvm.so+0x684ac0], sa_mask[0]=0x7ffbfeff, sa_flags=0x10000004
SIGXFSZ: [libjvm.so+0x684ac0], sa_mask[0]=0x7ffbfeff, sa_flags=0x10000004
SIGILL: [libjvm.so+0x684ac0], sa_mask[0]=0x7ffbfeff, sa_flags=0x10000004
SIGUSR1: SIG_DFL, sa_mask[0]=0x00000000, sa_flags=0x00000000
SIGUSR2: [libjvm.so+0x686330], sa_mask[0]=0x00000004, sa_flags=0x10000004
SIGHUP: [libjvm.so+0x687660], sa_mask[0]=0x7ffbfeff, sa_flags=0x10000004
SIGINT: [libjvm.so+0x687660], sa_mask[0]=0x7ffbfeff, sa_flags=0x10000004
SIGTERM: [libjvm.so+0x687660], sa_mask[0]=0x7ffbfeff, sa_flags=0x10000004
SIGQUIT: [libjvm.so+0x687660], sa_mask[0]=0x7ffbfeff, sa_flags=0x10000004


---------------  S Y S T E M  ---------------

OS:stretch/sid

uname:Linux 4.4.0-75-generic #96-Ubuntu SMP Thu Apr 20 09:55:15 UTC 2017 i686
libc:glibc 2.23 NPTL 2.23 
rlimit: STACK 8192k, CORE 0k, NPROC 15619, NOFILE 65536, AS infinity
load average:2.93 1.70 1.25

/proc/meminfo:
MemTotal:        2036416 kB
MemFree:          110852 kB
MemAvailable:          0 kB
Buffers:            1552 kB
Cached:           258128 kB
SwapCached:            0 kB
Active:          1604896 kB
Inactive:         244192 kB
Active(anon):    1591292 kB
Inactive(anon):   231324 kB
Active(file):      13604 kB
Inactive(file):    12868 kB
Unevictable:         252 kB
Mlocked:             252 kB
HighTotal:       1157832 kB
HighFree:          14424 kB
LowTotal:         878584 kB
LowFree:           96428 kB
SwapTotal:             0 kB
SwapFree:              0 kB
Dirty:               524 kB
Writeback:             0 kB
AnonPages:       1589772 kB
Mapped:            43284 kB
Shmem:            233096 kB
Slab:              37588 kB
SReclaimable:      17872 kB
SUnreclaim:        19716 kB
KernelStack:        4152 kB
PageTables:        11676 kB
NFS_Unstable:          0 kB
Bounce:                0 kB
WritebackTmp:          0 kB
CommitLimit:     1018208 kB
Committed_AS:    5174828 kB
VmallocTotal:     122880 kB
VmallocUsed:           0 kB
VmallocChunk:          0 kB
AnonHugePages:    831488 kB
CmaTotal:              0 kB
CmaFree:               0 kB
HugePages_Total:       0
HugePages_Free:        0
HugePages_Rsvd:        0
HugePages_Surp:        0
Hugepagesize:       2048 kB
DirectMap4k:       36856 kB
DirectMap2M:      876544 kB


CPU:total 2 (2 cores per cpu, 1 threads per core) family 6 model 15 stepping 13, cmov, cx8, fxsr, mmx, sse, sse2, sse3, ssse3, tsc

/proc/cpuinfo:
processor	: 0
vendor_id	: GenuineIntel
cpu family	: 6
model		: 15
model name	: Intel(R) Core(TM)2 Duo CPU     T5870  @ 2.00GHz
stepping	: 13
microcode	: 0xa3
cpu MHz		: 2001.000
cache size	: 2048 KB
physical id	: 0
siblings	: 2
core id		: 0
cpu cores	: 2
apicid		: 0
initial apicid	: 0
fdiv_bug	: no
f00f_bug	: no
coma_bug	: no
fpu		: yes
fpu_exception	: yes
cpuid level	: 10
wp		: yes
flags		: fpu vme de pse tsc msr pae mce cx8 apic sep mtrr pge mca cmov pat pse36 clflush dts acpi mmx fxsr sse sse2 ss ht tm pbe nx lm constant_tsc arch_perfmon pebs bts aperfmperf pni dtes64 monitor ds_cpl est tm2 ssse3 cx16 xtpr pdcm lahf_lm dtherm ida
bugs		:
bogomips	: 3989.78
clflush size	: 64
cache_alignment	: 64
address sizes	: 36 bits physical, 48 bits virtual
power management:

processor	: 1
vendor_id	: GenuineIntel
cpu family	: 6
model		: 15
model name	: Intel(R) Core(TM)2 Duo CPU     T5870  @ 2.00GHz
stepping	: 13
microcode	: 0xa3
cpu MHz		: 1600.000
cache size	: 2048 KB
physical id	: 0
siblings	: 2
core id		: 1
cpu cores	: 2
apicid		: 1
initial apicid	: 1
fdiv_bug	: no
f00f_bug	: no
coma_bug	: no
fpu		: yes
fpu_exception	: yes
cpuid level	: 10
wp		: yes
flags		: fpu vme de pse tsc msr pae mce cx8 apic sep mtrr pge mca cmov pat pse36 clflush dts acpi mmx fxsr sse sse2 ss ht tm pbe nx lm constant_tsc arch_perfmon pebs bts aperfmperf pni dtes64 monitor ds_cpl est tm2 ssse3 cx16 xtpr pdcm lahf_lm dtherm ida
bugs		:
bogomips	: 3989.78
clflush size	: 64
cache_alignment	: 64
address sizes	: 36 bits physical, 48 bits virtual
power management:



Memory: 4k page, physical 2036416k(110852k free), swap 0k(0k free)

vm_info: Java HotSpot(TM) Server VM (24.80-b11) for linux-x86 JRE (1.7.0_80-b15), built on Apr 10 2015 12:29:10 by "java_re" with gcc 4.3.0 20080428 (Red Hat 4.3.0-8)

time: Sun May  7 05:47:32 2017
elapsed time: 60 seconds

