#
# There is insufficient memory for the Java Runtime Environment to continue.
# Native memory allocation (malloc) failed to allocate 86245376 bytes for committing reserved memory.
# Possible reasons:
#   The system is out of physical RAM or swap space
#   In 32 bit mode, the process size limit was hit
# Possible solutions:
#   Reduce memory load on the system
#   Increase physical memory or swap space
#   Check if swap backing store is full
#   Use 64 bit Java on a 64 bit OS
#   Decrease Java heap size (-Xmx/-Xms)
#   Decrease number of Java threads
#   Decrease Java thread stack sizes (-Xss)
#   Set larger code cache with -XX:ReservedCodeCacheSize=
# This output file may be truncated or incomplete.
#
#  Out of Memory Error (os_linux.cpp:2756), pid=3451, tid=2414562112
#
# JRE version: Java(TM) SE Runtime Environment (7.0_80-b15) (build 1.7.0_80-b15)
# Java VM: Java HotSpot(TM) Server VM (24.80-b11 mixed mode linux-x86 )
# Failed to write core dump. Core dumps have been disabled. To enable core dumping, try "ulimit -c unlimited" before starting Java again
#

---------------  T H R E A D  ---------------

Current thread (0x8e610400):  VMThread [stack: 0x8fe34000,0x8feb5000] [id=3459]

Stack: [0x8fe34000,0x8feb5000],  sp=0x8feb3a70,  free space=510k
Native frames: (J=compiled Java code, j=interpreted, Vv=VM code, C=native code)
V  [libjvm.so+0x7ea656]  VMError::report_and_die()+0x1a6
V  [libjvm.so+0x33eb82]  report_vm_out_of_memory(char const*, int, unsigned int, char const*)+0x72
V  [libjvm.so+0x687fb1]  os::Linux::commit_memory_impl(char*, unsigned int, bool)+0xe1
V  [libjvm.so+0x688478]  os::pd_commit_memory(char*, unsigned int, unsigned int, bool)+0x28
V  [libjvm.so+0x681b2c]  os::commit_memory(char*, unsigned int, unsigned int, bool)+0x2c
V  [libjvm.so+0x6ea8d8]  PSVirtualSpace::expand_by(unsigned int)+0x48
V  [libjvm.so+0x6dcd01]  PSOldGen::expand(unsigned int)+0x141
V  [libjvm.so+0x6dcdcf]  PSOldGen::resize(unsigned int)+0x8f
V  [libjvm.so+0x6e39d6]  PSParallelCompact::invoke_no_policy(bool)+0x8b6
V  [libjvm.so+0x6e8fed]  PSScavenge::invoke()+0x16d
V  [libjvm.so+0x6a851a]  ParallelScavengeHeap::failed_mem_allocate(unsigned int)+0x5a
V  [libjvm.so+0x7ebeea]  VM_ParallelGCFailedAllocation::doit()+0x7a
V  [libjvm.so+0x7f4d07]  VM_Operation::evaluate()+0x47
V  [libjvm.so+0x7f2da3]  VMThread::evaluate_operation(VM_Operation*)+0xb3
V  [libjvm.so+0x7f3140]  VMThread::loop()+0x1b0
V  [libjvm.so+0x7f35a5]  VMThread::run()+0x85
V  [libjvm.so+0x68a249]  java_start(Thread*)+0x119
C  [libpthread.so.0+0x6295]  start_thread+0xe5

VM_Operation (0xb684ab94): ParallelGCFailedAllocation, mode: safepoint, requested by thread 0xb6607c00


---------------  P R O C E S S  ---------------

Java Threads: ( => current thread )
  0x8e62ac00 JavaThread "Service Thread" daemon [_thread_blocked, id=3465, stack(0x8e20b000,0x8e25c000)]
  0x8e629000 JavaThread "C2 CompilerThread1" daemon [_thread_blocked, id=3464, stack(0x8e25c000,0x8e2dd000)]
  0x8e627000 JavaThread "C2 CompilerThread0" daemon [_thread_blocked, id=3463, stack(0x8e2dd000,0x8e35e000)]
  0x8e625800 JavaThread "Signal Dispatcher" daemon [_thread_blocked, id=3462, stack(0x8e35e000,0x8e3af000)]
  0x8e614800 JavaThread "Finalizer" daemon [_thread_blocked, id=3461, stack(0x8e5af000,0x8e600000)]
  0x8e613000 JavaThread "Reference Handler" daemon [_thread_blocked, id=3460, stack(0x8e72d000,0x8e77e000)]
  0xb6607c00 JavaThread "main" [_thread_blocked, id=3456, stack(0xb67fc000,0xb684d000)]

Other Threads:
=>0x8e610400 VMThread [stack: 0x8fe34000,0x8feb5000] [id=3459]
  0x8e62c800 WatcherThread [stack: 0x8e18a000,0x8e20b000] [id=3466]

VM state:at safepoint (normal execution)

VM Mutex/Monitor currently owned by a thread:  ([mutex/lock_event])
[0xb6604c08] ExpandHeap_lock - owner thread: 0x8e610400
[0xb6605150] Threads_lock - owner thread: 0x8e610400
[0xb6605560] Heap_lock - owner thread: 0xb6607c00

Heap
 PSYoungGen      total 88576K, used 7838K [0xa8f40000, 0xb3540000, 0xb3540000)
  eden space 56832K, 0% used [0xa8f40000,0xa8f40000,0xac6c0000)
  from space 31744K, 24% used [0xb1640000,0xb1de7b90,0xb3540000)
  to   space 56576K, 0% used [0xac6c0000,0xac6c0000,0xafe00000)
 ParOldGen       total 179968K, used 179741K [0x94340000, 0x9f300000, 0xa8f40000)
  object space 179968K, 99% used [0x94340000,0x9f2c76a8,0x9f300000)
 PSPermGen       total 27904K, used 13015K [0x90340000, 0x91e80000, 0x94340000)
  object space 27904K, 46% used [0x90340000,0x90ff5e98,0x91e80000)

Card table byte_map: [0x90226000,0x90340000] byte_map_base: 0x8fda4600

Polling page: 0xb77a7000

Code Cache  [0xb3600000, 0xb38d8000, 0xb6600000)
 total_blobs=1017 nmethods=874 adapters=96 free_code_cache=46305Kb largest_free_block=47354304

Compilation events (10 events):
Event: 35.821 Thread 0x8e629000 nmethod 978 0xb3817488 code [0xb3817840, 0xb38191b8]
Event: 35.857 Thread 0x8e629000  979             com.sun.tools.javac.code.Type$ClassType::getTypeArguments (30 bytes)
Event: 35.858 Thread 0x8e629000 nmethod 979 0xb3826c48 code [0xb3826d40, 0xb3826dd0]
Event: 35.860 Thread 0x8e627000 nmethod 969 0xb38cd388 code [0xb38cd960, 0xb38d0334]
Event: 35.861 Thread 0x8e629000  980   !         com.sun.tools.javac.comp.MemberEnter::visitVarDef (436 bytes)
Event: 35.868 Thread 0x8e627000  981             com.sun.tools.javac.tree.TreeInfo::isEnumInit (51 bytes)
Event: 35.870 Thread 0x8e627000 nmethod 981 0xb3826a08 code [0xb3826b00, 0xb3826b90]
Event: 35.870 Thread 0x8e627000  982             com.sun.tools.javac.comp.Check::checkTransparentVar (108 bytes)
Event: 35.883 Thread 0x8e627000 nmethod 982 0xb3824008 code [0xb3824120, 0xb38243f0]
Event: 35.883 Thread 0x8e627000  983             com.sun.tools.javac.comp.Attr::checkId (752 bytes)

GC Heap History (10 events):
Event: 22.064 GC heap after
Heap after GC invocations=13 (full 1):
 PSYoungGen      total 117760K, used 11260K [0xa8f40000, 0xb3540000, 0xb3540000)
  eden space 106496K, 0% used [0xa8f40000,0xa8f40000,0xaf740000)
  from space 11264K, 99% used [0xb2a40000,0xb353f2c8,0xb3540000)
  to   space 31744K, 0% used [0xaf740000,0xaf740000,0xb1640000)
 ParOldGen       total 71936K, used 71870K [0x94340000, 0x98980000, 0xa8f40000)
  object space 71936K, 99% used [0x94340000,0x9896fa98,0x98980000)
 PSPermGen       total 25600K, used 12794K [0x90340000, 0x91c40000, 0x94340000)
  object space 25600K, 49% used [0x90340000,0x90fbeaa0,0x91c40000)
}
Event: 22.064 GC heap before
{Heap before GC invocations=14 (full 2):
 PSYoungGen      total 117760K, used 11260K [0xa8f40000, 0xb3540000, 0xb3540000)
  eden space 106496K, 0% used [0xa8f40000,0xa8f40000,0xaf740000)
  from space 11264K, 99% used [0xb2a40000,0xb353f2c8,0xb3540000)
  to   space 31744K, 0% used [0xaf740000,0xaf740000,0xb1640000)
 ParOldGen       total 71936K, used 71870K [0x94340000, 0x98980000, 0xa8f40000)
  object space 71936K, 99% used [0x94340000,0x9896fa98,0x98980000)
 PSPermGen       total 25600K, used 12794K [0x90340000, 0x91c40000, 0x94340000)
  object space 25600K, 49% used [0x90340000,0x90fbeaa0,0x91c40000)
Event: 22.780 GC heap after
Heap after GC invocations=14 (full 2):
 PSYoungGen      total 117760K, used 9946K [0xa8f40000, 0xb3540000, 0xb3540000)
  eden space 106496K, 0% used [0xa8f40000,0xa8f40000,0xaf740000)
  from space 11264K, 88% used [0xb2a40000,0xb33f69b8,0xb3540000)
  to   space 31744K, 0% used [0xaf740000,0xaf740000,0xb1640000)
 ParOldGen       total 115712K, used 71684K [0x94340000, 0x9b440000, 0xa8f40000)
  object space 115712K, 61% used [0x94340000,0x989411e0,0x9b440000)
 PSPermGen       total 28928K, used 12794K [0x90340000, 0x91f80000, 0x94340000)
  object space 28928K, 44% used [0x90340000,0x90fbe920,0x91f80000)
}
Event: 28.101 GC heap before
{Heap before GC invocations=15 (full 2):
 PSYoungGen      total 117760K, used 116442K [0xa8f40000, 0xb3540000, 0xb3540000)
  eden space 106496K, 100% used [0xa8f40000,0xaf740000,0xaf740000)
  from space 11264K, 88% used [0xb2a40000,0xb33f69b8,0xb3540000)
  to   space 31744K, 0% used [0xaf740000,0xaf740000,0xb1640000)
 ParOldGen       total 115712K, used 71684K [0x94340000, 0x9b440000, 0xa8f40000)
  object space 115712K, 61% used [0x94340000,0x989411e0,0x9b440000)
 PSPermGen       total 28928K, used 12800K [0x90340000, 0x91f80000, 0x94340000)
  object space 28928K, 44% used [0x90340000,0x90fc0208,0x91f80000)
Event: 28.579 GC heap after
Heap after GC invocations=15 (full 2):
 PSYoungGen      total 138240K, used 31737K [0xa8f40000, 0xb3540000, 0xb3540000)
  eden space 106496K, 0% used [0xa8f40000,0xa8f40000,0xaf740000)
  from space 31744K, 99% used [0xaf740000,0xb163e450,0xb1640000)
  to   space 31744K, 0% used [0xb1640000,0xb1640000,0xb3540000)
 ParOldGen       total 115712K, used 113731K [0x94340000, 0x9b440000, 0xa8f40000)
  object space 115712K, 98% used [0x94340000,0x9b250f80,0x9b440000)
 PSPermGen       total 28928K, used 12800K [0x90340000, 0x91f80000, 0x94340000)
  object space 28928K, 44% used [0x90340000,0x90fc0208,0x91f80000)
}
Event: 28.579 GC heap before
{Heap before GC invocations=16 (full 3):
 PSYoungGen      total 138240K, used 31737K [0xa8f40000, 0xb3540000, 0xb3540000)
  eden space 106496K, 0% used [0xa8f40000,0xa8f40000,0xaf740000)
  from space 31744K, 99% used [0xaf740000,0xb163e450,0xb1640000)
  to   space 31744K, 0% used [0xb1640000,0xb1640000,0xb3540000)
 ParOldGen       total 115712K, used 113731K [0x94340000, 0x9b440000, 0xa8f40000)
  object space 115712K, 98% used [0x94340000,0x9b250f80,0x9b440000)
 PSPermGen       total 28928K, used 12800K [0x90340000, 0x91f80000, 0x94340000)
  object space 28928K, 44% used [0x90340000,0x90fc0208,0x91f80000)
Event: 29.889 GC heap after
Heap after GC invocations=16 (full 3):
 PSYoungGen      total 138240K, used 29132K [0xa8f40000, 0xb3540000, 0xb3540000)
  eden space 106496K, 0% used [0xa8f40000,0xa8f40000,0xaf740000)
  from space 31744K, 91% used [0xaf740000,0xb13b33a8,0xb1640000)
  to   space 31744K, 0% used [0xb1640000,0xb1640000,0xb3540000)
 ParOldGen       total 179968K, used 115702K [0x94340000, 0x9f300000, 0xa8f40000)
  object space 179968K, 64% used [0x94340000,0x9b43d9a8,0x9f300000)
 PSPermGen       total 27904K, used 12800K [0x90340000, 0x91e80000, 0x94340000)
  object space 27904K, 45% used [0x90340000,0x90fc01a8,0x91e80000)
}
Event: 35.884 GC heap before
{Heap before GC invocations=17 (full 3):
 PSYoungGen      total 138240K, used 135628K [0xa8f40000, 0xb3540000, 0xb3540000)
  eden space 106496K, 100% used [0xa8f40000,0xaf740000,0xaf740000)
  from space 31744K, 91% used [0xaf740000,0xb13b33a8,0xb1640000)
  to   space 31744K, 0% used [0xb1640000,0xb1640000,0xb3540000)
 ParOldGen       total 179968K, used 115702K [0x94340000, 0x9f300000, 0xa8f40000)
  object space 179968K, 64% used [0x94340000,0x9b43d9a8,0x9f300000)
 PSPermGen       total 27904K, used 13016K [0x90340000, 0x91e80000, 0x94340000)
  object space 27904K, 46% used [0x90340000,0x90ff60d8,0x91e80000)
Event: 37.686 GC heap after
Heap after GC invocations=17 (full 3):
 PSYoungGen      total 88576K, used 31740K [0xa8f40000, 0xb3540000, 0xb3540000)
  eden space 56832K, 0% used [0xa8f40000,0xa8f40000,0xac6c0000)
  from space 31744K, 99% used [0xb1640000,0xb353f1b8,0xb3540000)
  to   space 56576K, 0% used [0xac6c0000,0xac6c0000,0xafe00000)
 ParOldGen       total 179968K, used 156420K [0x94340000, 0x9f300000, 0xa8f40000)
  object space 179968K, 86% used [0x94340000,0x9dc012c0,0x9f300000)
 PSPermGen       total 27904K, used 13016K [0x90340000, 0x91e80000, 0x94340000)
  object space 27904K, 46% used [0x90340000,0x90ff60d8,0x91e80000)
}
Event: 37.811 GC heap before
{Heap before GC invocations=18 (full 4):
 PSYoungGen      total 88576K, used 31740K [0xa8f40000, 0xb3540000, 0xb3540000)
  eden space 56832K, 0% used [0xa8f40000,0xa8f40000,0xac6c0000)
  from space 31744K, 99% used [0xb1640000,0xb353f1b8,0xb3540000)
  to   space 56576K, 0% used [0xac6c0000,0xac6c0000,0xafe00000)
 ParOldGen       total 179968K, used 156420K [0x94340000, 0x9f300000, 0xa8f40000)
  object space 179968K, 86% used [0x94340000,0x9dc012c0,0x9f300000)
 PSPermGen       total 27904K, used 13016K [0x90340000, 0x91e80000, 0x94340000)
  object space 27904K, 46% used [0x90340000,0x90ff60d8,0x91e80000)

Deoptimization events (10 events):
Event: 34.846 Thread 0xb6607c00 Uncommon trap: reason=class_check action=maybe_recompile pc=0xb37d4010 method=com.sun.tools.javac.code.Types$UnaryVisitor.visit(Lcom/sun/tools/javac/code/Type;)Ljava/lang/Object; @ 3
Event: 34.846 Thread 0xb6607c00 Uncommon trap: reason=class_check action=maybe_recompile pc=0xb37d4010 method=com.sun.tools.javac.code.Types$UnaryVisitor.visit(Lcom/sun/tools/javac/code/Type;)Ljava/lang/Object; @ 3
Event: 34.955 Thread 0xb6607c00 Uncommon trap: reason=unstable_if action=reinterpret pc=0xb38adca4 method=com.sun.tools.javac.code.Type$ClassType.getTypeArguments()Lcom/sun/tools/javac/util/List; @ 15
Event: 35.283 Thread 0xb6607c00 Uncommon trap: reason=unstable_if action=reinterpret pc=0xb37d3010 method=com.sun.tools.javac.code.Scope.dble()V @ 39
Event: 35.340 Thread 0xb6607c00 Uncommon trap: reason=unstable_if action=reinterpret pc=0xb38a97f4 method=com.sun.tools.javac.comp.Resolve.findMemberType(Lcom/sun/tools/javac/comp/Env;Lcom/sun/tools/javac/code/Type;Lcom/sun/tools/javac/util/Name;Lcom/sun/tools/javac/code/Symbol$TypeSymb
Event: 35.506 Thread 0xb6607c00 Uncommon trap: reason=unstable_if action=reinterpret pc=0xb38bf694 method=com.sun.tools.javac.comp.Check.checkDeprecated(Lcom/sun/tools/javac/util/JCDiagnostic$DiagnosticPosition;Lcom/sun/tools/javac/code/Symbol;Lcom/sun/tools/javac/code/Symbol;)V @ 10
Event: 35.607 Thread 0xb6607c00 Uncommon trap: reason=unstable_if action=reinterpret pc=0xb380d080 method=com.sun.tools.javac.comp.Resolve.findGlobalType(Lcom/sun/tools/javac/comp/Env;Lcom/sun/tools/javac/code/Scope;Lcom/sun/tools/javac/util/Name;)Lcom/sun/tools/javac/code/Symbol; @ 42
Event: 35.669 Thread 0xb6607c00 Uncommon trap: reason=unstable_if action=reinterpret pc=0xb37d644c method=com.sun.tools.javac.code.Scope.dble()V @ 39
Event: 35.673 Thread 0xb6607c00 Uncommon trap: reason=unstable_if action=reinterpret pc=0xb38ae130 method=com.sun.tools.javac.comp.Check.checkDeprecated(Lcom/sun/tools/javac/util/JCDiagnostic$DiagnosticPosition;Lcom/sun/tools/javac/code/Symbol;Lcom/sun/tools/javac/code/Symbol;)V @ 10
Event: 35.673 Thread 0xb6607c00 Uncommon trap: reason=unstable_if action=reinterpret pc=0xb3841a94 method=com.sun.tools.javac.comp.Resolve.findMemberType(Lcom/sun/tools/javac/comp/Env;Lcom/sun/tools/javac/code/Type;Lcom/sun/tools/javac/util/Name;Lcom/sun/tools/javac/code/Symbol$TypeSymb

Internal exceptions (10 events):
Event: 34.815 Thread 0xb6607c00 Threw 0xae89f2a8 at /HUDSON/workspace/7u-2-build-linux-i586/jdk7u80/2329/hotspot/src/share/vm/prims/jvm.cpp:1319
Event: 34.815 Thread 0xb6607c00 Threw 0xae89fbd8 at /HUDSON/workspace/7u-2-build-linux-i586/jdk7u80/2329/hotspot/src/share/vm/prims/jvm.cpp:1319
Event: 34.865 Thread 0xb6607c00 Threw 0xae99f3d0 at /HUDSON/workspace/7u-2-build-linux-i586/jdk7u80/2329/hotspot/src/share/vm/prims/jvm.cpp:1319
Event: 34.865 Thread 0xb6607c00 Threw 0xae99fa20 at /HUDSON/workspace/7u-2-build-linux-i586/jdk7u80/2329/hotspot/src/share/vm/prims/jvm.cpp:1319
Event: 35.507 Thread 0xb6607c00 Threw 0xaf31d8c0 at /HUDSON/workspace/7u-2-build-linux-i586/jdk7u80/2329/hotspot/src/share/vm/prims/jvm.cpp:1319
Event: 35.507 Thread 0xb6607c00 Threw 0xaf31ded8 at /HUDSON/workspace/7u-2-build-linux-i586/jdk7u80/2329/hotspot/src/share/vm/prims/jvm.cpp:1319
Event: 35.516 Thread 0xb6607c00 Threw 0xaf31fef0 at /HUDSON/workspace/7u-2-build-linux-i586/jdk7u80/2329/hotspot/src/share/vm/prims/jvm.cpp:1319
Event: 35.516 Thread 0xb6607c00 Threw 0xaf320698 at /HUDSON/workspace/7u-2-build-linux-i586/jdk7u80/2329/hotspot/src/share/vm/prims/jvm.cpp:1319
Event: 35.788 Thread 0xb6607c00 Threw 0xaf60ec08 at /HUDSON/workspace/7u-2-build-linux-i586/jdk7u80/2329/hotspot/src/share/vm/prims/jvm.cpp:1319
Event: 35.788 Thread 0xb6607c00 Threw 0xaf60f438 at /HUDSON/workspace/7u-2-build-linux-i586/jdk7u80/2329/hotspot/src/share/vm/prims/jvm.cpp:1319

Events (10 events):
Event: 35.669 Thread 0xb6607c00 DEOPT UNPACKING pc=0xb362cbc8 sp=0xb684b020 mode 2
Event: 35.673 Thread 0xb6607c00 Uncommon trap: trap_request=0xffffff75 fr.pc=0xb38ae130
Event: 35.673 Thread 0xb6607c00 DEOPT PACKING pc=0xb38ae130 sp=0xb684b030
Event: 35.673 Thread 0xb6607c00 DEOPT UNPACKING pc=0xb362cbc8 sp=0xb684b014 mode 2
Event: 35.673 Thread 0xb6607c00 Uncommon trap: trap_request=0xffffff75 fr.pc=0xb3841a94
Event: 35.673 Thread 0xb6607c00 DEOPT PACKING pc=0xb3841a94 sp=0xb684b050
Event: 35.673 Thread 0xb6607c00 DEOPT UNPACKING pc=0xb362cbc8 sp=0xb684b00c mode 2
Event: 35.788 loading class 0x8d58c0a8
Event: 35.788 loading class 0x8d58c0a8 done
Event: 35.884 Executing VM operation: ParallelGCFailedAllocation


Dynamic libraries:
08048000-08049000 r-xp 00000000 08:06 705763     /usr/local/java/jdk1.7.0_80/bin/java
08049000-0804a000 rw-p 00000000 08:06 705763     /usr/local/java/jdk1.7.0_80/bin/java
080f4000-08827000 rw-p 00000000 00:00 0          [heap]
8cb00000-8cbfd000 rw-p 00000000 00:00 0 
8cbfd000-8cc00000 ---p 00000000 00:00 0 
8cd00000-8cef6000 rw-p 00000000 00:00 0 
8cef6000-8cf00000 ---p 00000000 00:00 0 
8cf00000-8cffe000 rw-p 00000000 00:00 0 
8cffe000-8d000000 ---p 00000000 00:00 0 
8d000000-8d0fc000 rw-p 00000000 00:00 0 
8d0fc000-8d100000 ---p 00000000 00:00 0 
8d100000-8d1dc000 rw-p 00000000 00:00 0 
8d1dc000-8d200000 ---p 00000000 00:00 0 
8d200000-8d2fc000 rw-p 00000000 00:00 0 
8d2fc000-8d300000 ---p 00000000 00:00 0 
8d400000-8d4fa000 rw-p 00000000 00:00 0 
8d4fa000-8d500000 ---p 00000000 00:00 0 
8d500000-8d5f9000 rw-p 00000000 00:00 0 
8d5f9000-8d600000 ---p 00000000 00:00 0 
8d695000-8d700000 r--s 00e21000 08:06 296708     /usr/local/java/jdk1.7.0_80/lib/tools.jar
8d700000-8d7fe000 rw-p 00000000 00:00 0 
8d7fe000-8d800000 ---p 00000000 00:00 0 
8d800000-8d8fe000 rw-p 00000000 00:00 0 
8d8fe000-8d900000 ---p 00000000 00:00 0 
8d900000-8d9fc000 rw-p 00000000 00:00 0 
8d9fc000-8da00000 ---p 00000000 00:00 0 
8da00000-8dafa000 rw-p 00000000 00:00 0 
8dafa000-8db00000 ---p 00000000 00:00 0 
8db00000-8dbf4000 rw-p 00000000 00:00 0 
8dbf4000-8dc00000 ---p 00000000 00:00 0 
8dc3f000-8de00000 rw-p 00000000 00:00 0 
8de00000-8df00000 rw-p 00000000 00:00 0 
8df00000-8dffd000 rw-p 00000000 00:00 0 
8dffd000-8e000000 ---p 00000000 00:00 0 
8e000000-8e100000 rw-p 00000000 00:00 0 
8e138000-8e139000 r--s 00004000 08:07 534879     /home/akshat/.m2/repository/org/codehaus/plexus/plexus-compiler-javac/2.7/plexus-compiler-javac-2.7.jar
8e139000-8e13b000 r--s 00000000 08:07 276263     /home/akshat/.m2/repository/org/codehaus/plexus/plexus-compiler-manager/2.7/plexus-compiler-manager-2.7.jar
8e13b000-8e13d000 r--s 00005000 08:07 276261     /home/akshat/.m2/repository/org/codehaus/plexus/plexus-compiler-api/2.7/plexus-compiler-api-2.7.jar
8e13d000-8e13f000 r--s 00002000 08:07 534877     /home/akshat/.m2/repository/org/apache/maven/shared/maven-shared-incremental/1.1/maven-shared-incremental-1.1.jar
8e13f000-8e141000 r--s 00006000 08:07 407358     /home/akshat/.m2/repository/com/google/code/findbugs/jsr305/2.0.1/jsr305-2.0.1.jar
8e141000-8e145000 r--s 0002a000 08:07 407356     /home/akshat/.m2/repository/commons-io/commons-io/2.4/commons-io-2.4.jar
8e145000-8e148000 r--s 00023000 08:07 407354     /home/akshat/.m2/repository/org/apache/maven/shared/maven-shared-utils/3.0.0/maven-shared-utils-3.0.0.jar
8e148000-8e14a000 r--s 00002000 08:07 276257     /home/akshat/.m2/repository/org/sonatype/plexus/plexus-cipher/1.4/plexus-cipher-1.4.jar
8e14a000-8e14b000 r--s 00006000 08:07 165725     /home/akshat/.m2/repository/org/sonatype/plexus/plexus-sec-dispatcher/1.3/plexus-sec-dispatcher-1.3.jar
8e14b000-8e14d000 r--s 00000000 08:07 165723     /home/akshat/.m2/repository/org/codehaus/plexus/plexus-component-annotations/1.5.5/plexus-component-annotations-1.5.5.jar
8e14d000-8e14f000 r--s 0000d000 08:07 165719     /home/akshat/.m2/repository/org/codehaus/plexus/plexus-interpolation/1.14/plexus-interpolation-1.14.jar
8e14f000-8e153000 r--s 00017000 08:07 276255     /home/akshat/.m2/repository/org/sonatype/aether/aether-util/1.7/aether-util-1.7.jar
8e153000-8e157000 r--s 00033000 08:07 165711     /home/akshat/.m2/repository/org/codehaus/plexus/plexus-utils/2.0.4/plexus-utils-2.0.4.jar
8e157000-8e162000 r--s 00069000 08:07 165707     /home/akshat/.m2/repository/org/sonatype/sisu/sisu-guice/2.1.7/sisu-guice-2.1.7-noaop.jar
8e162000-8e167000 r--s 00021000 08:07 165705     /home/akshat/.m2/repository/org/sonatype/sisu/sisu-inject-bean/1.4.2/sisu-inject-bean-1.4.2.jar
8e167000-8e169000 r--s 0000b000 08:07 152863     /home/akshat/.m2/repository/org/apache/maven/plugins/maven-compiler-plugin/3.5.1/maven-compiler-plugin-3.5.1.jar
8e169000-8e16b000 r--s 0000d000 08:07 276317     /home/akshat/.m2/repository/org/codehaus/plexus/plexus-interpolation/1.13/plexus-interpolation-1.13.jar
8e16b000-8e16d000 r--s 00009000 08:07 534905     /home/akshat/.m2/repository/org/apache/maven/shared/maven-filtering/1.1/maven-filtering-1.1.jar
8e16d000-8e171000 r--s 00033000 08:07 165769     /home/akshat/.m2/repository/org/codehaus/plexus/plexus-utils/2.0.5/plexus-utils-2.0.5.jar
8e171000-8e174000 r--s 0001b000 08:07 276313     /home/akshat/.m2/repository/junit/junit/3.8.1/junit-3.8.1.jar
8e174000-8e189000 r-xp 00000000 08:06 440372     /usr/local/java/jdk1.7.0_80/jre/lib/i386/libnet.so
8e189000-8e18a000 rw-p 00015000 08:06 440372     /usr/local/java/jdk1.7.0_80/jre/lib/i386/libnet.so
8e18a000-8e18b000 ---p 00000000 00:00 0 
8e18b000-8e20b000 rw-p 00000000 00:00 0 
8e20b000-8e20e000 ---p 00000000 00:00 0 
8e20e000-8e25c000 rw-p 00000000 00:00 0 
8e25c000-8e25f000 ---p 00000000 00:00 0 
8e25f000-8e2dd000 rw-p 00000000 00:00 0 
8e2dd000-8e2e0000 ---p 00000000 00:00 0 
8e2e0000-8e35e000 rw-p 00000000 00:00 0 
8e35e000-8e361000 ---p 00000000 00:00 0 
8e361000-8e3af000 rw-p 00000000 00:00 0 
8e3af000-8e5af000 r--p 00000000 08:06 2007       /usr/lib/locale/locale-archive
8e5af000-8e5b2000 ---p 00000000 00:00 0 
8e5b2000-8e600000 rw-p 00000000 00:00 0 
8e600000-8e6fe000 rw-p 00000000 00:00 0 
8e6fe000-8e700000 ---p 00000000 00:00 0 
8e700000-8e701000 r--s 00001000 08:07 276315     /home/akshat/.m2/repository/org/sonatype/plexus/plexus-build-api/0.0.4/plexus-build-api-0.0.4.jar
8e701000-8e703000 r--s 00002000 08:07 276309     /home/akshat/.m2/repository/org/codehaus/plexus/plexus-interactivity-api/1.0-alpha-4/plexus-interactivity-api-1.0-alpha-4.jar
8e703000-8e705000 r--s 00006000 08:07 407424     /home/akshat/.m2/repository/commons-cli/commons-cli/1.0/commons-cli-1.0.jar
8e705000-8e706000 r--s 00001000 08:07 407420     /home/akshat/.m2/repository/org/apache/maven/doxia/doxia-sink-api/1.0-alpha-7/doxia-sink-api-1.0-alpha-7.jar
8e706000-8e707000 r--s 00002000 08:07 407418     /home/akshat/.m2/repository/org/apache/maven/reporting/maven-reporting-api/2.0.6/maven-reporting-api-2.0.6.jar
8e707000-8e709000 r--s 00006000 08:07 155750     /home/akshat/.m2/repository/org/apache/maven/plugins/maven-resources-plugin/2.6/maven-resources-plugin-2.6.jar
8e709000-8e70d000 r--s 0008b000 08:06 296723     /usr/local/java/jdk1.7.0_80/jre/lib/jsse.jar
8e70d000-8e71b000 r-xp 00000000 08:06 440353     /usr/local/java/jdk1.7.0_80/jre/lib/i386/libnio.so
8e71b000-8e71c000 rw-p 0000e000 08:06 440353     /usr/local/java/jdk1.7.0_80/jre/lib/i386/libnio.so
8e71c000-8e71d000 r--s 00002000 08:07 263313     /home/akshat/Documents/DistributedComputing/eclipse/plugins/org.eclipse.m2e.maven.runtime.slf4j.simple_1.8.0.20160921-2001/jars/slf4j-simple-1.7.5.jar
8e71d000-8e722000 r--s 00041000 08:07 263330     /home/akshat/Documents/DistributedComputing/eclipse/plugins/org.eclipse.m2e.maven.runtime_1.8.0.20160921-2001/jars/commons-lang-2.6.jar
8e722000-8e724000 r--s 00005000 08:07 263329     /home/akshat/Documents/DistributedComputing/eclipse/plugins/org.eclipse.m2e.maven.runtime_1.8.0.20160921-2001/jars/aether-transport-wagon-1.0.2.v20150114.jar
8e724000-8e726000 r--s 0000f000 08:07 263349     /home/akshat/Documents/DistributedComputing/eclipse/plugins/org.eclipse.m2e.maven.runtime_1.8.0.20160921-2001/jars/okio-1.6.0.jar
8e726000-8e72b000 r--s 00049000 08:07 263359     /home/akshat/Documents/DistributedComputing/eclipse/plugins/org.eclipse.m2e.maven.runtime_1.8.0.20160921-2001/jars/okhttp-2.5.0.jar
8e72b000-8e72d000 r--s 0000b000 08:07 263340     /home/akshat/Documents/DistributedComputing/eclipse/plugins/org.eclipse.m2e.maven.runtime_1.8.0.20160921-2001/jars/aether-connector-okhttp-0.16.0.jar
8e72d000-8e730000 ---p 00000000 00:00 0 
8e730000-8e77e000 rw-p 00000000 00:00 0 
8e77e000-8e93e000 r--s 039fb000 08:06 297021     /usr/local/java/jdk1.7.0_80/jre/lib/rt.jar
8e93e000-8fd00000 rw-p 00000000 00:00 0 
8fd00000-8fdfc000 rw-p 00000000 00:00 0 
8fdfc000-8fe00000 ---p 00000000 00:00 0 
8fe00000-8fe01000 r--s 00002000 08:07 263342     /home/akshat/Documents/DistributedComputing/eclipse/plugins/org.eclipse.m2e.maven.runtime_1.8.0.20160921-2001/jars/wagon-file-2.10.jar
8fe01000-8fe2c000 r--s 001fc000 08:07 263327     /home/akshat/Documents/DistributedComputing/eclipse/plugins/org.eclipse.m2e.maven.runtime_1.8.0.20160921-2001/jars/guava-18.0.jar
8fe2c000-8fe34000 r--s 00055000 08:07 263357     /home/akshat/Documents/DistributedComputing/eclipse/plugins/org.eclipse.m2e.maven.runtime_1.8.0.20160921-2001/jars/org.eclipse.sisu.inject-0.3.2.jar
8fe34000-8fe35000 ---p 00000000 00:00 0 
8fe35000-8ff00000 rw-p 00000000 00:00 0 
8ff00000-8ff21000 rw-p 00000000 00:00 0 
8ff21000-90000000 ---p 00000000 00:00 0 
90000000-90001000 r--s 00008000 08:07 263344     /home/akshat/Documents/DistributedComputing/eclipse/plugins/org.eclipse.m2e.maven.runtime_1.8.0.20160921-2001/jars/aether-connector-basic-1.0.2.v20150114.jar
90001000-90003000 r--s 00006000 08:07 263352     /home/akshat/Documents/DistributedComputing/eclipse/plugins/org.eclipse.m2e.maven.runtime_1.8.0.20160921-2001/jars/aether-spi-1.0.2.v20150114.jar
90003000-90007000 r--s 00027000 08:07 263356     /home/akshat/Documents/DistributedComputing/eclipse/plugins/org.eclipse.m2e.maven.runtime_1.8.0.20160921-2001/jars/aether-impl-1.0.2.v20150114.jar
90007000-90008000 r--s 00001000 08:07 263361     /home/akshat/Documents/DistributedComputing/eclipse/plugins/org.eclipse.m2e.maven.runtime_1.8.0.20160921-2001/jars/jsr250-api-1.0.jar
90008000-9000b000 r--s 00008000 08:07 263328     /home/akshat/Documents/DistributedComputing/eclipse/plugins/org.eclipse.m2e.maven.runtime_1.8.0.20160921-2001/jars/cdi-api-1.0.jar
9000b000-90011000 r--s 0002d000 08:07 263339     /home/akshat/Documents/DistributedComputing/eclipse/plugins/org.eclipse.m2e.maven.runtime_1.8.0.20160921-2001/jars/org.eclipse.sisu.plexus-0.3.2.jar
90011000-90014000 r--s 0000b000 08:07 263348     /home/akshat/Documents/DistributedComputing/eclipse/plugins/org.eclipse.m2e.maven.runtime_1.8.0.20160921-2001/jars/wagon-provider-api-2.10.jar
90014000-9001a000 r--s 00041000 08:07 263362     /home/akshat/Documents/DistributedComputing/eclipse/plugins/org.eclipse.m2e.maven.runtime_1.8.0.20160921-2001/jars/maven-compat-3.3.9.jar
9001a000-9001c000 r--s 00009000 08:07 263355     /home/akshat/Documents/DistributedComputing/eclipse/plugins/org.eclipse.m2e.maven.runtime_1.8.0.20160921-2001/jars/commons-cli-1.2.jar
9001c000-90023000 r--s 00064000 08:07 263341     /home/akshat/Documents/DistributedComputing/eclipse/plugins/org.eclipse.m2e.maven.runtime_1.8.0.20160921-2001/jars/commons-lang3-3.4.jar
90023000-9007e000 rw-p 00000000 00:00 0 
9007e000-9007f000 ---p 00000000 00:00 0 
9007f000-900ff000 rw-p 00000000 00:00 0 
900ff000-90100000 ---p 00000000 00:00 0 
90100000-901d8000 rw-p 00000000 00:00 0 
901d8000-90226000 rw-p 00000000 00:00 0 
90226000-90234000 rw-p 00000000 00:00 0 
90234000-90235000 ---p 00000000 00:00 0 
90235000-90246000 rw-p 00000000 00:00 0 
90246000-9029e000 rw-p 00000000 00:00 0 
9029e000-902ec000 rw-p 00000000 00:00 0 
902ec000-9033f000 rw-p 00000000 00:00 0 
9033f000-91e80000 rw-p 00000000 00:00 0 
91e80000-91f80000 ---p 00000000 00:00 0 
91f80000-94340000 rw-p 00000000 00:00 0 
94340000-9f300000 rw-p 00000000 00:00 0 
a43cd000-a4540000 rw-p 00000000 00:00 0 
a4540000-a8f40000 rw-p 00000000 00:00 0 
a8f40000-b3540000 rw-p 00000000 00:00 0 
b3540000-b354c000 rw-p 00000000 00:00 0 
b354c000-b3600000 rw-p 00000000 00:00 0 
b3600000-b38d8000 rwxp 00000000 00:00 0 
b38d8000-b66f3000 rw-p 00000000 00:00 0 
b66f3000-b6700000 ---p 00000000 00:00 0 
b6700000-b6702000 r--s 00002000 08:07 263338     /home/akshat/Documents/DistributedComputing/eclipse/plugins/org.eclipse.m2e.maven.runtime_1.8.0.20160921-2001/jars/plexus-cipher-1.7.jar
b6702000-b6705000 r--s 00013000 08:07 263334     /home/akshat/Documents/DistributedComputing/eclipse/plugins/org.eclipse.m2e.maven.runtime_1.8.0.20160921-2001/jars/maven-embedder-3.3.9.jar
b6705000-b6706000 r--s 00006000 08:07 263346     /home/akshat/Documents/DistributedComputing/eclipse/plugins/org.eclipse.m2e.maven.runtime_1.8.0.20160921-2001/jars/plexus-sec-dispatcher-1.3.jar
b6706000-b6708000 r--s 00000000 08:07 263363     /home/akshat/Documents/DistributedComputing/eclipse/plugins/org.eclipse.m2e.maven.runtime_1.8.0.20160921-2001/jars/plexus-component-annotations-1.6.jar
b6708000-b670c000 r--s 00038000 08:07 263351     /home/akshat/Documents/DistributedComputing/eclipse/plugins/org.eclipse.m2e.maven.runtime_1.8.0.20160921-2001/jars/plexus-utils-3.0.22.jar
b670c000-b670f000 r--s 0000d000 08:07 263345     /home/akshat/Documents/DistributedComputing/eclipse/plugins/org.eclipse.m2e.maven.runtime_1.8.0.20160921-2001/jars/plexus-interpolation-1.21.jar
b670f000-b6718000 r--s 0005f000 08:07 263331     /home/akshat/Documents/DistributedComputing/eclipse/plugins/org.eclipse.m2e.maven.runtime_1.8.0.20160921-2001/jars/guice-4.0-no_aop.jar
b6718000-b671c000 r--s 00020000 08:07 263337     /home/akshat/Documents/DistributedComputing/eclipse/plugins/org.eclipse.m2e.maven.runtime_1.8.0.20160921-2001/jars/aether-util-1.0.2.v20150114.jar
b671c000-b6721000 r--s 0001d000 08:07 263335     /home/akshat/Documents/DistributedComputing/eclipse/plugins/org.eclipse.m2e.maven.runtime_1.8.0.20160921-2001/jars/aether-api-1.0.2.v20150114.jar
b6721000-b6723000 r--s 0000f000 08:07 263350     /home/akshat/Documents/DistributedComputing/eclipse/plugins/org.eclipse.m2e.maven.runtime_1.8.0.20160921-2001/jars/maven-aether-provider-3.3.9.jar
b6723000-b6728000 r--s 00027000 08:07 263332     /home/akshat/Documents/DistributedComputing/eclipse/plugins/org.eclipse.m2e.maven.runtime_1.8.0.20160921-2001/jars/maven-model-builder-3.3.9.jar
b6728000-b672a000 r--s 0000a000 08:07 263353     /home/akshat/Documents/DistributedComputing/eclipse/plugins/org.eclipse.m2e.maven.runtime_1.8.0.20160921-2001/jars/maven-plugin-api-3.3.9.jar
b672a000-b672c000 r--s 0000c000 08:07 263354     /home/akshat/Documents/DistributedComputing/eclipse/plugins/org.eclipse.m2e.maven.runtime_1.8.0.20160921-2001/jars/maven-artifact-3.3.9.jar
b672c000-b672d000 r--s 00006000 08:07 263364     /home/akshat/Documents/DistributedComputing/eclipse/plugins/org.eclipse.m2e.maven.runtime_1.8.0.20160921-2001/jars/maven-repository-metadata-3.3.9.jar
b672d000-b672f000 r--s 00009000 08:07 263360     /home/akshat/Documents/DistributedComputing/eclipse/plugins/org.eclipse.m2e.maven.runtime_1.8.0.20160921-2001/jars/maven-settings-builder-3.3.9.jar
b672f000-b673c000 r--s 0008f000 08:07 263365     /home/akshat/Documents/DistributedComputing/eclipse/plugins/org.eclipse.m2e.maven.runtime_1.8.0.20160921-2001/jars/maven-core-3.3.9.jar
b673c000-b674a000 rw-p 00000000 00:00 0 
b674a000-b674b000 ---p 00000000 00:00 0 
b674b000-b675c000 rw-p 00000000 00:00 0 
b675c000-b6773000 r-xp 00000000 08:06 440373     /usr/local/java/jdk1.7.0_80/jre/lib/i386/libzip.so
b6773000-b6774000 rw-p 00016000 08:06 440373     /usr/local/java/jdk1.7.0_80/jre/lib/i386/libzip.so
b6774000-b677f000 r-xp 00000000 08:06 555855     /lib/i386-linux-gnu/libnss_files-2.23.so
b677f000-b6780000 r--p 0000a000 08:06 555855     /lib/i386-linux-gnu/libnss_files-2.23.so
b6780000-b6781000 rw-p 0000b000 08:06 555855     /lib/i386-linux-gnu/libnss_files-2.23.so
b6781000-b6787000 rw-p 00000000 00:00 0 
b6787000-b6792000 r-xp 00000000 08:06 555848     /lib/i386-linux-gnu/libnss_nis-2.23.so
b6792000-b6793000 r--p 0000a000 08:06 555848     /lib/i386-linux-gnu/libnss_nis-2.23.so
b6793000-b6794000 rw-p 0000b000 08:06 555848     /lib/i386-linux-gnu/libnss_nis-2.23.so
b6794000-b67ab000 r-xp 00000000 08:06 555850     /lib/i386-linux-gnu/libnsl-2.23.so
b67ab000-b67ac000 r--p 00016000 08:06 555850     /lib/i386-linux-gnu/libnsl-2.23.so
b67ac000-b67ad000 rw-p 00017000 08:06 555850     /lib/i386-linux-gnu/libnsl-2.23.so
b67ad000-b67af000 rw-p 00000000 00:00 0 
b67af000-b67b7000 r-xp 00000000 08:06 555856     /lib/i386-linux-gnu/libnss_compat-2.23.so
b67b7000-b67b8000 r--p 00007000 08:06 555856     /lib/i386-linux-gnu/libnss_compat-2.23.so
b67b8000-b67b9000 rw-p 00008000 08:06 555856     /lib/i386-linux-gnu/libnss_compat-2.23.so
b67b9000-b67ba000 r--s 00003000 08:07 263358     /home/akshat/Documents/DistributedComputing/eclipse/plugins/org.eclipse.m2e.maven.runtime_1.8.0.20160921-2001/jars/maven-builder-support-3.3.9.jar
b67ba000-b67bb000 r--s 0000a000 08:07 263336     /home/akshat/Documents/DistributedComputing/eclipse/plugins/org.eclipse.m2e.maven.runtime_1.8.0.20160921-2001/jars/maven-settings-3.3.9.jar
b67bb000-b67be000 r--s 00026000 08:07 263343     /home/akshat/Documents/DistributedComputing/eclipse/plugins/org.eclipse.m2e.maven.runtime_1.8.0.20160921-2001/jars/maven-model-3.3.9.jar
b67be000-b67c0000 r--s 0000b000 08:07 263333     /home/akshat/Documents/DistributedComputing/eclipse/plugins/org.eclipse.m2e.maven.runtime_1.8.0.20160921-2001/jars/plexus-classworlds-2.5.2.jar
b67c0000-b67c1000 r--p 002d4000 08:06 2007       /usr/lib/locale/locale-archive
b67c1000-b67cf000 rw-p 00000000 00:00 0 
b67cf000-b67f2000 r-xp 00000000 08:06 440350     /usr/local/java/jdk1.7.0_80/jre/lib/i386/libjava.so
b67f2000-b67f3000 rw-p 00023000 08:06 440350     /usr/local/java/jdk1.7.0_80/jre/lib/i386/libjava.so
b67f3000-b67fa000 r-xp 00000000 08:06 555857     /lib/i386-linux-gnu/librt-2.23.so
b67fa000-b67fb000 r--p 00006000 08:06 555857     /lib/i386-linux-gnu/librt-2.23.so
b67fb000-b67fc000 rw-p 00007000 08:06 555857     /lib/i386-linux-gnu/librt-2.23.so
b67fc000-b67ff000 ---p 00000000 00:00 0 
b67ff000-b684d000 rw-p 00000000 00:00 0 
b684d000-b68a0000 r-xp 00000000 08:06 555849     /lib/i386-linux-gnu/libm-2.23.so
b68a0000-b68a1000 r--p 00052000 08:06 555849     /lib/i386-linux-gnu/libm-2.23.so
b68a1000-b68a2000 rw-p 00053000 08:06 555849     /lib/i386-linux-gnu/libm-2.23.so
b68a2000-b7129000 r-xp 00000000 08:06 440333     /usr/local/java/jdk1.7.0_80/jre/lib/i386/server/libjvm.so
b7129000-b718d000 rw-p 00886000 08:06 440333     /usr/local/java/jdk1.7.0_80/jre/lib/i386/server/libjvm.so
b718d000-b75b1000 rw-p 00000000 00:00 0 
b75b1000-b7760000 r-xp 00000000 08:06 555851     /lib/i386-linux-gnu/libc-2.23.so
b7760000-b7761000 ---p 001af000 08:06 555851     /lib/i386-linux-gnu/libc-2.23.so
b7761000-b7763000 r--p 001af000 08:06 555851     /lib/i386-linux-gnu/libc-2.23.so
b7763000-b7764000 rw-p 001b1000 08:06 555851     /lib/i386-linux-gnu/libc-2.23.so
b7764000-b7767000 rw-p 00000000 00:00 0 
b7767000-b776a000 r-xp 00000000 08:06 555847     /lib/i386-linux-gnu/libdl-2.23.so
b776a000-b776b000 r--p 00002000 08:06 555847     /lib/i386-linux-gnu/libdl-2.23.so
b776b000-b776c000 rw-p 00003000 08:06 555847     /lib/i386-linux-gnu/libdl-2.23.so
b776c000-b7780000 r-xp 00000000 08:06 296707     /usr/local/java/jdk1.7.0_80/lib/i386/jli/libjli.so
b7780000-b7781000 rw-p 00013000 08:06 296707     /usr/local/java/jdk1.7.0_80/lib/i386/jli/libjli.so
b7781000-b779a000 r-xp 00000000 08:06 555861     /lib/i386-linux-gnu/libpthread-2.23.so
b779a000-b779b000 r--p 00018000 08:06 555861     /lib/i386-linux-gnu/libpthread-2.23.so
b779b000-b779c000 rw-p 00019000 08:06 555861     /lib/i386-linux-gnu/libpthread-2.23.so
b779c000-b779e000 rw-p 00000000 00:00 0 
b779e000-b77a6000 rw-s 00000000 08:06 840624     /tmp/hsperfdata_akshat/3451
b77a6000-b77a7000 rw-p 00000000 00:00 0 
b77a7000-b77a8000 ---p 00000000 00:00 0 
b77a8000-b77b3000 r-xp 00000000 08:06 440369     /usr/local/java/jdk1.7.0_80/jre/lib/i386/libverify.so
b77b3000-b77b4000 rw-p 0000b000 08:06 440369     /usr/local/java/jdk1.7.0_80/jre/lib/i386/libverify.so
b77b4000-b77b6000 rw-p 00000000 00:00 0 
b77b6000-b77b8000 r--p 00000000 00:00 0          [vvar]
b77b8000-b77b9000 r-xp 00000000 00:00 0          [vdso]
b77b9000-b77db000 r-xp 00000000 08:06 555852     /lib/i386-linux-gnu/ld-2.23.so
b77db000-b77dc000 rw-p 00000000 00:00 0 
b77dc000-b77dd000 r--p 00022000 08:06 555852     /lib/i386-linux-gnu/ld-2.23.so
b77dd000-b77de000 rw-p 00023000 08:06 555852     /lib/i386-linux-gnu/ld-2.23.so
bfdea000-bfdeb000 rwxp 00000000 00:00 0 
bfe1c000-bfe3e000 rw-p 00000000 00:00 0          [stack]

VM Arguments:
jvm_args: -Dmaven.home=EMBEDDED -Dclassworlds.conf=/home/akshat/workspace/.metadata/.plugins/org.eclipse.m2e.launching/launches/m2conf6041076081683680770.tmp -Dmaven.multiModuleProjectDirectory=/home/akshat/workspace/HCDistributed -Dfile.encoding=UTF-8 
java_command: org.codehaus.plexus.classworlds.launcher.Launcher -B package shade:shade
Launcher Type: SUN_STANDARD

Environment Variables:
JAVA_HOME=/usr/local/java/jdk1.8.0_101
JRE_HOME=/usr/local/java/jdk1.8.0_101/jre
PATH=/home/akshat/Documents/DistributedComputing/hadoop-2.7.2/bin:/home/akshat/Downloads/mosek/7/tools/platform/linux32x86/bin:/home/akshat/Downloads/sublime_text_3/sublime_text:/home/akshat/Documents/DistributedComputing/eclipse:/home/akshat/bin:/home/akshat/.local/bin:/usr/local/sbin:/usr/local/bin:/usr/sbin:/usr/bin:/sbin:/bin:/usr/games:/usr/local/games:/snap/bin:/usr/local/java/jdk1.8.0_101/bin:/usr/local/java/jdk1.8.0_101/jre/bin
LD_LIBRARY_PATH=/usr/local/java/jdk1.7.0_80/jre/lib/i386/server:/usr/local/java/jdk1.7.0_80/jre/lib/i386:/usr/local/java/jdk1.7.0_80/jre/../lib/i386:/usr/local/java/jdk1.8.0_101/jre/lib/i386/client:/usr/local/java/jdk1.8.0_101/jre/lib/i386:
SHELL=/bin/bash
DISPLAY=:0

Signal Handlers:
SIGSEGV: [libjvm.so+0x7eb160], sa_mask[0]=0x7ffbfeff, sa_flags=0x10000004
SIGBUS: [libjvm.so+0x7eb160], sa_mask[0]=0x7ffbfeff, sa_flags=0x10000004
SIGFPE: [libjvm.so+0x684ac0], sa_mask[0]=0x7ffbfeff, sa_flags=0x10000004
SIGPIPE: [libjvm.so+0x684ac0], sa_mask[0]=0x7ffbfeff, sa_flags=0x10000004
SIGXFSZ: [libjvm.so+0x684ac0], sa_mask[0]=0x7ffbfeff, sa_flags=0x10000004
SIGILL: [libjvm.so+0x684ac0], sa_mask[0]=0x7ffbfeff, sa_flags=0x10000004
SIGUSR1: SIG_DFL, sa_mask[0]=0x00000000, sa_flags=0x00000000
SIGUSR2: [libjvm.so+0x686330], sa_mask[0]=0x00000004, sa_flags=0x10000004
SIGHUP: [libjvm.so+0x687660], sa_mask[0]=0x7ffbfeff, sa_flags=0x10000004
SIGINT: [libjvm.so+0x687660], sa_mask[0]=0x7ffbfeff, sa_flags=0x10000004
SIGTERM: [libjvm.so+0x687660], sa_mask[0]=0x7ffbfeff, sa_flags=0x10000004
SIGQUIT: [libjvm.so+0x687660], sa_mask[0]=0x7ffbfeff, sa_flags=0x10000004


---------------  S Y S T E M  ---------------

OS:stretch/sid

uname:Linux 4.4.0-75-generic #96-Ubuntu SMP Thu Apr 20 09:55:15 UTC 2017 i686
libc:glibc 2.23 NPTL 2.23 
rlimit: STACK 8192k, CORE 0k, NPROC 15619, NOFILE 65536, AS infinity
load average:2.85 1.20 0.72

/proc/meminfo:
MemTotal:        2036416 kB
MemFree:          124944 kB
MemAvailable:      37472 kB
Buffers:           13576 kB
Cached:           344632 kB
SwapCached:            0 kB
Active:          1511712 kB
Inactive:         324980 kB
Active(anon):    1480176 kB
Inactive(anon):   276844 kB
Active(file):      31536 kB
Inactive(file):    48136 kB
Unevictable:         252 kB
Mlocked:             252 kB
HighTotal:       1157832 kB
HighFree:          14828 kB
LowTotal:         878584 kB
LowFree:          110116 kB
SwapTotal:             0 kB
SwapFree:              0 kB
Dirty:                48 kB
Writeback:             0 kB
AnonPages:       1478984 kB
Mapped:            72812 kB
Shmem:            278288 kB
Slab:              36080 kB
SReclaimable:      17128 kB
SUnreclaim:        18952 kB
KernelStack:        4104 kB
PageTables:        10996 kB
NFS_Unstable:          0 kB
Bounce:                0 kB
WritebackTmp:          0 kB
CommitLimit:     1018208 kB
Committed_AS:    5106236 kB
VmallocTotal:     122880 kB
VmallocUsed:           0 kB
VmallocChunk:          0 kB
AnonHugePages:    503808 kB
CmaTotal:              0 kB
CmaFree:               0 kB
HugePages_Total:       0
HugePages_Free:        0
HugePages_Rsvd:        0
HugePages_Surp:        0
Hugepagesize:       2048 kB
DirectMap4k:       45048 kB
DirectMap2M:      868352 kB


CPU:total 2 (2 cores per cpu, 1 threads per core) family 6 model 15 stepping 13, cmov, cx8, fxsr, mmx, sse, sse2, sse3, ssse3, tsc

/proc/cpuinfo:
processor	: 0
vendor_id	: GenuineIntel
cpu family	: 6
model		: 15
model name	: Intel(R) Core(TM)2 Duo CPU     T5870  @ 2.00GHz
stepping	: 13
microcode	: 0xa3
cpu MHz		: 800.000
cache size	: 2048 KB
physical id	: 0
siblings	: 2
core id		: 0
cpu cores	: 2
apicid		: 0
initial apicid	: 0
fdiv_bug	: no
f00f_bug	: no
coma_bug	: no
fpu		: yes
fpu_exception	: yes
cpuid level	: 10
wp		: yes
flags		: fpu vme de pse tsc msr pae mce cx8 apic sep mtrr pge mca cmov pat pse36 clflush dts acpi mmx fxsr sse sse2 ss ht tm pbe nx lm constant_tsc arch_perfmon pebs bts aperfmperf pni dtes64 monitor ds_cpl est tm2 ssse3 cx16 xtpr pdcm lahf_lm dtherm ida
bugs		:
bogomips	: 3990.05
clflush size	: 64
cache_alignment	: 64
address sizes	: 36 bits physical, 48 bits virtual
power management:

processor	: 1
vendor_id	: GenuineIntel
cpu family	: 6
model		: 15
model name	: Intel(R) Core(TM)2 Duo CPU     T5870  @ 2.00GHz
stepping	: 13
microcode	: 0xa3
cpu MHz		: 2001.000
cache size	: 2048 KB
physical id	: 0
siblings	: 2
core id		: 1
cpu cores	: 2
apicid		: 1
initial apicid	: 1
fdiv_bug	: no
f00f_bug	: no
coma_bug	: no
fpu		: yes
fpu_exception	: yes
cpuid level	: 10
wp		: yes
flags		: fpu vme de pse tsc msr pae mce cx8 apic sep mtrr pge mca cmov pat pse36 clflush dts acpi mmx fxsr sse sse2 ss ht tm pbe nx lm constant_tsc arch_perfmon pebs bts aperfmperf pni dtes64 monitor ds_cpl est tm2 ssse3 cx16 xtpr pdcm lahf_lm dtherm ida
bugs		:
bogomips	: 3990.05
clflush size	: 64
cache_alignment	: 64
address sizes	: 36 bits physical, 48 bits virtual
power management:



Memory: 4k page, physical 2036416k(124944k free), swap 0k(0k free)

vm_info: Java HotSpot(TM) Server VM (24.80-b11) for linux-x86 JRE (1.7.0_80-b15), built on Apr 10 2015 12:29:10 by "java_re" with gcc 4.3.0 20080428 (Red Hat 4.3.0-8)

time: Sun May  7 20:37:08 2017
elapsed time: 43 seconds

