#
# There is insufficient memory for the Java Runtime Environment to continue.
# Native memory allocation (malloc) failed to allocate 76283904 bytes for committing reserved memory.
# Possible reasons:
#   The system is out of physical RAM or swap space
#   In 32 bit mode, the process size limit was hit
# Possible solutions:
#   Reduce memory load on the system
#   Increase physical memory or swap space
#   Check if swap backing store is full
#   Use 64 bit Java on a 64 bit OS
#   Decrease Java heap size (-Xmx/-Xms)
#   Decrease number of Java threads
#   Decrease Java thread stack sizes (-Xss)
#   Set larger code cache with -XX:ReservedCodeCacheSize=
# This output file may be truncated or incomplete.
#
#  Out of Memory Error (os_linux.cpp:2756), pid=5302, tid=2388654912
#
# JRE version: Java(TM) SE Runtime Environment (7.0_80-b15) (build 1.7.0_80-b15)
# Java VM: Java HotSpot(TM) Server VM (24.80-b11 mixed mode linux-x86 )
# Failed to write core dump. Core dumps have been disabled. To enable core dumping, try "ulimit -c unlimited" before starting Java again
#

---------------  T H R E A D  ---------------

Current thread (0x8e610400):  VMThread [stack: 0x8e57f000,0x8e600000] [id=5310]

Stack: [0x8e57f000,0x8e600000],  sp=0x8e5fe8f0,  free space=510k
Native frames: (J=compiled Java code, j=interpreted, Vv=VM code, C=native code)
V  [libjvm.so+0x7ea656]  VMError::report_and_die()+0x1a6
V  [libjvm.so+0x33eb82]  report_vm_out_of_memory(char const*, int, unsigned int, char const*)+0x72
V  [libjvm.so+0x687fb1]  os::Linux::commit_memory_impl(char*, unsigned int, bool)+0xe1
V  [libjvm.so+0x688478]  os::pd_commit_memory(char*, unsigned int, unsigned int, bool)+0x28
V  [libjvm.so+0x681b2c]  os::commit_memory(char*, unsigned int, unsigned int, bool)+0x2c
V  [libjvm.so+0x6ea8d8]  PSVirtualSpace::expand_by(unsigned int)+0x48
V  [libjvm.so+0x6dcd01]  PSOldGen::expand(unsigned int)+0x141
V  [libjvm.so+0x6dcdcf]  PSOldGen::resize(unsigned int)+0x8f
V  [libjvm.so+0x6e39d6]  PSParallelCompact::invoke_no_policy(bool)+0x8b6
V  [libjvm.so+0x6e8fed]  PSScavenge::invoke()+0x16d
V  [libjvm.so+0x6a851a]  ParallelScavengeHeap::failed_mem_allocate(unsigned int)+0x5a
V  [libjvm.so+0x7ebeea]  VM_ParallelGCFailedAllocation::doit()+0x7a
V  [libjvm.so+0x7f4d07]  VM_Operation::evaluate()+0x47
V  [libjvm.so+0x7f2da3]  VMThread::evaluate_operation(VM_Operation*)+0xb3
V  [libjvm.so+0x7f3140]  VMThread::loop()+0x1b0
V  [libjvm.so+0x7f35a5]  VMThread::run()+0x85
V  [libjvm.so+0x68a249]  java_start(Thread*)+0x119
C  [libpthread.so.0+0x6295]  start_thread+0xe5

VM_Operation (0xb67ea404): ParallelGCFailedAllocation, mode: safepoint, requested by thread 0xb6607c00


---------------  P R O C E S S  ---------------

Java Threads: ( => current thread )
  0x8e62ac00 JavaThread "Service Thread" daemon [_thread_blocked, id=5316, stack(0x8e1db000,0x8e22c000)]
  0x8e629000 JavaThread "C2 CompilerThread1" daemon [_thread_blocked, id=5315, stack(0x8e22c000,0x8e2ad000)]
  0x8e627000 JavaThread "C2 CompilerThread0" daemon [_thread_blocked, id=5314, stack(0x8e2ad000,0x8e32e000)]
  0x8e625800 JavaThread "Signal Dispatcher" daemon [_thread_blocked, id=5313, stack(0x8e32e000,0x8e37f000)]
  0x8e614800 JavaThread "Finalizer" daemon [_thread_blocked, id=5312, stack(0x8e72d000,0x8e77e000)]
  0x8e613000 JavaThread "Reference Handler" daemon [_thread_blocked, id=5311, stack(0x8fe09000,0x8fe5a000)]
  0xb6607c00 JavaThread "main" [_thread_blocked, id=5307, stack(0xb679c000,0xb67ed000)]

Other Threads:
=>0x8e610400 VMThread [stack: 0x8e57f000,0x8e600000] [id=5310]
  0x8e62c800 WatcherThread [stack: 0x8e15a000,0x8e1db000] [id=5317]

VM state:at safepoint (normal execution)

VM Mutex/Monitor currently owned by a thread:  ([mutex/lock_event])
[0xb6604c08] ExpandHeap_lock - owner thread: 0x8e610400
[0xb6605150] Threads_lock - owner thread: 0x8e610400
[0xb6605560] Heap_lock - owner thread: 0xb6607c00

Heap
 PSYoungGen      total 90624K, used 16558K [0xa8f00000, 0xb3500000, 0xb3500000)
  eden space 56832K, 0% used [0xa8f00000,0xa8f00000,0xac680000)
  from space 33792K, 49% used [0xb1400000,0xb242b978,0xb3500000)
  to   space 56576K, 0% used [0xac680000,0xac680000,0xafdc0000)
 ParOldGen       total 159488K, used 159449K [0x94300000, 0x9dec0000, 0xa8f00000)
  object space 159488K, 99% used [0x94300000,0x9deb66a8,0x9dec0000)
 PSPermGen       total 28928K, used 12945K [0x90300000, 0x91f40000, 0x94300000)
  object space 28928K, 44% used [0x90300000,0x90fa4520,0x91f40000)

Card table byte_map: [0x901e6000,0x90300000] byte_map_base: 0x8fd64800

Polling page: 0xb7747000

Code Cache  [0xb35e8000, 0xb3898000, 0xb65e8000)
 total_blobs=896 nmethods=754 adapters=96 free_code_cache=46446Kb largest_free_block=47529088

Compilation events (10 events):
Event: 31.501 Thread 0x8e627000  845             com.sun.tools.javac.code.Type$ClassType::accept (9 bytes)
Event: 31.501 Thread 0x8e627000 nmethod 845 0xb388e8c8 code [0xb388e9c0, 0xb388ea30]
Event: 31.504 Thread 0x8e629000 nmethod 843% 0xb3892988 code [0xb3892b80, 0xb38935dc]
Event: 31.504 Thread 0x8e627000  846             com.sun.tools.javac.code.Types$UnaryVisitor::visit (7 bytes)
Event: 31.505 Thread 0x8e627000 nmethod 846 0xb388cfc8 code [0xb388d0c0, 0xb388d150]
Event: 31.507 Thread 0x8e627000  848             com.sun.tools.javac.code.Scope::lookup (67 bytes)
Event: 31.512 Thread 0x8e627000 nmethod 848 0xb3885048 code [0xb3885160, 0xb3885370]
Event: 31.512 Thread 0x8e629000  847             com.sun.tools.javac.code.Scope::lookup (9 bytes)
Event: 31.514 Thread 0x8e627000  849             com.sun.tools.javac.jvm.ClassReader::classSigToType (441 bytes)
Event: 31.517 Thread 0x8e629000 nmethod 847 0xb38878c8 code [0xb38879e0, 0xb3887b90]

GC Heap History (10 events):
Event: 19.318 GC heap after
Heap after GC invocations=14 (full 0):
 PSYoungGen      total 118016K, used 6647K [0xa8f00000, 0xb3500000, 0xb3500000)
  eden space 111360K, 0% used [0xa8f00000,0xa8f00000,0xafbc0000)
  from space 6656K, 99% used [0xb1400000,0xb1a7df80,0xb1a80000)
  to   space 24832K, 0% used [0xafbc0000,0xafbc0000,0xb1400000)
 ParOldGen       total 60928K, used 60635K [0x94300000, 0x97e80000, 0xa8f00000)
  object space 60928K, 99% used [0x94300000,0x97e36ca0,0x97e80000)
 PSPermGen       total 16384K, used 12793K [0x90300000, 0x91300000, 0x94300000)
  object space 16384K, 78% used [0x90300000,0x90f7e770,0x91300000)
}
Event: 19.318 GC heap before
{Heap before GC invocations=15 (full 1):
 PSYoungGen      total 118016K, used 6647K [0xa8f00000, 0xb3500000, 0xb3500000)
  eden space 111360K, 0% used [0xa8f00000,0xa8f00000,0xafbc0000)
  from space 6656K, 99% used [0xb1400000,0xb1a7df80,0xb1a80000)
  to   space 24832K, 0% used [0xafbc0000,0xafbc0000,0xb1400000)
 ParOldGen       total 60928K, used 60635K [0x94300000, 0x97e80000, 0xa8f00000)
  object space 60928K, 99% used [0x94300000,0x97e36ca0,0x97e80000)
 PSPermGen       total 16384K, used 12793K [0x90300000, 0x91300000, 0x94300000)
  object space 16384K, 78% used [0x90300000,0x90f7e770,0x91300000)
Event: 20.007 GC heap after
Heap after GC invocations=15 (full 1):
 PSYoungGen      total 118016K, used 752K [0xa8f00000, 0xb3500000, 0xb3500000)
  eden space 111360K, 0% used [0xa8f00000,0xa8f00000,0xafbc0000)
  from space 6656K, 11% used [0xb1400000,0xb14bc3d0,0xb1a80000)
  to   space 24832K, 0% used [0xafbc0000,0xafbc0000,0xb1400000)
 ParOldGen       total 93440K, used 60832K [0x94300000, 0x99e40000, 0xa8f00000)
  object space 93440K, 65% used [0x94300000,0x97e683e0,0x99e40000)
 PSPermGen       total 25600K, used 12785K [0x90300000, 0x91c00000, 0x94300000)
  object space 25600K, 49% used [0x90300000,0x90f7c728,0x91c00000)
}
Event: 25.227 GC heap before
{Heap before GC invocations=16 (full 1):
 PSYoungGen      total 118016K, used 112112K [0xa8f00000, 0xb3500000, 0xb3500000)
  eden space 111360K, 100% used [0xa8f00000,0xafbc0000,0xafbc0000)
  from space 6656K, 11% used [0xb1400000,0xb14bc3d0,0xb1a80000)
  to   space 24832K, 0% used [0xafbc0000,0xafbc0000,0xb1400000)
 ParOldGen       total 93440K, used 60832K [0x94300000, 0x99e40000, 0xa8f00000)
  object space 93440K, 65% used [0x94300000,0x97e683e0,0x99e40000)
 PSPermGen       total 25600K, used 12794K [0x90300000, 0x91c00000, 0x94300000)
  object space 25600K, 49% used [0x90300000,0x90f7eb20,0x91c00000)
Event: 25.547 GC heap after
Heap after GC invocations=16 (full 1):
 PSYoungGen      total 136192K, used 24828K [0xa8f00000, 0xb3500000, 0xb3500000)
  eden space 111360K, 0% used [0xa8f00000,0xa8f00000,0xafbc0000)
  from space 24832K, 99% used [0xafbc0000,0xb13ff3f8,0xb1400000)
  to   space 33792K, 0% used [0xb1400000,0xb1400000,0xb3500000)
 ParOldGen       total 104448K, used 104215K [0x94300000, 0x9a900000, 0xa8f00000)
  object space 104448K, 99% used [0x94300000,0x9a8c5c68,0x9a900000)
 PSPermGen       total 25600K, used 12794K [0x90300000, 0x91c00000, 0x94300000)
  object space 25600K, 49% used [0x90300000,0x90f7eb20,0x91c00000)
}
Event: 25.547 GC heap before
{Heap before GC invocations=17 (full 2):
 PSYoungGen      total 136192K, used 24828K [0xa8f00000, 0xb3500000, 0xb3500000)
  eden space 111360K, 0% used [0xa8f00000,0xa8f00000,0xafbc0000)
  from space 24832K, 99% used [0xafbc0000,0xb13ff3f8,0xb1400000)
  to   space 33792K, 0% used [0xb1400000,0xb1400000,0xb3500000)
 ParOldGen       total 104448K, used 104215K [0x94300000, 0x9a900000, 0xa8f00000)
  object space 104448K, 99% used [0x94300000,0x9a8c5c68,0x9a900000)
 PSPermGen       total 25600K, used 12794K [0x90300000, 0x91c00000, 0x94300000)
  object space 25600K, 49% used [0x90300000,0x90f7eb20,0x91c00000)
Event: 26.539 GC heap after
Heap after GC invocations=17 (full 2):
 PSYoungGen      total 136192K, used 23913K [0xa8f00000, 0xb3500000, 0xb3500000)
  eden space 111360K, 0% used [0xa8f00000,0xa8f00000,0xafbc0000)
  from space 24832K, 96% used [0xafbc0000,0xb131a570,0xb1400000)
  to   space 33792K, 0% used [0xb1400000,0xb1400000,0xb3500000)
 ParOldGen       total 159488K, used 104290K [0x94300000, 0x9dec0000, 0xa8f00000)
  object space 159488K, 65% used [0x94300000,0x9a8d8a00,0x9dec0000)
 PSPermGen       total 28928K, used 12794K [0x90300000, 0x91f40000, 0x94300000)
  object space 28928K, 44% used [0x90300000,0x90f7eb00,0x91f40000)
}
Event: 31.527 GC heap before
{Heap before GC invocations=18 (full 2):
 PSYoungGen      total 136192K, used 135273K [0xa8f00000, 0xb3500000, 0xb3500000)
  eden space 111360K, 100% used [0xa8f00000,0xafbc0000,0xafbc0000)
  from space 24832K, 96% used [0xafbc0000,0xb131a570,0xb1400000)
  to   space 33792K, 0% used [0xb1400000,0xb1400000,0xb3500000)
 ParOldGen       total 159488K, used 104290K [0x94300000, 0x9dec0000, 0xa8f00000)
  object space 159488K, 65% used [0x94300000,0x9a8d8a00,0x9dec0000)
 PSPermGen       total 28928K, used 12945K [0x90300000, 0x91f40000, 0x94300000)
  object space 28928K, 44% used [0x90300000,0x90fa45f0,0x91f40000)
Event: 31.960 GC heap after
Heap after GC invocations=18 (full 2):
 PSYoungGen      total 90624K, used 33788K [0xa8f00000, 0xb3500000, 0xb3500000)
  eden space 56832K, 0% used [0xa8f00000,0xa8f00000,0xac680000)
  from space 33792K, 99% used [0xb1400000,0xb34ff180,0xb3500000)
  to   space 56576K, 0% used [0xac680000,0xac680000,0xafdc0000)
 ParOldGen       total 159488K, used 143399K [0x94300000, 0x9dec0000, 0xa8f00000)
  object space 159488K, 89% used [0x94300000,0x9cf09e30,0x9dec0000)
 PSPermGen       total 28928K, used 12945K [0x90300000, 0x91f40000, 0x94300000)
  object space 28928K, 44% used [0x90300000,0x90fa45f0,0x91f40000)
}
Event: 31.960 GC heap before
{Heap before GC invocations=19 (full 3):
 PSYoungGen      total 90624K, used 33788K [0xa8f00000, 0xb3500000, 0xb3500000)
  eden space 56832K, 0% used [0xa8f00000,0xa8f00000,0xac680000)
  from space 33792K, 99% used [0xb1400000,0xb34ff180,0xb3500000)
  to   space 56576K, 0% used [0xac680000,0xac680000,0xafdc0000)
 ParOldGen       total 159488K, used 143399K [0x94300000, 0x9dec0000, 0xa8f00000)
  object space 159488K, 89% used [0x94300000,0x9cf09e30,0x9dec0000)
 PSPermGen       total 28928K, used 12945K [0x90300000, 0x91f40000, 0x94300000)
  object space 28928K, 44% used [0x90300000,0x90fa45f0,0x91f40000)

Deoptimization events (10 events):
Event: 31.351 Thread 0xb6607c00 Uncommon trap: reason=bimorphic action=maybe_recompile pc=0xb37a3190 method=com.sun.tools.javac.tree.JCTree$JCVariableDecl.accept(Lcom/sun/tools/javac/tree/JCTree$Visitor;)V @ 2
Event: 31.352 Thread 0xb6607c00 Uncommon trap: reason=unstable_if action=reinterpret pc=0xb387d7b0 method=com.sun.tools.javac.code.Scope.remove(Lcom/sun/tools/javac/code/Symbol;)V @ 165
Event: 31.377 Thread 0xb6607c00 Uncommon trap: reason=unstable_if action=reinterpret pc=0xb37a548c method=com.sun.tools.javac.code.Scope.getIndex(Lcom/sun/tools/javac/util/Name;)I @ 45
Event: 31.436 Thread 0xb6607c00 Uncommon trap: reason=bimorphic action=maybe_recompile pc=0xb388075c method=com.sun.tools.javac.code.Symbol$TypeSymbol.formFlatName(Lcom/sun/tools/javac/util/Name;Lcom/sun/tools/javac/code/Symbol;)Lcom/sun/tools/javac/util/Name; @ 53
Event: 31.436 Thread 0xb6607c00 Uncommon trap: reason=bimorphic action=maybe_recompile pc=0xb388075c method=com.sun.tools.javac.code.Symbol$TypeSymbol.formFlatName(Lcom/sun/tools/javac/util/Name;Lcom/sun/tools/javac/code/Symbol;)Lcom/sun/tools/javac/util/Name; @ 53
Event: 31.462 Thread 0xb6607c00 Uncommon trap: reason=unstable_if action=reinterpret pc=0xb3881100 method=com.sun.tools.javac.code.Scope.lookup(Lcom/sun/tools/javac/util/Name;Lcom/sun/tools/javac/util/Filter;)Lcom/sun/tools/javac/code/Scope$Entry; @ 19
Event: 31.462 Thread 0xb6607c00 Uncommon trap: reason=unstable_if action=reinterpret pc=0xb3886ab0 method=com.sun.tools.javac.code.Scope.lookup(Lcom/sun/tools/javac/util/Name;Lcom/sun/tools/javac/util/Filter;)Lcom/sun/tools/javac/code/Scope$Entry; @ 19
Event: 31.478 Thread 0xb6607c00 Uncommon trap: reason=unstable_if action=reinterpret pc=0xb3885df4 method=com.sun.tools.javac.jvm.ClassReader.classSigToType()Lcom/sun/tools/javac/code/Type; @ 148
Event: 31.491 Thread 0xb6607c00 Uncommon trap: reason=unstable_if action=reinterpret pc=0xb3783004 method=com.sun.tools.javac.util.BaseFileManager.getKind(Ljava/lang/String;)Ljavax/tools/JavaFileObject$Kind; @ 44
Event: 31.491 Thread 0xb6607c00 Uncommon trap: reason=unstable_if action=reinterpret pc=0xb3880744 method=com.sun.tools.javac.code.Symbol$TypeSymbol.formFlatName(Lcom/sun/tools/javac/util/Name;Lcom/sun/tools/javac/code/Symbol;)Lcom/sun/tools/javac/util/Name; @ 72

Internal exceptions (10 events):
Event: 31.349 Thread 0xb6607c00 Threw 0xaf9a1008 at /HUDSON/workspace/7u-2-build-linux-i586/jdk7u80/2329/hotspot/src/share/vm/prims/jvm.cpp:1319
Event: 31.350 Thread 0xb6607c00 Threw 0xaf9a1690 at /HUDSON/workspace/7u-2-build-linux-i586/jdk7u80/2329/hotspot/src/share/vm/prims/jvm.cpp:1319
Event: 31.353 Thread 0xb6607c00 Threw 0xaf9aa590 at /HUDSON/workspace/7u-2-build-linux-i586/jdk7u80/2329/hotspot/src/share/vm/prims/jvm.cpp:1319
Event: 31.353 Thread 0xb6607c00 Threw 0xaf9aae88 at /HUDSON/workspace/7u-2-build-linux-i586/jdk7u80/2329/hotspot/src/share/vm/prims/jvm.cpp:1319
Event: 31.353 Thread 0xb6607c00 Threw 0xaf9ad590 at /HUDSON/workspace/7u-2-build-linux-i586/jdk7u80/2329/hotspot/src/share/vm/prims/jvm.cpp:1319
Event: 31.353 Thread 0xb6607c00 Threw 0xaf9ade70 at /HUDSON/workspace/7u-2-build-linux-i586/jdk7u80/2329/hotspot/src/share/vm/prims/jvm.cpp:1319
Event: 31.365 Thread 0xb6607c00 Threw 0xaf9b4598 at /HUDSON/workspace/7u-2-build-linux-i586/jdk7u80/2329/hotspot/src/share/vm/prims/jvm.cpp:1319
Event: 31.365 Thread 0xb6607c00 Threw 0xaf9b5030 at /HUDSON/workspace/7u-2-build-linux-i586/jdk7u80/2329/hotspot/src/share/vm/prims/jvm.cpp:1319
Event: 31.367 Thread 0xb6607c00 Threw 0xaf9bb490 at /HUDSON/workspace/7u-2-build-linux-i586/jdk7u80/2329/hotspot/src/share/vm/prims/jvm.cpp:1319
Event: 31.367 Thread 0xb6607c00 Threw 0xaf9bbae0 at /HUDSON/workspace/7u-2-build-linux-i586/jdk7u80/2329/hotspot/src/share/vm/prims/jvm.cpp:1319

Events (10 events):
Event: 31.478 Thread 0xb6607c00 Uncommon trap: trap_request=0xffffff75 fr.pc=0xb3885df4
Event: 31.478 Thread 0xb6607c00 DEOPT PACKING pc=0xb3885df4 sp=0xb67ea550
Event: 31.478 Thread 0xb6607c00 DEOPT UNPACKING pc=0xb3614bc8 sp=0xb67ea540 mode 2
Event: 31.491 Thread 0xb6607c00 Uncommon trap: trap_request=0xffffff75 fr.pc=0xb3783004
Event: 31.491 Thread 0xb6607c00 DEOPT PACKING pc=0xb3783004 sp=0xb67ea210
Event: 31.491 Thread 0xb6607c00 DEOPT UNPACKING pc=0xb3614bc8 sp=0xb67ea1f0 mode 2
Event: 31.491 Thread 0xb6607c00 Uncommon trap: trap_request=0xffffff75 fr.pc=0xb3880744
Event: 31.491 Thread 0xb6607c00 DEOPT PACKING pc=0xb3880744 sp=0xb67ea230
Event: 31.491 Thread 0xb6607c00 DEOPT UNPACKING pc=0xb3614bc8 sp=0xb67ea228 mode 2
Event: 31.527 Executing VM operation: ParallelGCFailedAllocation


Dynamic libraries:
08048000-08049000 r-xp 00000000 08:06 705763     /usr/local/java/jdk1.7.0_80/bin/java
08049000-0804a000 rw-p 00000000 08:06 705763     /usr/local/java/jdk1.7.0_80/bin/java
090e1000-09705000 rw-p 00000000 00:00 0          [heap]
8cb00000-8cbfd000 rw-p 00000000 00:00 0 
8cbfd000-8cc00000 ---p 00000000 00:00 0 
8cc00000-8cd00000 rw-p 00000000 00:00 0 
8cd00000-8cdfc000 rw-p 00000000 00:00 0 
8cdfc000-8ce00000 ---p 00000000 00:00 0 
8cf00000-8cfcb000 rw-p 00000000 00:00 0 
8cfcb000-8d000000 ---p 00000000 00:00 0 
8d100000-8d1fe000 rw-p 00000000 00:00 0 
8d1fe000-8d200000 ---p 00000000 00:00 0 
8d200000-8d300000 rw-p 00000000 00:00 0 
8d300000-8d3f5000 rw-p 00000000 00:00 0 
8d3f5000-8d400000 ---p 00000000 00:00 0 
8d400000-8d4fd000 rw-p 00000000 00:00 0 
8d4fd000-8d500000 ---p 00000000 00:00 0 
8d500000-8d5fb000 rw-p 00000000 00:00 0 
8d5fb000-8d600000 ---p 00000000 00:00 0 
8d700000-8d7fe000 rw-p 00000000 00:00 0 
8d7fe000-8d800000 ---p 00000000 00:00 0 
8d900000-8daff000 rw-p 00000000 00:00 0 
8daff000-8db00000 ---p 00000000 00:00 0 
8dbac000-8dc17000 r--s 00e21000 08:06 296708     /usr/local/java/jdk1.7.0_80/lib/tools.jar
8dc17000-8dc18000 r--s 00004000 08:07 534879     /home/akshat/.m2/repository/org/codehaus/plexus/plexus-compiler-javac/2.7/plexus-compiler-javac-2.7.jar
8dc18000-8dc1a000 r--s 00000000 08:07 276263     /home/akshat/.m2/repository/org/codehaus/plexus/plexus-compiler-manager/2.7/plexus-compiler-manager-2.7.jar
8dc1a000-8dc1c000 r--s 00005000 08:07 276261     /home/akshat/.m2/repository/org/codehaus/plexus/plexus-compiler-api/2.7/plexus-compiler-api-2.7.jar
8dc1c000-8dc1e000 r--s 00002000 08:07 534877     /home/akshat/.m2/repository/org/apache/maven/shared/maven-shared-incremental/1.1/maven-shared-incremental-1.1.jar
8dc1e000-8dc20000 r--s 00006000 08:07 407358     /home/akshat/.m2/repository/com/google/code/findbugs/jsr305/2.0.1/jsr305-2.0.1.jar
8dc20000-8dc24000 r--s 0002a000 08:07 407356     /home/akshat/.m2/repository/commons-io/commons-io/2.4/commons-io-2.4.jar
8dc24000-8dc27000 r--s 00023000 08:07 407354     /home/akshat/.m2/repository/org/apache/maven/shared/maven-shared-utils/3.0.0/maven-shared-utils-3.0.0.jar
8dc27000-8dc29000 r--s 00002000 08:07 276257     /home/akshat/.m2/repository/org/sonatype/plexus/plexus-cipher/1.4/plexus-cipher-1.4.jar
8dc29000-8dc2a000 r--s 00006000 08:07 165725     /home/akshat/.m2/repository/org/sonatype/plexus/plexus-sec-dispatcher/1.3/plexus-sec-dispatcher-1.3.jar
8dc2a000-8dc2c000 r--s 00000000 08:07 165723     /home/akshat/.m2/repository/org/codehaus/plexus/plexus-component-annotations/1.5.5/plexus-component-annotations-1.5.5.jar
8dc2c000-8dc30000 r--s 00017000 08:07 276255     /home/akshat/.m2/repository/org/sonatype/aether/aether-util/1.7/aether-util-1.7.jar
8dc30000-8dc34000 r--s 00033000 08:07 165711     /home/akshat/.m2/repository/org/codehaus/plexus/plexus-utils/2.0.4/plexus-utils-2.0.4.jar
8dc34000-8dc3f000 r--s 00069000 08:07 165707     /home/akshat/.m2/repository/org/sonatype/sisu/sisu-guice/2.1.7/sisu-guice-2.1.7-noaop.jar
8dc3f000-8de00000 rw-p 00000000 00:00 0 
8de00000-8defe000 rw-p 00000000 00:00 0 
8defe000-8df00000 ---p 00000000 00:00 0 
8df00000-8dfff000 rw-p 00000000 00:00 0 
8dfff000-8e000000 ---p 00000000 00:00 0 
8e000000-8e100000 rw-p 00000000 00:00 0 
8e100000-8e102000 r--s 0000d000 08:07 165719     /home/akshat/.m2/repository/org/codehaus/plexus/plexus-interpolation/1.14/plexus-interpolation-1.14.jar
8e102000-8e107000 r--s 00021000 08:07 165705     /home/akshat/.m2/repository/org/sonatype/sisu/sisu-inject-bean/1.4.2/sisu-inject-bean-1.4.2.jar
8e107000-8e109000 r--s 0000b000 08:07 152863     /home/akshat/.m2/repository/org/apache/maven/plugins/maven-compiler-plugin/3.5.1/maven-compiler-plugin-3.5.1.jar
8e109000-8e10b000 r--s 0000d000 08:07 276317     /home/akshat/.m2/repository/org/codehaus/plexus/plexus-interpolation/1.13/plexus-interpolation-1.13.jar
8e10b000-8e10c000 r--s 00001000 08:07 276315     /home/akshat/.m2/repository/org/sonatype/plexus/plexus-build-api/0.0.4/plexus-build-api-0.0.4.jar
8e10c000-8e10e000 r--s 00009000 08:07 534905     /home/akshat/.m2/repository/org/apache/maven/shared/maven-filtering/1.1/maven-filtering-1.1.jar
8e10e000-8e112000 r--s 00033000 08:07 165769     /home/akshat/.m2/repository/org/codehaus/plexus/plexus-utils/2.0.5/plexus-utils-2.0.5.jar
8e112000-8e115000 r--s 0001b000 08:07 276313     /home/akshat/.m2/repository/junit/junit/3.8.1/junit-3.8.1.jar
8e115000-8e117000 r--s 00002000 08:07 276309     /home/akshat/.m2/repository/org/codehaus/plexus/plexus-interactivity-api/1.0-alpha-4/plexus-interactivity-api-1.0-alpha-4.jar
8e117000-8e119000 r--s 00006000 08:07 407424     /home/akshat/.m2/repository/commons-cli/commons-cli/1.0/commons-cli-1.0.jar
8e119000-8e11a000 r--s 00001000 08:07 407420     /home/akshat/.m2/repository/org/apache/maven/doxia/doxia-sink-api/1.0-alpha-7/doxia-sink-api-1.0-alpha-7.jar
8e11a000-8e11b000 r--s 00002000 08:07 407418     /home/akshat/.m2/repository/org/apache/maven/reporting/maven-reporting-api/2.0.6/maven-reporting-api-2.0.6.jar
8e11b000-8e11d000 r--s 00006000 08:07 155750     /home/akshat/.m2/repository/org/apache/maven/plugins/maven-resources-plugin/2.6/maven-resources-plugin-2.6.jar
8e11d000-8e121000 r--s 0008b000 08:06 296723     /usr/local/java/jdk1.7.0_80/jre/lib/jsse.jar
8e121000-8e136000 r-xp 00000000 08:06 440372     /usr/local/java/jdk1.7.0_80/jre/lib/i386/libnet.so
8e136000-8e137000 rw-p 00015000 08:06 440372     /usr/local/java/jdk1.7.0_80/jre/lib/i386/libnet.so
8e137000-8e145000 r-xp 00000000 08:06 440353     /usr/local/java/jdk1.7.0_80/jre/lib/i386/libnio.so
8e145000-8e146000 rw-p 0000e000 08:06 440353     /usr/local/java/jdk1.7.0_80/jre/lib/i386/libnio.so
8e146000-8e147000 r--s 00002000 08:07 263313     /home/akshat/Documents/DistributedComputing/eclipse/plugins/org.eclipse.m2e.maven.runtime.slf4j.simple_1.8.0.20160921-2001/jars/slf4j-simple-1.7.5.jar
8e147000-8e14c000 r--s 00041000 08:07 263330     /home/akshat/Documents/DistributedComputing/eclipse/plugins/org.eclipse.m2e.maven.runtime_1.8.0.20160921-2001/jars/commons-lang-2.6.jar
8e14c000-8e14d000 r--s 00002000 08:07 263342     /home/akshat/Documents/DistributedComputing/eclipse/plugins/org.eclipse.m2e.maven.runtime_1.8.0.20160921-2001/jars/wagon-file-2.10.jar
8e14d000-8e14f000 r--s 00005000 08:07 263329     /home/akshat/Documents/DistributedComputing/eclipse/plugins/org.eclipse.m2e.maven.runtime_1.8.0.20160921-2001/jars/aether-transport-wagon-1.0.2.v20150114.jar
8e14f000-8e151000 r--s 0000f000 08:07 263349     /home/akshat/Documents/DistributedComputing/eclipse/plugins/org.eclipse.m2e.maven.runtime_1.8.0.20160921-2001/jars/okio-1.6.0.jar
8e151000-8e156000 r--s 00049000 08:07 263359     /home/akshat/Documents/DistributedComputing/eclipse/plugins/org.eclipse.m2e.maven.runtime_1.8.0.20160921-2001/jars/okhttp-2.5.0.jar
8e156000-8e15a000 r--s 00027000 08:07 263356     /home/akshat/Documents/DistributedComputing/eclipse/plugins/org.eclipse.m2e.maven.runtime_1.8.0.20160921-2001/jars/aether-impl-1.0.2.v20150114.jar
8e15a000-8e15b000 ---p 00000000 00:00 0 
8e15b000-8e1db000 rw-p 00000000 00:00 0 
8e1db000-8e1de000 ---p 00000000 00:00 0 
8e1de000-8e22c000 rw-p 00000000 00:00 0 
8e22c000-8e22f000 ---p 00000000 00:00 0 
8e22f000-8e2ad000 rw-p 00000000 00:00 0 
8e2ad000-8e2b0000 ---p 00000000 00:00 0 
8e2b0000-8e32e000 rw-p 00000000 00:00 0 
8e32e000-8e331000 ---p 00000000 00:00 0 
8e331000-8e37f000 rw-p 00000000 00:00 0 
8e37f000-8e57f000 r--p 00000000 08:06 2007       /usr/lib/locale/locale-archive
8e57f000-8e580000 ---p 00000000 00:00 0 
8e580000-8e600000 rw-p 00000000 00:00 0 
8e600000-8e6fe000 rw-p 00000000 00:00 0 
8e6fe000-8e700000 ---p 00000000 00:00 0 
8e700000-8e702000 r--s 0000b000 08:07 263340     /home/akshat/Documents/DistributedComputing/eclipse/plugins/org.eclipse.m2e.maven.runtime_1.8.0.20160921-2001/jars/aether-connector-okhttp-0.16.0.jar
8e702000-8e72d000 r--s 001fc000 08:07 263327     /home/akshat/Documents/DistributedComputing/eclipse/plugins/org.eclipse.m2e.maven.runtime_1.8.0.20160921-2001/jars/guava-18.0.jar
8e72d000-8e730000 ---p 00000000 00:00 0 
8e730000-8e77e000 rw-p 00000000 00:00 0 
8e77e000-8e93e000 r--s 039fb000 08:06 297021     /usr/local/java/jdk1.7.0_80/jre/lib/rt.jar
8e93e000-8fd00000 rw-p 00000000 00:00 0 
8fd00000-8fdfa000 rw-p 00000000 00:00 0 
8fdfa000-8fe00000 ---p 00000000 00:00 0 
8fe00000-8fe01000 r--s 00008000 08:07 263344     /home/akshat/Documents/DistributedComputing/eclipse/plugins/org.eclipse.m2e.maven.runtime_1.8.0.20160921-2001/jars/aether-connector-basic-1.0.2.v20150114.jar
8fe01000-8fe09000 r--s 00055000 08:07 263357     /home/akshat/Documents/DistributedComputing/eclipse/plugins/org.eclipse.m2e.maven.runtime_1.8.0.20160921-2001/jars/org.eclipse.sisu.inject-0.3.2.jar
8fe09000-8fe0c000 ---p 00000000 00:00 0 
8fe0c000-8ff00000 rw-p 00000000 00:00 0 
8ff00000-8ff21000 rw-p 00000000 00:00 0 
8ff21000-90000000 ---p 00000000 00:00 0 
90000000-90002000 r--s 00006000 08:07 263352     /home/akshat/Documents/DistributedComputing/eclipse/plugins/org.eclipse.m2e.maven.runtime_1.8.0.20160921-2001/jars/aether-spi-1.0.2.v20150114.jar
90002000-90003000 r--s 00001000 08:07 263361     /home/akshat/Documents/DistributedComputing/eclipse/plugins/org.eclipse.m2e.maven.runtime_1.8.0.20160921-2001/jars/jsr250-api-1.0.jar
90003000-90006000 r--s 00008000 08:07 263328     /home/akshat/Documents/DistributedComputing/eclipse/plugins/org.eclipse.m2e.maven.runtime_1.8.0.20160921-2001/jars/cdi-api-1.0.jar
90006000-9000c000 r--s 0002d000 08:07 263339     /home/akshat/Documents/DistributedComputing/eclipse/plugins/org.eclipse.m2e.maven.runtime_1.8.0.20160921-2001/jars/org.eclipse.sisu.plexus-0.3.2.jar
9000c000-9000f000 r--s 0000b000 08:07 263348     /home/akshat/Documents/DistributedComputing/eclipse/plugins/org.eclipse.m2e.maven.runtime_1.8.0.20160921-2001/jars/wagon-provider-api-2.10.jar
9000f000-90015000 r--s 00041000 08:07 263362     /home/akshat/Documents/DistributedComputing/eclipse/plugins/org.eclipse.m2e.maven.runtime_1.8.0.20160921-2001/jars/maven-compat-3.3.9.jar
90015000-90017000 r--s 00009000 08:07 263355     /home/akshat/Documents/DistributedComputing/eclipse/plugins/org.eclipse.m2e.maven.runtime_1.8.0.20160921-2001/jars/commons-cli-1.2.jar
90017000-90019000 r--s 00002000 08:07 263338     /home/akshat/Documents/DistributedComputing/eclipse/plugins/org.eclipse.m2e.maven.runtime_1.8.0.20160921-2001/jars/plexus-cipher-1.7.jar
90019000-9001c000 r--s 00013000 08:07 263334     /home/akshat/Documents/DistributedComputing/eclipse/plugins/org.eclipse.m2e.maven.runtime_1.8.0.20160921-2001/jars/maven-embedder-3.3.9.jar
9001c000-90023000 r--s 00064000 08:07 263341     /home/akshat/Documents/DistributedComputing/eclipse/plugins/org.eclipse.m2e.maven.runtime_1.8.0.20160921-2001/jars/commons-lang3-3.4.jar
90023000-90025000 r--s 00000000 08:07 263363     /home/akshat/Documents/DistributedComputing/eclipse/plugins/org.eclipse.m2e.maven.runtime_1.8.0.20160921-2001/jars/plexus-component-annotations-1.6.jar
90025000-90029000 r--s 00038000 08:07 263351     /home/akshat/Documents/DistributedComputing/eclipse/plugins/org.eclipse.m2e.maven.runtime_1.8.0.20160921-2001/jars/plexus-utils-3.0.22.jar
90029000-9002c000 r--s 0000d000 08:07 263345     /home/akshat/Documents/DistributedComputing/eclipse/plugins/org.eclipse.m2e.maven.runtime_1.8.0.20160921-2001/jars/plexus-interpolation-1.21.jar
9002c000-90035000 r--s 0005f000 08:07 263331     /home/akshat/Documents/DistributedComputing/eclipse/plugins/org.eclipse.m2e.maven.runtime_1.8.0.20160921-2001/jars/guice-4.0-no_aop.jar
90035000-90039000 r--s 00020000 08:07 263337     /home/akshat/Documents/DistributedComputing/eclipse/plugins/org.eclipse.m2e.maven.runtime_1.8.0.20160921-2001/jars/aether-util-1.0.2.v20150114.jar
90039000-9003e000 r--s 0001d000 08:07 263335     /home/akshat/Documents/DistributedComputing/eclipse/plugins/org.eclipse.m2e.maven.runtime_1.8.0.20160921-2001/jars/aether-api-1.0.2.v20150114.jar
9003e000-9003f000 ---p 00000000 00:00 0 
9003f000-900bf000 rw-p 00000000 00:00 0 
900bf000-900c0000 ---p 00000000 00:00 0 
900c0000-9018e000 rw-p 00000000 00:00 0 
9018e000-901e6000 rw-p 00000000 00:00 0 
901e6000-901f5000 rw-p 00000000 00:00 0 
901f5000-90206000 rw-p 00000000 00:00 0 
90206000-90254000 rw-p 00000000 00:00 0 
90254000-902ac000 rw-p 00000000 00:00 0 
902ac000-902ff000 rw-p 00000000 00:00 0 
902ff000-91f40000 rw-p 00000000 00:00 0 
91f40000-94300000 rw-p 00000000 00:00 0 
94300000-9dec0000 rw-p 00000000 00:00 0 
a2564000-a2780000 rw-p 00000000 00:00 0 
a2780000-a8f00000 rw-p 00000000 00:00 0 
a8f00000-b3500000 rw-p 00000000 00:00 0 
b3500000-b3501000 r--s 00006000 08:07 263346     /home/akshat/Documents/DistributedComputing/eclipse/plugins/org.eclipse.m2e.maven.runtime_1.8.0.20160921-2001/jars/plexus-sec-dispatcher-1.3.jar
b3501000-b3503000 r--s 0000f000 08:07 263350     /home/akshat/Documents/DistributedComputing/eclipse/plugins/org.eclipse.m2e.maven.runtime_1.8.0.20160921-2001/jars/maven-aether-provider-3.3.9.jar
b3503000-b3508000 r--s 00027000 08:07 263332     /home/akshat/Documents/DistributedComputing/eclipse/plugins/org.eclipse.m2e.maven.runtime_1.8.0.20160921-2001/jars/maven-model-builder-3.3.9.jar
b3508000-b3517000 rw-p 00000000 00:00 0 
b3517000-b3528000 rw-p 00000000 00:00 0 
b3528000-b3533000 rw-p 00000000 00:00 0 
b3533000-b35e8000 rw-p 00000000 00:00 0 
b35e8000-b3898000 rwxp 00000000 00:00 0 
b3898000-b65e8000 rw-p 00000000 00:00 0 
b65e8000-b65ff000 r-xp 00000000 08:06 440373     /usr/local/java/jdk1.7.0_80/jre/lib/i386/libzip.so
b65ff000-b6600000 rw-p 00016000 08:06 440373     /usr/local/java/jdk1.7.0_80/jre/lib/i386/libzip.so
b6600000-b66f3000 rw-p 00000000 00:00 0 
b66f3000-b6700000 ---p 00000000 00:00 0 
b6700000-b6702000 r--s 0000a000 08:07 263353     /home/akshat/Documents/DistributedComputing/eclipse/plugins/org.eclipse.m2e.maven.runtime_1.8.0.20160921-2001/jars/maven-plugin-api-3.3.9.jar
b6702000-b6704000 r--s 0000c000 08:07 263354     /home/akshat/Documents/DistributedComputing/eclipse/plugins/org.eclipse.m2e.maven.runtime_1.8.0.20160921-2001/jars/maven-artifact-3.3.9.jar
b6704000-b6705000 r--s 00006000 08:07 263364     /home/akshat/Documents/DistributedComputing/eclipse/plugins/org.eclipse.m2e.maven.runtime_1.8.0.20160921-2001/jars/maven-repository-metadata-3.3.9.jar
b6705000-b6707000 r--s 00009000 08:07 263360     /home/akshat/Documents/DistributedComputing/eclipse/plugins/org.eclipse.m2e.maven.runtime_1.8.0.20160921-2001/jars/maven-settings-builder-3.3.9.jar
b6707000-b6714000 r--s 0008f000 08:07 263365     /home/akshat/Documents/DistributedComputing/eclipse/plugins/org.eclipse.m2e.maven.runtime_1.8.0.20160921-2001/jars/maven-core-3.3.9.jar
b6714000-b671f000 r-xp 00000000 08:06 555855     /lib/i386-linux-gnu/libnss_files-2.23.so
b671f000-b6720000 r--p 0000a000 08:06 555855     /lib/i386-linux-gnu/libnss_files-2.23.so
b6720000-b6721000 rw-p 0000b000 08:06 555855     /lib/i386-linux-gnu/libnss_files-2.23.so
b6721000-b6727000 rw-p 00000000 00:00 0 
b6727000-b6732000 r-xp 00000000 08:06 555848     /lib/i386-linux-gnu/libnss_nis-2.23.so
b6732000-b6733000 r--p 0000a000 08:06 555848     /lib/i386-linux-gnu/libnss_nis-2.23.so
b6733000-b6734000 rw-p 0000b000 08:06 555848     /lib/i386-linux-gnu/libnss_nis-2.23.so
b6734000-b674b000 r-xp 00000000 08:06 555850     /lib/i386-linux-gnu/libnsl-2.23.so
b674b000-b674c000 r--p 00016000 08:06 555850     /lib/i386-linux-gnu/libnsl-2.23.so
b674c000-b674d000 rw-p 00017000 08:06 555850     /lib/i386-linux-gnu/libnsl-2.23.so
b674d000-b674f000 rw-p 00000000 00:00 0 
b674f000-b6757000 r-xp 00000000 08:06 555856     /lib/i386-linux-gnu/libnss_compat-2.23.so
b6757000-b6758000 r--p 00007000 08:06 555856     /lib/i386-linux-gnu/libnss_compat-2.23.so
b6758000-b6759000 rw-p 00008000 08:06 555856     /lib/i386-linux-gnu/libnss_compat-2.23.so
b6759000-b675a000 r--s 00003000 08:07 263358     /home/akshat/Documents/DistributedComputing/eclipse/plugins/org.eclipse.m2e.maven.runtime_1.8.0.20160921-2001/jars/maven-builder-support-3.3.9.jar
b675a000-b675b000 r--s 0000a000 08:07 263336     /home/akshat/Documents/DistributedComputing/eclipse/plugins/org.eclipse.m2e.maven.runtime_1.8.0.20160921-2001/jars/maven-settings-3.3.9.jar
b675b000-b675e000 r--s 00026000 08:07 263343     /home/akshat/Documents/DistributedComputing/eclipse/plugins/org.eclipse.m2e.maven.runtime_1.8.0.20160921-2001/jars/maven-model-3.3.9.jar
b675e000-b6760000 r--s 0000b000 08:07 263333     /home/akshat/Documents/DistributedComputing/eclipse/plugins/org.eclipse.m2e.maven.runtime_1.8.0.20160921-2001/jars/plexus-classworlds-2.5.2.jar
b6760000-b6761000 r--p 002d4000 08:06 2007       /usr/lib/locale/locale-archive
b6761000-b676f000 rw-p 00000000 00:00 0 
b676f000-b6792000 r-xp 00000000 08:06 440350     /usr/local/java/jdk1.7.0_80/jre/lib/i386/libjava.so
b6792000-b6793000 rw-p 00023000 08:06 440350     /usr/local/java/jdk1.7.0_80/jre/lib/i386/libjava.so
b6793000-b679a000 r-xp 00000000 08:06 555857     /lib/i386-linux-gnu/librt-2.23.so
b679a000-b679b000 r--p 00006000 08:06 555857     /lib/i386-linux-gnu/librt-2.23.so
b679b000-b679c000 rw-p 00007000 08:06 555857     /lib/i386-linux-gnu/librt-2.23.so
b679c000-b679f000 ---p 00000000 00:00 0 
b679f000-b67ed000 rw-p 00000000 00:00 0 
b67ed000-b6840000 r-xp 00000000 08:06 555849     /lib/i386-linux-gnu/libm-2.23.so
b6840000-b6841000 r--p 00052000 08:06 555849     /lib/i386-linux-gnu/libm-2.23.so
b6841000-b6842000 rw-p 00053000 08:06 555849     /lib/i386-linux-gnu/libm-2.23.so
b6842000-b70c9000 r-xp 00000000 08:06 440333     /usr/local/java/jdk1.7.0_80/jre/lib/i386/server/libjvm.so
b70c9000-b712d000 rw-p 00886000 08:06 440333     /usr/local/java/jdk1.7.0_80/jre/lib/i386/server/libjvm.so
b712d000-b7551000 rw-p 00000000 00:00 0 
b7551000-b7700000 r-xp 00000000 08:06 555851     /lib/i386-linux-gnu/libc-2.23.so
b7700000-b7701000 ---p 001af000 08:06 555851     /lib/i386-linux-gnu/libc-2.23.so
b7701000-b7703000 r--p 001af000 08:06 555851     /lib/i386-linux-gnu/libc-2.23.so
b7703000-b7704000 rw-p 001b1000 08:06 555851     /lib/i386-linux-gnu/libc-2.23.so
b7704000-b7707000 rw-p 00000000 00:00 0 
b7707000-b770a000 r-xp 00000000 08:06 555847     /lib/i386-linux-gnu/libdl-2.23.so
b770a000-b770b000 r--p 00002000 08:06 555847     /lib/i386-linux-gnu/libdl-2.23.so
b770b000-b770c000 rw-p 00003000 08:06 555847     /lib/i386-linux-gnu/libdl-2.23.so
b770c000-b7720000 r-xp 00000000 08:06 296707     /usr/local/java/jdk1.7.0_80/lib/i386/jli/libjli.so
b7720000-b7721000 rw-p 00013000 08:06 296707     /usr/local/java/jdk1.7.0_80/lib/i386/jli/libjli.so
b7721000-b773a000 r-xp 00000000 08:06 555861     /lib/i386-linux-gnu/libpthread-2.23.so
b773a000-b773b000 r--p 00018000 08:06 555861     /lib/i386-linux-gnu/libpthread-2.23.so
b773b000-b773c000 rw-p 00019000 08:06 555861     /lib/i386-linux-gnu/libpthread-2.23.so
b773c000-b773e000 rw-p 00000000 00:00 0 
b773e000-b7746000 rw-s 00000000 08:06 789270     /tmp/hsperfdata_akshat/5302
b7746000-b7747000 rw-p 00000000 00:00 0 
b7747000-b7748000 ---p 00000000 00:00 0 
b7748000-b7753000 r-xp 00000000 08:06 440369     /usr/local/java/jdk1.7.0_80/jre/lib/i386/libverify.so
b7753000-b7754000 rw-p 0000b000 08:06 440369     /usr/local/java/jdk1.7.0_80/jre/lib/i386/libverify.so
b7754000-b7756000 rw-p 00000000 00:00 0 
b7756000-b7758000 r--p 00000000 00:00 0          [vvar]
b7758000-b7759000 r-xp 00000000 00:00 0          [vdso]
b7759000-b777b000 r-xp 00000000 08:06 555852     /lib/i386-linux-gnu/ld-2.23.so
b777b000-b777c000 rw-p 00000000 00:00 0 
b777c000-b777d000 r--p 00022000 08:06 555852     /lib/i386-linux-gnu/ld-2.23.so
b777d000-b777e000 rw-p 00023000 08:06 555852     /lib/i386-linux-gnu/ld-2.23.so
bfacb000-bfacc000 rwxp 00000000 00:00 0 
bfafd000-bfb1f000 rw-p 00000000 00:00 0          [stack]

VM Arguments:
jvm_args: -Dmaven.home=EMBEDDED -Dclassworlds.conf=/home/akshat/workspace/.metadata/.plugins/org.eclipse.m2e.launching/launches/m2conf1842398135214130744.tmp -Dmaven.multiModuleProjectDirectory=/home/akshat/workspace/HCDistributed -Dfile.encoding=UTF-8 
java_command: org.codehaus.plexus.classworlds.launcher.Launcher -B package shade:shade
Launcher Type: SUN_STANDARD

Environment Variables:
JAVA_HOME=/usr/local/java/jdk1.8.0_101
JRE_HOME=/usr/local/java/jdk1.8.0_101/jre
PATH=/home/akshat/Documents/DistributedComputing/hadoop-2.7.2/bin:/home/akshat/Downloads/mosek/7/tools/platform/linux32x86/bin:/home/akshat/Downloads/sublime_text_3/sublime_text:/home/akshat/Documents/DistributedComputing/eclipse:/home/akshat/bin:/home/akshat/.local/bin:/usr/local/sbin:/usr/local/bin:/usr/sbin:/usr/bin:/sbin:/bin:/usr/games:/usr/local/games:/snap/bin:/usr/local/java/jdk1.8.0_101/bin:/usr/local/java/jdk1.8.0_101/jre/bin
LD_LIBRARY_PATH=/usr/local/java/jdk1.7.0_80/jre/lib/i386/server:/usr/local/java/jdk1.7.0_80/jre/lib/i386:/usr/local/java/jdk1.7.0_80/jre/../lib/i386:/usr/local/java/jdk1.8.0_101/jre/lib/i386/client:/usr/local/java/jdk1.8.0_101/jre/lib/i386:
SHELL=/bin/bash
DISPLAY=:0

Signal Handlers:
SIGSEGV: [libjvm.so+0x7eb160], sa_mask[0]=0x7ffbfeff, sa_flags=0x10000004
SIGBUS: [libjvm.so+0x7eb160], sa_mask[0]=0x7ffbfeff, sa_flags=0x10000004
SIGFPE: [libjvm.so+0x684ac0], sa_mask[0]=0x7ffbfeff, sa_flags=0x10000004
SIGPIPE: [libjvm.so+0x684ac0], sa_mask[0]=0x7ffbfeff, sa_flags=0x10000004
SIGXFSZ: [libjvm.so+0x684ac0], sa_mask[0]=0x7ffbfeff, sa_flags=0x10000004
SIGILL: [libjvm.so+0x684ac0], sa_mask[0]=0x7ffbfeff, sa_flags=0x10000004
SIGUSR1: SIG_DFL, sa_mask[0]=0x00000000, sa_flags=0x00000000
SIGUSR2: [libjvm.so+0x686330], sa_mask[0]=0x00000004, sa_flags=0x10000004
SIGHUP: [libjvm.so+0x687660], sa_mask[0]=0x7ffbfeff, sa_flags=0x10000004
SIGINT: [libjvm.so+0x687660], sa_mask[0]=0x7ffbfeff, sa_flags=0x10000004
SIGTERM: [libjvm.so+0x687660], sa_mask[0]=0x7ffbfeff, sa_flags=0x10000004
SIGQUIT: [libjvm.so+0x687660], sa_mask[0]=0x7ffbfeff, sa_flags=0x10000004


---------------  S Y S T E M  ---------------

OS:stretch/sid

uname:Linux 4.4.0-75-generic #96-Ubuntu SMP Thu Apr 20 09:55:15 UTC 2017 i686
libc:glibc 2.23 NPTL 2.23 
rlimit: STACK 8192k, CORE 0k, NPROC 15619, NOFILE 65536, AS infinity
load average:1.14 0.86 0.79

/proc/meminfo:
MemTotal:        2036416 kB
MemFree:          120172 kB
MemAvailable:      18812 kB
Buffers:            2508 kB
Cached:           346048 kB
SwapCached:            0 kB
Active:          1524396 kB
Inactive:         318688 kB
Active(anon):    1497376 kB
Inactive(anon):   292156 kB
Active(file):      27020 kB
Inactive(file):    26532 kB
Unevictable:         248 kB
Mlocked:             248 kB
HighTotal:       1157832 kB
HighFree:          16052 kB
LowTotal:         878584 kB
LowFree:          104120 kB
SwapTotal:             0 kB
SwapFree:              0 kB
Dirty:                32 kB
Writeback:             0 kB
AnonPages:       1494916 kB
Mapped:            68580 kB
Shmem:            294864 kB
Slab:              35124 kB
SReclaimable:      15468 kB
SUnreclaim:        19656 kB
KernelStack:        3952 kB
PageTables:        11152 kB
NFS_Unstable:          0 kB
Bounce:                0 kB
WritebackTmp:          0 kB
CommitLimit:     1018208 kB
Committed_AS:    4853276 kB
VmallocTotal:     122880 kB
VmallocUsed:           0 kB
VmallocChunk:          0 kB
AnonHugePages:    976896 kB
CmaTotal:              0 kB
CmaFree:               0 kB
HugePages_Total:       0
HugePages_Free:        0
HugePages_Rsvd:        0
HugePages_Surp:        0
Hugepagesize:       2048 kB
DirectMap4k:       51192 kB
DirectMap2M:      862208 kB


CPU:total 2 (2 cores per cpu, 1 threads per core) family 6 model 15 stepping 13, cmov, cx8, fxsr, mmx, sse, sse2, sse3, ssse3, tsc

/proc/cpuinfo:
processor	: 0
vendor_id	: GenuineIntel
cpu family	: 6
model		: 15
model name	: Intel(R) Core(TM)2 Duo CPU     T5870  @ 2.00GHz
stepping	: 13
microcode	: 0xa3
cpu MHz		: 2001.000
cache size	: 2048 KB
physical id	: 0
siblings	: 2
core id		: 0
cpu cores	: 2
apicid		: 0
initial apicid	: 0
fdiv_bug	: no
f00f_bug	: no
coma_bug	: no
fpu		: yes
fpu_exception	: yes
cpuid level	: 10
wp		: yes
flags		: fpu vme de pse tsc msr pae mce cx8 apic sep mtrr pge mca cmov pat pse36 clflush dts acpi mmx fxsr sse sse2 ss ht tm pbe nx lm constant_tsc arch_perfmon pebs bts aperfmperf pni dtes64 monitor ds_cpl est tm2 ssse3 cx16 xtpr pdcm lahf_lm dtherm ida
bugs		:
bogomips	: 3990.08
clflush size	: 64
cache_alignment	: 64
address sizes	: 36 bits physical, 48 bits virtual
power management:

processor	: 1
vendor_id	: GenuineIntel
cpu family	: 6
model		: 15
model name	: Intel(R) Core(TM)2 Duo CPU     T5870  @ 2.00GHz
stepping	: 13
microcode	: 0xa3
cpu MHz		: 1600.000
cache size	: 2048 KB
physical id	: 0
siblings	: 2
core id		: 1
cpu cores	: 2
apicid		: 1
initial apicid	: 1
fdiv_bug	: no
f00f_bug	: no
coma_bug	: no
fpu		: yes
fpu_exception	: yes
cpuid level	: 10
wp		: yes
flags		: fpu vme de pse tsc msr pae mce cx8 apic sep mtrr pge mca cmov pat pse36 clflush dts acpi mmx fxsr sse sse2 ss ht tm pbe nx lm constant_tsc arch_perfmon pebs bts aperfmperf pni dtes64 monitor ds_cpl est tm2 ssse3 cx16 xtpr pdcm lahf_lm dtherm ida
bugs		:
bogomips	: 3990.08
clflush size	: 64
cache_alignment	: 64
address sizes	: 36 bits physical, 48 bits virtual
power management:



Memory: 4k page, physical 2036416k(120172k free), swap 0k(0k free)

vm_info: Java HotSpot(TM) Server VM (24.80-b11) for linux-x86 JRE (1.7.0_80-b15), built on Apr 10 2015 12:29:10 by "java_re" with gcc 4.3.0 20080428 (Red Hat 4.3.0-8)

time: Tue May  2 01:01:33 2017
elapsed time: 33 seconds

