#
# There is insufficient memory for the Java Runtime Environment to continue.
# Native memory allocation (malloc) failed to allocate 73138176 bytes for committing reserved memory.
# Possible reasons:
#   The system is out of physical RAM or swap space
#   In 32 bit mode, the process size limit was hit
# Possible solutions:
#   Reduce memory load on the system
#   Increase physical memory or swap space
#   Check if swap backing store is full
#   Use 64 bit Java on a 64 bit OS
#   Decrease Java heap size (-Xmx/-Xms)
#   Decrease number of Java threads
#   Decrease Java thread stack sizes (-Xss)
#   Set larger code cache with -XX:ReservedCodeCacheSize=
# This output file may be truncated or incomplete.
#
#  Out of Memory Error (os_linux.cpp:2756), pid=3607, tid=2388654912
#
# JRE version: Java(TM) SE Runtime Environment (7.0_80-b15) (build 1.7.0_80-b15)
# Java VM: Java HotSpot(TM) Server VM (24.80-b11 mixed mode linux-x86 )
# Failed to write core dump. Core dumps have been disabled. To enable core dumping, try "ulimit -c unlimited" before starting Java again
#

---------------  T H R E A D  ---------------

Current thread (0x8e610400):  VMThread [stack: 0x8e57f000,0x8e600000] [id=3617]

Stack: [0x8e57f000,0x8e600000],  sp=0x8e5fe870,  free space=510k
Native frames: (J=compiled Java code, j=interpreted, Vv=VM code, C=native code)
V  [libjvm.so+0x7ea656]  VMError::report_and_die()+0x1a6
V  [libjvm.so+0x33eb82]  report_vm_out_of_memory(char const*, int, unsigned int, char const*)+0x72
V  [libjvm.so+0x687fb1]  os::Linux::commit_memory_impl(char*, unsigned int, bool)+0xe1
V  [libjvm.so+0x688478]  os::pd_commit_memory(char*, unsigned int, unsigned int, bool)+0x28
V  [libjvm.so+0x681b2c]  os::commit_memory(char*, unsigned int, unsigned int, bool)+0x2c
V  [libjvm.so+0x6ea8d8]  PSVirtualSpace::expand_by(unsigned int)+0x48
V  [libjvm.so+0x6dcd01]  PSOldGen::expand(unsigned int)+0x141
V  [libjvm.so+0x6dcdcf]  PSOldGen::resize(unsigned int)+0x8f
V  [libjvm.so+0x6e39d6]  PSParallelCompact::invoke_no_policy(bool)+0x8b6
V  [libjvm.so+0x6e8fed]  PSScavenge::invoke()+0x16d
V  [libjvm.so+0x6a851a]  ParallelScavengeHeap::failed_mem_allocate(unsigned int)+0x5a
V  [libjvm.so+0x7ebeea]  VM_ParallelGCFailedAllocation::doit()+0x7a
V  [libjvm.so+0x7f4d07]  VM_Operation::evaluate()+0x47
V  [libjvm.so+0x7f2da3]  VMThread::evaluate_operation(VM_Operation*)+0xb3
V  [libjvm.so+0x7f3140]  VMThread::loop()+0x1b0
V  [libjvm.so+0x7f35a5]  VMThread::run()+0x85
V  [libjvm.so+0x68a249]  java_start(Thread*)+0x119
C  [libpthread.so.0+0x6295]  start_thread+0xe5

VM_Operation (0xb6775fd4): ParallelGCFailedAllocation, mode: safepoint, requested by thread 0xb6607c00


---------------  P R O C E S S  ---------------

Java Threads: ( => current thread )
  0x8e62ac00 JavaThread "Service Thread" daemon [_thread_blocked, id=3623, stack(0x8e18a000,0x8e1db000)]
  0x8e629000 JavaThread "C2 CompilerThread1" daemon [_thread_blocked, id=3622, stack(0x8e1db000,0x8e25c000)]
  0x8e627000 JavaThread "C2 CompilerThread0" daemon [_thread_blocked, id=3621, stack(0x8e25c000,0x8e2dd000)]
  0x8e625800 JavaThread "Signal Dispatcher" daemon [_thread_blocked, id=3620, stack(0x8e2dd000,0x8e32e000)]
  0x8e614800 JavaThread "Finalizer" daemon [_thread_blocked, id=3619, stack(0x8e52e000,0x8e57f000)]
  0x8e613000 JavaThread "Reference Handler" daemon [_thread_blocked, id=3618, stack(0x8e72d000,0x8e77e000)]
  0xb6607c00 JavaThread "main" [_thread_blocked, id=3614, stack(0xb6727000,0xb6778000)]

Other Threads:
=>0x8e610400 VMThread [stack: 0x8e57f000,0x8e600000] [id=3617]
  0x8e62c800 WatcherThread [stack: 0x8e109000,0x8e18a000] [id=3624]

VM state:at safepoint (normal execution)

VM Mutex/Monitor currently owned by a thread:  ([mutex/lock_event])
[0xb6604c08] ExpandHeap_lock - owner thread: 0x8e610400
[0xb6605150] Threads_lock - owner thread: 0x8e610400
[0xb6605560] Heap_lock - owner thread: 0xb6607c00

Heap
 PSYoungGen      total 92416K, used 16771K [0xa8ec0000, 0xb34c0000, 0xb34c0000)
  eden space 56832K, 0% used [0xa8ec0000,0xa8ec0000,0xac640000)
  from space 35584K, 47% used [0xb1200000,0xb2260cc8,0xb34c0000)
  to   space 56576K, 0% used [0xac640000,0xac640000,0xafd80000)
 ParOldGen       total 156672K, used 156488K [0x942c0000, 0x9dbc0000, 0xa8ec0000)
  object space 156672K, 99% used [0x942c0000,0x9db923c0,0x9dbc0000)
 PSPermGen       total 28928K, used 12913K [0x902c0000, 0x91f00000, 0x942c0000)
  object space 28928K, 44% used [0x902c0000,0x90f5c400,0x91f00000)

Card table byte_map: [0x901a6000,0x902c0000] byte_map_base: 0x8fd24a00

Polling page: 0xb76d2000

Code Cache  [0xb3597000, 0xb3847000, 0xb6597000)
 total_blobs=866 nmethods=724 adapters=96 free_code_cache=46608Kb largest_free_block=47540288

Compilation events (10 events):
Event: 30.197 Thread 0x8e627000 nmethod 822 0xb376ce08 code [0xb376cf40, 0xb376d2fc]
Event: 30.206 Thread 0x8e629000  823             com.sun.tools.javac.util.Convert::utf2chars (135 bytes)
Event: 30.207 Thread 0x8e627000  824             com.sun.tools.javac.comp.Enter::classEnter (61 bytes)
Event: 30.220 Thread 0x8e627000 nmethod 824 0xb376fcc8 code [0xb376fe00, 0xb37700fc]
Event: 30.220 Thread 0x8e627000  825   !         com.sun.tools.javac.comp.Enter::classEnter (64 bytes)
Event: 30.222 Thread 0x8e629000 nmethod 823 0xb376f808 code [0xb376f900, 0xb376fbf0]
Event: 30.222 Thread 0x8e629000  826             com.sun.tools.javac.comp.Enter::visitTree (6 bytes)
Event: 30.222 Thread 0x8e629000 nmethod 826 0xb3631448 code [0xb3631520, 0xb3631570]
Event: 30.222 Thread 0x8e629000  827             com.sun.tools.javac.code.Symbol$PackageSymbol::getQualifiedName (5 bytes)
Event: 30.223 Thread 0x8e629000 nmethod 827 0xb3733048 code [0xb3733120, 0xb3733170]

GC Heap History (10 events):
Event: 17.875 GC heap after
Heap after GC invocations=14 (full 0):
 PSYoungGen      total 117504K, used 4857K [0xa8ec0000, 0xb34c0000, 0xb34c0000)
  eden space 112640K, 0% used [0xa8ec0000,0xa8ec0000,0xafcc0000)
  from space 4864K, 99% used [0xb1200000,0xb16be638,0xb16c0000)
  to   space 21760K, 0% used [0xafcc0000,0xafcc0000,0xb1200000)
 ParOldGen       total 56064K, used 55826K [0x942c0000, 0x97980000, 0xa8ec0000)
  object space 56064K, 99% used [0x942c0000,0x97944830,0x97980000)
 PSPermGen       total 16384K, used 12798K [0x902c0000, 0x912c0000, 0x942c0000)
  object space 16384K, 78% used [0x902c0000,0x90f3fae0,0x912c0000)
}
Event: 17.875 GC heap before
{Heap before GC invocations=15 (full 1):
 PSYoungGen      total 117504K, used 4857K [0xa8ec0000, 0xb34c0000, 0xb34c0000)
  eden space 112640K, 0% used [0xa8ec0000,0xa8ec0000,0xafcc0000)
  from space 4864K, 99% used [0xb1200000,0xb16be638,0xb16c0000)
  to   space 21760K, 0% used [0xafcc0000,0xafcc0000,0xb1200000)
 ParOldGen       total 56064K, used 55826K [0x942c0000, 0x97980000, 0xa8ec0000)
  object space 56064K, 99% used [0x942c0000,0x97944830,0x97980000)
 PSPermGen       total 16384K, used 12798K [0x902c0000, 0x912c0000, 0x942c0000)
  object space 16384K, 78% used [0x902c0000,0x90f3fae0,0x912c0000)
Event: 18.525 GC heap after
Heap after GC invocations=15 (full 1):
 PSYoungGen      total 117504K, used 0K [0xa8ec0000, 0xb34c0000, 0xb34c0000)
  eden space 112640K, 0% used [0xa8ec0000,0xa8ec0000,0xafcc0000)
  from space 4864K, 0% used [0xb1200000,0xb1200000,0xb16c0000)
  to   space 21760K, 0% used [0xafcc0000,0xafcc0000,0xb1200000)
 ParOldGen       total 87296K, used 56003K [0x942c0000, 0x99800000, 0xa8ec0000)
  object space 87296K, 64% used [0x942c0000,0x97970f08,0x99800000)
 PSPermGen       total 25600K, used 12790K [0x902c0000, 0x91bc0000, 0x942c0000)
  object space 25600K, 49% used [0x902c0000,0x90f3da88,0x91bc0000)
}
Event: 22.804 GC heap before
{Heap before GC invocations=16 (full 1):
 PSYoungGen      total 117504K, used 112640K [0xa8ec0000, 0xb34c0000, 0xb34c0000)
  eden space 112640K, 100% used [0xa8ec0000,0xafcc0000,0xafcc0000)
  from space 4864K, 0% used [0xb1200000,0xb1200000,0xb16c0000)
  to   space 21760K, 0% used [0xafcc0000,0xafcc0000,0xb1200000)
 ParOldGen       total 87296K, used 56003K [0x942c0000, 0x99800000, 0xa8ec0000)
  object space 87296K, 64% used [0x942c0000,0x97970f08,0x99800000)
 PSPermGen       total 25600K, used 12800K [0x902c0000, 0x91bc0000, 0x942c0000)
  object space 25600K, 50% used [0x902c0000,0x90f403a0,0x91bc0000)
Event: 23.195 GC heap after
Heap after GC invocations=16 (full 1):
 PSYoungGen      total 134400K, used 21752K [0xa8ec0000, 0xb34c0000, 0xb34c0000)
  eden space 112640K, 0% used [0xa8ec0000,0xa8ec0000,0xafcc0000)
  from space 21760K, 99% used [0xafcc0000,0xb11fe020,0xb1200000)
  to   space 35584K, 0% used [0xb1200000,0xb1200000,0xb34c0000)
 ParOldGen       total 102400K, used 102275K [0x942c0000, 0x9a6c0000, 0xa8ec0000)
  object space 102400K, 99% used [0x942c0000,0x9a6a0fe0,0x9a6c0000)
 PSPermGen       total 25600K, used 12800K [0x902c0000, 0x91bc0000, 0x942c0000)
  object space 25600K, 50% used [0x902c0000,0x90f403a0,0x91bc0000)
}
Event: 23.195 GC heap before
{Heap before GC invocations=17 (full 2):
 PSYoungGen      total 134400K, used 21752K [0xa8ec0000, 0xb34c0000, 0xb34c0000)
  eden space 112640K, 0% used [0xa8ec0000,0xa8ec0000,0xafcc0000)
  from space 21760K, 99% used [0xafcc0000,0xb11fe020,0xb1200000)
  to   space 35584K, 0% used [0xb1200000,0xb1200000,0xb34c0000)
 ParOldGen       total 102400K, used 102275K [0x942c0000, 0x9a6c0000, 0xa8ec0000)
  object space 102400K, 99% used [0x942c0000,0x9a6a0fe0,0x9a6c0000)
 PSPermGen       total 25600K, used 12800K [0x902c0000, 0x91bc0000, 0x942c0000)
  object space 25600K, 50% used [0x902c0000,0x90f403a0,0x91bc0000)
Event: 24.124 GC heap after
Heap after GC invocations=17 (full 2):
 PSYoungGen      total 134400K, used 20211K [0xa8ec0000, 0xb34c0000, 0xb34c0000)
  eden space 112640K, 0% used [0xa8ec0000,0xa8ec0000,0xafcc0000)
  from space 21760K, 92% used [0xafcc0000,0xb107cca0,0xb1200000)
  to   space 35584K, 0% used [0xb1200000,0xb1200000,0xb34c0000)
 ParOldGen       total 156672K, used 102395K [0x942c0000, 0x9dbc0000, 0xa8ec0000)
  object space 156672K, 65% used [0x942c0000,0x9a6bed00,0x9dbc0000)
 PSPermGen       total 28928K, used 12800K [0x902c0000, 0x91f00000, 0x942c0000)
  object space 28928K, 44% used [0x902c0000,0x90f40330,0x91f00000)
}
Event: 30.224 GC heap before
{Heap before GC invocations=18 (full 2):
 PSYoungGen      total 134400K, used 132851K [0xa8ec0000, 0xb34c0000, 0xb34c0000)
  eden space 112640K, 100% used [0xa8ec0000,0xafcc0000,0xafcc0000)
  from space 21760K, 92% used [0xafcc0000,0xb107cca0,0xb1200000)
  to   space 35584K, 0% used [0xb1200000,0xb1200000,0xb34c0000)
 ParOldGen       total 156672K, used 102395K [0x942c0000, 0x9dbc0000, 0xa8ec0000)
  object space 156672K, 65% used [0x942c0000,0x9a6bed00,0x9dbc0000)
 PSPermGen       total 28928K, used 12913K [0x902c0000, 0x91f00000, 0x942c0000)
  object space 28928K, 44% used [0x902c0000,0x90f5c450,0x91f00000)
Event: 30.748 GC heap after
Heap after GC invocations=18 (full 2):
 PSYoungGen      total 92416K, used 35570K [0xa8ec0000, 0xb34c0000, 0xb34c0000)
  eden space 56832K, 0% used [0xa8ec0000,0xa8ec0000,0xac640000)
  from space 35584K, 99% used [0xb1200000,0xb34bca58,0xb34c0000)
  to   space 56576K, 0% used [0xac640000,0xac640000,0xafd80000)
 ParOldGen       total 156672K, used 138260K [0x942c0000, 0x9dbc0000, 0xa8ec0000)
  object space 156672K, 88% used [0x942c0000,0x9c9c51d8,0x9dbc0000)
 PSPermGen       total 28928K, used 12913K [0x902c0000, 0x91f00000, 0x942c0000)
  object space 28928K, 44% used [0x902c0000,0x90f5c450,0x91f00000)
}
Event: 30.748 GC heap before
{Heap before GC invocations=19 (full 3):
 PSYoungGen      total 92416K, used 35570K [0xa8ec0000, 0xb34c0000, 0xb34c0000)
  eden space 56832K, 0% used [0xa8ec0000,0xa8ec0000,0xac640000)
  from space 35584K, 99% used [0xb1200000,0xb34bca58,0xb34c0000)
  to   space 56576K, 0% used [0xac640000,0xac640000,0xafd80000)
 ParOldGen       total 156672K, used 138260K [0x942c0000, 0x9dbc0000, 0xa8ec0000)
  object space 156672K, 88% used [0x942c0000,0x9c9c51d8,0x9dbc0000)
 PSPermGen       total 28928K, used 12913K [0x902c0000, 0x91f00000, 0x942c0000)
  object space 28928K, 44% used [0x902c0000,0x90f5c450,0x91f00000)

Deoptimization events (10 events):
Event: 29.508 Thread 0xb6607c00 Uncommon trap: reason=array_check action=maybe_recompile pc=0xb3727118 method=java.util.ComparableTimSort.mergeHi(IIII)V @ 91
Event: 29.564 Thread 0xb6607c00 Uncommon trap: reason=array_check action=maybe_recompile pc=0xb372c018 method=java.util.ComparableTimSort.mergeLo(IIII)V @ 203
Event: 29.564 Thread 0xb6607c00 Uncommon trap: reason=array_check action=maybe_recompile pc=0xb372c51c method=java.util.ComparableTimSort.mergeLo(IIII)V @ 129
Event: 29.564 Thread 0xb6607c00 Uncommon trap: reason=array_check action=maybe_recompile pc=0xb372c018 method=java.util.ComparableTimSort.mergeLo(IIII)V @ 203
Event: 29.618 Thread 0xb6607c00 Uncommon trap: reason=array_check action=maybe_recompile pc=0xb3721734 method=java.util.ComparableTimSort.mergeLo(IIII)V @ 236
Event: 29.618 Thread 0xb6607c00 Uncommon trap: reason=array_check action=maybe_recompile pc=0xb3721734 method=java.util.ComparableTimSort.mergeLo(IIII)V @ 236
Event: 29.693 Thread 0xb6607c00 Uncommon trap: reason=predicate action=maybe_recompile pc=0xb373f138 method=java.util.ComparableTimSort.reverseRange([Ljava/lang/Object;II)V @ 8
Event: 29.693 Thread 0xb6607c00 Uncommon trap: reason=array_check action=maybe_recompile pc=0xb37249cc method=java.util.ComparableTimSort.mergeLo(IIII)V @ 583
Event: 29.787 Thread 0xb6607c00 Uncommon trap: reason=unstable_if action=reinterpret pc=0xb35f1790 method=javax.lang.model.SourceVersion.isIdentifier(Ljava/lang/CharSequence;)Z @ 54
Event: 30.141 Thread 0xb6607c00 Uncommon trap: reason=unstable_if action=reinterpret pc=0xb372ad20 method=com.sun.tools.javac.code.Scope.getIndex(Lcom/sun/tools/javac/util/Name;)I @ 60

Internal exceptions (10 events):
Event: 29.598 Thread 0xb6607c00 Threw 0xade44fa8 at /HUDSON/workspace/7u-2-build-linux-i586/jdk7u80/2329/hotspot/src/share/vm/prims/jni.cpp:717
Event: 29.664 Thread 0xb6607c00 Threw 0xae17c9d8 at /HUDSON/workspace/7u-2-build-linux-i586/jdk7u80/2329/hotspot/src/share/vm/prims/jvm.cpp:1319
Event: 29.664 Thread 0xb6607c00 Threw 0xae17d150 at /HUDSON/workspace/7u-2-build-linux-i586/jdk7u80/2329/hotspot/src/share/vm/prims/jvm.cpp:1319
Event: 29.678 Thread 0xb6607c00 Threw 0xae18a758 at /HUDSON/workspace/7u-2-build-linux-i586/jdk7u80/2329/hotspot/src/share/vm/prims/jni.cpp:717
Event: 29.702 Thread 0xb6607c00 Threw 0xae1c41a0 at /HUDSON/workspace/7u-2-build-linux-i586/jdk7u80/2329/hotspot/src/share/vm/prims/jvm.cpp:1319
Event: 29.702 Thread 0xb6607c00 Threw 0xae1c47f0 at /HUDSON/workspace/7u-2-build-linux-i586/jdk7u80/2329/hotspot/src/share/vm/prims/jvm.cpp:1319
Event: 29.724 Thread 0xb6607c00 Threw 0xae208e10 at /HUDSON/workspace/7u-2-build-linux-i586/jdk7u80/2329/hotspot/src/share/vm/prims/jvm.cpp:1319
Event: 29.724 Thread 0xb6607c00 Threw 0xae209450 at /HUDSON/workspace/7u-2-build-linux-i586/jdk7u80/2329/hotspot/src/share/vm/prims/jvm.cpp:1319
Event: 29.725 Thread 0xb6607c00 Threw 0xae20b550 at /HUDSON/workspace/7u-2-build-linux-i586/jdk7u80/2329/hotspot/src/share/vm/prims/jvm.cpp:1319
Event: 29.725 Thread 0xb6607c00 Threw 0xae20bc40 at /HUDSON/workspace/7u-2-build-linux-i586/jdk7u80/2329/hotspot/src/share/vm/prims/jvm.cpp:1319

Events (10 events):
Event: 29.787 Thread 0xb6607c00 Uncommon trap: trap_request=0xffffff75 fr.pc=0xb35f1790
Event: 29.787 Thread 0xb6607c00 DEOPT PACKING pc=0xb35f1790 sp=0xb6776190
Event: 29.787 Thread 0xb6607c00 DEOPT UNPACKING pc=0xb35c3bc8 sp=0xb6776178 mode 2
Event: 29.988 loading class 0x90044158
Event: 30.008 loading class 0x90044158 done
Event: 30.141 Thread 0xb6607c00 Uncommon trap: trap_request=0xffffff75 fr.pc=0xb372ad20
Event: 30.141 Thread 0xb6607c00 DEOPT PACKING pc=0xb372ad20 sp=0xb6776100
Event: 30.141 Thread 0xb6607c00 DEOPT UNPACKING pc=0xb35c3bc8 sp=0xb67760dc mode 2
Event: 30.220 Thread 0x8e627000 flushing nmethod 0xb3631308
Event: 30.224 Executing VM operation: ParallelGCFailedAllocation


Dynamic libraries:
08048000-08049000 r-xp 00000000 08:06 705763     /usr/local/java/jdk1.7.0_80/bin/java
08049000-0804a000 rw-p 00000000 08:06 705763     /usr/local/java/jdk1.7.0_80/bin/java
09867000-09e2f000 rw-p 00000000 00:00 0          [heap]
8ca00000-8cb00000 rw-p 00000000 00:00 0 
8cc00000-8ccf8000 rw-p 00000000 00:00 0 
8ccf8000-8cd00000 ---p 00000000 00:00 0 
8ce00000-8cefd000 rw-p 00000000 00:00 0 
8cefd000-8cf00000 ---p 00000000 00:00 0 
8cf00000-8cff9000 rw-p 00000000 00:00 0 
8cff9000-8d000000 ---p 00000000 00:00 0 
8d000000-8d0cb000 rw-p 00000000 00:00 0 
8d0cb000-8d100000 ---p 00000000 00:00 0 
8d100000-8d200000 rw-p 00000000 00:00 0 
8d300000-8d3fe000 rw-p 00000000 00:00 0 
8d3fe000-8d400000 ---p 00000000 00:00 0 
8d495000-8d500000 r--s 00e21000 08:06 296708     /usr/local/java/jdk1.7.0_80/lib/tools.jar
8d500000-8d5ff000 rw-p 00000000 00:00 0 
8d5ff000-8d600000 ---p 00000000 00:00 0 
8d600000-8d6ff000 rw-p 00000000 00:00 0 
8d6ff000-8d700000 ---p 00000000 00:00 0 
8d700000-8d7ff000 rw-p 00000000 00:00 0 
8d7ff000-8d800000 ---p 00000000 00:00 0 
8d800000-8d8ff000 rw-p 00000000 00:00 0 
8d8ff000-8d900000 ---p 00000000 00:00 0 
8d900000-8d9fc000 rw-p 00000000 00:00 0 
8d9fc000-8da00000 ---p 00000000 00:00 0 
8da00000-8db00000 rw-p 00000000 00:00 0 
8db00000-8dbfa000 rw-p 00000000 00:00 0 
8dbfa000-8dc00000 ---p 00000000 00:00 0 
8dc3f000-8de00000 rw-p 00000000 00:00 0 
8de00000-8df00000 rw-p 00000000 00:00 0 
8df63000-8df64000 r--s 00004000 08:07 534879     /home/akshat/.m2/repository/org/codehaus/plexus/plexus-compiler-javac/2.7/plexus-compiler-javac-2.7.jar
8df64000-8df66000 r--s 00000000 08:07 276263     /home/akshat/.m2/repository/org/codehaus/plexus/plexus-compiler-manager/2.7/plexus-compiler-manager-2.7.jar
8df66000-8df68000 r--s 00005000 08:07 276261     /home/akshat/.m2/repository/org/codehaus/plexus/plexus-compiler-api/2.7/plexus-compiler-api-2.7.jar
8df68000-8df6a000 r--s 00002000 08:07 534877     /home/akshat/.m2/repository/org/apache/maven/shared/maven-shared-incremental/1.1/maven-shared-incremental-1.1.jar
8df6a000-8df6c000 r--s 00006000 08:07 407358     /home/akshat/.m2/repository/com/google/code/findbugs/jsr305/2.0.1/jsr305-2.0.1.jar
8df6c000-8df70000 r--s 0002a000 08:07 407356     /home/akshat/.m2/repository/commons-io/commons-io/2.4/commons-io-2.4.jar
8df70000-8df73000 r--s 00023000 08:07 407354     /home/akshat/.m2/repository/org/apache/maven/shared/maven-shared-utils/3.0.0/maven-shared-utils-3.0.0.jar
8df73000-8df75000 r--s 00002000 08:07 276257     /home/akshat/.m2/repository/org/sonatype/plexus/plexus-cipher/1.4/plexus-cipher-1.4.jar
8df75000-8df76000 r--s 00006000 08:07 165725     /home/akshat/.m2/repository/org/sonatype/plexus/plexus-sec-dispatcher/1.3/plexus-sec-dispatcher-1.3.jar
8df76000-8df78000 r--s 00000000 08:07 165723     /home/akshat/.m2/repository/org/codehaus/plexus/plexus-component-annotations/1.5.5/plexus-component-annotations-1.5.5.jar
8df78000-8df7a000 r--s 0000d000 08:07 165719     /home/akshat/.m2/repository/org/codehaus/plexus/plexus-interpolation/1.14/plexus-interpolation-1.14.jar
8df7a000-8df7e000 r--s 00017000 08:07 276255     /home/akshat/.m2/repository/org/sonatype/aether/aether-util/1.7/aether-util-1.7.jar
8df7e000-8df82000 r--s 00033000 08:07 165711     /home/akshat/.m2/repository/org/codehaus/plexus/plexus-utils/2.0.4/plexus-utils-2.0.4.jar
8df82000-8df8d000 r--s 00069000 08:07 165707     /home/akshat/.m2/repository/org/sonatype/sisu/sisu-guice/2.1.7/sisu-guice-2.1.7-noaop.jar
8df8d000-8df92000 r--s 00021000 08:07 165705     /home/akshat/.m2/repository/org/sonatype/sisu/sisu-inject-bean/1.4.2/sisu-inject-bean-1.4.2.jar
8df92000-8df94000 r--s 0000b000 08:07 152863     /home/akshat/.m2/repository/org/apache/maven/plugins/maven-compiler-plugin/3.5.1/maven-compiler-plugin-3.5.1.jar
8df94000-8df96000 r--s 0000d000 08:07 276317     /home/akshat/.m2/repository/org/codehaus/plexus/plexus-interpolation/1.13/plexus-interpolation-1.13.jar
8df96000-8df97000 r--s 00001000 08:07 276315     /home/akshat/.m2/repository/org/sonatype/plexus/plexus-build-api/0.0.4/plexus-build-api-0.0.4.jar
8df97000-8df99000 r--s 00009000 08:07 534905     /home/akshat/.m2/repository/org/apache/maven/shared/maven-filtering/1.1/maven-filtering-1.1.jar
8df99000-8df9d000 r--s 00033000 08:07 165769     /home/akshat/.m2/repository/org/codehaus/plexus/plexus-utils/2.0.5/plexus-utils-2.0.5.jar
8df9d000-8dfa0000 r--s 0001b000 08:07 276313     /home/akshat/.m2/repository/junit/junit/3.8.1/junit-3.8.1.jar
8dfa0000-8dfa2000 r--s 00002000 08:07 276309     /home/akshat/.m2/repository/org/codehaus/plexus/plexus-interactivity-api/1.0-alpha-4/plexus-interactivity-api-1.0-alpha-4.jar
8dfa2000-8dfa4000 r--s 00006000 08:07 407424     /home/akshat/.m2/repository/commons-cli/commons-cli/1.0/commons-cli-1.0.jar
8dfa4000-8dfa5000 r--s 00001000 08:07 407420     /home/akshat/.m2/repository/org/apache/maven/doxia/doxia-sink-api/1.0-alpha-7/doxia-sink-api-1.0-alpha-7.jar
8dfa5000-8dfa7000 r--s 00006000 08:07 155750     /home/akshat/.m2/repository/org/apache/maven/plugins/maven-resources-plugin/2.6/maven-resources-plugin-2.6.jar
8dfa7000-8dfab000 r--s 0008b000 08:06 296723     /usr/local/java/jdk1.7.0_80/jre/lib/jsse.jar
8dfab000-8dfc0000 r-xp 00000000 08:06 440372     /usr/local/java/jdk1.7.0_80/jre/lib/i386/libnet.so
8dfc0000-8dfc1000 rw-p 00015000 08:06 440372     /usr/local/java/jdk1.7.0_80/jre/lib/i386/libnet.so
8dfc1000-8dfcf000 r-xp 00000000 08:06 440353     /usr/local/java/jdk1.7.0_80/jre/lib/i386/libnio.so
8dfcf000-8dfd0000 rw-p 0000e000 08:06 440353     /usr/local/java/jdk1.7.0_80/jre/lib/i386/libnio.so
8dfd0000-8dfd5000 r--s 00041000 08:07 263330     /home/akshat/Documents/DistributedComputing/eclipse/plugins/org.eclipse.m2e.maven.runtime_1.8.0.20160921-2001/jars/commons-lang-2.6.jar
8dfd5000-8e000000 r--s 001fc000 08:07 263327     /home/akshat/Documents/DistributedComputing/eclipse/plugins/org.eclipse.m2e.maven.runtime_1.8.0.20160921-2001/jars/guava-18.0.jar
8e000000-8e100000 rw-p 00000000 00:00 0 
8e100000-8e101000 r--s 00002000 08:07 407418     /home/akshat/.m2/repository/org/apache/maven/reporting/maven-reporting-api/2.0.6/maven-reporting-api-2.0.6.jar
8e101000-8e102000 r--s 00002000 08:07 263313     /home/akshat/Documents/DistributedComputing/eclipse/plugins/org.eclipse.m2e.maven.runtime.slf4j.simple_1.8.0.20160921-2001/jars/slf4j-simple-1.7.5.jar
8e102000-8e104000 r--s 00005000 08:07 263329     /home/akshat/Documents/DistributedComputing/eclipse/plugins/org.eclipse.m2e.maven.runtime_1.8.0.20160921-2001/jars/aether-transport-wagon-1.0.2.v20150114.jar
8e104000-8e109000 r--s 00049000 08:07 263359     /home/akshat/Documents/DistributedComputing/eclipse/plugins/org.eclipse.m2e.maven.runtime_1.8.0.20160921-2001/jars/okhttp-2.5.0.jar
8e109000-8e10a000 ---p 00000000 00:00 0 
8e10a000-8e18a000 rw-p 00000000 00:00 0 
8e18a000-8e18d000 ---p 00000000 00:00 0 
8e18d000-8e1db000 rw-p 00000000 00:00 0 
8e1db000-8e1de000 ---p 00000000 00:00 0 
8e1de000-8e25c000 rw-p 00000000 00:00 0 
8e25c000-8e25f000 ---p 00000000 00:00 0 
8e25f000-8e2dd000 rw-p 00000000 00:00 0 
8e2dd000-8e2e0000 ---p 00000000 00:00 0 
8e2e0000-8e32e000 rw-p 00000000 00:00 0 
8e32e000-8e52e000 r--p 00000000 08:06 2007       /usr/lib/locale/locale-archive
8e52e000-8e531000 ---p 00000000 00:00 0 
8e531000-8e57f000 rw-p 00000000 00:00 0 
8e57f000-8e580000 ---p 00000000 00:00 0 
8e580000-8e600000 rw-p 00000000 00:00 0 
8e600000-8e6fe000 rw-p 00000000 00:00 0 
8e6fe000-8e700000 ---p 00000000 00:00 0 
8e700000-8e701000 r--s 00002000 08:07 263342     /home/akshat/Documents/DistributedComputing/eclipse/plugins/org.eclipse.m2e.maven.runtime_1.8.0.20160921-2001/jars/wagon-file-2.10.jar
8e701000-8e702000 r--s 00008000 08:07 263344     /home/akshat/Documents/DistributedComputing/eclipse/plugins/org.eclipse.m2e.maven.runtime_1.8.0.20160921-2001/jars/aether-connector-basic-1.0.2.v20150114.jar
8e702000-8e704000 r--s 0000f000 08:07 263349     /home/akshat/Documents/DistributedComputing/eclipse/plugins/org.eclipse.m2e.maven.runtime_1.8.0.20160921-2001/jars/okio-1.6.0.jar
8e704000-8e706000 r--s 0000b000 08:07 263340     /home/akshat/Documents/DistributedComputing/eclipse/plugins/org.eclipse.m2e.maven.runtime_1.8.0.20160921-2001/jars/aether-connector-okhttp-0.16.0.jar
8e706000-8e708000 r--s 00006000 08:07 263352     /home/akshat/Documents/DistributedComputing/eclipse/plugins/org.eclipse.m2e.maven.runtime_1.8.0.20160921-2001/jars/aether-spi-1.0.2.v20150114.jar
8e708000-8e70c000 r--s 00027000 08:07 263356     /home/akshat/Documents/DistributedComputing/eclipse/plugins/org.eclipse.m2e.maven.runtime_1.8.0.20160921-2001/jars/aether-impl-1.0.2.v20150114.jar
8e70c000-8e714000 r--s 00055000 08:07 263357     /home/akshat/Documents/DistributedComputing/eclipse/plugins/org.eclipse.m2e.maven.runtime_1.8.0.20160921-2001/jars/org.eclipse.sisu.inject-0.3.2.jar
8e714000-8e717000 r--s 00008000 08:07 263328     /home/akshat/Documents/DistributedComputing/eclipse/plugins/org.eclipse.m2e.maven.runtime_1.8.0.20160921-2001/jars/cdi-api-1.0.jar
8e717000-8e71d000 r--s 0002d000 08:07 263339     /home/akshat/Documents/DistributedComputing/eclipse/plugins/org.eclipse.m2e.maven.runtime_1.8.0.20160921-2001/jars/org.eclipse.sisu.plexus-0.3.2.jar
8e71d000-8e720000 r--s 0000b000 08:07 263348     /home/akshat/Documents/DistributedComputing/eclipse/plugins/org.eclipse.m2e.maven.runtime_1.8.0.20160921-2001/jars/wagon-provider-api-2.10.jar
8e720000-8e726000 r--s 00041000 08:07 263362     /home/akshat/Documents/DistributedComputing/eclipse/plugins/org.eclipse.m2e.maven.runtime_1.8.0.20160921-2001/jars/maven-compat-3.3.9.jar
8e726000-8e728000 r--s 00009000 08:07 263355     /home/akshat/Documents/DistributedComputing/eclipse/plugins/org.eclipse.m2e.maven.runtime_1.8.0.20160921-2001/jars/commons-cli-1.2.jar
8e728000-8e72a000 r--s 00002000 08:07 263338     /home/akshat/Documents/DistributedComputing/eclipse/plugins/org.eclipse.m2e.maven.runtime_1.8.0.20160921-2001/jars/plexus-cipher-1.7.jar
8e72a000-8e72d000 r--s 00013000 08:07 263334     /home/akshat/Documents/DistributedComputing/eclipse/plugins/org.eclipse.m2e.maven.runtime_1.8.0.20160921-2001/jars/maven-embedder-3.3.9.jar
8e72d000-8e730000 ---p 00000000 00:00 0 
8e730000-8e77e000 rw-p 00000000 00:00 0 
8e77e000-8e93e000 r--s 039fb000 08:06 297021     /usr/local/java/jdk1.7.0_80/jre/lib/rt.jar
8e93e000-8fd00000 rw-p 00000000 00:00 0 
8fd00000-8fdfb000 rw-p 00000000 00:00 0 
8fdfb000-8fe00000 ---p 00000000 00:00 0 
8fe00000-8fe01000 r--s 00001000 08:07 263361     /home/akshat/Documents/DistributedComputing/eclipse/plugins/org.eclipse.m2e.maven.runtime_1.8.0.20160921-2001/jars/jsr250-api-1.0.jar
8fe01000-8fe08000 r--s 00064000 08:07 263341     /home/akshat/Documents/DistributedComputing/eclipse/plugins/org.eclipse.m2e.maven.runtime_1.8.0.20160921-2001/jars/commons-lang3-3.4.jar
8fe08000-8fe09000 r--s 00006000 08:07 263346     /home/akshat/Documents/DistributedComputing/eclipse/plugins/org.eclipse.m2e.maven.runtime_1.8.0.20160921-2001/jars/plexus-sec-dispatcher-1.3.jar
8fe09000-8fe0d000 r--s 00038000 08:07 263351     /home/akshat/Documents/DistributedComputing/eclipse/plugins/org.eclipse.m2e.maven.runtime_1.8.0.20160921-2001/jars/plexus-utils-3.0.22.jar
8fe0d000-8fe10000 r--s 0000d000 08:07 263345     /home/akshat/Documents/DistributedComputing/eclipse/plugins/org.eclipse.m2e.maven.runtime_1.8.0.20160921-2001/jars/plexus-interpolation-1.21.jar
8fe10000-8fe19000 r--s 0005f000 08:07 263331     /home/akshat/Documents/DistributedComputing/eclipse/plugins/org.eclipse.m2e.maven.runtime_1.8.0.20160921-2001/jars/guice-4.0-no_aop.jar
8fe19000-8fe1d000 r--s 00020000 08:07 263337     /home/akshat/Documents/DistributedComputing/eclipse/plugins/org.eclipse.m2e.maven.runtime_1.8.0.20160921-2001/jars/aether-util-1.0.2.v20150114.jar
8fe1d000-8fe22000 r--s 0001d000 08:07 263335     /home/akshat/Documents/DistributedComputing/eclipse/plugins/org.eclipse.m2e.maven.runtime_1.8.0.20160921-2001/jars/aether-api-1.0.2.v20150114.jar
8fe22000-8fe27000 r--s 00027000 08:07 263332     /home/akshat/Documents/DistributedComputing/eclipse/plugins/org.eclipse.m2e.maven.runtime_1.8.0.20160921-2001/jars/maven-model-builder-3.3.9.jar
8fe27000-8fe34000 r--s 0008f000 08:07 263365     /home/akshat/Documents/DistributedComputing/eclipse/plugins/org.eclipse.m2e.maven.runtime_1.8.0.20160921-2001/jars/maven-core-3.3.9.jar
8fe34000-8fe7f000 rw-p 00000000 00:00 0 
8fe7f000-8fe80000 ---p 00000000 00:00 0 
8fe80000-8ff00000 rw-p 00000000 00:00 0 
8ff00000-8ff21000 rw-p 00000000 00:00 0 
8ff21000-90000000 ---p 00000000 00:00 0 
90000000-90002000 r--s 00000000 08:07 263363     /home/akshat/Documents/DistributedComputing/eclipse/plugins/org.eclipse.m2e.maven.runtime_1.8.0.20160921-2001/jars/plexus-component-annotations-1.6.jar
90002000-90004000 r--s 0000f000 08:07 263350     /home/akshat/Documents/DistributedComputing/eclipse/plugins/org.eclipse.m2e.maven.runtime_1.8.0.20160921-2001/jars/maven-aether-provider-3.3.9.jar
90004000-9005f000 rw-p 00000000 00:00 0 
9005f000-90060000 ---p 00000000 00:00 0 
90060000-900ef000 rw-p 00000000 00:00 0 
900ef000-90100000 rw-p 00000000 00:00 0 
90100000-9014d000 rw-p 00000000 00:00 0 
9014d000-901a6000 rw-p 00000000 00:00 0 
901a6000-901b5000 rw-p 00000000 00:00 0 
901b5000-901c6000 rw-p 00000000 00:00 0 
901c6000-90213000 rw-p 00000000 00:00 0 
90213000-9026c000 rw-p 00000000 00:00 0 
9026c000-902bf000 rw-p 00000000 00:00 0 
902bf000-91f00000 rw-p 00000000 00:00 0 
91f00000-942c0000 rw-p 00000000 00:00 0 
942c0000-9dbc0000 rw-p 00000000 00:00 0 
a1f64000-a2180000 rw-p 00000000 00:00 0 
a2180000-a8ec0000 rw-p 00000000 00:00 0 
a8ec0000-b34c0000 rw-p 00000000 00:00 0 
b34c0000-b34c2000 r--s 0000a000 08:07 263353     /home/akshat/Documents/DistributedComputing/eclipse/plugins/org.eclipse.m2e.maven.runtime_1.8.0.20160921-2001/jars/maven-plugin-api-3.3.9.jar
b34c2000-b34c4000 r--s 0000c000 08:07 263354     /home/akshat/Documents/DistributedComputing/eclipse/plugins/org.eclipse.m2e.maven.runtime_1.8.0.20160921-2001/jars/maven-artifact-3.3.9.jar
b34c4000-b34c5000 r--s 00006000 08:07 263364     /home/akshat/Documents/DistributedComputing/eclipse/plugins/org.eclipse.m2e.maven.runtime_1.8.0.20160921-2001/jars/maven-repository-metadata-3.3.9.jar
b34c5000-b34c6000 r--s 00003000 08:07 263358     /home/akshat/Documents/DistributedComputing/eclipse/plugins/org.eclipse.m2e.maven.runtime_1.8.0.20160921-2001/jars/maven-builder-support-3.3.9.jar
b34c6000-b34c8000 r--s 00009000 08:07 263360     /home/akshat/Documents/DistributedComputing/eclipse/plugins/org.eclipse.m2e.maven.runtime_1.8.0.20160921-2001/jars/maven-settings-builder-3.3.9.jar
b34c8000-b34c9000 r--s 0000a000 08:07 263336     /home/akshat/Documents/DistributedComputing/eclipse/plugins/org.eclipse.m2e.maven.runtime_1.8.0.20160921-2001/jars/maven-settings-3.3.9.jar
b34c9000-b34e2000 rw-p 00000000 00:00 0 
b34e2000-b3597000 rw-p 00000000 00:00 0 
b3597000-b3847000 rwxp 00000000 00:00 0 
b3847000-b6597000 rw-p 00000000 00:00 0 
b6597000-b65a2000 r-xp 00000000 08:06 555855     /lib/i386-linux-gnu/libnss_files-2.23.so
b65a2000-b65a3000 r--p 0000a000 08:06 555855     /lib/i386-linux-gnu/libnss_files-2.23.so
b65a3000-b65a4000 rw-p 0000b000 08:06 555855     /lib/i386-linux-gnu/libnss_files-2.23.so
b65a4000-b65aa000 rw-p 00000000 00:00 0 
b65aa000-b65b5000 r-xp 00000000 08:06 555848     /lib/i386-linux-gnu/libnss_nis-2.23.so
b65b5000-b65b6000 r--p 0000a000 08:06 555848     /lib/i386-linux-gnu/libnss_nis-2.23.so
b65b6000-b65b7000 rw-p 0000b000 08:06 555848     /lib/i386-linux-gnu/libnss_nis-2.23.so
b65b7000-b65ce000 r-xp 00000000 08:06 555850     /lib/i386-linux-gnu/libnsl-2.23.so
b65ce000-b65cf000 r--p 00016000 08:06 555850     /lib/i386-linux-gnu/libnsl-2.23.so
b65cf000-b65d0000 rw-p 00017000 08:06 555850     /lib/i386-linux-gnu/libnsl-2.23.so
b65d0000-b65d2000 rw-p 00000000 00:00 0 
b65d2000-b65da000 r-xp 00000000 08:06 555856     /lib/i386-linux-gnu/libnss_compat-2.23.so
b65da000-b65db000 r--p 00007000 08:06 555856     /lib/i386-linux-gnu/libnss_compat-2.23.so
b65db000-b65dc000 rw-p 00008000 08:06 555856     /lib/i386-linux-gnu/libnss_compat-2.23.so
b65dc000-b65ff000 r-xp 00000000 08:06 440350     /usr/local/java/jdk1.7.0_80/jre/lib/i386/libjava.so
b65ff000-b6600000 rw-p 00023000 08:06 440350     /usr/local/java/jdk1.7.0_80/jre/lib/i386/libjava.so
b6600000-b66f3000 rw-p 00000000 00:00 0 
b66f3000-b6700000 ---p 00000000 00:00 0 
b6700000-b6703000 r--s 00026000 08:07 263343     /home/akshat/Documents/DistributedComputing/eclipse/plugins/org.eclipse.m2e.maven.runtime_1.8.0.20160921-2001/jars/maven-model-3.3.9.jar
b6703000-b6705000 r--s 0000b000 08:07 263333     /home/akshat/Documents/DistributedComputing/eclipse/plugins/org.eclipse.m2e.maven.runtime_1.8.0.20160921-2001/jars/plexus-classworlds-2.5.2.jar
b6705000-b6706000 r--p 002d4000 08:06 2007       /usr/lib/locale/locale-archive
b6706000-b671d000 r-xp 00000000 08:06 440373     /usr/local/java/jdk1.7.0_80/jre/lib/i386/libzip.so
b671d000-b671e000 rw-p 00016000 08:06 440373     /usr/local/java/jdk1.7.0_80/jre/lib/i386/libzip.so
b671e000-b6725000 r-xp 00000000 08:06 555857     /lib/i386-linux-gnu/librt-2.23.so
b6725000-b6726000 r--p 00006000 08:06 555857     /lib/i386-linux-gnu/librt-2.23.so
b6726000-b6727000 rw-p 00007000 08:06 555857     /lib/i386-linux-gnu/librt-2.23.so
b6727000-b672a000 ---p 00000000 00:00 0 
b672a000-b6778000 rw-p 00000000 00:00 0 
b6778000-b67cb000 r-xp 00000000 08:06 555849     /lib/i386-linux-gnu/libm-2.23.so
b67cb000-b67cc000 r--p 00052000 08:06 555849     /lib/i386-linux-gnu/libm-2.23.so
b67cc000-b67cd000 rw-p 00053000 08:06 555849     /lib/i386-linux-gnu/libm-2.23.so
b67cd000-b7054000 r-xp 00000000 08:06 440333     /usr/local/java/jdk1.7.0_80/jre/lib/i386/server/libjvm.so
b7054000-b70b8000 rw-p 00886000 08:06 440333     /usr/local/java/jdk1.7.0_80/jre/lib/i386/server/libjvm.so
b70b8000-b74dc000 rw-p 00000000 00:00 0 
b74dc000-b768b000 r-xp 00000000 08:06 555851     /lib/i386-linux-gnu/libc-2.23.so
b768b000-b768c000 ---p 001af000 08:06 555851     /lib/i386-linux-gnu/libc-2.23.so
b768c000-b768e000 r--p 001af000 08:06 555851     /lib/i386-linux-gnu/libc-2.23.so
b768e000-b768f000 rw-p 001b1000 08:06 555851     /lib/i386-linux-gnu/libc-2.23.so
b768f000-b7692000 rw-p 00000000 00:00 0 
b7692000-b7695000 r-xp 00000000 08:06 555847     /lib/i386-linux-gnu/libdl-2.23.so
b7695000-b7696000 r--p 00002000 08:06 555847     /lib/i386-linux-gnu/libdl-2.23.so
b7696000-b7697000 rw-p 00003000 08:06 555847     /lib/i386-linux-gnu/libdl-2.23.so
b7697000-b76ab000 r-xp 00000000 08:06 296707     /usr/local/java/jdk1.7.0_80/lib/i386/jli/libjli.so
b76ab000-b76ac000 rw-p 00013000 08:06 296707     /usr/local/java/jdk1.7.0_80/lib/i386/jli/libjli.so
b76ac000-b76c5000 r-xp 00000000 08:06 555861     /lib/i386-linux-gnu/libpthread-2.23.so
b76c5000-b76c6000 r--p 00018000 08:06 555861     /lib/i386-linux-gnu/libpthread-2.23.so
b76c6000-b76c7000 rw-p 00019000 08:06 555861     /lib/i386-linux-gnu/libpthread-2.23.so
b76c7000-b76c9000 rw-p 00000000 00:00 0 
b76c9000-b76d1000 rw-s 00000000 08:06 854788     /tmp/hsperfdata_akshat/3607
b76d1000-b76d2000 rw-p 00000000 00:00 0 
b76d2000-b76d3000 ---p 00000000 00:00 0 
b76d3000-b76de000 r-xp 00000000 08:06 440369     /usr/local/java/jdk1.7.0_80/jre/lib/i386/libverify.so
b76de000-b76df000 rw-p 0000b000 08:06 440369     /usr/local/java/jdk1.7.0_80/jre/lib/i386/libverify.so
b76df000-b76e1000 rw-p 00000000 00:00 0 
b76e1000-b76e3000 r--p 00000000 00:00 0          [vvar]
b76e3000-b76e4000 r-xp 00000000 00:00 0          [vdso]
b76e4000-b7706000 r-xp 00000000 08:06 555852     /lib/i386-linux-gnu/ld-2.23.so
b7706000-b7707000 rw-p 00000000 00:00 0 
b7707000-b7708000 r--p 00022000 08:06 555852     /lib/i386-linux-gnu/ld-2.23.so
b7708000-b7709000 rw-p 00023000 08:06 555852     /lib/i386-linux-gnu/ld-2.23.so
bff13000-bff14000 rwxp 00000000 00:00 0 
bff45000-bff67000 rw-p 00000000 00:00 0          [stack]

VM Arguments:
jvm_args: -Dmaven.home=EMBEDDED -Dclassworlds.conf=/home/akshat/workspace/.metadata/.plugins/org.eclipse.m2e.launching/launches/m2conf7036301453172155315.tmp -Dmaven.multiModuleProjectDirectory=/home/akshat/workspace/HCDistributed -Dfile.encoding=UTF-8 
java_command: org.codehaus.plexus.classworlds.launcher.Launcher -B package shade:shade
Launcher Type: SUN_STANDARD

Environment Variables:
JAVA_HOME=/usr/local/java/jdk1.8.0_101
JRE_HOME=/usr/local/java/jdk1.8.0_101/jre
PATH=/home/akshat/Documents/DistributedComputing/hadoop-2.7.2/bin:/home/akshat/Downloads/mosek/7/tools/platform/linux32x86/bin:/home/akshat/Downloads/sublime_text_3/sublime_text:/home/akshat/Documents/DistributedComputing/eclipse:/home/akshat/bin:/home/akshat/.local/bin:/usr/local/sbin:/usr/local/bin:/usr/sbin:/usr/bin:/sbin:/bin:/usr/games:/usr/local/games:/snap/bin:/usr/local/java/jdk1.8.0_101/bin:/usr/local/java/jdk1.8.0_101/jre/bin
LD_LIBRARY_PATH=/usr/local/java/jdk1.7.0_80/jre/lib/i386/server:/usr/local/java/jdk1.7.0_80/jre/lib/i386:/usr/local/java/jdk1.7.0_80/jre/../lib/i386:/usr/local/java/jdk1.8.0_101/jre/lib/i386/client:/usr/local/java/jdk1.8.0_101/jre/lib/i386:
SHELL=/bin/bash
DISPLAY=:0

Signal Handlers:
SIGSEGV: [libjvm.so+0x7eb160], sa_mask[0]=0x7ffbfeff, sa_flags=0x10000004
SIGBUS: [libjvm.so+0x7eb160], sa_mask[0]=0x7ffbfeff, sa_flags=0x10000004
SIGFPE: [libjvm.so+0x684ac0], sa_mask[0]=0x7ffbfeff, sa_flags=0x10000004
SIGPIPE: [libjvm.so+0x684ac0], sa_mask[0]=0x7ffbfeff, sa_flags=0x10000004
SIGXFSZ: [libjvm.so+0x684ac0], sa_mask[0]=0x7ffbfeff, sa_flags=0x10000004
SIGILL: [libjvm.so+0x684ac0], sa_mask[0]=0x7ffbfeff, sa_flags=0x10000004
SIGUSR1: SIG_DFL, sa_mask[0]=0x00000000, sa_flags=0x00000000
SIGUSR2: [libjvm.so+0x686330], sa_mask[0]=0x00000004, sa_flags=0x10000004
SIGHUP: [libjvm.so+0x687660], sa_mask[0]=0x7ffbfeff, sa_flags=0x10000004
SIGINT: [libjvm.so+0x687660], sa_mask[0]=0x7ffbfeff, sa_flags=0x10000004
SIGTERM: [libjvm.so+0x687660], sa_mask[0]=0x7ffbfeff, sa_flags=0x10000004
SIGQUIT: [libjvm.so+0x687660], sa_mask[0]=0x7ffbfeff, sa_flags=0x10000004


---------------  S Y S T E M  ---------------

OS:stretch/sid

uname:Linux 4.4.0-75-generic #96-Ubuntu SMP Thu Apr 20 09:55:15 UTC 2017 i686
libc:glibc 2.23 NPTL 2.23 
rlimit: STACK 8192k, CORE 0k, NPROC 15619, NOFILE 65536, AS infinity
load average:1.24 0.58 0.48

/proc/meminfo:
MemTotal:        2036416 kB
MemFree:          119584 kB
MemAvailable:      29700 kB
Buffers:            9572 kB
Cached:           325180 kB
SwapCached:            0 kB
Active:          1540640 kB
Inactive:         297392 kB
Active(anon):    1505084 kB
Inactive(anon):   260348 kB
Active(file):      35556 kB
Inactive(file):    37044 kB
Unevictable:         248 kB
Mlocked:             248 kB
HighTotal:       1157832 kB
HighFree:          14876 kB
LowTotal:         878584 kB
LowFree:          104708 kB
SwapTotal:             0 kB
SwapFree:              0 kB
Dirty:              1492 kB
Writeback:             0 kB
AnonPages:       1503724 kB
Mapped:            79548 kB
Shmem:            261960 kB
Slab:              38864 kB
SReclaimable:      19376 kB
SUnreclaim:        19488 kB
KernelStack:        4304 kB
PageTables:        11740 kB
NFS_Unstable:          0 kB
Bounce:                0 kB
WritebackTmp:          0 kB
CommitLimit:     1018208 kB
Committed_AS:    5220892 kB
VmallocTotal:     122880 kB
VmallocUsed:           0 kB
VmallocChunk:          0 kB
AnonHugePages:    839680 kB
CmaTotal:              0 kB
CmaFree:               0 kB
HugePages_Total:       0
HugePages_Free:        0
HugePages_Rsvd:        0
HugePages_Surp:        0
Hugepagesize:       2048 kB
DirectMap4k:       51192 kB
DirectMap2M:      862208 kB


CPU:total 2 (2 cores per cpu, 1 threads per core) family 6 model 15 stepping 13, cmov, cx8, fxsr, mmx, sse, sse2, sse3, ssse3, tsc

/proc/cpuinfo:
processor	: 0
vendor_id	: GenuineIntel
cpu family	: 6
model		: 15
model name	: Intel(R) Core(TM)2 Duo CPU     T5870  @ 2.00GHz
stepping	: 13
microcode	: 0xa3
cpu MHz		: 2001.000
cache size	: 2048 KB
physical id	: 0
siblings	: 2
core id		: 0
cpu cores	: 2
apicid		: 0
initial apicid	: 0
fdiv_bug	: no
f00f_bug	: no
coma_bug	: no
fpu		: yes
fpu_exception	: yes
cpuid level	: 10
wp		: yes
flags		: fpu vme de pse tsc msr pae mce cx8 apic sep mtrr pge mca cmov pat pse36 clflush dts acpi mmx fxsr sse sse2 ss ht tm pbe nx lm constant_tsc arch_perfmon pebs bts aperfmperf pni dtes64 monitor ds_cpl est tm2 ssse3 cx16 xtpr pdcm lahf_lm dtherm ida
bugs		:
bogomips	: 3990.03
clflush size	: 64
cache_alignment	: 64
address sizes	: 36 bits physical, 48 bits virtual
power management:

processor	: 1
vendor_id	: GenuineIntel
cpu family	: 6
model		: 15
model name	: Intel(R) Core(TM)2 Duo CPU     T5870  @ 2.00GHz
stepping	: 13
microcode	: 0xa3
cpu MHz		: 2001.000
cache size	: 2048 KB
physical id	: 0
siblings	: 2
core id		: 1
cpu cores	: 2
apicid		: 1
initial apicid	: 1
fdiv_bug	: no
f00f_bug	: no
coma_bug	: no
fpu		: yes
fpu_exception	: yes
cpuid level	: 10
wp		: yes
flags		: fpu vme de pse tsc msr pae mce cx8 apic sep mtrr pge mca cmov pat pse36 clflush dts acpi mmx fxsr sse sse2 ss ht tm pbe nx lm constant_tsc arch_perfmon pebs bts aperfmperf pni dtes64 monitor ds_cpl est tm2 ssse3 cx16 xtpr pdcm lahf_lm dtherm ida
bugs		:
bogomips	: 3990.03
clflush size	: 64
cache_alignment	: 64
address sizes	: 36 bits physical, 48 bits virtual
power management:



Memory: 4k page, physical 2036416k(119584k free), swap 0k(0k free)

vm_info: Java HotSpot(TM) Server VM (24.80-b11) for linux-x86 JRE (1.7.0_80-b15), built on Apr 10 2015 12:29:10 by "java_re" with gcc 4.3.0 20080428 (Red Hat 4.3.0-8)

time: Fri Apr 28 22:17:44 2017
elapsed time: 33 seconds

