#
# There is insufficient memory for the Java Runtime Environment to continue.
# Native memory allocation (malloc) failed to allocate 56360960 bytes for committing reserved memory.
# Possible reasons:
#   The system is out of physical RAM or swap space
#   In 32 bit mode, the process size limit was hit
# Possible solutions:
#   Reduce memory load on the system
#   Increase physical memory or swap space
#   Check if swap backing store is full
#   Use 64 bit Java on a 64 bit OS
#   Decrease Java heap size (-Xmx/-Xms)
#   Decrease number of Java threads
#   Decrease Java thread stack sizes (-Xss)
#   Set larger code cache with -XX:ReservedCodeCacheSize=
# This output file may be truncated or incomplete.
#
#  Out of Memory Error (os_linux.cpp:2756), pid=3885, tid=2414562112
#
# JRE version: Java(TM) SE Runtime Environment (7.0_80-b15) (build 1.7.0_80-b15)
# Java VM: Java HotSpot(TM) Server VM (24.80-b11 mixed mode linux-x86 )
# Failed to write core dump. Core dumps have been disabled. To enable core dumping, try "ulimit -c unlimited" before starting Java again
#

---------------  T H R E A D  ---------------

Current thread (0x8e610400):  VMThread [stack: 0x8fe34000,0x8feb5000] [id=3894]

Stack: [0x8fe34000,0x8feb5000],  sp=0x8feb3770,  free space=509k
Native frames: (J=compiled Java code, j=interpreted, Vv=VM code, C=native code)
V  [libjvm.so+0x7ea656]  VMError::report_and_die()+0x1a6
V  [libjvm.so+0x33eb82]  report_vm_out_of_memory(char const*, int, unsigned int, char const*)+0x72
V  [libjvm.so+0x687fb1]  os::Linux::commit_memory_impl(char*, unsigned int, bool)+0xe1
V  [libjvm.so+0x688478]  os::pd_commit_memory(char*, unsigned int, unsigned int, bool)+0x28
V  [libjvm.so+0x681b2c]  os::commit_memory(char*, unsigned int, unsigned int, bool)+0x2c
V  [libjvm.so+0x6ea8d8]  PSVirtualSpace::expand_by(unsigned int)+0x48
V  [libjvm.so+0x6dcd01]  PSOldGen::expand(unsigned int)+0x141
V  [libjvm.so+0x6dcdcf]  PSOldGen::resize(unsigned int)+0x8f
V  [libjvm.so+0x6e39d6]  PSParallelCompact::invoke_no_policy(bool)+0x8b6
V  [libjvm.so+0x6e8fed]  PSScavenge::invoke()+0x16d
V  [libjvm.so+0x6a851a]  ParallelScavengeHeap::failed_mem_allocate(unsigned int)+0x5a
V  [libjvm.so+0x7ebeea]  VM_ParallelGCFailedAllocation::doit()+0x7a
V  [libjvm.so+0x7f4d07]  VM_Operation::evaluate()+0x47
V  [libjvm.so+0x7f2da3]  VMThread::evaluate_operation(VM_Operation*)+0xb3
V  [libjvm.so+0x7f3140]  VMThread::loop()+0x1b0
V  [libjvm.so+0x7f35a5]  VMThread::run()+0x85
V  [libjvm.so+0x68a249]  java_start(Thread*)+0x119
C  [libpthread.so.0+0x6295]  start_thread+0xe5

VM_Operation (0xb67fde74): ParallelGCFailedAllocation, mode: safepoint, requested by thread 0xb6607c00


---------------  P R O C E S S  ---------------

Java Threads: ( => current thread )
  0x8e62ac00 JavaThread "Service Thread" daemon [_thread_blocked, id=3900, stack(0x8e20b000,0x8e25c000)]
  0x8e629000 JavaThread "C2 CompilerThread1" daemon [_thread_blocked, id=3899, stack(0x8e25c000,0x8e2dd000)]
  0x8e627000 JavaThread "C2 CompilerThread0" daemon [_thread_blocked, id=3898, stack(0x8e2dd000,0x8e35e000)]
  0x8e625800 JavaThread "Signal Dispatcher" daemon [_thread_blocked, id=3897, stack(0x8e35e000,0x8e3af000)]
  0x8e614800 JavaThread "Finalizer" daemon [_thread_blocked, id=3896, stack(0x8e5af000,0x8e600000)]
  0x8e613000 JavaThread "Reference Handler" daemon [_thread_blocked, id=3895, stack(0x8e72d000,0x8e77e000)]
  0xb6607c00 JavaThread "main" [_thread_blocked, id=3891, stack(0xb67af000,0xb6800000)]

Other Threads:
=>0x8e610400 VMThread [stack: 0x8fe34000,0x8feb5000] [id=3894]
  0x8e62c800 WatcherThread [stack: 0x8e18a000,0x8e20b000] [id=3901]

VM state:at safepoint (normal execution)

VM Mutex/Monitor currently owned by a thread:  ([mutex/lock_event])
[0xb6604c08] ExpandHeap_lock - owner thread: 0x8e610400
[0xb6605150] Threads_lock - owner thread: 0x8e610400
[0xb6605560] Heap_lock - owner thread: 0xb6607c00

Heap
 PSYoungGen      total 133888K, used 20163K [0xa8f40000, 0xb3540000, 0xb3540000)
  eden space 112384K, 0% used [0xa8f40000,0xa8f40000,0xafd00000)
  from space 21504K, 93% used [0xafd00000,0xb10b0c80,0xb1200000)
  to   space 36096K, 0% used [0xb1200000,0xb1200000,0xb3540000)
 ParOldGen       total 101888K, used 101792K [0x94340000, 0x9a6c0000, 0xa8f40000)
  object space 101888K, 99% used [0x94340000,0x9a6a8258,0x9a6c0000)
 PSPermGen       total 25600K, used 12797K [0x90340000, 0x91c40000, 0x94340000)
  object space 25600K, 49% used [0x90340000,0x90fbf668,0x91c40000)

Card table byte_map: [0x90226000,0x90340000] byte_map_base: 0x8fda4600

Polling page: 0xb775a000

Code Cache  [0xb3600000, 0xb3890000, 0xb6600000)
 total_blobs=786 nmethods=644 adapters=96 free_code_cache=46639Kb largest_free_block=47652032

Compilation events (10 events):
Event: 26.960 Thread 0x8e627000 nmethod 731 0xb3823e08 code [0xb3823f60, 0xb382431c]
Event: 26.966 Thread 0x8e629000 nmethod 730 0xb3815788 code [0xb38158e0, 0xb3815d9c]
Event: 26.988 Thread 0x8e627000  732             java.io.File::lastModified (33 bytes)
Event: 26.993 Thread 0x8e627000 nmethod 732 0xb373dec8 code [0xb373dfe0, 0xb373e1bc]
Event: 27.045 Thread 0x8e629000  733             com.sun.tools.javac.parser.JavacParser::checkNoMods (38 bytes)
Event: 27.045 Thread 0x8e627000  734             com.sun.tools.javac.parser.JavacParser::optFinal (29 bytes)
Event: 27.046 Thread 0x8e629000 nmethod 733 0xb3734148 code [0xb3734240, 0xb37342b0]
Event: 27.047 Thread 0x8e627000 nmethod 734 0xb3741348 code [0xb3741440, 0xb374151c]
Event: 27.239 Thread 0x8e629000  735             com.sun.tools.javac.parser.JavacParser::classOrInterfaceBodyDeclaration (609 bytes)
Event: 27.508 Thread 0x8e629000 nmethod 735 0xb387ea88 code [0xb387f4a0, 0xb3883b5c]

GC Heap History (10 events):
Event: 12.649 GC heap after
Heap after GC invocations=12 (full 0):
 PSYoungGen      total 85504K, used 872K [0xa8f40000, 0xae840000, 0xb3540000)
  eden space 80640K, 0% used [0xa8f40000,0xa8f40000,0xade00000)
  from space 4864K, 17% used [0xae300000,0xae3da1c8,0xae7c0000)
  to   space 5120K, 0% used [0xade00000,0xade00000,0xae300000)
 ParOldGen       total 21248K, used 11619K [0x94340000, 0x95800000, 0xa8f40000)
  object space 21248K, 54% used [0x94340000,0x94e98c98,0x95800000)
 PSPermGen       total 16384K, used 10464K [0x90340000, 0x91340000, 0x94340000)
  object space 16384K, 63% used [0x90340000,0x90d78190,0x91340000)
}
Event: 14.645 GC heap before
{Heap before GC invocations=13 (full 0):
 PSYoungGen      total 85504K, used 81512K [0xa8f40000, 0xae840000, 0xb3540000)
  eden space 80640K, 100% used [0xa8f40000,0xade00000,0xade00000)
  from space 4864K, 17% used [0xae300000,0xae3da1c8,0xae7c0000)
  to   space 5120K, 0% used [0xade00000,0xade00000,0xae300000)
 ParOldGen       total 21248K, used 11619K [0x94340000, 0x95800000, 0xa8f40000)
  object space 21248K, 54% used [0x94340000,0x94e98c98,0x95800000)
 PSPermGen       total 16384K, used 12592K [0x90340000, 0x91340000, 0x94340000)
  object space 16384K, 76% used [0x90340000,0x90f8c0f8,0x91340000)
Event: 14.664 GC heap after
Heap after GC invocations=13 (full 0):
 PSYoungGen      total 85760K, used 2431K [0xa8f40000, 0xb16c0000, 0xb3540000)
  eden space 80640K, 0% used [0xa8f40000,0xa8f40000,0xade00000)
  from space 5120K, 47% used [0xade00000,0xae05ff68,0xae300000)
  to   space 4864K, 0% used [0xb1200000,0xb1200000,0xb16c0000)
 ParOldGen       total 21248K, used 11807K [0x94340000, 0x95800000, 0xa8f40000)
  object space 21248K, 55% used [0x94340000,0x94ec7c98,0x95800000)
 PSPermGen       total 16384K, used 12592K [0x90340000, 0x91340000, 0x94340000)
  object space 16384K, 76% used [0x90340000,0x90f8c0f8,0x91340000)
}
Event: 20.428 GC heap before
{Heap before GC invocations=14 (full 0):
 PSYoungGen      total 85760K, used 83071K [0xa8f40000, 0xb16c0000, 0xb3540000)
  eden space 80640K, 100% used [0xa8f40000,0xade00000,0xade00000)
  from space 5120K, 47% used [0xade00000,0xae05ff68,0xae300000)
  to   space 4864K, 0% used [0xb1200000,0xb1200000,0xb16c0000)
 ParOldGen       total 21248K, used 11807K [0x94340000, 0x95800000, 0xa8f40000)
  object space 21248K, 55% used [0x94340000,0x94ec7c98,0x95800000)
 PSPermGen       total 16384K, used 12795K [0x90340000, 0x91340000, 0x94340000)
  object space 16384K, 78% used [0x90340000,0x90fbef60,0x91340000)
Event: 20.676 GC heap after
Heap after GC invocations=14 (full 0):
 PSYoungGen      total 117248K, used 4857K [0xa8f40000, 0xb3540000, 0xb3540000)
  eden space 112384K, 0% used [0xa8f40000,0xa8f40000,0xafd00000)
  from space 4864K, 99% used [0xb1200000,0xb16be690,0xb16c0000)
  to   space 21504K, 0% used [0xafd00000,0xafd00000,0xb1200000)
 ParOldGen       total 55552K, used 55385K [0x94340000, 0x97980000, 0xa8f40000)
  object space 55552K, 99% used [0x94340000,0x97956528,0x97980000)
 PSPermGen       total 16384K, used 12795K [0x90340000, 0x91340000, 0x94340000)
  object space 16384K, 78% used [0x90340000,0x90fbef60,0x91340000)
}
Event: 20.676 GC heap before
{Heap before GC invocations=15 (full 1):
 PSYoungGen      total 117248K, used 4857K [0xa8f40000, 0xb3540000, 0xb3540000)
  eden space 112384K, 0% used [0xa8f40000,0xa8f40000,0xafd00000)
  from space 4864K, 99% used [0xb1200000,0xb16be690,0xb16c0000)
  to   space 21504K, 0% used [0xafd00000,0xafd00000,0xb1200000)
 ParOldGen       total 55552K, used 55385K [0x94340000, 0x97980000, 0xa8f40000)
  object space 55552K, 99% used [0x94340000,0x97956528,0x97980000)
 PSPermGen       total 16384K, used 12795K [0x90340000, 0x91340000, 0x94340000)
  object space 16384K, 78% used [0x90340000,0x90fbef60,0x91340000)
Event: 21.351 GC heap after
Heap after GC invocations=15 (full 1):
 PSYoungGen      total 117248K, used 0K [0xa8f40000, 0xb3540000, 0xb3540000)
  eden space 112384K, 0% used [0xa8f40000,0xa8f40000,0xafd00000)
  from space 4864K, 0% used [0xb1200000,0xb1200000,0xb16c0000)
  to   space 21504K, 0% used [0xafd00000,0xafd00000,0xb1200000)
 ParOldGen       total 86272K, used 55423K [0x94340000, 0x99780000, 0xa8f40000)
  object space 86272K, 64% used [0x94340000,0x9795fe68,0x99780000)
 PSPermGen       total 25600K, used 12787K [0x90340000, 0x91c40000, 0x94340000)
  object space 25600K, 49% used [0x90340000,0x90fbcef8,0x91c40000)
}
Event: 27.874 GC heap before
{Heap before GC invocations=16 (full 1):
 PSYoungGen      total 117248K, used 112384K [0xa8f40000, 0xb3540000, 0xb3540000)
  eden space 112384K, 100% used [0xa8f40000,0xafd00000,0xafd00000)
  from space 4864K, 0% used [0xb1200000,0xb1200000,0xb16c0000)
  to   space 21504K, 0% used [0xafd00000,0xafd00000,0xb1200000)
 ParOldGen       total 86272K, used 55423K [0x94340000, 0x99780000, 0xa8f40000)
  object space 86272K, 64% used [0x94340000,0x9795fe68,0x99780000)
 PSPermGen       total 25600K, used 12797K [0x90340000, 0x91c40000, 0x94340000)
  object space 25600K, 49% used [0x90340000,0x90fbf6c8,0x91c40000)
Event: 28.192 GC heap after
Heap after GC invocations=16 (full 1):
 PSYoungGen      total 133888K, used 21500K [0xa8f40000, 0xb3540000, 0xb3540000)
  eden space 112384K, 0% used [0xa8f40000,0xa8f40000,0xafd00000)
  from space 21504K, 99% used [0xafd00000,0xb11ff198,0xb1200000)
  to   space 36096K, 0% used [0xb1200000,0xb1200000,0xb3540000)
 ParOldGen       total 101888K, used 101758K [0x94340000, 0x9a6c0000, 0xa8f40000)
  object space 101888K, 99% used [0x94340000,0x9a69f860,0x9a6c0000)
 PSPermGen       total 25600K, used 12797K [0x90340000, 0x91c40000, 0x94340000)
  object space 25600K, 49% used [0x90340000,0x90fbf6c8,0x91c40000)
}
Event: 28.192 GC heap before
{Heap before GC invocations=17 (full 2):
 PSYoungGen      total 133888K, used 21500K [0xa8f40000, 0xb3540000, 0xb3540000)
  eden space 112384K, 0% used [0xa8f40000,0xa8f40000,0xafd00000)
  from space 21504K, 99% used [0xafd00000,0xb11ff198,0xb1200000)
  to   space 36096K, 0% used [0xb1200000,0xb1200000,0xb3540000)
 ParOldGen       total 101888K, used 101758K [0x94340000, 0x9a6c0000, 0xa8f40000)
  object space 101888K, 99% used [0x94340000,0x9a69f860,0x9a6c0000)
 PSPermGen       total 25600K, used 12797K [0x90340000, 0x91c40000, 0x94340000)
  object space 25600K, 49% used [0x90340000,0x90fbf6c8,0x91c40000)

Deoptimization events (10 events):
Event: 21.458 Thread 0xb6607c00 Uncommon trap: reason=unstable_if action=reinterpret pc=0xb37af30c method=com.sun.tools.javac.parser.Scanner.scanDocComment()V @ 163
Event: 21.458 Thread 0xb6607c00 Uncommon trap: reason=unstable_if action=reinterpret pc=0xb37b10a8 method=com.sun.tools.javac.parser.JavacParser.modifiersOpt(Lcom/sun/tools/javac/tree/JCTree$JCModifiers;)Lcom/sun/tools/javac/tree/JCTree$JCModifiers; @ 412
Event: 21.474 Thread 0xb6607c00 Uncommon trap: reason=unstable_if action=reinterpret pc=0xb369053c method=java.lang.CharacterDataLatin1.isWhitespace(I)Z @ 14
Event: 22.854 Thread 0xb6607c00 Uncommon trap: reason=unstable_if action=reinterpret pc=0xb383d40c method=com.sun.tools.javac.parser.JavacParser.classOrInterfaceBodyDeclaration(Lcom/sun/tools/javac/util/Name;Z)Lcom/sun/tools/javac/util/List; @ 12
Event: 22.909 Thread 0xb6607c00 Uncommon trap: reason=unstable_if action=reinterpret pc=0xb384a868 method=com.sun.tools.javac.parser.JavacParser.parseStatement()Lcom/sun/tools/javac/tree/JCTree$JCStatement; @ 1275
Event: 24.658 Thread 0xb6607c00 Uncommon trap: reason=unstable_if action=reinterpret pc=0xb3761cfc method=com.sun.tools.javac.parser.JavacParser.formalParameter()Lcom/sun/tools/javac/tree/JCTree$JCVariableDecl; @ 25
Event: 24.711 Thread 0xb6607c00 Uncommon trap: reason=unstable_if action=reinterpret pc=0xb382fa9c method=com.sun.tools.javac.parser.JavacParser.term3()Lcom/sun/tools/javac/tree/JCTree$JCExpression; @ 2639
Event: 25.318 Thread 0xb6607c00 Uncommon trap: reason=unstable_if action=reinterpret pc=0xb36a2dd0 method=com.sun.tools.javac.parser.JavacParser.importDeclaration()Lcom/sun/tools/javac/tree/JCTree; @ 33
Event: 26.049 Thread 0xb6607c00 Uncommon trap: reason=unstable_if action=reinterpret pc=0xb3759c24 method=com.sun.tools.javac.parser.JavacParser.methodDeclaratorRest(ILcom/sun/tools/javac/tree/JCTree$JCModifiers;Lcom/sun/tools/javac/tree/JCTree$JCExpression;Lcom/sun/tools/javac/util/Nam
Event: 27.788 Thread 0xb6607c00 Uncommon trap: reason=unstable_if action=reinterpret pc=0xb378b0ec method=com.sun.tools.javac.parser.JavacParser.parseCompilationUnit()Lcom/sun/tools/javac/tree/JCTree$JCCompilationUnit; @ 183

Internal exceptions (10 events):
Event: 15.598 Thread 0xb6607c00 Threw 0xa92a4320 at /HUDSON/workspace/7u-2-build-linux-i586/jdk7u80/2329/hotspot/src/share/vm/prims/jvm.cpp:1319
Event: 15.598 Thread 0xb6607c00 Threw 0xa92a4950 at /HUDSON/workspace/7u-2-build-linux-i586/jdk7u80/2329/hotspot/src/share/vm/prims/jvm.cpp:1319
Event: 15.598 Thread 0xb6607c00 Threw 0xa92a6800 at /HUDSON/workspace/7u-2-build-linux-i586/jdk7u80/2329/hotspot/src/share/vm/prims/jvm.cpp:1319
Event: 15.598 Thread 0xb6607c00 Threw 0xa92a6ea0 at /HUDSON/workspace/7u-2-build-linux-i586/jdk7u80/2329/hotspot/src/share/vm/prims/jvm.cpp:1319
Event: 15.599 Thread 0xb6607c00 Threw 0xa92a9050 at /HUDSON/workspace/7u-2-build-linux-i586/jdk7u80/2329/hotspot/src/share/vm/prims/jvm.cpp:1319
Event: 15.599 Thread 0xb6607c00 Threw 0xa92a96d0 at /HUDSON/workspace/7u-2-build-linux-i586/jdk7u80/2329/hotspot/src/share/vm/prims/jvm.cpp:1319
Event: 15.599 Thread 0xb6607c00 Threw 0xa92aaf58 at /HUDSON/workspace/7u-2-build-linux-i586/jdk7u80/2329/hotspot/src/share/vm/prims/jvm.cpp:1319
Event: 15.599 Thread 0xb6607c00 Threw 0xa92ab610 at /HUDSON/workspace/7u-2-build-linux-i586/jdk7u80/2329/hotspot/src/share/vm/prims/jvm.cpp:1319
Event: 15.900 Thread 0xb6607c00 Threw 0xa95241a0 at /HUDSON/workspace/7u-2-build-linux-i586/jdk7u80/2329/hotspot/src/share/vm/prims/jvm.cpp:1319
Event: 15.900 Thread 0xb6607c00 Threw 0xa95247d0 at /HUDSON/workspace/7u-2-build-linux-i586/jdk7u80/2329/hotspot/src/share/vm/prims/jvm.cpp:1319

Events (10 events):
Event: 25.911 loading class 0x9000b400
Event: 25.937 loading class 0x9000b400 done
Event: 26.048 Thread 0xb6607c00 Uncommon trap: trap_request=0xffffff75 fr.pc=0xb3759c24
Event: 26.049 Thread 0xb6607c00 DEOPT PACKING pc=0xb3759c24 sp=0xb67fe160
Event: 26.049 Thread 0xb6607c00 DEOPT UNPACKING pc=0xb362cbc8 sp=0xb67fe14c mode 2
Event: 27.046 Thread 0x8e629000 flushing nmethod 0xb36a16c8
Event: 27.788 Thread 0xb6607c00 Uncommon trap: trap_request=0xffffff75 fr.pc=0xb378b0ec
Event: 27.788 Thread 0xb6607c00 DEOPT PACKING pc=0xb378b0ec sp=0xb67fe320
Event: 27.788 Thread 0xb6607c00 DEOPT UNPACKING pc=0xb362cbc8 sp=0xb67fe334 mode 2
Event: 27.874 Executing VM operation: ParallelGCFailedAllocation


Dynamic libraries:
08048000-08049000 r-xp 00000000 08:06 705763     /usr/local/java/jdk1.7.0_80/bin/java
08049000-0804a000 rw-p 00000000 08:06 705763     /usr/local/java/jdk1.7.0_80/bin/java
08ade000-096c5000 rw-p 00000000 00:00 0          [heap]
8cc00000-8ccde000 rw-p 00000000 00:00 0 
8ccde000-8cd00000 ---p 00000000 00:00 0 
8ce00000-8cef4000 rw-p 00000000 00:00 0 
8cef4000-8cf00000 ---p 00000000 00:00 0 
8cf00000-8cfff000 rw-p 00000000 00:00 0 
8cfff000-8d000000 ---p 00000000 00:00 0 
8d000000-8d0cb000 rw-p 00000000 00:00 0 
8d0cb000-8d100000 ---p 00000000 00:00 0 
8d100000-8d1fe000 rw-p 00000000 00:00 0 
8d1fe000-8d200000 ---p 00000000 00:00 0 
8d200000-8d300000 rw-p 00000000 00:00 0 
8d400000-8d4fe000 rw-p 00000000 00:00 0 
8d4fe000-8d500000 ---p 00000000 00:00 0 
8d500000-8d5fe000 rw-p 00000000 00:00 0 
8d5fe000-8d600000 ---p 00000000 00:00 0 
8d695000-8d700000 r--s 00e21000 08:06 296708     /usr/local/java/jdk1.7.0_80/lib/tools.jar
8d700000-8d7ff000 rw-p 00000000 00:00 0 
8d7ff000-8d800000 ---p 00000000 00:00 0 
8d800000-8d8fe000 rw-p 00000000 00:00 0 
8d8fe000-8d900000 ---p 00000000 00:00 0 
8d900000-8d9ff000 rw-p 00000000 00:00 0 
8d9ff000-8da00000 ---p 00000000 00:00 0 
8da00000-8dafa000 rw-p 00000000 00:00 0 
8dafa000-8db00000 ---p 00000000 00:00 0 
8db00000-8dbfa000 rw-p 00000000 00:00 0 
8dbfa000-8dc00000 ---p 00000000 00:00 0 
8dc2a000-8dc2b000 r--s 00004000 08:07 534879     /home/akshat/.m2/repository/org/codehaus/plexus/plexus-compiler-javac/2.7/plexus-compiler-javac-2.7.jar
8dc2b000-8dc2d000 r--s 00000000 08:07 276263     /home/akshat/.m2/repository/org/codehaus/plexus/plexus-compiler-manager/2.7/plexus-compiler-manager-2.7.jar
8dc2d000-8dc2f000 r--s 00005000 08:07 276261     /home/akshat/.m2/repository/org/codehaus/plexus/plexus-compiler-api/2.7/plexus-compiler-api-2.7.jar
8dc2f000-8dc31000 r--s 00002000 08:07 534877     /home/akshat/.m2/repository/org/apache/maven/shared/maven-shared-incremental/1.1/maven-shared-incremental-1.1.jar
8dc31000-8dc33000 r--s 00006000 08:07 407358     /home/akshat/.m2/repository/com/google/code/findbugs/jsr305/2.0.1/jsr305-2.0.1.jar
8dc33000-8dc37000 r--s 0002a000 08:07 407356     /home/akshat/.m2/repository/commons-io/commons-io/2.4/commons-io-2.4.jar
8dc37000-8dc3a000 r--s 00023000 08:07 407354     /home/akshat/.m2/repository/org/apache/maven/shared/maven-shared-utils/3.0.0/maven-shared-utils-3.0.0.jar
8dc3a000-8dc3c000 r--s 00002000 08:07 276257     /home/akshat/.m2/repository/org/sonatype/plexus/plexus-cipher/1.4/plexus-cipher-1.4.jar
8dc3c000-8dc3d000 r--s 00006000 08:07 165725     /home/akshat/.m2/repository/org/sonatype/plexus/plexus-sec-dispatcher/1.3/plexus-sec-dispatcher-1.3.jar
8dc3d000-8dc3f000 r--s 00000000 08:07 165723     /home/akshat/.m2/repository/org/codehaus/plexus/plexus-component-annotations/1.5.5/plexus-component-annotations-1.5.5.jar
8dc3f000-8de00000 rw-p 00000000 00:00 0 
8de00000-8df00000 rw-p 00000000 00:00 0 
8df00000-8dffb000 rw-p 00000000 00:00 0 
8dffb000-8e000000 ---p 00000000 00:00 0 
8e000000-8e100000 rw-p 00000000 00:00 0 
8e100000-8e102000 r--s 0000d000 08:07 165719     /home/akshat/.m2/repository/org/codehaus/plexus/plexus-interpolation/1.14/plexus-interpolation-1.14.jar
8e102000-8e106000 r--s 00017000 08:07 276255     /home/akshat/.m2/repository/org/sonatype/aether/aether-util/1.7/aether-util-1.7.jar
8e106000-8e10a000 r--s 00033000 08:07 165711     /home/akshat/.m2/repository/org/codehaus/plexus/plexus-utils/2.0.4/plexus-utils-2.0.4.jar
8e10a000-8e115000 r--s 00069000 08:07 165707     /home/akshat/.m2/repository/org/sonatype/sisu/sisu-guice/2.1.7/sisu-guice-2.1.7-noaop.jar
8e115000-8e11a000 r--s 00021000 08:07 165705     /home/akshat/.m2/repository/org/sonatype/sisu/sisu-inject-bean/1.4.2/sisu-inject-bean-1.4.2.jar
8e11a000-8e11c000 r--s 0000b000 08:07 152863     /home/akshat/.m2/repository/org/apache/maven/plugins/maven-compiler-plugin/3.5.1/maven-compiler-plugin-3.5.1.jar
8e11c000-8e11e000 r--s 0000d000 08:07 276317     /home/akshat/.m2/repository/org/codehaus/plexus/plexus-interpolation/1.13/plexus-interpolation-1.13.jar
8e11e000-8e11f000 r--s 00001000 08:07 276315     /home/akshat/.m2/repository/org/sonatype/plexus/plexus-build-api/0.0.4/plexus-build-api-0.0.4.jar
8e11f000-8e121000 r--s 00009000 08:07 534905     /home/akshat/.m2/repository/org/apache/maven/shared/maven-filtering/1.1/maven-filtering-1.1.jar
8e121000-8e125000 r--s 00033000 08:07 165769     /home/akshat/.m2/repository/org/codehaus/plexus/plexus-utils/2.0.5/plexus-utils-2.0.5.jar
8e125000-8e128000 r--s 0001b000 08:07 276313     /home/akshat/.m2/repository/junit/junit/3.8.1/junit-3.8.1.jar
8e128000-8e12a000 r--s 00002000 08:07 276309     /home/akshat/.m2/repository/org/codehaus/plexus/plexus-interactivity-api/1.0-alpha-4/plexus-interactivity-api-1.0-alpha-4.jar
8e12a000-8e12c000 r--s 00006000 08:07 407424     /home/akshat/.m2/repository/commons-cli/commons-cli/1.0/commons-cli-1.0.jar
8e12c000-8e12d000 r--s 00001000 08:07 407420     /home/akshat/.m2/repository/org/apache/maven/doxia/doxia-sink-api/1.0-alpha-7/doxia-sink-api-1.0-alpha-7.jar
8e12d000-8e12e000 r--s 00002000 08:07 407418     /home/akshat/.m2/repository/org/apache/maven/reporting/maven-reporting-api/2.0.6/maven-reporting-api-2.0.6.jar
8e12e000-8e130000 r--s 00006000 08:07 155750     /home/akshat/.m2/repository/org/apache/maven/plugins/maven-resources-plugin/2.6/maven-resources-plugin-2.6.jar
8e130000-8e134000 r--s 0008b000 08:06 296723     /usr/local/java/jdk1.7.0_80/jre/lib/jsse.jar
8e134000-8e149000 r-xp 00000000 08:06 440372     /usr/local/java/jdk1.7.0_80/jre/lib/i386/libnet.so
8e149000-8e14a000 rw-p 00015000 08:06 440372     /usr/local/java/jdk1.7.0_80/jre/lib/i386/libnet.so
8e14a000-8e158000 r-xp 00000000 08:06 440353     /usr/local/java/jdk1.7.0_80/jre/lib/i386/libnio.so
8e158000-8e159000 rw-p 0000e000 08:06 440353     /usr/local/java/jdk1.7.0_80/jre/lib/i386/libnio.so
8e159000-8e15a000 r--s 00002000 08:07 263313     /home/akshat/Documents/DistributedComputing/eclipse/plugins/org.eclipse.m2e.maven.runtime.slf4j.simple_1.8.0.20160921-2001/jars/slf4j-simple-1.7.5.jar
8e15a000-8e15f000 r--s 00041000 08:07 263330     /home/akshat/Documents/DistributedComputing/eclipse/plugins/org.eclipse.m2e.maven.runtime_1.8.0.20160921-2001/jars/commons-lang-2.6.jar
8e15f000-8e18a000 r--s 001fc000 08:07 263327     /home/akshat/Documents/DistributedComputing/eclipse/plugins/org.eclipse.m2e.maven.runtime_1.8.0.20160921-2001/jars/guava-18.0.jar
8e18a000-8e18b000 ---p 00000000 00:00 0 
8e18b000-8e20b000 rw-p 00000000 00:00 0 
8e20b000-8e20e000 ---p 00000000 00:00 0 
8e20e000-8e25c000 rw-p 00000000 00:00 0 
8e25c000-8e25f000 ---p 00000000 00:00 0 
8e25f000-8e2dd000 rw-p 00000000 00:00 0 
8e2dd000-8e2e0000 ---p 00000000 00:00 0 
8e2e0000-8e35e000 rw-p 00000000 00:00 0 
8e35e000-8e361000 ---p 00000000 00:00 0 
8e361000-8e3af000 rw-p 00000000 00:00 0 
8e3af000-8e5af000 r--p 00000000 08:06 2007       /usr/lib/locale/locale-archive
8e5af000-8e5b2000 ---p 00000000 00:00 0 
8e5b2000-8e600000 rw-p 00000000 00:00 0 
8e600000-8e6fe000 rw-p 00000000 00:00 0 
8e6fe000-8e700000 ---p 00000000 00:00 0 
8e700000-8e701000 r--s 00002000 08:07 263342     /home/akshat/Documents/DistributedComputing/eclipse/plugins/org.eclipse.m2e.maven.runtime_1.8.0.20160921-2001/jars/wagon-file-2.10.jar
8e701000-8e703000 r--s 00005000 08:07 263329     /home/akshat/Documents/DistributedComputing/eclipse/plugins/org.eclipse.m2e.maven.runtime_1.8.0.20160921-2001/jars/aether-transport-wagon-1.0.2.v20150114.jar
8e703000-8e704000 r--s 00008000 08:07 263344     /home/akshat/Documents/DistributedComputing/eclipse/plugins/org.eclipse.m2e.maven.runtime_1.8.0.20160921-2001/jars/aether-connector-basic-1.0.2.v20150114.jar
8e704000-8e706000 r--s 0000f000 08:07 263349     /home/akshat/Documents/DistributedComputing/eclipse/plugins/org.eclipse.m2e.maven.runtime_1.8.0.20160921-2001/jars/okio-1.6.0.jar
8e706000-8e70b000 r--s 00049000 08:07 263359     /home/akshat/Documents/DistributedComputing/eclipse/plugins/org.eclipse.m2e.maven.runtime_1.8.0.20160921-2001/jars/okhttp-2.5.0.jar
8e70b000-8e70d000 r--s 0000b000 08:07 263340     /home/akshat/Documents/DistributedComputing/eclipse/plugins/org.eclipse.m2e.maven.runtime_1.8.0.20160921-2001/jars/aether-connector-okhttp-0.16.0.jar
8e70d000-8e70f000 r--s 00006000 08:07 263352     /home/akshat/Documents/DistributedComputing/eclipse/plugins/org.eclipse.m2e.maven.runtime_1.8.0.20160921-2001/jars/aether-spi-1.0.2.v20150114.jar
8e70f000-8e713000 r--s 00027000 08:07 263356     /home/akshat/Documents/DistributedComputing/eclipse/plugins/org.eclipse.m2e.maven.runtime_1.8.0.20160921-2001/jars/aether-impl-1.0.2.v20150114.jar
8e713000-8e71b000 r--s 00055000 08:07 263357     /home/akshat/Documents/DistributedComputing/eclipse/plugins/org.eclipse.m2e.maven.runtime_1.8.0.20160921-2001/jars/org.eclipse.sisu.inject-0.3.2.jar
8e71b000-8e71e000 r--s 00008000 08:07 263328     /home/akshat/Documents/DistributedComputing/eclipse/plugins/org.eclipse.m2e.maven.runtime_1.8.0.20160921-2001/jars/cdi-api-1.0.jar
8e71e000-8e724000 r--s 0002d000 08:07 263339     /home/akshat/Documents/DistributedComputing/eclipse/plugins/org.eclipse.m2e.maven.runtime_1.8.0.20160921-2001/jars/org.eclipse.sisu.plexus-0.3.2.jar
8e724000-8e727000 r--s 0000b000 08:07 263348     /home/akshat/Documents/DistributedComputing/eclipse/plugins/org.eclipse.m2e.maven.runtime_1.8.0.20160921-2001/jars/wagon-provider-api-2.10.jar
8e727000-8e72d000 r--s 00041000 08:07 263362     /home/akshat/Documents/DistributedComputing/eclipse/plugins/org.eclipse.m2e.maven.runtime_1.8.0.20160921-2001/jars/maven-compat-3.3.9.jar
8e72d000-8e730000 ---p 00000000 00:00 0 
8e730000-8e77e000 rw-p 00000000 00:00 0 
8e77e000-8e93e000 r--s 039fb000 08:06 297021     /usr/local/java/jdk1.7.0_80/jre/lib/rt.jar
8e93e000-8fd00000 rw-p 00000000 00:00 0 
8fd00000-8fdfc000 rw-p 00000000 00:00 0 
8fdfc000-8fe00000 ---p 00000000 00:00 0 
8fe00000-8fe01000 r--s 00001000 08:07 263361     /home/akshat/Documents/DistributedComputing/eclipse/plugins/org.eclipse.m2e.maven.runtime_1.8.0.20160921-2001/jars/jsr250-api-1.0.jar
8fe01000-8fe03000 r--s 00009000 08:07 263355     /home/akshat/Documents/DistributedComputing/eclipse/plugins/org.eclipse.m2e.maven.runtime_1.8.0.20160921-2001/jars/commons-cli-1.2.jar
8fe03000-8fe05000 r--s 00002000 08:07 263338     /home/akshat/Documents/DistributedComputing/eclipse/plugins/org.eclipse.m2e.maven.runtime_1.8.0.20160921-2001/jars/plexus-cipher-1.7.jar
8fe05000-8fe08000 r--s 00013000 08:07 263334     /home/akshat/Documents/DistributedComputing/eclipse/plugins/org.eclipse.m2e.maven.runtime_1.8.0.20160921-2001/jars/maven-embedder-3.3.9.jar
8fe08000-8fe0f000 r--s 00064000 08:07 263341     /home/akshat/Documents/DistributedComputing/eclipse/plugins/org.eclipse.m2e.maven.runtime_1.8.0.20160921-2001/jars/commons-lang3-3.4.jar
8fe0f000-8fe10000 r--s 00006000 08:07 263346     /home/akshat/Documents/DistributedComputing/eclipse/plugins/org.eclipse.m2e.maven.runtime_1.8.0.20160921-2001/jars/plexus-sec-dispatcher-1.3.jar
8fe10000-8fe12000 r--s 00000000 08:07 263363     /home/akshat/Documents/DistributedComputing/eclipse/plugins/org.eclipse.m2e.maven.runtime_1.8.0.20160921-2001/jars/plexus-component-annotations-1.6.jar
8fe12000-8fe16000 r--s 00038000 08:07 263351     /home/akshat/Documents/DistributedComputing/eclipse/plugins/org.eclipse.m2e.maven.runtime_1.8.0.20160921-2001/jars/plexus-utils-3.0.22.jar
8fe16000-8fe19000 r--s 0000d000 08:07 263345     /home/akshat/Documents/DistributedComputing/eclipse/plugins/org.eclipse.m2e.maven.runtime_1.8.0.20160921-2001/jars/plexus-interpolation-1.21.jar
8fe19000-8fe22000 r--s 0005f000 08:07 263331     /home/akshat/Documents/DistributedComputing/eclipse/plugins/org.eclipse.m2e.maven.runtime_1.8.0.20160921-2001/jars/guice-4.0-no_aop.jar
8fe22000-8fe26000 r--s 00020000 08:07 263337     /home/akshat/Documents/DistributedComputing/eclipse/plugins/org.eclipse.m2e.maven.runtime_1.8.0.20160921-2001/jars/aether-util-1.0.2.v20150114.jar
8fe26000-8fe2b000 r--s 0001d000 08:07 263335     /home/akshat/Documents/DistributedComputing/eclipse/plugins/org.eclipse.m2e.maven.runtime_1.8.0.20160921-2001/jars/aether-api-1.0.2.v20150114.jar
8fe2b000-8fe2d000 r--s 0000f000 08:07 263350     /home/akshat/Documents/DistributedComputing/eclipse/plugins/org.eclipse.m2e.maven.runtime_1.8.0.20160921-2001/jars/maven-aether-provider-3.3.9.jar
8fe2d000-8fe32000 r--s 00027000 08:07 263332     /home/akshat/Documents/DistributedComputing/eclipse/plugins/org.eclipse.m2e.maven.runtime_1.8.0.20160921-2001/jars/maven-model-builder-3.3.9.jar
8fe32000-8fe34000 r--s 0000a000 08:07 263353     /home/akshat/Documents/DistributedComputing/eclipse/plugins/org.eclipse.m2e.maven.runtime_1.8.0.20160921-2001/jars/maven-plugin-api-3.3.9.jar
8fe34000-8fe35000 ---p 00000000 00:00 0 
8fe35000-8ff00000 rw-p 00000000 00:00 0 
8ff00000-8ff21000 rw-p 00000000 00:00 0 
8ff21000-90000000 ---p 00000000 00:00 0 
90000000-90002000 r--s 0000c000 08:07 263354     /home/akshat/Documents/DistributedComputing/eclipse/plugins/org.eclipse.m2e.maven.runtime_1.8.0.20160921-2001/jars/maven-artifact-3.3.9.jar
90002000-90003000 r--s 00006000 08:07 263364     /home/akshat/Documents/DistributedComputing/eclipse/plugins/org.eclipse.m2e.maven.runtime_1.8.0.20160921-2001/jars/maven-repository-metadata-3.3.9.jar
90003000-9005e000 rw-p 00000000 00:00 0 
9005e000-9005f000 ---p 00000000 00:00 0 
9005f000-900df000 rw-p 00000000 00:00 0 
900df000-900e0000 ---p 00000000 00:00 0 
900e0000-9016d000 rw-p 00000000 00:00 0 
9016d000-90180000 rw-p 00000000 00:00 0 
90180000-901b2000 rw-p 00000000 00:00 0 
901b2000-90226000 rw-p 00000000 00:00 0 
90226000-90233000 rw-p 00000000 00:00 0 
90233000-90246000 rw-p 00000000 00:00 0 
90246000-90278000 rw-p 00000000 00:00 0 
90278000-902ec000 rw-p 00000000 00:00 0 
902ec000-9033f000 rw-p 00000000 00:00 0 
9033f000-91c40000 rw-p 00000000 00:00 0 
91c40000-94340000 rw-p 00000000 00:00 0 
94340000-9a6c0000 rw-p 00000000 00:00 0 
9dc80000-a8f40000 rw-p 00000000 00:00 0 
a8f40000-b3540000 rw-p 00000000 00:00 0 
b3540000-b354b000 rw-p 00000000 00:00 0 
b354b000-b3600000 rw-p 00000000 00:00 0 
b3600000-b3890000 rwxp 00000000 00:00 0 
b3890000-b66f3000 rw-p 00000000 00:00 0 
b66f3000-b6700000 ---p 00000000 00:00 0 
b6700000-b6702000 r--s 00009000 08:07 263360     /home/akshat/Documents/DistributedComputing/eclipse/plugins/org.eclipse.m2e.maven.runtime_1.8.0.20160921-2001/jars/maven-settings-builder-3.3.9.jar
b6702000-b670f000 r--s 0008f000 08:07 263365     /home/akshat/Documents/DistributedComputing/eclipse/plugins/org.eclipse.m2e.maven.runtime_1.8.0.20160921-2001/jars/maven-core-3.3.9.jar
b670f000-b6726000 r-xp 00000000 08:06 440373     /usr/local/java/jdk1.7.0_80/jre/lib/i386/libzip.so
b6726000-b6727000 rw-p 00016000 08:06 440373     /usr/local/java/jdk1.7.0_80/jre/lib/i386/libzip.so
b6727000-b6732000 r-xp 00000000 08:06 555855     /lib/i386-linux-gnu/libnss_files-2.23.so
b6732000-b6733000 r--p 0000a000 08:06 555855     /lib/i386-linux-gnu/libnss_files-2.23.so
b6733000-b6734000 rw-p 0000b000 08:06 555855     /lib/i386-linux-gnu/libnss_files-2.23.so
b6734000-b673a000 rw-p 00000000 00:00 0 
b673a000-b6745000 r-xp 00000000 08:06 555848     /lib/i386-linux-gnu/libnss_nis-2.23.so
b6745000-b6746000 r--p 0000a000 08:06 555848     /lib/i386-linux-gnu/libnss_nis-2.23.so
b6746000-b6747000 rw-p 0000b000 08:06 555848     /lib/i386-linux-gnu/libnss_nis-2.23.so
b6747000-b675e000 r-xp 00000000 08:06 555850     /lib/i386-linux-gnu/libnsl-2.23.so
b675e000-b675f000 r--p 00016000 08:06 555850     /lib/i386-linux-gnu/libnsl-2.23.so
b675f000-b6760000 rw-p 00017000 08:06 555850     /lib/i386-linux-gnu/libnsl-2.23.so
b6760000-b6762000 rw-p 00000000 00:00 0 
b6762000-b676a000 r-xp 00000000 08:06 555856     /lib/i386-linux-gnu/libnss_compat-2.23.so
b676a000-b676b000 r--p 00007000 08:06 555856     /lib/i386-linux-gnu/libnss_compat-2.23.so
b676b000-b676c000 rw-p 00008000 08:06 555856     /lib/i386-linux-gnu/libnss_compat-2.23.so
b676c000-b676d000 r--s 00003000 08:07 263358     /home/akshat/Documents/DistributedComputing/eclipse/plugins/org.eclipse.m2e.maven.runtime_1.8.0.20160921-2001/jars/maven-builder-support-3.3.9.jar
b676d000-b676e000 r--s 0000a000 08:07 263336     /home/akshat/Documents/DistributedComputing/eclipse/plugins/org.eclipse.m2e.maven.runtime_1.8.0.20160921-2001/jars/maven-settings-3.3.9.jar
b676e000-b6771000 r--s 00026000 08:07 263343     /home/akshat/Documents/DistributedComputing/eclipse/plugins/org.eclipse.m2e.maven.runtime_1.8.0.20160921-2001/jars/maven-model-3.3.9.jar
b6771000-b6773000 r--s 0000b000 08:07 263333     /home/akshat/Documents/DistributedComputing/eclipse/plugins/org.eclipse.m2e.maven.runtime_1.8.0.20160921-2001/jars/plexus-classworlds-2.5.2.jar
b6773000-b6774000 r--p 002d4000 08:06 2007       /usr/lib/locale/locale-archive
b6774000-b6782000 rw-p 00000000 00:00 0 
b6782000-b67a5000 r-xp 00000000 08:06 440350     /usr/local/java/jdk1.7.0_80/jre/lib/i386/libjava.so
b67a5000-b67a6000 rw-p 00023000 08:06 440350     /usr/local/java/jdk1.7.0_80/jre/lib/i386/libjava.so
b67a6000-b67ad000 r-xp 00000000 08:06 555857     /lib/i386-linux-gnu/librt-2.23.so
b67ad000-b67ae000 r--p 00006000 08:06 555857     /lib/i386-linux-gnu/librt-2.23.so
b67ae000-b67af000 rw-p 00007000 08:06 555857     /lib/i386-linux-gnu/librt-2.23.so
b67af000-b67b2000 ---p 00000000 00:00 0 
b67b2000-b6800000 rw-p 00000000 00:00 0 
b6800000-b6853000 r-xp 00000000 08:06 555849     /lib/i386-linux-gnu/libm-2.23.so
b6853000-b6854000 r--p 00052000 08:06 555849     /lib/i386-linux-gnu/libm-2.23.so
b6854000-b6855000 rw-p 00053000 08:06 555849     /lib/i386-linux-gnu/libm-2.23.so
b6855000-b70dc000 r-xp 00000000 08:06 440333     /usr/local/java/jdk1.7.0_80/jre/lib/i386/server/libjvm.so
b70dc000-b7140000 rw-p 00886000 08:06 440333     /usr/local/java/jdk1.7.0_80/jre/lib/i386/server/libjvm.so
b7140000-b7564000 rw-p 00000000 00:00 0 
b7564000-b7713000 r-xp 00000000 08:06 555851     /lib/i386-linux-gnu/libc-2.23.so
b7713000-b7714000 ---p 001af000 08:06 555851     /lib/i386-linux-gnu/libc-2.23.so
b7714000-b7716000 r--p 001af000 08:06 555851     /lib/i386-linux-gnu/libc-2.23.so
b7716000-b7717000 rw-p 001b1000 08:06 555851     /lib/i386-linux-gnu/libc-2.23.so
b7717000-b771a000 rw-p 00000000 00:00 0 
b771a000-b771d000 r-xp 00000000 08:06 555847     /lib/i386-linux-gnu/libdl-2.23.so
b771d000-b771e000 r--p 00002000 08:06 555847     /lib/i386-linux-gnu/libdl-2.23.so
b771e000-b771f000 rw-p 00003000 08:06 555847     /lib/i386-linux-gnu/libdl-2.23.so
b771f000-b7733000 r-xp 00000000 08:06 296707     /usr/local/java/jdk1.7.0_80/lib/i386/jli/libjli.so
b7733000-b7734000 rw-p 00013000 08:06 296707     /usr/local/java/jdk1.7.0_80/lib/i386/jli/libjli.so
b7734000-b774d000 r-xp 00000000 08:06 555861     /lib/i386-linux-gnu/libpthread-2.23.so
b774d000-b774e000 r--p 00018000 08:06 555861     /lib/i386-linux-gnu/libpthread-2.23.so
b774e000-b774f000 rw-p 00019000 08:06 555861     /lib/i386-linux-gnu/libpthread-2.23.so
b774f000-b7751000 rw-p 00000000 00:00 0 
b7751000-b7759000 rw-s 00000000 08:06 789362     /tmp/hsperfdata_akshat/3885
b7759000-b775a000 rw-p 00000000 00:00 0 
b775a000-b775b000 ---p 00000000 00:00 0 
b775b000-b7766000 r-xp 00000000 08:06 440369     /usr/local/java/jdk1.7.0_80/jre/lib/i386/libverify.so
b7766000-b7767000 rw-p 0000b000 08:06 440369     /usr/local/java/jdk1.7.0_80/jre/lib/i386/libverify.so
b7767000-b7769000 rw-p 00000000 00:00 0 
b7769000-b776b000 r--p 00000000 00:00 0          [vvar]
b776b000-b776c000 r-xp 00000000 00:00 0          [vdso]
b776c000-b778e000 r-xp 00000000 08:06 555852     /lib/i386-linux-gnu/ld-2.23.so
b778e000-b778f000 rw-p 00000000 00:00 0 
b778f000-b7790000 r--p 00022000 08:06 555852     /lib/i386-linux-gnu/ld-2.23.so
b7790000-b7791000 rw-p 00023000 08:06 555852     /lib/i386-linux-gnu/ld-2.23.so
bfbb1000-bfbb2000 rwxp 00000000 00:00 0 
bfbe3000-bfc05000 rw-p 00000000 00:00 0          [stack]

VM Arguments:
jvm_args: -Dmaven.home=EMBEDDED -Dclassworlds.conf=/home/akshat/workspace/.metadata/.plugins/org.eclipse.m2e.launching/launches/m2conf7308744550429679727.tmp -Dmaven.multiModuleProjectDirectory=/home/akshat/workspace/HCDistributed -Dfile.encoding=UTF-8 
java_command: org.codehaus.plexus.classworlds.launcher.Launcher -B package shade:shade
Launcher Type: SUN_STANDARD

Environment Variables:
JAVA_HOME=/usr/local/java/jdk1.8.0_101
JRE_HOME=/usr/local/java/jdk1.8.0_101/jre
PATH=/home/akshat/Documents/DistributedComputing/hadoop-2.7.2/bin:/home/akshat/Downloads/mosek/7/tools/platform/linux32x86/bin:/home/akshat/Downloads/sublime_text_3/sublime_text:/home/akshat/Documents/DistributedComputing/eclipse:/home/akshat/bin:/home/akshat/.local/bin:/usr/local/sbin:/usr/local/bin:/usr/sbin:/usr/bin:/sbin:/bin:/usr/games:/usr/local/games:/snap/bin:/usr/local/java/jdk1.8.0_101/bin:/usr/local/java/jdk1.8.0_101/jre/bin
LD_LIBRARY_PATH=/usr/local/java/jdk1.7.0_80/jre/lib/i386/server:/usr/local/java/jdk1.7.0_80/jre/lib/i386:/usr/local/java/jdk1.7.0_80/jre/../lib/i386:/usr/local/java/jdk1.8.0_101/jre/lib/i386/client:/usr/local/java/jdk1.8.0_101/jre/lib/i386:
SHELL=/bin/bash
DISPLAY=:0

Signal Handlers:
SIGSEGV: [libjvm.so+0x7eb160], sa_mask[0]=0x7ffbfeff, sa_flags=0x10000004
SIGBUS: [libjvm.so+0x7eb160], sa_mask[0]=0x7ffbfeff, sa_flags=0x10000004
SIGFPE: [libjvm.so+0x684ac0], sa_mask[0]=0x7ffbfeff, sa_flags=0x10000004
SIGPIPE: [libjvm.so+0x684ac0], sa_mask[0]=0x7ffbfeff, sa_flags=0x10000004
SIGXFSZ: [libjvm.so+0x684ac0], sa_mask[0]=0x7ffbfeff, sa_flags=0x10000004
SIGILL: [libjvm.so+0x684ac0], sa_mask[0]=0x7ffbfeff, sa_flags=0x10000004
SIGUSR1: SIG_DFL, sa_mask[0]=0x00000000, sa_flags=0x00000000
SIGUSR2: [libjvm.so+0x686330], sa_mask[0]=0x00000004, sa_flags=0x10000004
SIGHUP: [libjvm.so+0x687660], sa_mask[0]=0x7ffbfeff, sa_flags=0x10000004
SIGINT: [libjvm.so+0x687660], sa_mask[0]=0x7ffbfeff, sa_flags=0x10000004
SIGTERM: [libjvm.so+0x687660], sa_mask[0]=0x7ffbfeff, sa_flags=0x10000004
SIGQUIT: [libjvm.so+0x687660], sa_mask[0]=0x7ffbfeff, sa_flags=0x10000004


---------------  S Y S T E M  ---------------

OS:stretch/sid

uname:Linux 4.4.0-75-generic #96-Ubuntu SMP Thu Apr 20 09:55:15 UTC 2017 i686
libc:glibc 2.23 NPTL 2.23 
rlimit: STACK 8192k, CORE 0k, NPROC 15619, NOFILE 65536, AS infinity
load average:1.14 0.65 0.61

/proc/meminfo:
MemTotal:        2036416 kB
MemFree:          116980 kB
MemAvailable:      10328 kB
Buffers:            2788 kB
Cached:           346180 kB
SwapCached:            0 kB
Active:          1505660 kB
Inactive:         337756 kB
Active(anon):    1496368 kB
Inactive(anon):   305416 kB
Active(file):       9292 kB
Inactive(file):    32340 kB
Unevictable:         248 kB
Mlocked:             248 kB
HighTotal:       1157832 kB
HighFree:          16072 kB
LowTotal:         878584 kB
LowFree:          100908 kB
SwapTotal:             0 kB
SwapFree:              0 kB
Dirty:               820 kB
Writeback:             0 kB
AnonPages:       1494760 kB
Mapped:            55576 kB
Shmem:            307184 kB
Slab:              36380 kB
SReclaimable:      16804 kB
SUnreclaim:        19576 kB
KernelStack:        4264 kB
PageTables:        11880 kB
NFS_Unstable:          0 kB
Bounce:                0 kB
WritebackTmp:          0 kB
CommitLimit:     1018208 kB
Committed_AS:    5328724 kB
VmallocTotal:     122880 kB
VmallocUsed:           0 kB
VmallocChunk:          0 kB
AnonHugePages:    780288 kB
CmaTotal:              0 kB
CmaFree:               0 kB
HugePages_Total:       0
HugePages_Free:        0
HugePages_Rsvd:        0
HugePages_Surp:        0
Hugepagesize:       2048 kB
DirectMap4k:       51192 kB
DirectMap2M:      862208 kB


CPU:total 2 (2 cores per cpu, 1 threads per core) family 6 model 15 stepping 13, cmov, cx8, fxsr, mmx, sse, sse2, sse3, ssse3, tsc

/proc/cpuinfo:
processor	: 0
vendor_id	: GenuineIntel
cpu family	: 6
model		: 15
model name	: Intel(R) Core(TM)2 Duo CPU     T5870  @ 2.00GHz
stepping	: 13
microcode	: 0xa3
cpu MHz		: 2001.000
cache size	: 2048 KB
physical id	: 0
siblings	: 2
core id		: 0
cpu cores	: 2
apicid		: 0
initial apicid	: 0
fdiv_bug	: no
f00f_bug	: no
coma_bug	: no
fpu		: yes
fpu_exception	: yes
cpuid level	: 10
wp		: yes
flags		: fpu vme de pse tsc msr pae mce cx8 apic sep mtrr pge mca cmov pat pse36 clflush dts acpi mmx fxsr sse sse2 ss ht tm pbe nx lm constant_tsc arch_perfmon pebs bts aperfmperf pni dtes64 monitor ds_cpl est tm2 ssse3 cx16 xtpr pdcm lahf_lm dtherm ida
bugs		:
bogomips	: 3990.08
clflush size	: 64
cache_alignment	: 64
address sizes	: 36 bits physical, 48 bits virtual
power management:

processor	: 1
vendor_id	: GenuineIntel
cpu family	: 6
model		: 15
model name	: Intel(R) Core(TM)2 Duo CPU     T5870  @ 2.00GHz
stepping	: 13
microcode	: 0xa3
cpu MHz		: 2001.000
cache size	: 2048 KB
physical id	: 0
siblings	: 2
core id		: 1
cpu cores	: 2
apicid		: 1
initial apicid	: 1
fdiv_bug	: no
f00f_bug	: no
coma_bug	: no
fpu		: yes
fpu_exception	: yes
cpuid level	: 10
wp		: yes
flags		: fpu vme de pse tsc msr pae mce cx8 apic sep mtrr pge mca cmov pat pse36 clflush dts acpi mmx fxsr sse sse2 ss ht tm pbe nx lm constant_tsc arch_perfmon pebs bts aperfmperf pni dtes64 monitor ds_cpl est tm2 ssse3 cx16 xtpr pdcm lahf_lm dtherm ida
bugs		:
bogomips	: 3990.08
clflush size	: 64
cache_alignment	: 64
address sizes	: 36 bits physical, 48 bits virtual
power management:



Memory: 4k page, physical 2036416k(116980k free), swap 0k(0k free)

vm_info: Java HotSpot(TM) Server VM (24.80-b11) for linux-x86 JRE (1.7.0_80-b15), built on Apr 10 2015 12:29:10 by "java_re" with gcc 4.3.0 20080428 (Red Hat 4.3.0-8)

time: Tue May  2 00:05:39 2017
elapsed time: 33 seconds

