#
# There is insufficient memory for the Java Runtime Environment to continue.
# Native memory allocation (malloc) failed to allocate 31457280 bytes for committing reserved memory.
# Possible reasons:
#   The system is out of physical RAM or swap space
#   In 32 bit mode, the process size limit was hit
# Possible solutions:
#   Reduce memory load on the system
#   Increase physical memory or swap space
#   Check if swap backing store is full
#   Use 64 bit Java on a 64 bit OS
#   Decrease Java heap size (-Xmx/-Xms)
#   Decrease number of Java threads
#   Decrease Java thread stack sizes (-Xss)
#   Set larger code cache with -XX:ReservedCodeCacheSize=
# This output file may be truncated or incomplete.
#
#  Out of Memory Error (os_linux.cpp:2756), pid=5630, tid=2414562112
#
# JRE version: Java(TM) SE Runtime Environment (7.0_80-b15) (build 1.7.0_80-b15)
# Java VM: Java HotSpot(TM) Server VM (24.80-b11 mixed mode linux-x86 )
# Failed to write core dump. Core dumps have been disabled. To enable core dumping, try "ulimit -c unlimited" before starting Java again
#

---------------  T H R E A D  ---------------

Current thread (0x8e610400):  VMThread [stack: 0x8fe34000,0x8feb5000] [id=5639]

Stack: [0x8fe34000,0x8feb5000],  sp=0x8feb38b0,  free space=510k
Native frames: (J=compiled Java code, j=interpreted, Vv=VM code, C=native code)
V  [libjvm.so+0x7ea656]  VMError::report_and_die()+0x1a6
V  [libjvm.so+0x33eb82]  report_vm_out_of_memory(char const*, int, unsigned int, char const*)+0x72
V  [libjvm.so+0x687fb1]  os::Linux::commit_memory_impl(char*, unsigned int, bool)+0xe1
V  [libjvm.so+0x688478]  os::pd_commit_memory(char*, unsigned int, unsigned int, bool)+0x28
V  [libjvm.so+0x681b2c]  os::commit_memory(char*, unsigned int, unsigned int, bool)+0x2c
V  [libjvm.so+0x6ea8d8]  PSVirtualSpace::expand_by(unsigned int)+0x48
V  [libjvm.so+0x6eb9da]  PSYoungGen::resize_generation(unsigned int, unsigned int)+0xda
V  [libjvm.so+0x6ead19]  PSYoungGen::resize(unsigned int, unsigned int)+0x19
V  [libjvm.so+0x6e8649]  PSScavenge::invoke_no_policy()+0xcf9
V  [libjvm.so+0x6e8ea8]  PSScavenge::invoke()+0x28
V  [libjvm.so+0x6a851a]  ParallelScavengeHeap::failed_mem_allocate(unsigned int)+0x5a
V  [libjvm.so+0x7ebeea]  VM_ParallelGCFailedAllocation::doit()+0x7a
V  [libjvm.so+0x7f4d07]  VM_Operation::evaluate()+0x47
V  [libjvm.so+0x7f2da3]  VMThread::evaluate_operation(VM_Operation*)+0xb3
V  [libjvm.so+0x7f3140]  VMThread::loop()+0x1b0
V  [libjvm.so+0x7f35a5]  VMThread::run()+0x85
V  [libjvm.so+0x68a249]  java_start(Thread*)+0x119
C  [libpthread.so.0+0x6295]  start_thread+0xe5

VM_Operation (0xb6823d24): ParallelGCFailedAllocation, mode: safepoint, requested by thread 0xb6607c00


---------------  P R O C E S S  ---------------

Java Threads: ( => current thread )
  0x8e62a800 JavaThread "Service Thread" daemon [_thread_blocked, id=5645, stack(0x8e20b000,0x8e25c000)]
  0x8e629000 JavaThread "C2 CompilerThread1" daemon [_thread_blocked, id=5644, stack(0x8e25c000,0x8e2dd000)]
  0x8e627000 JavaThread "C2 CompilerThread0" daemon [_thread_blocked, id=5643, stack(0x8e2dd000,0x8e35e000)]
  0x8e625800 JavaThread "Signal Dispatcher" daemon [_thread_blocked, id=5642, stack(0x8e35e000,0x8e3af000)]
  0x8e614800 JavaThread "Finalizer" daemon [_thread_blocked, id=5641, stack(0x8e5af000,0x8e600000)]
  0x8e613000 JavaThread "Reference Handler" daemon [_thread_blocked, id=5640, stack(0x8e72d000,0x8e77e000)]
  0xb6607c00 JavaThread "main" [_thread_blocked, id=5636, stack(0xb67d5000,0xb6826000)]

Other Threads:
=>0x8e610400 VMThread [stack: 0x8fe34000,0x8feb5000] [id=5639]
  0x8e62c800 WatcherThread [stack: 0x8e18a000,0x8e20b000] [id=5646]

VM state:at safepoint (normal execution)

VM Mutex/Monitor currently owned by a thread:  ([mutex/lock_event])
[0xb6605150] Threads_lock - owner thread: 0x8e610400
[0xb6605560] Heap_lock - owner thread: 0xb6607c00

Heap
 PSYoungGen      total 85760K, used 4851K [0xa8f40000, 0xb1740000, 0xb3540000)
  eden space 80896K, 0% used [0xa8f40000,0xa8f40000,0xade40000)
  from space 4864K, 99% used [0xb1280000,0xb173ce88,0xb1740000)
  to   space 4864K, 0% used [0xade40000,0xade40000,0xae300000)
 ParOldGen       total 55296K, used 55150K [0x94340000, 0x97940000, 0xa8f40000)
  object space 55296K, 99% used [0x94340000,0x9791b870,0x97940000)
 PSPermGen       total 16384K, used 12798K [0x90340000, 0x91340000, 0x94340000)
  object space 16384K, 78% used [0x90340000,0x90fbfa88,0x91340000)

Card table byte_map: [0x90226000,0x90340000] byte_map_base: 0x8fda4600

Polling page: 0xb7780000

Code Cache  [0xb3600000, 0xb3840000, 0xb6600000)
 total_blobs=739 nmethods=597 adapters=96 free_code_cache=47113Kb largest_free_block=48184192

Compilation events (10 events):
Event: 26.228 Thread 0x8e629000 nmethod 676 0xb37bd488 code [0xb37bd740, 0xb37be320]
Event: 26.245 Thread 0x8e627000  677             com.sun.tools.javac.parser.JavacParser::typeParametersOpt (97 bytes)
Event: 26.256 Thread 0x8e627000 nmethod 677 0xb37f1bc8 code [0xb37f1d60, 0xb37f2038]
Event: 26.256 Thread 0x8e627000  678             com.sun.tools.javac.tree.TreeMaker::Exec (19 bytes)
Event: 26.258 Thread 0x8e627000 nmethod 678 0xb3754c48 code [0xb3754d40, 0xb3754df0]
Event: 26.258 Thread 0x8e627000  679             com.sun.tools.javac.tree.JCTree$JCExpressionStatement::<init> (10 bytes)
Event: 26.258 Thread 0x8e627000 nmethod 679 0xb36e3308 code [0xb36e33e0, 0xb36e3430]
Event: 26.291 Thread 0x8e629000  680             com.sun.tools.javac.parser.JavacParser::term2Rest (325 bytes)
Event: 26.352 Thread 0x8e627000  681 %           com.sun.tools.javac.parser.JavacParser::term3 @ 1621 (2876 bytes)
Event: 26.447 Thread 0x8e629000 nmethod 680 0xb375dd08 code [0xb375e680, 0xb3760440]

GC Heap History (10 events):
Event: 11.470 GC heap after
Heap after GC invocations=9 (full 0):
 PSYoungGen      total 36096K, used 3899K [0xa8f40000, 0xaca00000, 0xb3540000)
  eden space 31488K, 0% used [0xa8f40000,0xa8f40000,0xaae00000)
  from space 4608K, 84% used [0xaae00000,0xab1ced50,0xab280000)
  to   space 4864K, 0% used [0xac540000,0xac540000,0xaca00000)
 ParOldGen       total 21248K, used 5757K [0x94340000, 0x95800000, 0xa8f40000)
  object space 21248K, 27% used [0x94340000,0x948df490,0x95800000)
 PSPermGen       total 16384K, used 9748K [0x90340000, 0x91340000, 0x94340000)
  object space 16384K, 59% used [0x90340000,0x90cc5378,0x91340000)
}
Event: 13.976 GC heap before
{Heap before GC invocations=10 (full 0):
 PSYoungGen      total 36096K, used 35387K [0xa8f40000, 0xaca00000, 0xb3540000)
  eden space 31488K, 100% used [0xa8f40000,0xaae00000,0xaae00000)
  from space 4608K, 84% used [0xaae00000,0xab1ced50,0xab280000)
  to   space 4864K, 0% used [0xac540000,0xac540000,0xaca00000)
 ParOldGen       total 21248K, used 5757K [0x94340000, 0x95800000, 0xa8f40000)
  object space 21248K, 27% used [0x94340000,0x948df490,0x95800000)
 PSPermGen       total 16384K, used 10171K [0x90340000, 0x91340000, 0x94340000)
  object space 16384K, 62% used [0x90340000,0x90d2eff0,0x91340000)
Event: 14.029 GC heap after
Heap after GC invocations=10 (full 0):
 PSYoungGen      total 55296K, used 3115K [0xa8f40000, 0xaca00000, 0xb3540000)
  eden space 50432K, 0% used [0xa8f40000,0xa8f40000,0xac080000)
  from space 4864K, 64% used [0xac540000,0xac84aee0,0xaca00000)
  to   space 4864K, 0% used [0xac080000,0xac080000,0xac540000)
 ParOldGen       total 21248K, used 7883K [0x94340000, 0x95800000, 0xa8f40000)
  object space 21248K, 37% used [0x94340000,0x94af2ce0,0x95800000)
 PSPermGen       total 16384K, used 10171K [0x90340000, 0x91340000, 0x94340000)
  object space 16384K, 62% used [0x90340000,0x90d2eff0,0x91340000)
}
Event: 15.479 GC heap before
{Heap before GC invocations=11 (full 0):
 PSYoungGen      total 55296K, used 53547K [0xa8f40000, 0xaca00000, 0xb3540000)
  eden space 50432K, 100% used [0xa8f40000,0xac080000,0xac080000)
  from space 4864K, 64% used [0xac540000,0xac84aee0,0xaca00000)
  to   space 4864K, 0% used [0xac080000,0xac080000,0xac540000)
 ParOldGen       total 21248K, used 7883K [0x94340000, 0x95800000, 0xa8f40000)
  object space 21248K, 37% used [0x94340000,0x94af2ce0,0x95800000)
 PSPermGen       total 16384K, used 10277K [0x90340000, 0x91340000, 0x94340000)
  object space 16384K, 62% used [0x90340000,0x90d49798,0x91340000)
Event: 15.508 GC heap after
Heap after GC invocations=11 (full 0):
 PSYoungGen      total 55296K, used 1659K [0xa8f40000, 0xae7c0000, 0xb3540000)
  eden space 50432K, 0% used [0xa8f40000,0xa8f40000,0xac080000)
  from space 4864K, 34% used [0xac080000,0xac21ede8,0xac540000)
  to   space 4864K, 0% used [0xae300000,0xae300000,0xae7c0000)
 ParOldGen       total 21248K, used 10081K [0x94340000, 0x95800000, 0xa8f40000)
  object space 21248K, 47% used [0x94340000,0x94d184f0,0x95800000)
 PSPermGen       total 16384K, used 10277K [0x90340000, 0x91340000, 0x94340000)
  object space 16384K, 62% used [0x90340000,0x90d49798,0x91340000)
}
Event: 16.401 GC heap before
{Heap before GC invocations=12 (full 0):
 PSYoungGen      total 55296K, used 52091K [0xa8f40000, 0xae7c0000, 0xb3540000)
  eden space 50432K, 100% used [0xa8f40000,0xac080000,0xac080000)
  from space 4864K, 34% used [0xac080000,0xac21ede8,0xac540000)
  to   space 4864K, 0% used [0xae300000,0xae300000,0xae7c0000)
 ParOldGen       total 21248K, used 10081K [0x94340000, 0x95800000, 0xa8f40000)
  object space 21248K, 47% used [0x94340000,0x94d184f0,0x95800000)
 PSPermGen       total 16384K, used 10465K [0x90340000, 0x91340000, 0x94340000)
  object space 16384K, 63% used [0x90340000,0x90d78778,0x91340000)
Event: 16.496 GC heap after
Heap after GC invocations=12 (full 0):
 PSYoungGen      total 85760K, used 807K [0xa8f40000, 0xae7c0000, 0xb3540000)
  eden space 80896K, 0% used [0xa8f40000,0xa8f40000,0xade40000)
  from space 4864K, 16% used [0xae300000,0xae3c9c68,0xae7c0000)
  to   space 4864K, 0% used [0xade40000,0xade40000,0xae300000)
 ParOldGen       total 21248K, used 11521K [0x94340000, 0x95800000, 0xa8f40000)
  object space 21248K, 54% used [0x94340000,0x94e804f0,0x95800000)
 PSPermGen       total 16384K, used 10465K [0x90340000, 0x91340000, 0x94340000)
  object space 16384K, 63% used [0x90340000,0x90d78778,0x91340000)
}
Event: 19.274 GC heap before
{Heap before GC invocations=13 (full 0):
 PSYoungGen      total 85760K, used 81703K [0xa8f40000, 0xae7c0000, 0xb3540000)
  eden space 80896K, 100% used [0xa8f40000,0xade40000,0xade40000)
  from space 4864K, 16% used [0xae300000,0xae3c9c68,0xae7c0000)
  to   space 4864K, 0% used [0xade40000,0xade40000,0xae300000)
 ParOldGen       total 21248K, used 11521K [0x94340000, 0x95800000, 0xa8f40000)
  object space 21248K, 54% used [0x94340000,0x94e804f0,0x95800000)
 PSPermGen       total 16384K, used 12593K [0x90340000, 0x91340000, 0x94340000)
  object space 16384K, 76% used [0x90340000,0x90f8c6b0,0x91340000)
Event: 19.292 GC heap after
Heap after GC invocations=13 (full 0):
 PSYoungGen      total 85760K, used 2731K [0xa8f40000, 0xb1740000, 0xb3540000)
  eden space 80896K, 0% used [0xa8f40000,0xa8f40000,0xade40000)
  from space 4864K, 56% used [0xade40000,0xae0eaed0,0xae300000)
  to   space 4864K, 0% used [0xb1280000,0xb1280000,0xb1740000)
 ParOldGen       total 21248K, used 11705K [0x94340000, 0x95800000, 0xa8f40000)
  object space 21248K, 55% used [0x94340000,0x94eae4f0,0x95800000)
 PSPermGen       total 16384K, used 12593K [0x90340000, 0x91340000, 0x94340000)
  object space 16384K, 76% used [0x90340000,0x90f8c6b0,0x91340000)
}
Event: 26.457 GC heap before
{Heap before GC invocations=14 (full 0):
 PSYoungGen      total 85760K, used 83627K [0xa8f40000, 0xb1740000, 0xb3540000)
  eden space 80896K, 100% used [0xa8f40000,0xade40000,0xade40000)
  from space 4864K, 56% used [0xade40000,0xae0eaed0,0xae300000)
  to   space 4864K, 0% used [0xb1280000,0xb1280000,0xb1740000)
 ParOldGen       total 21248K, used 11705K [0x94340000, 0x95800000, 0xa8f40000)
  object space 21248K, 55% used [0x94340000,0x94eae4f0,0x95800000)
 PSPermGen       total 16384K, used 12798K [0x90340000, 0x91340000, 0x94340000)
  object space 16384K, 78% used [0x90340000,0x90fbfa88,0x91340000)

Deoptimization events (10 events):
Event: 23.447 Thread 0xb6607c00 Uncommon trap: reason=unstable_if action=reinterpret pc=0xb3791a24 method=com.sun.tools.javac.parser.JavacParser.blockStatements()Lcom/sun/tools/javac/util/List; @ 698
Event: 23.774 Thread 0xb6607c00 Uncommon trap: reason=unstable_if action=reinterpret pc=0xb37a25ec method=com.sun.tools.javac.parser.Scanner.scanDocComment()V @ 39
Event: 24.172 Thread 0xb6607c00 Uncommon trap: reason=unstable_if action=reinterpret pc=0xb37b021c method=com.sun.tools.javac.parser.JavacParser.typeArgumentsOpt(I)Lcom/sun/tools/javac/util/List; @ 12
Event: 24.172 Thread 0xb6607c00 Uncommon trap: reason=unstable_if action=reinterpret pc=0xb377aae8 method=com.sun.tools.javac.tree.JCTree$JCMethodInvocation.<init>(Lcom/sun/tools/javac/util/List;Lcom/sun/tools/javac/tree/JCTree$JCExpression;Lcom/sun/tools/javac/util/List;)V @ 6
Event: 24.172 Thread 0xb6607c00 Uncommon trap: reason=unstable_if action=reinterpret pc=0xb36af0ec method=com.sun.tools.javac.parser.JavacParser.typeArgumentsOpt(I)Lcom/sun/tools/javac/util/List; @ 12
Event: 24.172 Thread 0xb6607c00 Uncommon trap: reason=unstable_if action=reinterpret pc=0xb3684fc4 method=com.sun.tools.javac.tree.JCTree$JCMethodInvocation.<init>(Lcom/sun/tools/javac/util/List;Lcom/sun/tools/javac/tree/JCTree$JCExpression;Lcom/sun/tools/javac/util/List;)V @ 6
Event: 25.306 Thread 0xb6607c00 Uncommon trap: reason=unstable_if action=reinterpret pc=0xb37cb6f0 method=com.sun.tools.javac.parser.Scanner.nextToken()V @ 706
Event: 25.436 Thread 0xb6607c00 Uncommon trap: reason=unstable_if action=reinterpret pc=0xb3708e10 method=com.sun.tools.javac.util.SharedNameTable.fromChars([CII)Lcom/sun/tools/javac/util/Name; @ 21
Event: 25.987 Thread 0xb6607c00 Uncommon trap: reason=unstable_if action=reinterpret pc=0xb37d9c34 method=com.sun.tools.javac.parser.JavacParser.parseStatement()Lcom/sun/tools/javac/tree/JCTree$JCStatement; @ 498
Event: 26.222 Thread 0xb6607c00 Uncommon trap: reason=unstable_if action=reinterpret pc=0xb37fda54 method=com.sun.tools.javac.parser.JavacParser.bracketsSuffix(Lcom/sun/tools/javac/tree/JCTree$JCExpression;)Lcom/sun/tools/javac/tree/JCTree$JCExpression; @ 21

Internal exceptions (10 events):
Event: 20.481 Thread 0xb6607c00 Threw 0xa9390468 at /HUDSON/workspace/7u-2-build-linux-i586/jdk7u80/2329/hotspot/src/share/vm/prims/jvm.cpp:1319
Event: 20.481 Thread 0xb6607c00 Threw 0xa9390a98 at /HUDSON/workspace/7u-2-build-linux-i586/jdk7u80/2329/hotspot/src/share/vm/prims/jvm.cpp:1319
Event: 20.481 Thread 0xb6607c00 Threw 0xa9392948 at /HUDSON/workspace/7u-2-build-linux-i586/jdk7u80/2329/hotspot/src/share/vm/prims/jvm.cpp:1319
Event: 20.482 Thread 0xb6607c00 Threw 0xa9392fe8 at /HUDSON/workspace/7u-2-build-linux-i586/jdk7u80/2329/hotspot/src/share/vm/prims/jvm.cpp:1319
Event: 20.482 Thread 0xb6607c00 Threw 0xa9395198 at /HUDSON/workspace/7u-2-build-linux-i586/jdk7u80/2329/hotspot/src/share/vm/prims/jvm.cpp:1319
Event: 20.482 Thread 0xb6607c00 Threw 0xa9395818 at /HUDSON/workspace/7u-2-build-linux-i586/jdk7u80/2329/hotspot/src/share/vm/prims/jvm.cpp:1319
Event: 20.482 Thread 0xb6607c00 Threw 0xa93970a0 at /HUDSON/workspace/7u-2-build-linux-i586/jdk7u80/2329/hotspot/src/share/vm/prims/jvm.cpp:1319
Event: 20.482 Thread 0xb6607c00 Threw 0xa9397758 at /HUDSON/workspace/7u-2-build-linux-i586/jdk7u80/2329/hotspot/src/share/vm/prims/jvm.cpp:1319
Event: 21.043 Thread 0xb6607c00 Threw 0xa9611610 at /HUDSON/workspace/7u-2-build-linux-i586/jdk7u80/2329/hotspot/src/share/vm/prims/jvm.cpp:1319
Event: 21.043 Thread 0xb6607c00 Threw 0xa9611c40 at /HUDSON/workspace/7u-2-build-linux-i586/jdk7u80/2329/hotspot/src/share/vm/prims/jvm.cpp:1319

Events (10 events):
Event: 25.987 Thread 0xb6607c00 DEOPT PACKING pc=0xb37d9c34 sp=0xb68240a0
Event: 25.987 Thread 0xb6607c00 DEOPT UNPACKING pc=0xb362cbc8 sp=0xb68240a8 mode 2
Event: 26.111 Thread 0x8e629000 flushing nmethod 0xb36e3208
Event: 26.222 Thread 0xb6607c00 Uncommon trap: trap_request=0xffffff75 fr.pc=0xb37fda54
Event: 26.222 Thread 0xb6607c00 DEOPT PACKING pc=0xb37fda54 sp=0xb6823920
Event: 26.222 Thread 0xb6607c00 DEOPT UNPACKING pc=0xb362cbc8 sp=0xb6823908 mode 2
Event: 26.256 Thread 0x8e627000 flushing nmethod 0xb3731708
Event: 26.258 Thread 0x8e627000 flushing nmethod 0xb375d2c8
Event: 26.447 Thread 0x8e629000 flushing nmethod 0xb3653788
Event: 26.457 Executing VM operation: ParallelGCFailedAllocation


Dynamic libraries:
08048000-08049000 r-xp 00000000 08:06 705763     /usr/local/java/jdk1.7.0_80/bin/java
08049000-0804a000 rw-p 00000000 08:06 705763     /usr/local/java/jdk1.7.0_80/bin/java
08072000-08820000 rw-p 00000000 00:00 0          [heap]
8cc00000-8ccff000 rw-p 00000000 00:00 0 
8ccff000-8cd00000 ---p 00000000 00:00 0 
8ce00000-8ceff000 rw-p 00000000 00:00 0 
8ceff000-8cf00000 ---p 00000000 00:00 0 
8cf00000-8cff9000 rw-p 00000000 00:00 0 
8cff9000-8d000000 ---p 00000000 00:00 0 
8d000000-8d0f9000 rw-p 00000000 00:00 0 
8d0f9000-8d100000 ---p 00000000 00:00 0 
8d100000-8d1f0000 rw-p 00000000 00:00 0 
8d1f0000-8d200000 ---p 00000000 00:00 0 
8d200000-8d2ef000 rw-p 00000000 00:00 0 
8d2ef000-8d300000 ---p 00000000 00:00 0 
8d300000-8d400000 rw-p 00000000 00:00 0 
8d500000-8d6ff000 rw-p 00000000 00:00 0 
8d6ff000-8d700000 ---p 00000000 00:00 0 
8d700000-8d7ff000 rw-p 00000000 00:00 0 
8d7ff000-8d800000 ---p 00000000 00:00 0 
8d895000-8d900000 r--s 00e21000 08:06 296708     /usr/local/java/jdk1.7.0_80/lib/tools.jar
8d900000-8daf9000 rw-p 00000000 00:00 0 
8daf9000-8db00000 ---p 00000000 00:00 0 
8db00000-8dbff000 rw-p 00000000 00:00 0 
8dbff000-8dc00000 ---p 00000000 00:00 0 
8dc3f000-8de00000 rw-p 00000000 00:00 0 
8de00000-8df00000 rw-p 00000000 00:00 0 
8df00000-8dff9000 rw-p 00000000 00:00 0 
8dff9000-8e000000 ---p 00000000 00:00 0 
8e000000-8e100000 rw-p 00000000 00:00 0 
8e111000-8e112000 r--s 00004000 08:07 534879     /home/akshat/.m2/repository/org/codehaus/plexus/plexus-compiler-javac/2.7/plexus-compiler-javac-2.7.jar
8e112000-8e114000 r--s 00000000 08:07 276263     /home/akshat/.m2/repository/org/codehaus/plexus/plexus-compiler-manager/2.7/plexus-compiler-manager-2.7.jar
8e114000-8e116000 r--s 00005000 08:07 276261     /home/akshat/.m2/repository/org/codehaus/plexus/plexus-compiler-api/2.7/plexus-compiler-api-2.7.jar
8e116000-8e118000 r--s 00002000 08:07 534877     /home/akshat/.m2/repository/org/apache/maven/shared/maven-shared-incremental/1.1/maven-shared-incremental-1.1.jar
8e118000-8e11a000 r--s 00006000 08:07 407358     /home/akshat/.m2/repository/com/google/code/findbugs/jsr305/2.0.1/jsr305-2.0.1.jar
8e11a000-8e11e000 r--s 0002a000 08:07 407356     /home/akshat/.m2/repository/commons-io/commons-io/2.4/commons-io-2.4.jar
8e11e000-8e121000 r--s 00023000 08:07 407354     /home/akshat/.m2/repository/org/apache/maven/shared/maven-shared-utils/3.0.0/maven-shared-utils-3.0.0.jar
8e121000-8e123000 r--s 00002000 08:07 276257     /home/akshat/.m2/repository/org/sonatype/plexus/plexus-cipher/1.4/plexus-cipher-1.4.jar
8e123000-8e124000 r--s 00006000 08:07 165725     /home/akshat/.m2/repository/org/sonatype/plexus/plexus-sec-dispatcher/1.3/plexus-sec-dispatcher-1.3.jar
8e124000-8e126000 r--s 00000000 08:07 165723     /home/akshat/.m2/repository/org/codehaus/plexus/plexus-component-annotations/1.5.5/plexus-component-annotations-1.5.5.jar
8e126000-8e128000 r--s 0000d000 08:07 165719     /home/akshat/.m2/repository/org/codehaus/plexus/plexus-interpolation/1.14/plexus-interpolation-1.14.jar
8e128000-8e12c000 r--s 00017000 08:07 276255     /home/akshat/.m2/repository/org/sonatype/aether/aether-util/1.7/aether-util-1.7.jar
8e12c000-8e130000 r--s 00033000 08:07 165711     /home/akshat/.m2/repository/org/codehaus/plexus/plexus-utils/2.0.4/plexus-utils-2.0.4.jar
8e130000-8e13b000 r--s 00069000 08:07 165707     /home/akshat/.m2/repository/org/sonatype/sisu/sisu-guice/2.1.7/sisu-guice-2.1.7-noaop.jar
8e13b000-8e140000 r--s 00021000 08:07 165705     /home/akshat/.m2/repository/org/sonatype/sisu/sisu-inject-bean/1.4.2/sisu-inject-bean-1.4.2.jar
8e140000-8e142000 r--s 0000b000 08:07 152863     /home/akshat/.m2/repository/org/apache/maven/plugins/maven-compiler-plugin/3.5.1/maven-compiler-plugin-3.5.1.jar
8e142000-8e144000 r--s 0000d000 08:07 276317     /home/akshat/.m2/repository/org/codehaus/plexus/plexus-interpolation/1.13/plexus-interpolation-1.13.jar
8e144000-8e145000 r--s 00001000 08:07 276315     /home/akshat/.m2/repository/org/sonatype/plexus/plexus-build-api/0.0.4/plexus-build-api-0.0.4.jar
8e145000-8e147000 r--s 00009000 08:07 534905     /home/akshat/.m2/repository/org/apache/maven/shared/maven-filtering/1.1/maven-filtering-1.1.jar
8e147000-8e14b000 r--s 00033000 08:07 165769     /home/akshat/.m2/repository/org/codehaus/plexus/plexus-utils/2.0.5/plexus-utils-2.0.5.jar
8e14b000-8e14e000 r--s 0001b000 08:07 276313     /home/akshat/.m2/repository/junit/junit/3.8.1/junit-3.8.1.jar
8e14e000-8e150000 r--s 00002000 08:07 276309     /home/akshat/.m2/repository/org/codehaus/plexus/plexus-interactivity-api/1.0-alpha-4/plexus-interactivity-api-1.0-alpha-4.jar
8e150000-8e152000 r--s 00006000 08:07 407424     /home/akshat/.m2/repository/commons-cli/commons-cli/1.0/commons-cli-1.0.jar
8e152000-8e153000 r--s 00001000 08:07 407420     /home/akshat/.m2/repository/org/apache/maven/doxia/doxia-sink-api/1.0-alpha-7/doxia-sink-api-1.0-alpha-7.jar
8e153000-8e154000 r--s 00002000 08:07 407418     /home/akshat/.m2/repository/org/apache/maven/reporting/maven-reporting-api/2.0.6/maven-reporting-api-2.0.6.jar
8e154000-8e156000 r--s 00006000 08:07 155750     /home/akshat/.m2/repository/org/apache/maven/plugins/maven-resources-plugin/2.6/maven-resources-plugin-2.6.jar
8e156000-8e15a000 r--s 0008b000 08:06 296723     /usr/local/java/jdk1.7.0_80/jre/lib/jsse.jar
8e15a000-8e16f000 r-xp 00000000 08:06 440372     /usr/local/java/jdk1.7.0_80/jre/lib/i386/libnet.so
8e16f000-8e170000 rw-p 00015000 08:06 440372     /usr/local/java/jdk1.7.0_80/jre/lib/i386/libnet.so
8e170000-8e17e000 r-xp 00000000 08:06 440353     /usr/local/java/jdk1.7.0_80/jre/lib/i386/libnio.so
8e17e000-8e17f000 rw-p 0000e000 08:06 440353     /usr/local/java/jdk1.7.0_80/jre/lib/i386/libnio.so
8e17f000-8e180000 r--s 00002000 08:07 263313     /home/akshat/Documents/DistributedComputing/eclipse/plugins/org.eclipse.m2e.maven.runtime.slf4j.simple_1.8.0.20160921-2001/jars/slf4j-simple-1.7.5.jar
8e180000-8e185000 r--s 00041000 08:07 263330     /home/akshat/Documents/DistributedComputing/eclipse/plugins/org.eclipse.m2e.maven.runtime_1.8.0.20160921-2001/jars/commons-lang-2.6.jar
8e185000-8e18a000 r--s 00049000 08:07 263359     /home/akshat/Documents/DistributedComputing/eclipse/plugins/org.eclipse.m2e.maven.runtime_1.8.0.20160921-2001/jars/okhttp-2.5.0.jar
8e18a000-8e18b000 ---p 00000000 00:00 0 
8e18b000-8e20b000 rw-p 00000000 00:00 0 
8e20b000-8e20e000 ---p 00000000 00:00 0 
8e20e000-8e25c000 rw-p 00000000 00:00 0 
8e25c000-8e25f000 ---p 00000000 00:00 0 
8e25f000-8e2dd000 rw-p 00000000 00:00 0 
8e2dd000-8e2e0000 ---p 00000000 00:00 0 
8e2e0000-8e35e000 rw-p 00000000 00:00 0 
8e35e000-8e361000 ---p 00000000 00:00 0 
8e361000-8e3af000 rw-p 00000000 00:00 0 
8e3af000-8e5af000 r--p 00000000 08:06 2007       /usr/lib/locale/locale-archive
8e5af000-8e5b2000 ---p 00000000 00:00 0 
8e5b2000-8e600000 rw-p 00000000 00:00 0 
8e600000-8e6fe000 rw-p 00000000 00:00 0 
8e6fe000-8e700000 ---p 00000000 00:00 0 
8e700000-8e702000 r--s 00005000 08:07 263329     /home/akshat/Documents/DistributedComputing/eclipse/plugins/org.eclipse.m2e.maven.runtime_1.8.0.20160921-2001/jars/aether-transport-wagon-1.0.2.v20150114.jar
8e702000-8e72d000 r--s 001fc000 08:07 263327     /home/akshat/Documents/DistributedComputing/eclipse/plugins/org.eclipse.m2e.maven.runtime_1.8.0.20160921-2001/jars/guava-18.0.jar
8e72d000-8e730000 ---p 00000000 00:00 0 
8e730000-8e77e000 rw-p 00000000 00:00 0 
8e77e000-8e93e000 r--s 039fb000 08:06 297021     /usr/local/java/jdk1.7.0_80/jre/lib/rt.jar
8e93e000-8fd00000 rw-p 00000000 00:00 0 
8fd00000-8fdfd000 rw-p 00000000 00:00 0 
8fdfd000-8fe00000 ---p 00000000 00:00 0 
8fe00000-8fe01000 r--s 00002000 08:07 263342     /home/akshat/Documents/DistributedComputing/eclipse/plugins/org.eclipse.m2e.maven.runtime_1.8.0.20160921-2001/jars/wagon-file-2.10.jar
8fe01000-8fe02000 r--s 00008000 08:07 263344     /home/akshat/Documents/DistributedComputing/eclipse/plugins/org.eclipse.m2e.maven.runtime_1.8.0.20160921-2001/jars/aether-connector-basic-1.0.2.v20150114.jar
8fe02000-8fe04000 r--s 0000f000 08:07 263349     /home/akshat/Documents/DistributedComputing/eclipse/plugins/org.eclipse.m2e.maven.runtime_1.8.0.20160921-2001/jars/okio-1.6.0.jar
8fe04000-8fe06000 r--s 0000b000 08:07 263340     /home/akshat/Documents/DistributedComputing/eclipse/plugins/org.eclipse.m2e.maven.runtime_1.8.0.20160921-2001/jars/aether-connector-okhttp-0.16.0.jar
8fe06000-8fe08000 r--s 00006000 08:07 263352     /home/akshat/Documents/DistributedComputing/eclipse/plugins/org.eclipse.m2e.maven.runtime_1.8.0.20160921-2001/jars/aether-spi-1.0.2.v20150114.jar
8fe08000-8fe0c000 r--s 00027000 08:07 263356     /home/akshat/Documents/DistributedComputing/eclipse/plugins/org.eclipse.m2e.maven.runtime_1.8.0.20160921-2001/jars/aether-impl-1.0.2.v20150114.jar
8fe0c000-8fe14000 r--s 00055000 08:07 263357     /home/akshat/Documents/DistributedComputing/eclipse/plugins/org.eclipse.m2e.maven.runtime_1.8.0.20160921-2001/jars/org.eclipse.sisu.inject-0.3.2.jar
8fe14000-8fe17000 r--s 00008000 08:07 263328     /home/akshat/Documents/DistributedComputing/eclipse/plugins/org.eclipse.m2e.maven.runtime_1.8.0.20160921-2001/jars/cdi-api-1.0.jar
8fe17000-8fe1d000 r--s 0002d000 08:07 263339     /home/akshat/Documents/DistributedComputing/eclipse/plugins/org.eclipse.m2e.maven.runtime_1.8.0.20160921-2001/jars/org.eclipse.sisu.plexus-0.3.2.jar
8fe1d000-8fe20000 r--s 0000b000 08:07 263348     /home/akshat/Documents/DistributedComputing/eclipse/plugins/org.eclipse.m2e.maven.runtime_1.8.0.20160921-2001/jars/wagon-provider-api-2.10.jar
8fe20000-8fe26000 r--s 00041000 08:07 263362     /home/akshat/Documents/DistributedComputing/eclipse/plugins/org.eclipse.m2e.maven.runtime_1.8.0.20160921-2001/jars/maven-compat-3.3.9.jar
8fe26000-8fe28000 r--s 00009000 08:07 263355     /home/akshat/Documents/DistributedComputing/eclipse/plugins/org.eclipse.m2e.maven.runtime_1.8.0.20160921-2001/jars/commons-cli-1.2.jar
8fe28000-8fe2a000 r--s 00002000 08:07 263338     /home/akshat/Documents/DistributedComputing/eclipse/plugins/org.eclipse.m2e.maven.runtime_1.8.0.20160921-2001/jars/plexus-cipher-1.7.jar
8fe2a000-8fe2d000 r--s 00013000 08:07 263334     /home/akshat/Documents/DistributedComputing/eclipse/plugins/org.eclipse.m2e.maven.runtime_1.8.0.20160921-2001/jars/maven-embedder-3.3.9.jar
8fe2d000-8fe34000 r--s 00064000 08:07 263341     /home/akshat/Documents/DistributedComputing/eclipse/plugins/org.eclipse.m2e.maven.runtime_1.8.0.20160921-2001/jars/commons-lang3-3.4.jar
8fe34000-8fe35000 ---p 00000000 00:00 0 
8fe35000-8ff00000 rw-p 00000000 00:00 0 
8ff00000-8ff21000 rw-p 00000000 00:00 0 
8ff21000-90000000 ---p 00000000 00:00 0 
90000000-90001000 r--s 00001000 08:07 263361     /home/akshat/Documents/DistributedComputing/eclipse/plugins/org.eclipse.m2e.maven.runtime_1.8.0.20160921-2001/jars/jsr250-api-1.0.jar
90001000-90003000 r--s 00000000 08:07 263363     /home/akshat/Documents/DistributedComputing/eclipse/plugins/org.eclipse.m2e.maven.runtime_1.8.0.20160921-2001/jars/plexus-component-annotations-1.6.jar
90003000-90007000 r--s 00038000 08:07 263351     /home/akshat/Documents/DistributedComputing/eclipse/plugins/org.eclipse.m2e.maven.runtime_1.8.0.20160921-2001/jars/plexus-utils-3.0.22.jar
90007000-9000a000 r--s 0000d000 08:07 263345     /home/akshat/Documents/DistributedComputing/eclipse/plugins/org.eclipse.m2e.maven.runtime_1.8.0.20160921-2001/jars/plexus-interpolation-1.21.jar
9000a000-90013000 r--s 0005f000 08:07 263331     /home/akshat/Documents/DistributedComputing/eclipse/plugins/org.eclipse.m2e.maven.runtime_1.8.0.20160921-2001/jars/guice-4.0-no_aop.jar
90013000-90017000 r--s 00020000 08:07 263337     /home/akshat/Documents/DistributedComputing/eclipse/plugins/org.eclipse.m2e.maven.runtime_1.8.0.20160921-2001/jars/aether-util-1.0.2.v20150114.jar
90017000-9001c000 r--s 0001d000 08:07 263335     /home/akshat/Documents/DistributedComputing/eclipse/plugins/org.eclipse.m2e.maven.runtime_1.8.0.20160921-2001/jars/aether-api-1.0.2.v20150114.jar
9001c000-9001e000 r--s 0000f000 08:07 263350     /home/akshat/Documents/DistributedComputing/eclipse/plugins/org.eclipse.m2e.maven.runtime_1.8.0.20160921-2001/jars/maven-aether-provider-3.3.9.jar
9001e000-90023000 r--s 00027000 08:07 263332     /home/akshat/Documents/DistributedComputing/eclipse/plugins/org.eclipse.m2e.maven.runtime_1.8.0.20160921-2001/jars/maven-model-builder-3.3.9.jar
90023000-9007e000 rw-p 00000000 00:00 0 
9007e000-9007f000 ---p 00000000 00:00 0 
9007f000-900ff000 rw-p 00000000 00:00 0 
900ff000-90100000 ---p 00000000 00:00 0 
90100000-9019b000 rw-p 00000000 00:00 0 
9019b000-90226000 rw-p 00000000 00:00 0 
90226000-9022e000 rw-p 00000000 00:00 0 
9022e000-90246000 rw-p 00000000 00:00 0 
90246000-90261000 rw-p 00000000 00:00 0 
90261000-902ec000 rw-p 00000000 00:00 0 
902ec000-90330000 rw-p 00000000 00:00 0 
90330000-9033f000 rw-p 00000000 00:00 0 
9033f000-91340000 rw-p 00000000 00:00 0 
91340000-94340000 rw-p 00000000 00:00 0 
94340000-97940000 rw-p 00000000 00:00 0 
97940000-a8f40000 rw-p 00000000 00:00 0 
a8f40000-b1740000 rw-p 00000000 00:00 0 
b33cd000-b3549000 rw-p 00000000 00:00 0 
b3549000-b3600000 rw-p 00000000 00:00 0 
b3600000-b3840000 rwxp 00000000 00:00 0 
b3840000-b66f3000 rw-p 00000000 00:00 0 
b66f3000-b6700000 ---p 00000000 00:00 0 
b6700000-b6701000 r--s 00006000 08:07 263346     /home/akshat/Documents/DistributedComputing/eclipse/plugins/org.eclipse.m2e.maven.runtime_1.8.0.20160921-2001/jars/plexus-sec-dispatcher-1.3.jar
b6701000-b6703000 r--s 0000a000 08:07 263353     /home/akshat/Documents/DistributedComputing/eclipse/plugins/org.eclipse.m2e.maven.runtime_1.8.0.20160921-2001/jars/maven-plugin-api-3.3.9.jar
b6703000-b6705000 r--s 0000c000 08:07 263354     /home/akshat/Documents/DistributedComputing/eclipse/plugins/org.eclipse.m2e.maven.runtime_1.8.0.20160921-2001/jars/maven-artifact-3.3.9.jar
b6705000-b6706000 r--s 00006000 08:07 263364     /home/akshat/Documents/DistributedComputing/eclipse/plugins/org.eclipse.m2e.maven.runtime_1.8.0.20160921-2001/jars/maven-repository-metadata-3.3.9.jar
b6706000-b6708000 r--s 00009000 08:07 263360     /home/akshat/Documents/DistributedComputing/eclipse/plugins/org.eclipse.m2e.maven.runtime_1.8.0.20160921-2001/jars/maven-settings-builder-3.3.9.jar
b6708000-b6715000 r--s 0008f000 08:07 263365     /home/akshat/Documents/DistributedComputing/eclipse/plugins/org.eclipse.m2e.maven.runtime_1.8.0.20160921-2001/jars/maven-core-3.3.9.jar
b6715000-b671d000 rw-p 00000000 00:00 0 
b671d000-b6735000 rw-p 00000000 00:00 0 
b6735000-b674c000 r-xp 00000000 08:06 440373     /usr/local/java/jdk1.7.0_80/jre/lib/i386/libzip.so
b674c000-b674d000 rw-p 00016000 08:06 440373     /usr/local/java/jdk1.7.0_80/jre/lib/i386/libzip.so
b674d000-b6758000 r-xp 00000000 08:06 555855     /lib/i386-linux-gnu/libnss_files-2.23.so
b6758000-b6759000 r--p 0000a000 08:06 555855     /lib/i386-linux-gnu/libnss_files-2.23.so
b6759000-b675a000 rw-p 0000b000 08:06 555855     /lib/i386-linux-gnu/libnss_files-2.23.so
b675a000-b6760000 rw-p 00000000 00:00 0 
b6760000-b676b000 r-xp 00000000 08:06 555848     /lib/i386-linux-gnu/libnss_nis-2.23.so
b676b000-b676c000 r--p 0000a000 08:06 555848     /lib/i386-linux-gnu/libnss_nis-2.23.so
b676c000-b676d000 rw-p 0000b000 08:06 555848     /lib/i386-linux-gnu/libnss_nis-2.23.so
b676d000-b6784000 r-xp 00000000 08:06 555850     /lib/i386-linux-gnu/libnsl-2.23.so
b6784000-b6785000 r--p 00016000 08:06 555850     /lib/i386-linux-gnu/libnsl-2.23.so
b6785000-b6786000 rw-p 00017000 08:06 555850     /lib/i386-linux-gnu/libnsl-2.23.so
b6786000-b6788000 rw-p 00000000 00:00 0 
b6788000-b6790000 r-xp 00000000 08:06 555856     /lib/i386-linux-gnu/libnss_compat-2.23.so
b6790000-b6791000 r--p 00007000 08:06 555856     /lib/i386-linux-gnu/libnss_compat-2.23.so
b6791000-b6792000 rw-p 00008000 08:06 555856     /lib/i386-linux-gnu/libnss_compat-2.23.so
b6792000-b6793000 r--s 00003000 08:07 263358     /home/akshat/Documents/DistributedComputing/eclipse/plugins/org.eclipse.m2e.maven.runtime_1.8.0.20160921-2001/jars/maven-builder-support-3.3.9.jar
b6793000-b6794000 r--s 0000a000 08:07 263336     /home/akshat/Documents/DistributedComputing/eclipse/plugins/org.eclipse.m2e.maven.runtime_1.8.0.20160921-2001/jars/maven-settings-3.3.9.jar
b6794000-b6797000 r--s 00026000 08:07 263343     /home/akshat/Documents/DistributedComputing/eclipse/plugins/org.eclipse.m2e.maven.runtime_1.8.0.20160921-2001/jars/maven-model-3.3.9.jar
b6797000-b6799000 r--s 0000b000 08:07 263333     /home/akshat/Documents/DistributedComputing/eclipse/plugins/org.eclipse.m2e.maven.runtime_1.8.0.20160921-2001/jars/plexus-classworlds-2.5.2.jar
b6799000-b679a000 r--p 002d4000 08:06 2007       /usr/lib/locale/locale-archive
b679a000-b67a8000 rw-p 00000000 00:00 0 
b67a8000-b67cb000 r-xp 00000000 08:06 440350     /usr/local/java/jdk1.7.0_80/jre/lib/i386/libjava.so
b67cb000-b67cc000 rw-p 00023000 08:06 440350     /usr/local/java/jdk1.7.0_80/jre/lib/i386/libjava.so
b67cc000-b67d3000 r-xp 00000000 08:06 555857     /lib/i386-linux-gnu/librt-2.23.so
b67d3000-b67d4000 r--p 00006000 08:06 555857     /lib/i386-linux-gnu/librt-2.23.so
b67d4000-b67d5000 rw-p 00007000 08:06 555857     /lib/i386-linux-gnu/librt-2.23.so
b67d5000-b67d8000 ---p 00000000 00:00 0 
b67d8000-b6826000 rw-p 00000000 00:00 0 
b6826000-b6879000 r-xp 00000000 08:06 555849     /lib/i386-linux-gnu/libm-2.23.so
b6879000-b687a000 r--p 00052000 08:06 555849     /lib/i386-linux-gnu/libm-2.23.so
b687a000-b687b000 rw-p 00053000 08:06 555849     /lib/i386-linux-gnu/libm-2.23.so
b687b000-b7102000 r-xp 00000000 08:06 440333     /usr/local/java/jdk1.7.0_80/jre/lib/i386/server/libjvm.so
b7102000-b7166000 rw-p 00886000 08:06 440333     /usr/local/java/jdk1.7.0_80/jre/lib/i386/server/libjvm.so
b7166000-b758a000 rw-p 00000000 00:00 0 
b758a000-b7739000 r-xp 00000000 08:06 555851     /lib/i386-linux-gnu/libc-2.23.so
b7739000-b773a000 ---p 001af000 08:06 555851     /lib/i386-linux-gnu/libc-2.23.so
b773a000-b773c000 r--p 001af000 08:06 555851     /lib/i386-linux-gnu/libc-2.23.so
b773c000-b773d000 rw-p 001b1000 08:06 555851     /lib/i386-linux-gnu/libc-2.23.so
b773d000-b7740000 rw-p 00000000 00:00 0 
b7740000-b7743000 r-xp 00000000 08:06 555847     /lib/i386-linux-gnu/libdl-2.23.so
b7743000-b7744000 r--p 00002000 08:06 555847     /lib/i386-linux-gnu/libdl-2.23.so
b7744000-b7745000 rw-p 00003000 08:06 555847     /lib/i386-linux-gnu/libdl-2.23.so
b7745000-b7759000 r-xp 00000000 08:06 296707     /usr/local/java/jdk1.7.0_80/lib/i386/jli/libjli.so
b7759000-b775a000 rw-p 00013000 08:06 296707     /usr/local/java/jdk1.7.0_80/lib/i386/jli/libjli.so
b775a000-b7773000 r-xp 00000000 08:06 555861     /lib/i386-linux-gnu/libpthread-2.23.so
b7773000-b7774000 r--p 00018000 08:06 555861     /lib/i386-linux-gnu/libpthread-2.23.so
b7774000-b7775000 rw-p 00019000 08:06 555861     /lib/i386-linux-gnu/libpthread-2.23.so
b7775000-b7777000 rw-p 00000000 00:00 0 
b7777000-b777f000 rw-s 00000000 08:06 840645     /tmp/hsperfdata_akshat/5630
b777f000-b7780000 rw-p 00000000 00:00 0 
b7780000-b7781000 ---p 00000000 00:00 0 
b7781000-b778c000 r-xp 00000000 08:06 440369     /usr/local/java/jdk1.7.0_80/jre/lib/i386/libverify.so
b778c000-b778d000 rw-p 0000b000 08:06 440369     /usr/local/java/jdk1.7.0_80/jre/lib/i386/libverify.so
b778d000-b778f000 rw-p 00000000 00:00 0 
b778f000-b7791000 r--p 00000000 00:00 0          [vvar]
b7791000-b7792000 r-xp 00000000 00:00 0          [vdso]
b7792000-b77b4000 r-xp 00000000 08:06 555852     /lib/i386-linux-gnu/ld-2.23.so
b77b4000-b77b5000 rw-p 00000000 00:00 0 
b77b5000-b77b6000 r--p 00022000 08:06 555852     /lib/i386-linux-gnu/ld-2.23.so
b77b6000-b77b7000 rw-p 00023000 08:06 555852     /lib/i386-linux-gnu/ld-2.23.so
bfe81000-bfe82000 rwxp 00000000 00:00 0 
bfeb3000-bfed5000 rw-p 00000000 00:00 0          [stack]

VM Arguments:
jvm_args: -Dmaven.home=EMBEDDED -Dclassworlds.conf=/home/akshat/workspace/.metadata/.plugins/org.eclipse.m2e.launching/launches/m2conf8083133219686226375.tmp -Dmaven.multiModuleProjectDirectory=/home/akshat/workspace/HCDistributed -Dfile.encoding=UTF-8 
java_command: org.codehaus.plexus.classworlds.launcher.Launcher -B package shade:shade
Launcher Type: SUN_STANDARD

Environment Variables:
JAVA_HOME=/usr/local/java/jdk1.8.0_101
JRE_HOME=/usr/local/java/jdk1.8.0_101/jre
PATH=/home/akshat/Documents/DistributedComputing/hadoop-2.7.2/bin:/home/akshat/Downloads/mosek/7/tools/platform/linux32x86/bin:/home/akshat/Downloads/sublime_text_3/sublime_text:/home/akshat/Documents/DistributedComputing/eclipse:/home/akshat/bin:/home/akshat/.local/bin:/usr/local/sbin:/usr/local/bin:/usr/sbin:/usr/bin:/sbin:/bin:/usr/games:/usr/local/games:/snap/bin:/usr/local/java/jdk1.8.0_101/bin:/usr/local/java/jdk1.8.0_101/jre/bin
LD_LIBRARY_PATH=/usr/local/java/jdk1.7.0_80/jre/lib/i386/server:/usr/local/java/jdk1.7.0_80/jre/lib/i386:/usr/local/java/jdk1.7.0_80/jre/../lib/i386:/usr/local/java/jdk1.8.0_101/jre/lib/i386/client:/usr/local/java/jdk1.8.0_101/jre/lib/i386:
SHELL=/bin/bash
DISPLAY=:0

Signal Handlers:
SIGSEGV: [libjvm.so+0x7eb160], sa_mask[0]=0x7ffbfeff, sa_flags=0x10000004
SIGBUS: [libjvm.so+0x7eb160], sa_mask[0]=0x7ffbfeff, sa_flags=0x10000004
SIGFPE: [libjvm.so+0x684ac0], sa_mask[0]=0x7ffbfeff, sa_flags=0x10000004
SIGPIPE: [libjvm.so+0x684ac0], sa_mask[0]=0x7ffbfeff, sa_flags=0x10000004
SIGXFSZ: [libjvm.so+0x684ac0], sa_mask[0]=0x7ffbfeff, sa_flags=0x10000004
SIGILL: [libjvm.so+0x684ac0], sa_mask[0]=0x7ffbfeff, sa_flags=0x10000004
SIGUSR1: SIG_DFL, sa_mask[0]=0x00000000, sa_flags=0x00000000
SIGUSR2: [libjvm.so+0x686330], sa_mask[0]=0x00000004, sa_flags=0x10000004
SIGHUP: [libjvm.so+0x687660], sa_mask[0]=0x7ffbfeff, sa_flags=0x10000004
SIGINT: [libjvm.so+0x687660], sa_mask[0]=0x7ffbfeff, sa_flags=0x10000004
SIGTERM: [libjvm.so+0x687660], sa_mask[0]=0x7ffbfeff, sa_flags=0x10000004
SIGQUIT: [libjvm.so+0x687660], sa_mask[0]=0x7ffbfeff, sa_flags=0x10000004


---------------  S Y S T E M  ---------------

OS:stretch/sid

uname:Linux 4.4.0-75-generic #96-Ubuntu SMP Thu Apr 20 09:55:15 UTC 2017 i686
libc:glibc 2.23 NPTL 2.23 
rlimit: STACK 8192k, CORE 0k, NPROC 15619, NOFILE 65536, AS infinity
load average:4.62 3.49 3.24

/proc/meminfo:
MemTotal:        2036416 kB
MemFree:          125156 kB
MemAvailable:       8784 kB
Buffers:            1060 kB
Cached:           201656 kB
SwapCached:            0 kB
Active:          1644188 kB
Inactive:         195276 kB
Active(anon):    1638568 kB
Inactive(anon):   177368 kB
Active(file):       5620 kB
Inactive(file):    17908 kB
Unevictable:         252 kB
Mlocked:             252 kB
HighTotal:       1157832 kB
HighFree:          24076 kB
LowTotal:         878584 kB
LowFree:          101080 kB
SwapTotal:             0 kB
SwapFree:              0 kB
Dirty:               184 kB
Writeback:             0 kB
AnonPages:       1637116 kB
Mapped:            43568 kB
Shmem:            179072 kB
Slab:              35596 kB
SReclaimable:      15472 kB
SUnreclaim:        20124 kB
KernelStack:        4072 kB
PageTables:        11780 kB
NFS_Unstable:          0 kB
Bounce:                0 kB
WritebackTmp:          0 kB
CommitLimit:     1018208 kB
Committed_AS:    5376300 kB
VmallocTotal:     122880 kB
VmallocUsed:           0 kB
VmallocChunk:          0 kB
AnonHugePages:    731136 kB
CmaTotal:              0 kB
CmaFree:               0 kB
HugePages_Total:       0
HugePages_Free:        0
HugePages_Rsvd:        0
HugePages_Surp:        0
Hugepagesize:       2048 kB
DirectMap4k:       36856 kB
DirectMap2M:      876544 kB


CPU:total 2 (2 cores per cpu, 1 threads per core) family 6 model 15 stepping 13, cmov, cx8, fxsr, mmx, sse, sse2, sse3, ssse3, tsc

/proc/cpuinfo:
processor	: 0
vendor_id	: GenuineIntel
cpu family	: 6
model		: 15
model name	: Intel(R) Core(TM)2 Duo CPU     T5870  @ 2.00GHz
stepping	: 13
microcode	: 0xa3
cpu MHz		: 2001.000
cache size	: 2048 KB
physical id	: 0
siblings	: 2
core id		: 0
cpu cores	: 2
apicid		: 0
initial apicid	: 0
fdiv_bug	: no
f00f_bug	: no
coma_bug	: no
fpu		: yes
fpu_exception	: yes
cpuid level	: 10
wp		: yes
flags		: fpu vme de pse tsc msr pae mce cx8 apic sep mtrr pge mca cmov pat pse36 clflush dts acpi mmx fxsr sse sse2 ss ht tm pbe nx lm constant_tsc arch_perfmon pebs bts aperfmperf pni dtes64 monitor ds_cpl est tm2 ssse3 cx16 xtpr pdcm lahf_lm dtherm ida
bugs		:
bogomips	: 3990.01
clflush size	: 64
cache_alignment	: 64
address sizes	: 36 bits physical, 48 bits virtual
power management:

processor	: 1
vendor_id	: GenuineIntel
cpu family	: 6
model		: 15
model name	: Intel(R) Core(TM)2 Duo CPU     T5870  @ 2.00GHz
stepping	: 13
microcode	: 0xa3
cpu MHz		: 2001.000
cache size	: 2048 KB
physical id	: 0
siblings	: 2
core id		: 1
cpu cores	: 2
apicid		: 1
initial apicid	: 1
fdiv_bug	: no
f00f_bug	: no
coma_bug	: no
fpu		: yes
fpu_exception	: yes
cpuid level	: 10
wp		: yes
flags		: fpu vme de pse tsc msr pae mce cx8 apic sep mtrr pge mca cmov pat pse36 clflush dts acpi mmx fxsr sse sse2 ss ht tm pbe nx lm constant_tsc arch_perfmon pebs bts aperfmperf pni dtes64 monitor ds_cpl est tm2 ssse3 cx16 xtpr pdcm lahf_lm dtherm ida
bugs		:
bogomips	: 3990.01
clflush size	: 64
cache_alignment	: 64
address sizes	: 36 bits physical, 48 bits virtual
power management:



Memory: 4k page, physical 2036416k(125156k free), swap 0k(0k free)

vm_info: Java HotSpot(TM) Server VM (24.80-b11) for linux-x86 JRE (1.7.0_80-b15), built on Apr 10 2015 12:29:10 by "java_re" with gcc 4.3.0 20080428 (Red Hat 4.3.0-8)

time: Sat May  6 06:17:33 2017
elapsed time: 44 seconds

