#
# There is insufficient memory for the Java Runtime Environment to continue.
# Native memory allocation (malloc) failed to allocate 75497472 bytes for committing reserved memory.
# Possible reasons:
#   The system is out of physical RAM or swap space
#   In 32 bit mode, the process size limit was hit
# Possible solutions:
#   Reduce memory load on the system
#   Increase physical memory or swap space
#   Check if swap backing store is full
#   Use 64 bit Java on a 64 bit OS
#   Decrease Java heap size (-Xmx/-Xms)
#   Decrease number of Java threads
#   Decrease Java thread stack sizes (-Xss)
#   Set larger code cache with -XX:ReservedCodeCacheSize=
# This output file may be truncated or incomplete.
#
#  Out of Memory Error (os_linux.cpp:2756), pid=5421, tid=2389703488
#
# JRE version: Java(TM) SE Runtime Environment (7.0_80-b15) (build 1.7.0_80-b15)
# Java VM: Java HotSpot(TM) Server VM (24.80-b11 mixed mode linux-x86 )
# Failed to write core dump. Core dumps have been disabled. To enable core dumping, try "ulimit -c unlimited" before starting Java again
#

---------------  T H R E A D  ---------------

Current thread (0x8e710400):  VMThread [stack: 0x8e67f000,0x8e700000] [id=5430]

Stack: [0x8e67f000,0x8e700000],  sp=0x8e6fe770,  free space=509k
Native frames: (J=compiled Java code, j=interpreted, Vv=VM code, C=native code)
V  [libjvm.so+0x7ea656]  VMError::report_and_die()+0x1a6
V  [libjvm.so+0x33eb82]  report_vm_out_of_memory(char const*, int, unsigned int, char const*)+0x72
V  [libjvm.so+0x687fb1]  os::Linux::commit_memory_impl(char*, unsigned int, bool)+0xe1
V  [libjvm.so+0x688478]  os::pd_commit_memory(char*, unsigned int, unsigned int, bool)+0x28
V  [libjvm.so+0x681b2c]  os::commit_memory(char*, unsigned int, unsigned int, bool)+0x2c
V  [libjvm.so+0x6ea8d8]  PSVirtualSpace::expand_by(unsigned int)+0x48
V  [libjvm.so+0x6dcd01]  PSOldGen::expand(unsigned int)+0x141
V  [libjvm.so+0x6dcdcf]  PSOldGen::resize(unsigned int)+0x8f
V  [libjvm.so+0x6e39d6]  PSParallelCompact::invoke_no_policy(bool)+0x8b6
V  [libjvm.so+0x6e8fed]  PSScavenge::invoke()+0x16d
V  [libjvm.so+0x6a851a]  ParallelScavengeHeap::failed_mem_allocate(unsigned int)+0x5a
V  [libjvm.so+0x7ebeea]  VM_ParallelGCFailedAllocation::doit()+0x7a
V  [libjvm.so+0x7f4d07]  VM_Operation::evaluate()+0x47
V  [libjvm.so+0x7f2da3]  VMThread::evaluate_operation(VM_Operation*)+0xb3
V  [libjvm.so+0x7f3140]  VMThread::loop()+0x1b0
V  [libjvm.so+0x7f35a5]  VMThread::run()+0x85
V  [libjvm.so+0x68a249]  java_start(Thread*)+0x119
C  [libpthread.so.0+0x6295]  start_thread+0xe5

VM_Operation (0xb685eff4): ParallelGCFailedAllocation, mode: safepoint, requested by thread 0xb6707c00


---------------  P R O C E S S  ---------------

Java Threads: ( => current thread )
  0x8e72ac00 JavaThread "Service Thread" daemon [_thread_blocked, id=5436, stack(0x8e239000,0x8e28a000)]
  0x8e729000 JavaThread "C2 CompilerThread1" daemon [_thread_blocked, id=5435, stack(0x8e28a000,0x8e30b000)]
  0x8e727000 JavaThread "C2 CompilerThread0" daemon [_thread_blocked, id=5434, stack(0x8e30b000,0x8e38c000)]
  0x8e725800 JavaThread "Signal Dispatcher" daemon [_thread_blocked, id=5433, stack(0x8e38c000,0x8e3dd000)]
  0x8e714800 JavaThread "Finalizer" daemon [_thread_blocked, id=5432, stack(0x8e5dd000,0x8e62e000)]
  0x8e713000 JavaThread "Reference Handler" daemon [_thread_blocked, id=5431, stack(0x8e62e000,0x8e67f000)]
  0xb6707c00 JavaThread "main" [_thread_blocked, id=5427, stack(0xb6810000,0xb6861000)]

Other Threads:
=>0x8e710400 VMThread [stack: 0x8e67f000,0x8e700000] [id=5430]
  0x8e72c800 WatcherThread [stack: 0x8e1b8000,0x8e239000] [id=5437]

VM state:at safepoint (normal execution)

VM Mutex/Monitor currently owned by a thread:  ([mutex/lock_event])
[0xb6704c08] ExpandHeap_lock - owner thread: 0x8e710400
[0xb6705150] Threads_lock - owner thread: 0x8e710400
[0xb6705560] Heap_lock - owner thread: 0xb6707c00

Heap
 PSYoungGen      total 92416K, used 15807K [0xa8f80000, 0xb3580000, 0xb3580000)
  eden space 56832K, 0% used [0xa8f80000,0xa8f80000,0xac700000)
  from space 35584K, 44% used [0xb12c0000,0xb222ff80,0xb3580000)
  to   space 56576K, 0% used [0xac700000,0xac700000,0xafe40000)
 ParOldGen       total 157952K, used 157775K [0x94380000, 0x9ddc0000, 0xa8f80000)
  object space 157952K, 99% used [0x94380000,0x9dd93c40,0x9ddc0000)
 PSPermGen       total 28928K, used 12907K [0x90380000, 0x91fc0000, 0x94380000)
  object space 28928K, 44% used [0x90380000,0x9101ad58,0x91fc0000)

Card table byte_map: [0x90266000,0x90380000] byte_map_base: 0x8fde4400

Polling page: 0xb77bb000

Code Cache  [0xb3669000, 0xb3901000, 0xb6669000)
 total_blobs=846 nmethods=703 adapters=96 free_code_cache=46520Kb largest_free_block=47612800

Compilation events (10 events):
Event: 36.590 Thread 0x8e729000  792             java.util.Calendar::set (72 bytes)
Event: 36.593 Thread 0x8e729000 nmethod 792 0xb382d9c8 code [0xb382dac0, 0xb382dc10]
Event: 36.599 Thread 0x8e729000  793             com.sun.tools.javac.util.Assert::check (8 bytes)
Event: 36.600 Thread 0x8e729000 nmethod 793 0xb382cd88 code [0xb382ce80, 0xb382ced0]
Event: 36.619 Thread 0x8e729000  795             com.sun.tools.javac.util.Name::append (53 bytes)
Event: 36.625 Thread 0x8e729000 nmethod 795 0xb3787d88 code [0xb3787ec0, 0xb378827c]
Event: 36.626 Thread 0x8e727000  796             com.sun.tools.javac.file.BaseFileObject::getKind (5 bytes)
Event: 36.631 Thread 0x8e729000  797             com.sun.tools.javac.util.Convert::utf2chars (135 bytes)
Event: 36.641 Thread 0x8e727000 nmethod 796 0xb3787648 code [0xb3787760, 0xb3787a30]
Event: 36.641 Thread 0x8e727000  798             com.sun.tools.javac.comp.Enter::classEnter (61 bytes)

GC Heap History (10 events):
Event: 21.978 GC heap after
Heap after GC invocations=14 (full 0):
 PSYoungGen      total 117760K, used 4860K [0xa8f80000, 0xb3580000, 0xb3580000)
  eden space 112896K, 0% used [0xa8f80000,0xa8f80000,0xafdc0000)
  from space 4864K, 99% used [0xb12c0000,0xb177f360,0xb1780000)
  to   space 21504K, 0% used [0xafdc0000,0xafdc0000,0xb12c0000)
 ParOldGen       total 55040K, used 55036K [0x94380000, 0x97940000, 0xa8f80000)
  object space 55040K, 99% used [0x94380000,0x9793f000,0x97940000)
 PSPermGen       total 16384K, used 12797K [0x90380000, 0x91380000, 0x94380000)
  object space 16384K, 78% used [0x90380000,0x90fff7e8,0x91380000)
}
Event: 21.978 GC heap before
{Heap before GC invocations=15 (full 1):
 PSYoungGen      total 117760K, used 4860K [0xa8f80000, 0xb3580000, 0xb3580000)
  eden space 112896K, 0% used [0xa8f80000,0xa8f80000,0xafdc0000)
  from space 4864K, 99% used [0xb12c0000,0xb177f360,0xb1780000)
  to   space 21504K, 0% used [0xafdc0000,0xafdc0000,0xb12c0000)
 ParOldGen       total 55040K, used 55036K [0x94380000, 0x97940000, 0xa8f80000)
  object space 55040K, 99% used [0x94380000,0x9793f000,0x97940000)
 PSPermGen       total 16384K, used 12797K [0x90380000, 0x91380000, 0x94380000)
  object space 16384K, 78% used [0x90380000,0x90fff7e8,0x91380000)
Event: 22.578 GC heap after
Heap after GC invocations=15 (full 1):
 PSYoungGen      total 117760K, used 221K [0xa8f80000, 0xb3580000, 0xb3580000)
  eden space 112896K, 0% used [0xa8f80000,0xa8f80000,0xafdc0000)
  from space 4864K, 4% used [0xb12c0000,0xb12f76c0,0xb1780000)
  to   space 21504K, 0% used [0xafdc0000,0xafdc0000,0xb12c0000)
 ParOldGen       total 86272K, used 54933K [0x94380000, 0x997c0000, 0xa8f80000)
  object space 86272K, 63% used [0x94380000,0x97925408,0x997c0000)
 PSPermGen       total 25600K, used 12789K [0x90380000, 0x91c80000, 0x94380000)
  object space 25600K, 49% used [0x90380000,0x90ffd7e0,0x91c80000)
}
Event: 29.075 GC heap before
{Heap before GC invocations=16 (full 1):
 PSYoungGen      total 117760K, used 113117K [0xa8f80000, 0xb3580000, 0xb3580000)
  eden space 112896K, 100% used [0xa8f80000,0xafdc0000,0xafdc0000)
  from space 4864K, 4% used [0xb12c0000,0xb12f76c0,0xb1780000)
  to   space 21504K, 0% used [0xafdc0000,0xafdc0000,0xb12c0000)
 ParOldGen       total 86272K, used 54933K [0x94380000, 0x997c0000, 0xa8f80000)
  object space 86272K, 63% used [0x94380000,0x97925408,0x997c0000)
 PSPermGen       total 25600K, used 12796K [0x90380000, 0x91c80000, 0x94380000)
  object space 25600K, 49% used [0x90380000,0x90fff390,0x91c80000)
Event: 29.443 GC heap after
Heap after GC invocations=16 (full 1):
 PSYoungGen      total 134400K, used 21495K [0xa8f80000, 0xb3580000, 0xb3580000)
  eden space 112896K, 0% used [0xa8f80000,0xa8f80000,0xafdc0000)
  from space 21504K, 99% used [0xafdc0000,0xb12bdd40,0xb12c0000)
  to   space 35584K, 0% used [0xb12c0000,0xb12c0000,0xb3580000)
 ParOldGen       total 102400K, used 102057K [0x94380000, 0x9a780000, 0xa8f80000)
  object space 102400K, 99% used [0x94380000,0x9a72a4a8,0x9a780000)
 PSPermGen       total 25600K, used 12796K [0x90380000, 0x91c80000, 0x94380000)
  object space 25600K, 49% used [0x90380000,0x90fff390,0x91c80000)
}
Event: 29.443 GC heap before
{Heap before GC invocations=17 (full 2):
 PSYoungGen      total 134400K, used 21495K [0xa8f80000, 0xb3580000, 0xb3580000)
  eden space 112896K, 0% used [0xa8f80000,0xa8f80000,0xafdc0000)
  from space 21504K, 99% used [0xafdc0000,0xb12bdd40,0xb12c0000)
  to   space 35584K, 0% used [0xb12c0000,0xb12c0000,0xb3580000)
 ParOldGen       total 102400K, used 102057K [0x94380000, 0x9a780000, 0xa8f80000)
  object space 102400K, 99% used [0x94380000,0x9a72a4a8,0x9a780000)
 PSPermGen       total 25600K, used 12796K [0x90380000, 0x91c80000, 0x94380000)
  object space 25600K, 49% used [0x90380000,0x90fff390,0x91c80000)
Event: 30.378 GC heap after
Heap after GC invocations=17 (full 2):
 PSYoungGen      total 134400K, used 19709K [0xa8f80000, 0xb3580000, 0xb3580000)
  eden space 112896K, 0% used [0xa8f80000,0xa8f80000,0xafdc0000)
  from space 21504K, 91% used [0xafdc0000,0xb10ff650,0xb12c0000)
  to   space 35584K, 0% used [0xb12c0000,0xb12c0000,0xb3580000)
 ParOldGen       total 157952K, used 102257K [0x94380000, 0x9ddc0000, 0xa8f80000)
  object space 157952K, 64% used [0x94380000,0x9a75c520,0x9ddc0000)
 PSPermGen       total 28928K, used 12796K [0x90380000, 0x91fc0000, 0x94380000)
  object space 28928K, 44% used [0x90380000,0x90fff340,0x91fc0000)
}
Event: 36.644 GC heap before
{Heap before GC invocations=18 (full 2):
 PSYoungGen      total 134400K, used 132605K [0xa8f80000, 0xb3580000, 0xb3580000)
  eden space 112896K, 100% used [0xa8f80000,0xafdc0000,0xafdc0000)
  from space 21504K, 91% used [0xafdc0000,0xb10ff650,0xb12c0000)
  to   space 35584K, 0% used [0xb12c0000,0xb12c0000,0xb3580000)
 ParOldGen       total 157952K, used 102257K [0x94380000, 0x9ddc0000, 0xa8f80000)
  object space 157952K, 64% used [0x94380000,0x9a75c520,0x9ddc0000)
 PSPermGen       total 28928K, used 12907K [0x90380000, 0x91fc0000, 0x94380000)
  object space 28928K, 44% used [0x90380000,0x9101ada8,0x91fc0000)
Event: 37.126 GC heap after
Heap after GC invocations=18 (full 2):
 PSYoungGen      total 92416K, used 35569K [0xa8f80000, 0xb3580000, 0xb3580000)
  eden space 56832K, 0% used [0xa8f80000,0xa8f80000,0xac700000)
  from space 35584K, 99% used [0xb12c0000,0xb357c5c8,0xb3580000)
  to   space 56576K, 0% used [0xac700000,0xac700000,0xafe40000)
 ParOldGen       total 157952K, used 138568K [0x94380000, 0x9ddc0000, 0xa8f80000)
  object space 157952K, 87% used [0x94380000,0x9cad2198,0x9ddc0000)
 PSPermGen       total 28928K, used 12907K [0x90380000, 0x91fc0000, 0x94380000)
  object space 28928K, 44% used [0x90380000,0x9101ada8,0x91fc0000)
}
Event: 37.126 GC heap before
{Heap before GC invocations=19 (full 3):
 PSYoungGen      total 92416K, used 35569K [0xa8f80000, 0xb3580000, 0xb3580000)
  eden space 56832K, 0% used [0xa8f80000,0xa8f80000,0xac700000)
  from space 35584K, 99% used [0xb12c0000,0xb357c5c8,0xb3580000)
  to   space 56576K, 0% used [0xac700000,0xac700000,0xafe40000)
 ParOldGen       total 157952K, used 138568K [0x94380000, 0x9ddc0000, 0xa8f80000)
  object space 157952K, 87% used [0x94380000,0x9cad2198,0x9ddc0000)
 PSPermGen       total 28928K, used 12907K [0x90380000, 0x91fc0000, 0x94380000)
  object space 28928K, 44% used [0x90380000,0x9101ada8,0x91fc0000)

Deoptimization events (10 events):
Event: 35.359 Thread 0xb6707c00 Uncommon trap: reason=array_check action=maybe_recompile pc=0xb38f7ca0 method=java.util.ComparableTimSort.mergeLo(IIII)V @ 583
Event: 35.359 Thread 0xb6707c00 Uncommon trap: reason=array_check action=maybe_recompile pc=0xb38f7a04 method=java.util.ComparableTimSort.mergeLo(IIII)V @ 461
Event: 35.359 Thread 0xb6707c00 Uncommon trap: reason=array_check action=maybe_recompile pc=0xb38f7ca0 method=java.util.ComparableTimSort.mergeLo(IIII)V @ 583
Event: 35.646 Thread 0xb6707c00 Uncommon trap: reason=predicate action=maybe_recompile pc=0xb380da04 method=java.util.ComparableTimSort.reverseRange([Ljava/lang/Object;II)V @ 8
Event: 35.697 Thread 0xb6707c00 Uncommon trap: reason=unstable_if action=reinterpret pc=0xb38fc1a0 method=java.util.ComparableTimSort.mergeLo(IIII)V @ 522
Event: 35.778 Thread 0xb6707c00 Uncommon trap: reason=array_check action=maybe_recompile pc=0xb38060fc method=java.util.ComparableTimSort.reverseRange([Ljava/lang/Object;II)V @ 20
Event: 35.814 Thread 0xb6707c00 Uncommon trap: reason=array_check action=maybe_recompile pc=0xb38060fc method=java.util.ComparableTimSort.reverseRange([Ljava/lang/Object;II)V @ 20
Event: 35.836 Thread 0xb6707c00 Uncommon trap: reason=array_check action=maybe_recompile pc=0xb38060fc method=java.util.ComparableTimSort.reverseRange([Ljava/lang/Object;II)V @ 20
Event: 35.848 Thread 0xb6707c00 Uncommon trap: reason=array_check action=maybe_recompile pc=0xb38060fc method=java.util.ComparableTimSort.reverseRange([Ljava/lang/Object;II)V @ 20
Event: 36.615 Thread 0xb6707c00 Uncommon trap: reason=unstable_if action=reinterpret pc=0xb381df60 method=com.sun.tools.javac.code.Scope.getIndex(Lcom/sun/tools/javac/util/Name;)I @ 60

Internal exceptions (10 events):
Event: 35.235 Thread 0xb6707c00 Threw 0xae0912e8 at /HUDSON/workspace/7u-2-build-linux-i586/jdk7u80/2329/hotspot/src/share/vm/prims/jni.cpp:717
Event: 35.699 Thread 0xb6707c00 Threw 0xae3c8d10 at /HUDSON/workspace/7u-2-build-linux-i586/jdk7u80/2329/hotspot/src/share/vm/prims/jvm.cpp:1319
Event: 35.699 Thread 0xb6707c00 Threw 0xae3c9488 at /HUDSON/workspace/7u-2-build-linux-i586/jdk7u80/2329/hotspot/src/share/vm/prims/jvm.cpp:1319
Event: 35.731 Thread 0xb6707c00 Threw 0xae3d6a90 at /HUDSON/workspace/7u-2-build-linux-i586/jdk7u80/2329/hotspot/src/share/vm/prims/jni.cpp:717
Event: 36.279 Thread 0xb6707c00 Threw 0xae4104d8 at /HUDSON/workspace/7u-2-build-linux-i586/jdk7u80/2329/hotspot/src/share/vm/prims/jvm.cpp:1319
Event: 36.279 Thread 0xb6707c00 Threw 0xae410b28 at /HUDSON/workspace/7u-2-build-linux-i586/jdk7u80/2329/hotspot/src/share/vm/prims/jvm.cpp:1319
Event: 36.300 Thread 0xb6707c00 Threw 0xae455148 at /HUDSON/workspace/7u-2-build-linux-i586/jdk7u80/2329/hotspot/src/share/vm/prims/jvm.cpp:1319
Event: 36.300 Thread 0xb6707c00 Threw 0xae455788 at /HUDSON/workspace/7u-2-build-linux-i586/jdk7u80/2329/hotspot/src/share/vm/prims/jvm.cpp:1319
Event: 36.300 Thread 0xb6707c00 Threw 0xae457888 at /HUDSON/workspace/7u-2-build-linux-i586/jdk7u80/2329/hotspot/src/share/vm/prims/jvm.cpp:1319
Event: 36.301 Thread 0xb6707c00 Threw 0xae457f78 at /HUDSON/workspace/7u-2-build-linux-i586/jdk7u80/2329/hotspot/src/share/vm/prims/jvm.cpp:1319

Events (10 events):
Event: 36.279 loading class 0x8d6a7cc0 done
Event: 36.300 loading class 0x8d6c62e0
Event: 36.300 loading class 0x8d6c62e0 done
Event: 36.300 loading class 0x8d6ce918
Event: 36.300 loading class 0x8d6ce918 done
Event: 36.415 Thread 0x8e729000 flushing nmethod 0xb3829388
Event: 36.615 Thread 0xb6707c00 Uncommon trap: trap_request=0xffffff75 fr.pc=0xb381df60
Event: 36.615 Thread 0xb6707c00 DEOPT PACKING pc=0xb381df60 sp=0xb685efc0
Event: 36.615 Thread 0xb6707c00 DEOPT UNPACKING pc=0xb3695bc8 sp=0xb685ef9c mode 2
Event: 36.643 Executing VM operation: ParallelGCFailedAllocation


Dynamic libraries:
08048000-08049000 r-xp 00000000 08:06 705763     /usr/local/java/jdk1.7.0_80/bin/java
08049000-0804a000 rw-p 00000000 08:06 705763     /usr/local/java/jdk1.7.0_80/bin/java
09a7b000-09f79000 rw-p 00000000 00:00 0          [heap]
8c900000-8ca00000 rw-p 00000000 00:00 0 
8cb00000-8cd00000 rw-p 00000000 00:00 0 
8cd00000-8cdfe000 rw-p 00000000 00:00 0 
8cdfe000-8ce00000 ---p 00000000 00:00 0 
8cf00000-8cf22000 rw-p 00000000 00:00 0 
8cf22000-8d000000 ---p 00000000 00:00 0 
8d000000-8d100000 rw-p 00000000 00:00 0 
8d100000-8d200000 rw-p 00000000 00:00 0 
8d300000-8d3fa000 rw-p 00000000 00:00 0 
8d3fa000-8d400000 ---p 00000000 00:00 0 
8d400000-8d4fa000 rw-p 00000000 00:00 0 
8d4fa000-8d500000 ---p 00000000 00:00 0 
8d500000-8d600000 rw-p 00000000 00:00 0 
8d600000-8d6fc000 rw-p 00000000 00:00 0 
8d6fc000-8d700000 ---p 00000000 00:00 0 
8d700000-8d7fc000 rw-p 00000000 00:00 0 
8d7fc000-8d800000 ---p 00000000 00:00 0 
8d895000-8d900000 r--s 00e21000 08:06 296708     /usr/local/java/jdk1.7.0_80/lib/tools.jar
8d900000-8d9ec000 rw-p 00000000 00:00 0 
8d9ec000-8da00000 ---p 00000000 00:00 0 
8da00000-8dae0000 rw-p 00000000 00:00 0 
8dae0000-8db00000 ---p 00000000 00:00 0 
8db00000-8dc00000 rw-p 00000000 00:00 0 
8dc3f000-8de00000 rw-p 00000000 00:00 0 
8de00000-8defd000 rw-p 00000000 00:00 0 
8defd000-8df00000 ---p 00000000 00:00 0 
8df00000-8dfed000 rw-p 00000000 00:00 0 
8dfed000-8e000000 ---p 00000000 00:00 0 
8e000000-8e0ff000 rw-p 00000000 00:00 0 
8e0ff000-8e100000 ---p 00000000 00:00 0 
8e14c000-8e14d000 r--s 00004000 08:07 534879     /home/akshat/.m2/repository/org/codehaus/plexus/plexus-compiler-javac/2.7/plexus-compiler-javac-2.7.jar
8e14d000-8e14f000 r--s 00000000 08:07 276263     /home/akshat/.m2/repository/org/codehaus/plexus/plexus-compiler-manager/2.7/plexus-compiler-manager-2.7.jar
8e14f000-8e151000 r--s 00005000 08:07 276261     /home/akshat/.m2/repository/org/codehaus/plexus/plexus-compiler-api/2.7/plexus-compiler-api-2.7.jar
8e151000-8e153000 r--s 00002000 08:07 534877     /home/akshat/.m2/repository/org/apache/maven/shared/maven-shared-incremental/1.1/maven-shared-incremental-1.1.jar
8e153000-8e155000 r--s 00006000 08:07 407358     /home/akshat/.m2/repository/com/google/code/findbugs/jsr305/2.0.1/jsr305-2.0.1.jar
8e155000-8e159000 r--s 0002a000 08:07 407356     /home/akshat/.m2/repository/commons-io/commons-io/2.4/commons-io-2.4.jar
8e159000-8e15c000 r--s 00023000 08:07 407354     /home/akshat/.m2/repository/org/apache/maven/shared/maven-shared-utils/3.0.0/maven-shared-utils-3.0.0.jar
8e15c000-8e15e000 r--s 00002000 08:07 276257     /home/akshat/.m2/repository/org/sonatype/plexus/plexus-cipher/1.4/plexus-cipher-1.4.jar
8e15e000-8e15f000 r--s 00006000 08:07 165725     /home/akshat/.m2/repository/org/sonatype/plexus/plexus-sec-dispatcher/1.3/plexus-sec-dispatcher-1.3.jar
8e15f000-8e161000 r--s 00000000 08:07 165723     /home/akshat/.m2/repository/org/codehaus/plexus/plexus-component-annotations/1.5.5/plexus-component-annotations-1.5.5.jar
8e161000-8e163000 r--s 0000d000 08:07 165719     /home/akshat/.m2/repository/org/codehaus/plexus/plexus-interpolation/1.14/plexus-interpolation-1.14.jar
8e163000-8e167000 r--s 00017000 08:07 276255     /home/akshat/.m2/repository/org/sonatype/aether/aether-util/1.7/aether-util-1.7.jar
8e167000-8e16b000 r--s 00033000 08:07 165711     /home/akshat/.m2/repository/org/codehaus/plexus/plexus-utils/2.0.4/plexus-utils-2.0.4.jar
8e16b000-8e176000 r--s 00069000 08:07 165707     /home/akshat/.m2/repository/org/sonatype/sisu/sisu-guice/2.1.7/sisu-guice-2.1.7-noaop.jar
8e176000-8e17b000 r--s 00021000 08:07 165705     /home/akshat/.m2/repository/org/sonatype/sisu/sisu-inject-bean/1.4.2/sisu-inject-bean-1.4.2.jar
8e17b000-8e17d000 r--s 0000b000 08:07 152863     /home/akshat/.m2/repository/org/apache/maven/plugins/maven-compiler-plugin/3.5.1/maven-compiler-plugin-3.5.1.jar
8e17d000-8e17f000 r--s 0000d000 08:07 276317     /home/akshat/.m2/repository/org/codehaus/plexus/plexus-interpolation/1.13/plexus-interpolation-1.13.jar
8e17f000-8e180000 r--s 00001000 08:07 276315     /home/akshat/.m2/repository/org/sonatype/plexus/plexus-build-api/0.0.4/plexus-build-api-0.0.4.jar
8e180000-8e182000 r--s 00009000 08:07 534905     /home/akshat/.m2/repository/org/apache/maven/shared/maven-filtering/1.1/maven-filtering-1.1.jar
8e182000-8e186000 r--s 00033000 08:07 165769     /home/akshat/.m2/repository/org/codehaus/plexus/plexus-utils/2.0.5/plexus-utils-2.0.5.jar
8e186000-8e189000 r--s 0001b000 08:07 276313     /home/akshat/.m2/repository/junit/junit/3.8.1/junit-3.8.1.jar
8e189000-8e18b000 r--s 00002000 08:07 276309     /home/akshat/.m2/repository/org/codehaus/plexus/plexus-interactivity-api/1.0-alpha-4/plexus-interactivity-api-1.0-alpha-4.jar
8e18b000-8e18d000 r--s 00006000 08:07 407424     /home/akshat/.m2/repository/commons-cli/commons-cli/1.0/commons-cli-1.0.jar
8e18d000-8e18e000 r--s 00001000 08:07 407420     /home/akshat/.m2/repository/org/apache/maven/doxia/doxia-sink-api/1.0-alpha-7/doxia-sink-api-1.0-alpha-7.jar
8e18e000-8e18f000 r--s 00002000 08:07 407418     /home/akshat/.m2/repository/org/apache/maven/reporting/maven-reporting-api/2.0.6/maven-reporting-api-2.0.6.jar
8e18f000-8e193000 r--s 0008b000 08:06 296723     /usr/local/java/jdk1.7.0_80/jre/lib/jsse.jar
8e193000-8e1a8000 r-xp 00000000 08:06 440372     /usr/local/java/jdk1.7.0_80/jre/lib/i386/libnet.so
8e1a8000-8e1a9000 rw-p 00015000 08:06 440372     /usr/local/java/jdk1.7.0_80/jre/lib/i386/libnet.so
8e1a9000-8e1b7000 r-xp 00000000 08:06 440353     /usr/local/java/jdk1.7.0_80/jre/lib/i386/libnio.so
8e1b7000-8e1b8000 rw-p 0000e000 08:06 440353     /usr/local/java/jdk1.7.0_80/jre/lib/i386/libnio.so
8e1b8000-8e1b9000 ---p 00000000 00:00 0 
8e1b9000-8e239000 rw-p 00000000 00:00 0 
8e239000-8e23c000 ---p 00000000 00:00 0 
8e23c000-8e28a000 rw-p 00000000 00:00 0 
8e28a000-8e28d000 ---p 00000000 00:00 0 
8e28d000-8e30b000 rw-p 00000000 00:00 0 
8e30b000-8e30e000 ---p 00000000 00:00 0 
8e30e000-8e38c000 rw-p 00000000 00:00 0 
8e38c000-8e38f000 ---p 00000000 00:00 0 
8e38f000-8e3dd000 rw-p 00000000 00:00 0 
8e3dd000-8e5dd000 r--p 00000000 08:06 2007       /usr/lib/locale/locale-archive
8e5dd000-8e5e0000 ---p 00000000 00:00 0 
8e5e0000-8e62e000 rw-p 00000000 00:00 0 
8e62e000-8e631000 ---p 00000000 00:00 0 
8e631000-8e67f000 rw-p 00000000 00:00 0 
8e67f000-8e680000 ---p 00000000 00:00 0 
8e680000-8e700000 rw-p 00000000 00:00 0 
8e700000-8e7f9000 rw-p 00000000 00:00 0 
8e7f9000-8e800000 ---p 00000000 00:00 0 
8e800000-8e802000 r--s 00006000 08:07 155750     /home/akshat/.m2/repository/org/apache/maven/plugins/maven-resources-plugin/2.6/maven-resources-plugin-2.6.jar
8e802000-8e803000 r--s 00002000 08:07 263313     /home/akshat/Documents/DistributedComputing/eclipse/plugins/org.eclipse.m2e.maven.runtime.slf4j.simple_1.8.0.20160921-2001/jars/slf4j-simple-1.7.5.jar
8e803000-8e808000 r--s 00041000 08:07 263330     /home/akshat/Documents/DistributedComputing/eclipse/plugins/org.eclipse.m2e.maven.runtime_1.8.0.20160921-2001/jars/commons-lang-2.6.jar
8e808000-8e833000 r--s 001fc000 08:07 263327     /home/akshat/Documents/DistributedComputing/eclipse/plugins/org.eclipse.m2e.maven.runtime_1.8.0.20160921-2001/jars/guava-18.0.jar
8e833000-8e87e000 rw-p 00000000 00:00 0 
8e87e000-8ea3e000 r--s 039fb000 08:06 297021     /usr/local/java/jdk1.7.0_80/jre/lib/rt.jar
8ea3e000-8fe00000 rw-p 00000000 00:00 0 
8fe00000-8fef7000 rw-p 00000000 00:00 0 
8fef7000-8ff00000 ---p 00000000 00:00 0 
8ff00000-8ff01000 r--s 00002000 08:07 263342     /home/akshat/Documents/DistributedComputing/eclipse/plugins/org.eclipse.m2e.maven.runtime_1.8.0.20160921-2001/jars/wagon-file-2.10.jar
8ff01000-8ff03000 r--s 00005000 08:07 263329     /home/akshat/Documents/DistributedComputing/eclipse/plugins/org.eclipse.m2e.maven.runtime_1.8.0.20160921-2001/jars/aether-transport-wagon-1.0.2.v20150114.jar
8ff03000-8ff04000 r--s 00008000 08:07 263344     /home/akshat/Documents/DistributedComputing/eclipse/plugins/org.eclipse.m2e.maven.runtime_1.8.0.20160921-2001/jars/aether-connector-basic-1.0.2.v20150114.jar
8ff04000-8ff06000 r--s 0000f000 08:07 263349     /home/akshat/Documents/DistributedComputing/eclipse/plugins/org.eclipse.m2e.maven.runtime_1.8.0.20160921-2001/jars/okio-1.6.0.jar
8ff06000-8ff0b000 r--s 00049000 08:07 263359     /home/akshat/Documents/DistributedComputing/eclipse/plugins/org.eclipse.m2e.maven.runtime_1.8.0.20160921-2001/jars/okhttp-2.5.0.jar
8ff0b000-8ff0d000 r--s 0000b000 08:07 263340     /home/akshat/Documents/DistributedComputing/eclipse/plugins/org.eclipse.m2e.maven.runtime_1.8.0.20160921-2001/jars/aether-connector-okhttp-0.16.0.jar
8ff0d000-8ff0f000 r--s 00006000 08:07 263352     /home/akshat/Documents/DistributedComputing/eclipse/plugins/org.eclipse.m2e.maven.runtime_1.8.0.20160921-2001/jars/aether-spi-1.0.2.v20150114.jar
8ff0f000-8ff13000 r--s 00027000 08:07 263356     /home/akshat/Documents/DistributedComputing/eclipse/plugins/org.eclipse.m2e.maven.runtime_1.8.0.20160921-2001/jars/aether-impl-1.0.2.v20150114.jar
8ff13000-8ff1b000 r--s 00055000 08:07 263357     /home/akshat/Documents/DistributedComputing/eclipse/plugins/org.eclipse.m2e.maven.runtime_1.8.0.20160921-2001/jars/org.eclipse.sisu.inject-0.3.2.jar
8ff1b000-8ff1e000 r--s 00008000 08:07 263328     /home/akshat/Documents/DistributedComputing/eclipse/plugins/org.eclipse.m2e.maven.runtime_1.8.0.20160921-2001/jars/cdi-api-1.0.jar
8ff1e000-8ff24000 r--s 0002d000 08:07 263339     /home/akshat/Documents/DistributedComputing/eclipse/plugins/org.eclipse.m2e.maven.runtime_1.8.0.20160921-2001/jars/org.eclipse.sisu.plexus-0.3.2.jar
8ff24000-8ff7f000 rw-p 00000000 00:00 0 
8ff7f000-8ff80000 ---p 00000000 00:00 0 
8ff80000-90000000 rw-p 00000000 00:00 0 
90000000-90021000 rw-p 00000000 00:00 0 
90021000-90100000 ---p 00000000 00:00 0 
90100000-90101000 r--s 00001000 08:07 263361     /home/akshat/Documents/DistributedComputing/eclipse/plugins/org.eclipse.m2e.maven.runtime_1.8.0.20160921-2001/jars/jsr250-api-1.0.jar
90101000-90104000 r--s 0000b000 08:07 263348     /home/akshat/Documents/DistributedComputing/eclipse/plugins/org.eclipse.m2e.maven.runtime_1.8.0.20160921-2001/jars/wagon-provider-api-2.10.jar
90104000-9010a000 r--s 00041000 08:07 263362     /home/akshat/Documents/DistributedComputing/eclipse/plugins/org.eclipse.m2e.maven.runtime_1.8.0.20160921-2001/jars/maven-compat-3.3.9.jar
9010a000-9010c000 r--s 00009000 08:07 263355     /home/akshat/Documents/DistributedComputing/eclipse/plugins/org.eclipse.m2e.maven.runtime_1.8.0.20160921-2001/jars/commons-cli-1.2.jar
9010c000-9010e000 r--s 00002000 08:07 263338     /home/akshat/Documents/DistributedComputing/eclipse/plugins/org.eclipse.m2e.maven.runtime_1.8.0.20160921-2001/jars/plexus-cipher-1.7.jar
9010e000-90111000 r--s 00013000 08:07 263334     /home/akshat/Documents/DistributedComputing/eclipse/plugins/org.eclipse.m2e.maven.runtime_1.8.0.20160921-2001/jars/maven-embedder-3.3.9.jar
90111000-90118000 r--s 00064000 08:07 263341     /home/akshat/Documents/DistributedComputing/eclipse/plugins/org.eclipse.m2e.maven.runtime_1.8.0.20160921-2001/jars/commons-lang3-3.4.jar
90118000-90119000 r--s 00006000 08:07 263346     /home/akshat/Documents/DistributedComputing/eclipse/plugins/org.eclipse.m2e.maven.runtime_1.8.0.20160921-2001/jars/plexus-sec-dispatcher-1.3.jar
90119000-9011d000 r--s 00038000 08:07 263351     /home/akshat/Documents/DistributedComputing/eclipse/plugins/org.eclipse.m2e.maven.runtime_1.8.0.20160921-2001/jars/plexus-utils-3.0.22.jar
9011d000-90120000 r--s 0000d000 08:07 263345     /home/akshat/Documents/DistributedComputing/eclipse/plugins/org.eclipse.m2e.maven.runtime_1.8.0.20160921-2001/jars/plexus-interpolation-1.21.jar
90120000-90129000 r--s 0005f000 08:07 263331     /home/akshat/Documents/DistributedComputing/eclipse/plugins/org.eclipse.m2e.maven.runtime_1.8.0.20160921-2001/jars/guice-4.0-no_aop.jar
90129000-9012d000 r--s 00020000 08:07 263337     /home/akshat/Documents/DistributedComputing/eclipse/plugins/org.eclipse.m2e.maven.runtime_1.8.0.20160921-2001/jars/aether-util-1.0.2.v20150114.jar
9012d000-90132000 r--s 0001d000 08:07 263335     /home/akshat/Documents/DistributedComputing/eclipse/plugins/org.eclipse.m2e.maven.runtime_1.8.0.20160921-2001/jars/aether-api-1.0.2.v20150114.jar
90132000-9013f000 r--s 0008f000 08:07 263365     /home/akshat/Documents/DistributedComputing/eclipse/plugins/org.eclipse.m2e.maven.runtime_1.8.0.20160921-2001/jars/maven-core-3.3.9.jar
9013f000-90140000 ---p 00000000 00:00 0 
90140000-9020e000 rw-p 00000000 00:00 0 
9020e000-90266000 rw-p 00000000 00:00 0 
90266000-90275000 rw-p 00000000 00:00 0 
90275000-90286000 rw-p 00000000 00:00 0 
90286000-902d4000 rw-p 00000000 00:00 0 
902d4000-9032c000 rw-p 00000000 00:00 0 
9032c000-9037f000 rw-p 00000000 00:00 0 
9037f000-91fc0000 rw-p 00000000 00:00 0 
91fc0000-94380000 rw-p 00000000 00:00 0 
94380000-9ddc0000 rw-p 00000000 00:00 0 
a23a4000-a25c0000 rw-p 00000000 00:00 0 
a25c0000-a8f80000 rw-p 00000000 00:00 0 
a8f80000-b3580000 rw-p 00000000 00:00 0 
b3580000-b3582000 r--s 00000000 08:07 263363     /home/akshat/Documents/DistributedComputing/eclipse/plugins/org.eclipse.m2e.maven.runtime_1.8.0.20160921-2001/jars/plexus-component-annotations-1.6.jar
b3582000-b3584000 r--s 0000f000 08:07 263350     /home/akshat/Documents/DistributedComputing/eclipse/plugins/org.eclipse.m2e.maven.runtime_1.8.0.20160921-2001/jars/maven-aether-provider-3.3.9.jar
b3584000-b3589000 r--s 00027000 08:07 263332     /home/akshat/Documents/DistributedComputing/eclipse/plugins/org.eclipse.m2e.maven.runtime_1.8.0.20160921-2001/jars/maven-model-builder-3.3.9.jar
b3589000-b3598000 rw-p 00000000 00:00 0 
b3598000-b35a9000 rw-p 00000000 00:00 0 
b35a9000-b35b4000 rw-p 00000000 00:00 0 
b35b4000-b3669000 rw-p 00000000 00:00 0 
b3669000-b3901000 rwxp 00000000 00:00 0 
b3901000-b6669000 rw-p 00000000 00:00 0 
b6669000-b6680000 r-xp 00000000 08:06 440373     /usr/local/java/jdk1.7.0_80/jre/lib/i386/libzip.so
b6680000-b6681000 rw-p 00016000 08:06 440373     /usr/local/java/jdk1.7.0_80/jre/lib/i386/libzip.so
b6681000-b668c000 r-xp 00000000 08:06 555855     /lib/i386-linux-gnu/libnss_files-2.23.so
b668c000-b668d000 r--p 0000a000 08:06 555855     /lib/i386-linux-gnu/libnss_files-2.23.so
b668d000-b668e000 rw-p 0000b000 08:06 555855     /lib/i386-linux-gnu/libnss_files-2.23.so
b668e000-b6694000 rw-p 00000000 00:00 0 
b6694000-b669f000 r-xp 00000000 08:06 555848     /lib/i386-linux-gnu/libnss_nis-2.23.so
b669f000-b66a0000 r--p 0000a000 08:06 555848     /lib/i386-linux-gnu/libnss_nis-2.23.so
b66a0000-b66a1000 rw-p 0000b000 08:06 555848     /lib/i386-linux-gnu/libnss_nis-2.23.so
b66a1000-b66b8000 r-xp 00000000 08:06 555850     /lib/i386-linux-gnu/libnsl-2.23.so
b66b8000-b66b9000 r--p 00016000 08:06 555850     /lib/i386-linux-gnu/libnsl-2.23.so
b66b9000-b66ba000 rw-p 00017000 08:06 555850     /lib/i386-linux-gnu/libnsl-2.23.so
b66ba000-b66bc000 rw-p 00000000 00:00 0 
b66bc000-b66c4000 r-xp 00000000 08:06 555856     /lib/i386-linux-gnu/libnss_compat-2.23.so
b66c4000-b66c5000 r--p 00007000 08:06 555856     /lib/i386-linux-gnu/libnss_compat-2.23.so
b66c5000-b66c6000 rw-p 00008000 08:06 555856     /lib/i386-linux-gnu/libnss_compat-2.23.so
b66c6000-b66c8000 r--s 0000a000 08:07 263353     /home/akshat/Documents/DistributedComputing/eclipse/plugins/org.eclipse.m2e.maven.runtime_1.8.0.20160921-2001/jars/maven-plugin-api-3.3.9.jar
b66c8000-b66ca000 r--s 0000c000 08:07 263354     /home/akshat/Documents/DistributedComputing/eclipse/plugins/org.eclipse.m2e.maven.runtime_1.8.0.20160921-2001/jars/maven-artifact-3.3.9.jar
b66ca000-b66cb000 r--s 00006000 08:07 263364     /home/akshat/Documents/DistributedComputing/eclipse/plugins/org.eclipse.m2e.maven.runtime_1.8.0.20160921-2001/jars/maven-repository-metadata-3.3.9.jar
b66cb000-b66cc000 r--s 00003000 08:07 263358     /home/akshat/Documents/DistributedComputing/eclipse/plugins/org.eclipse.m2e.maven.runtime_1.8.0.20160921-2001/jars/maven-builder-support-3.3.9.jar
b66cc000-b66ce000 r--s 00009000 08:07 263360     /home/akshat/Documents/DistributedComputing/eclipse/plugins/org.eclipse.m2e.maven.runtime_1.8.0.20160921-2001/jars/maven-settings-builder-3.3.9.jar
b66ce000-b66dc000 rw-p 00000000 00:00 0 
b66dc000-b66ff000 r-xp 00000000 08:06 440350     /usr/local/java/jdk1.7.0_80/jre/lib/i386/libjava.so
b66ff000-b6700000 rw-p 00023000 08:06 440350     /usr/local/java/jdk1.7.0_80/jre/lib/i386/libjava.so
b6700000-b67f3000 rw-p 00000000 00:00 0 
b67f3000-b6800000 ---p 00000000 00:00 0 
b6800000-b6801000 r--s 0000a000 08:07 263336     /home/akshat/Documents/DistributedComputing/eclipse/plugins/org.eclipse.m2e.maven.runtime_1.8.0.20160921-2001/jars/maven-settings-3.3.9.jar
b6801000-b6804000 r--s 00026000 08:07 263343     /home/akshat/Documents/DistributedComputing/eclipse/plugins/org.eclipse.m2e.maven.runtime_1.8.0.20160921-2001/jars/maven-model-3.3.9.jar
b6804000-b6806000 r--s 0000b000 08:07 263333     /home/akshat/Documents/DistributedComputing/eclipse/plugins/org.eclipse.m2e.maven.runtime_1.8.0.20160921-2001/jars/plexus-classworlds-2.5.2.jar
b6806000-b6807000 r--p 002d4000 08:06 2007       /usr/lib/locale/locale-archive
b6807000-b680e000 r-xp 00000000 08:06 555857     /lib/i386-linux-gnu/librt-2.23.so
b680e000-b680f000 r--p 00006000 08:06 555857     /lib/i386-linux-gnu/librt-2.23.so
b680f000-b6810000 rw-p 00007000 08:06 555857     /lib/i386-linux-gnu/librt-2.23.so
b6810000-b6813000 ---p 00000000 00:00 0 
b6813000-b6861000 rw-p 00000000 00:00 0 
b6861000-b68b4000 r-xp 00000000 08:06 555849     /lib/i386-linux-gnu/libm-2.23.so
b68b4000-b68b5000 r--p 00052000 08:06 555849     /lib/i386-linux-gnu/libm-2.23.so
b68b5000-b68b6000 rw-p 00053000 08:06 555849     /lib/i386-linux-gnu/libm-2.23.so
b68b6000-b713d000 r-xp 00000000 08:06 440333     /usr/local/java/jdk1.7.0_80/jre/lib/i386/server/libjvm.so
b713d000-b71a1000 rw-p 00886000 08:06 440333     /usr/local/java/jdk1.7.0_80/jre/lib/i386/server/libjvm.so
b71a1000-b75c5000 rw-p 00000000 00:00 0 
b75c5000-b7774000 r-xp 00000000 08:06 555851     /lib/i386-linux-gnu/libc-2.23.so
b7774000-b7775000 ---p 001af000 08:06 555851     /lib/i386-linux-gnu/libc-2.23.so
b7775000-b7777000 r--p 001af000 08:06 555851     /lib/i386-linux-gnu/libc-2.23.so
b7777000-b7778000 rw-p 001b1000 08:06 555851     /lib/i386-linux-gnu/libc-2.23.so
b7778000-b777b000 rw-p 00000000 00:00 0 
b777b000-b777e000 r-xp 00000000 08:06 555847     /lib/i386-linux-gnu/libdl-2.23.so
b777e000-b777f000 r--p 00002000 08:06 555847     /lib/i386-linux-gnu/libdl-2.23.so
b777f000-b7780000 rw-p 00003000 08:06 555847     /lib/i386-linux-gnu/libdl-2.23.so
b7780000-b7794000 r-xp 00000000 08:06 296707     /usr/local/java/jdk1.7.0_80/lib/i386/jli/libjli.so
b7794000-b7795000 rw-p 00013000 08:06 296707     /usr/local/java/jdk1.7.0_80/lib/i386/jli/libjli.so
b7795000-b77ae000 r-xp 00000000 08:06 555861     /lib/i386-linux-gnu/libpthread-2.23.so
b77ae000-b77af000 r--p 00018000 08:06 555861     /lib/i386-linux-gnu/libpthread-2.23.so
b77af000-b77b0000 rw-p 00019000 08:06 555861     /lib/i386-linux-gnu/libpthread-2.23.so
b77b0000-b77b2000 rw-p 00000000 00:00 0 
b77b2000-b77ba000 rw-s 00000000 08:06 788117     /tmp/hsperfdata_akshat/5421
b77ba000-b77bb000 rw-p 00000000 00:00 0 
b77bb000-b77bc000 ---p 00000000 00:00 0 
b77bc000-b77c7000 r-xp 00000000 08:06 440369     /usr/local/java/jdk1.7.0_80/jre/lib/i386/libverify.so
b77c7000-b77c8000 rw-p 0000b000 08:06 440369     /usr/local/java/jdk1.7.0_80/jre/lib/i386/libverify.so
b77c8000-b77ca000 rw-p 00000000 00:00 0 
b77ca000-b77cc000 r--p 00000000 00:00 0          [vvar]
b77cc000-b77cd000 r-xp 00000000 00:00 0          [vdso]
b77cd000-b77ef000 r-xp 00000000 08:06 555852     /lib/i386-linux-gnu/ld-2.23.so
b77ef000-b77f0000 rw-p 00000000 00:00 0 
b77f0000-b77f1000 r--p 00022000 08:06 555852     /lib/i386-linux-gnu/ld-2.23.so
b77f1000-b77f2000 rw-p 00023000 08:06 555852     /lib/i386-linux-gnu/ld-2.23.so
bff12000-bff13000 rwxp 00000000 00:00 0 
bff44000-bff66000 rw-p 00000000 00:00 0          [stack]

VM Arguments:
jvm_args: -Dmaven.home=EMBEDDED -Dclassworlds.conf=/home/akshat/workspace/.metadata/.plugins/org.eclipse.m2e.launching/launches/m2conf329233526972221339.tmp -Dmaven.multiModuleProjectDirectory=/home/akshat/workspace/HCDistributed -Dfile.encoding=UTF-8 
java_command: org.codehaus.plexus.classworlds.launcher.Launcher -B package shade:shade
Launcher Type: SUN_STANDARD

Environment Variables:
JAVA_HOME=/usr/local/java/jdk1.8.0_101
JRE_HOME=/usr/local/java/jdk1.8.0_101/jre
PATH=/home/akshat/Documents/DistributedComputing/hadoop-2.7.2/bin:/home/akshat/Downloads/mosek/7/tools/platform/linux32x86/bin:/home/akshat/Downloads/sublime_text_3/sublime_text:/home/akshat/Documents/DistributedComputing/eclipse:/home/akshat/bin:/home/akshat/.local/bin:/usr/local/sbin:/usr/local/bin:/usr/sbin:/usr/bin:/sbin:/bin:/usr/games:/usr/local/games:/snap/bin:/usr/local/java/jdk1.8.0_101/bin:/usr/local/java/jdk1.8.0_101/jre/bin
LD_LIBRARY_PATH=/usr/local/java/jdk1.7.0_80/jre/lib/i386/server:/usr/local/java/jdk1.7.0_80/jre/lib/i386:/usr/local/java/jdk1.7.0_80/jre/../lib/i386:/usr/local/java/jdk1.8.0_101/jre/lib/i386/client:/usr/local/java/jdk1.8.0_101/jre/lib/i386:
SHELL=/bin/bash
DISPLAY=:0

Signal Handlers:
SIGSEGV: [libjvm.so+0x7eb160], sa_mask[0]=0x7ffbfeff, sa_flags=0x10000004
SIGBUS: [libjvm.so+0x7eb160], sa_mask[0]=0x7ffbfeff, sa_flags=0x10000004
SIGFPE: [libjvm.so+0x684ac0], sa_mask[0]=0x7ffbfeff, sa_flags=0x10000004
SIGPIPE: [libjvm.so+0x684ac0], sa_mask[0]=0x7ffbfeff, sa_flags=0x10000004
SIGXFSZ: [libjvm.so+0x684ac0], sa_mask[0]=0x7ffbfeff, sa_flags=0x10000004
SIGILL: [libjvm.so+0x684ac0], sa_mask[0]=0x7ffbfeff, sa_flags=0x10000004
SIGUSR1: SIG_DFL, sa_mask[0]=0x00000000, sa_flags=0x00000000
SIGUSR2: [libjvm.so+0x686330], sa_mask[0]=0x00000004, sa_flags=0x10000004
SIGHUP: [libjvm.so+0x687660], sa_mask[0]=0x7ffbfeff, sa_flags=0x10000004
SIGINT: [libjvm.so+0x687660], sa_mask[0]=0x7ffbfeff, sa_flags=0x10000004
SIGTERM: [libjvm.so+0x687660], sa_mask[0]=0x7ffbfeff, sa_flags=0x10000004
SIGQUIT: [libjvm.so+0x687660], sa_mask[0]=0x7ffbfeff, sa_flags=0x10000004


---------------  S Y S T E M  ---------------

OS:stretch/sid

uname:Linux 4.4.0-75-generic #96-Ubuntu SMP Thu Apr 20 09:55:15 UTC 2017 i686
libc:glibc 2.23 NPTL 2.23 
rlimit: STACK 8192k, CORE 0k, NPROC 15619, NOFILE 65536, AS infinity
load average:1.87 1.80 1.27

/proc/meminfo:
MemTotal:        2036416 kB
MemFree:          116220 kB
MemAvailable:       6196 kB
Buffers:            2972 kB
Cached:           296308 kB
SwapCached:            0 kB
Active:          1569676 kB
Inactive:         278384 kB
Active(anon):    1551272 kB
Inactive(anon):   260528 kB
Active(file):      18404 kB
Inactive(file):    17856 kB
Unevictable:         248 kB
Mlocked:             248 kB
HighTotal:       1157832 kB
HighFree:          14852 kB
LowTotal:         878584 kB
LowFree:          101368 kB
SwapTotal:             0 kB
SwapFree:              0 kB
Dirty:                52 kB
Writeback:             0 kB
AnonPages:       1549160 kB
Mapped:            49548 kB
Shmem:            262836 kB
Slab:              35120 kB
SReclaimable:      15432 kB
SUnreclaim:        19688 kB
KernelStack:        4576 kB
PageTables:        11492 kB
NFS_Unstable:          0 kB
Bounce:                0 kB
WritebackTmp:          0 kB
CommitLimit:     1018208 kB
Committed_AS:    5136076 kB
VmallocTotal:     122880 kB
VmallocUsed:           0 kB
VmallocChunk:          0 kB
AnonHugePages:   1013760 kB
CmaTotal:              0 kB
CmaFree:               0 kB
HugePages_Total:       0
HugePages_Free:        0
HugePages_Rsvd:        0
HugePages_Surp:        0
Hugepagesize:       2048 kB
DirectMap4k:       51192 kB
DirectMap2M:      862208 kB


CPU:total 2 (2 cores per cpu, 1 threads per core) family 6 model 15 stepping 13, cmov, cx8, fxsr, mmx, sse, sse2, sse3, ssse3, tsc

/proc/cpuinfo:
processor	: 0
vendor_id	: GenuineIntel
cpu family	: 6
model		: 15
model name	: Intel(R) Core(TM)2 Duo CPU     T5870  @ 2.00GHz
stepping	: 13
microcode	: 0xa3
cpu MHz		: 2001.000
cache size	: 2048 KB
physical id	: 0
siblings	: 2
core id		: 0
cpu cores	: 2
apicid		: 0
initial apicid	: 0
fdiv_bug	: no
f00f_bug	: no
coma_bug	: no
fpu		: yes
fpu_exception	: yes
cpuid level	: 10
wp		: yes
flags		: fpu vme de pse tsc msr pae mce cx8 apic sep mtrr pge mca cmov pat pse36 clflush dts acpi mmx fxsr sse sse2 ss ht tm pbe nx lm constant_tsc arch_perfmon pebs bts aperfmperf pni dtes64 monitor ds_cpl est tm2 ssse3 cx16 xtpr pdcm lahf_lm dtherm ida
bugs		:
bogomips	: 3989.98
clflush size	: 64
cache_alignment	: 64
address sizes	: 36 bits physical, 48 bits virtual
power management:

processor	: 1
vendor_id	: GenuineIntel
cpu family	: 6
model		: 15
model name	: Intel(R) Core(TM)2 Duo CPU     T5870  @ 2.00GHz
stepping	: 13
microcode	: 0xa3
cpu MHz		: 2001.000
cache size	: 2048 KB
physical id	: 0
siblings	: 2
core id		: 1
cpu cores	: 2
apicid		: 1
initial apicid	: 1
fdiv_bug	: no
f00f_bug	: no
coma_bug	: no
fpu		: yes
fpu_exception	: yes
cpuid level	: 10
wp		: yes
flags		: fpu vme de pse tsc msr pae mce cx8 apic sep mtrr pge mca cmov pat pse36 clflush dts acpi mmx fxsr sse sse2 ss ht tm pbe nx lm constant_tsc arch_perfmon pebs bts aperfmperf pni dtes64 monitor ds_cpl est tm2 ssse3 cx16 xtpr pdcm lahf_lm dtherm ida
bugs		:
bogomips	: 3989.98
clflush size	: 64
cache_alignment	: 64
address sizes	: 36 bits physical, 48 bits virtual
power management:



Memory: 4k page, physical 2036416k(116220k free), swap 0k(0k free)

vm_info: Java HotSpot(TM) Server VM (24.80-b11) for linux-x86 JRE (1.7.0_80-b15), built on Apr 10 2015 12:29:10 by "java_re" with gcc 4.3.0 20080428 (Red Hat 4.3.0-8)

time: Thu May  4 19:59:27 2017
elapsed time: 38 seconds

