#
# There is insufficient memory for the Java Runtime Environment to continue.
# Native memory allocation (malloc) failed to allocate 31195136 bytes for committing reserved memory.
# Possible reasons:
#   The system is out of physical RAM or swap space
#   In 32 bit mode, the process size limit was hit
# Possible solutions:
#   Reduce memory load on the system
#   Increase physical memory or swap space
#   Check if swap backing store is full
#   Use 64 bit Java on a 64 bit OS
#   Decrease Java heap size (-Xmx/-Xms)
#   Decrease number of Java threads
#   Decrease Java thread stack sizes (-Xss)
#   Set larger code cache with -XX:ReservedCodeCacheSize=
# This output file may be truncated or incomplete.
#
#  Out of Memory Error (os_linux.cpp:2756), pid=5359, tid=2414562112
#
# JRE version: Java(TM) SE Runtime Environment (7.0_80-b15) (build 1.7.0_80-b15)
# Java VM: Java HotSpot(TM) Server VM (24.80-b11 mixed mode linux-x86 )
# Failed to write core dump. Core dumps have been disabled. To enable core dumping, try "ulimit -c unlimited" before starting Java again
#

---------------  T H R E A D  ---------------

Current thread (0x8e610400):  VMThread [stack: 0x8fe34000,0x8feb5000] [id=5370]

Stack: [0x8fe34000,0x8feb5000],  sp=0x8feb3830,  free space=510k
Native frames: (J=compiled Java code, j=interpreted, Vv=VM code, C=native code)
V  [libjvm.so+0x7ea656]  VMError::report_and_die()+0x1a6
V  [libjvm.so+0x33eb82]  report_vm_out_of_memory(char const*, int, unsigned int, char const*)+0x72
V  [libjvm.so+0x687fb1]  os::Linux::commit_memory_impl(char*, unsigned int, bool)+0xe1
V  [libjvm.so+0x688478]  os::pd_commit_memory(char*, unsigned int, unsigned int, bool)+0x28
V  [libjvm.so+0x681b2c]  os::commit_memory(char*, unsigned int, unsigned int, bool)+0x2c
V  [libjvm.so+0x6ea8d8]  PSVirtualSpace::expand_by(unsigned int)+0x48
V  [libjvm.so+0x6eb9da]  PSYoungGen::resize_generation(unsigned int, unsigned int)+0xda
V  [libjvm.so+0x6ead19]  PSYoungGen::resize(unsigned int, unsigned int)+0x19
V  [libjvm.so+0x6e8649]  PSScavenge::invoke_no_policy()+0xcf9
V  [libjvm.so+0x6e8ea8]  PSScavenge::invoke()+0x28
V  [libjvm.so+0x6a851a]  ParallelScavengeHeap::failed_mem_allocate(unsigned int)+0x5a
V  [libjvm.so+0x7ebeea]  VM_ParallelGCFailedAllocation::doit()+0x7a
V  [libjvm.so+0x7f4d07]  VM_Operation::evaluate()+0x47
V  [libjvm.so+0x7f2da3]  VMThread::evaluate_operation(VM_Operation*)+0xb3
V  [libjvm.so+0x7f3140]  VMThread::loop()+0x1b0
V  [libjvm.so+0x7f35a5]  VMThread::run()+0x85
V  [libjvm.so+0x68a249]  java_start(Thread*)+0x119
C  [libpthread.so.0+0x6295]  start_thread+0xe5

VM_Operation (0xb682cc34): ParallelGCFailedAllocation, mode: safepoint, requested by thread 0xb6607c00


---------------  P R O C E S S  ---------------

Java Threads: ( => current thread )
  0x8e62ac00 JavaThread "Service Thread" daemon [_thread_blocked, id=5376, stack(0x8e20b000,0x8e25c000)]
  0x8e629000 JavaThread "C2 CompilerThread1" daemon [_thread_blocked, id=5375, stack(0x8e25c000,0x8e2dd000)]
  0x8e627000 JavaThread "C2 CompilerThread0" daemon [_thread_blocked, id=5374, stack(0x8e2dd000,0x8e35e000)]
  0x8e625800 JavaThread "Signal Dispatcher" daemon [_thread_blocked, id=5373, stack(0x8e35e000,0x8e3af000)]
  0x8e614800 JavaThread "Finalizer" daemon [_thread_blocked, id=5372, stack(0x8e5af000,0x8e600000)]
  0x8e613000 JavaThread "Reference Handler" daemon [_thread_blocked, id=5371, stack(0x8e72d000,0x8e77e000)]
  0xb6607c00 JavaThread "main" [_thread_blocked, id=5367, stack(0xb67de000,0xb682f000)]

Other Threads:
=>0x8e610400 VMThread [stack: 0x8fe34000,0x8feb5000] [id=5370]
  0x8e62c800 WatcherThread [stack: 0x8e18a000,0x8e20b000] [id=5377]

VM state:at safepoint (normal execution)

VM Mutex/Monitor currently owned by a thread:  ([mutex/lock_event])
[0xb6605150] Threads_lock - owner thread: 0x8e610400
[0xb6605560] Heap_lock - owner thread: 0xb6607c00

Heap
 PSYoungGen      total 55296K, used 1659K [0xa8f40000, 0xaca00000, 0xb3540000)
  eden space 50432K, 0% used [0xa8f40000,0xa8f40000,0xac080000)
  from space 4864K, 34% used [0xac080000,0xac21ede8,0xac540000)
  to   space 4864K, 0% used [0xac540000,0xac540000,0xaca00000)
 ParOldGen       total 21248K, used 10105K [0x94340000, 0x95800000, 0xa8f40000)
  object space 21248K, 47% used [0x94340000,0x94d1e768,0x95800000)
 PSPermGen       total 16384K, used 10274K [0x90340000, 0x91340000, 0x94340000)
  object space 16384K, 62% used [0x90340000,0x90d48840,0x91340000)

Card table byte_map: [0x90226000,0x90340000] byte_map_base: 0x8fda4600

Polling page: 0xb7789000

Code Cache  [0xb3600000, 0xb3840000, 0xb6600000)
 total_blobs=559 nmethods=418 adapters=95 free_code_cache=47932Kb largest_free_block=49037632

Compilation events (10 events):
Event: 21.925 Thread 0x8e627000  463             java.lang.Boolean::booleanValue (5 bytes)
Event: 21.925 Thread 0x8e627000 nmethod 463 0xb3721408 code [0xb37214e0, 0xb3721530]
Event: 21.925 Thread 0x8e629000  464             org.eclipse.aether.graph.DefaultDependencyNode::getDependency (5 bytes)
Event: 21.925 Thread 0x8e629000 nmethod 464 0xb3715348 code [0xb3715420, 0xb3715470]
Event: 21.969 Thread 0x8e629000  465             java.io.File::getName (42 bytes)
Event: 21.987 Thread 0x8e627000  466             java.net.URL::getRef (5 bytes)
Event: 21.987 Thread 0x8e627000 nmethod 466 0xb37151c8 code [0xb37152a0, 0xb37152f0]
Event: 21.993 Thread 0x8e629000 nmethod 465 0xb36e64c8 code [0xb36e65e0, 0xb36e69f0]
Event: 22.034 Thread 0x8e627000  467             com.google.inject.internal.MoreTypes::getRawType (186 bytes)
Event: 22.038 Thread 0x8e627000 nmethod 467 0xb372ea88 code [0xb372ebc0, 0xb372ee04]

GC Heap History (10 events):
Event: 10.123 GC heap after
Heap after GC invocations=6 (full 0):
 PSYoungGen      total 18688K, used 2548K [0xa8f40000, 0xaa4c0000, 0xb3540000)
  eden space 16128K, 0% used [0xa8f40000,0xa8f40000,0xa9f00000)
  from space 2560K, 99% used [0xaa1c0000,0xaa43d070,0xaa440000)
  to   space 2816K, 0% used [0xa9f00000,0xa9f00000,0xaa1c0000)
 ParOldGen       total 21248K, used 3429K [0x94340000, 0x95800000, 0xa8f40000)
  object space 21248K, 16% used [0x94340000,0x94699780,0x95800000)
 PSPermGen       total 16384K, used 6797K [0x90340000, 0x91340000, 0x94340000)
  object space 16384K, 41% used [0x90340000,0x909e35f8,0x91340000)
}
Event: 10.956 GC heap before
{Heap before GC invocations=7 (full 0):
 PSYoungGen      total 18688K, used 18676K [0xa8f40000, 0xaa4c0000, 0xb3540000)
  eden space 16128K, 100% used [0xa8f40000,0xa9f00000,0xa9f00000)
  from space 2560K, 99% used [0xaa1c0000,0xaa43d070,0xaa440000)
  to   space 2816K, 0% used [0xa9f00000,0xa9f00000,0xaa1c0000)
 ParOldGen       total 21248K, used 3429K [0x94340000, 0x95800000, 0xa8f40000)
  object space 21248K, 16% used [0x94340000,0x94699780,0x95800000)
 PSPermGen       total 16384K, used 8103K [0x90340000, 0x91340000, 0x94340000)
  object space 16384K, 49% used [0x90340000,0x90b29ea0,0x91340000)
Event: 10.969 GC heap after
Heap after GC invocations=7 (full 0):
 PSYoungGen      total 18944K, used 2804K [0xa8f40000, 0xab640000, 0xb3540000)
  eden space 16128K, 0% used [0xa8f40000,0xa8f40000,0xa9f00000)
  from space 2816K, 99% used [0xa9f00000,0xaa1bd210,0xaa1c0000)
  to   space 3840K, 0% used [0xab280000,0xab280000,0xab640000)
 ParOldGen       total 21248K, used 4859K [0x94340000, 0x95800000, 0xa8f40000)
  object space 21248K, 22% used [0x94340000,0x947feda8,0x95800000)
 PSPermGen       total 16384K, used 8103K [0x90340000, 0x91340000, 0x94340000)
  object space 16384K, 49% used [0x90340000,0x90b29ea0,0x91340000)
}
Event: 13.421 GC heap before
{Heap before GC invocations=8 (full 0):
 PSYoungGen      total 18944K, used 18932K [0xa8f40000, 0xab640000, 0xb3540000)
  eden space 16128K, 100% used [0xa8f40000,0xa9f00000,0xa9f00000)
  from space 2816K, 99% used [0xa9f00000,0xaa1bd210,0xaa1c0000)
  to   space 3840K, 0% used [0xab280000,0xab280000,0xab640000)
 ParOldGen       total 21248K, used 4859K [0x94340000, 0x95800000, 0xa8f40000)
  object space 21248K, 22% used [0x94340000,0x947feda8,0x95800000)
 PSPermGen       total 16384K, used 9584K [0x90340000, 0x91340000, 0x94340000)
  object space 16384K, 58% used [0x90340000,0x90c9c1f8,0x91340000)
Event: 13.475 GC heap after
Heap after GC invocations=8 (full 0):
 PSYoungGen      total 35328K, used 3825K [0xa8f40000, 0xab7c0000, 0xb3540000)
  eden space 31488K, 0% used [0xa8f40000,0xa8f40000,0xaae00000)
  from space 3840K, 99% used [0xab280000,0xab63c5f8,0xab640000)
  to   space 4608K, 0% used [0xaae00000,0xaae00000,0xab280000)
 ParOldGen       total 21248K, used 5310K [0x94340000, 0x95800000, 0xa8f40000)
  object space 21248K, 24% used [0x94340000,0x9486fad0,0x95800000)
 PSPermGen       total 16384K, used 9584K [0x90340000, 0x91340000, 0x94340000)
  object space 16384K, 58% used [0x90340000,0x90c9c1f8,0x91340000)
}
Event: 16.375 GC heap before
{Heap before GC invocations=9 (full 0):
 PSYoungGen      total 35328K, used 35313K [0xa8f40000, 0xab7c0000, 0xb3540000)
  eden space 31488K, 100% used [0xa8f40000,0xaae00000,0xaae00000)
  from space 3840K, 99% used [0xab280000,0xab63c5f8,0xab640000)
  to   space 4608K, 0% used [0xaae00000,0xaae00000,0xab280000)
 ParOldGen       total 21248K, used 5310K [0x94340000, 0x95800000, 0xa8f40000)
  object space 21248K, 24% used [0x94340000,0x9486fad0,0x95800000)
 PSPermGen       total 16384K, used 9739K [0x90340000, 0x91340000, 0x94340000)
  object space 16384K, 59% used [0x90340000,0x90cc2c98,0x91340000)
Event: 16.394 GC heap after
Heap after GC invocations=9 (full 0):
 PSYoungGen      total 36096K, used 3906K [0xa8f40000, 0xaca00000, 0xb3540000)
  eden space 31488K, 0% used [0xa8f40000,0xa8f40000,0xaae00000)
  from space 4608K, 84% used [0xaae00000,0xab1d0b60,0xab280000)
  to   space 4864K, 0% used [0xac540000,0xac540000,0xaca00000)
 ParOldGen       total 21248K, used 5786K [0x94340000, 0x95800000, 0xa8f40000)
  object space 21248K, 27% used [0x94340000,0x948e6ad0,0x95800000)
 PSPermGen       total 16384K, used 9739K [0x90340000, 0x91340000, 0x94340000)
  object space 16384K, 59% used [0x90340000,0x90cc2c98,0x91340000)
}
Event: 18.395 GC heap before
{Heap before GC invocations=10 (full 0):
 PSYoungGen      total 36096K, used 35394K [0xa8f40000, 0xaca00000, 0xb3540000)
  eden space 31488K, 100% used [0xa8f40000,0xaae00000,0xaae00000)
  from space 4608K, 84% used [0xaae00000,0xab1d0b60,0xab280000)
  to   space 4864K, 0% used [0xac540000,0xac540000,0xaca00000)
 ParOldGen       total 21248K, used 5786K [0x94340000, 0x95800000, 0xa8f40000)
  object space 21248K, 27% used [0x94340000,0x948e6ad0,0x95800000)
 PSPermGen       total 16384K, used 10169K [0x90340000, 0x91340000, 0x94340000)
  object space 16384K, 62% used [0x90340000,0x90d2e7b0,0x91340000)
Event: 18.417 GC heap after
Heap after GC invocations=10 (full 0):
 PSYoungGen      total 55296K, used 3104K [0xa8f40000, 0xaca00000, 0xb3540000)
  eden space 50432K, 0% used [0xa8f40000,0xa8f40000,0xac080000)
  from space 4864K, 63% used [0xac540000,0xac848110,0xaca00000)
  to   space 4864K, 0% used [0xac080000,0xac080000,0xac540000)
 ParOldGen       total 21248K, used 7907K [0x94340000, 0x95800000, 0xa8f40000)
  object space 21248K, 37% used [0x94340000,0x94af8f58,0x95800000)
 PSPermGen       total 16384K, used 10169K [0x90340000, 0x91340000, 0x94340000)
  object space 16384K, 62% used [0x90340000,0x90d2e7b0,0x91340000)
}
Event: 22.039 GC heap before
{Heap before GC invocations=11 (full 0):
 PSYoungGen      total 55296K, used 53536K [0xa8f40000, 0xaca00000, 0xb3540000)
  eden space 50432K, 100% used [0xa8f40000,0xac080000,0xac080000)
  from space 4864K, 63% used [0xac540000,0xac848110,0xaca00000)
  to   space 4864K, 0% used [0xac080000,0xac080000,0xac540000)
 ParOldGen       total 21248K, used 7907K [0x94340000, 0x95800000, 0xa8f40000)
  object space 21248K, 37% used [0x94340000,0x94af8f58,0x95800000)
 PSPermGen       total 16384K, used 10274K [0x90340000, 0x91340000, 0x94340000)
  object space 16384K, 62% used [0x90340000,0x90d48840,0x91340000)

Deoptimization events (10 events):
Event: 17.624 Thread 0xb6607c00 Uncommon trap: reason=bimorphic action=maybe_recompile pc=0xb36a68f0 method=java.util.regex.Pattern$BmpCharProperty.match(Ljava/util/regex/Matcher;ILjava/lang/CharSequence;)Z @ 16
Event: 17.625 Thread 0xb6607c00 Uncommon trap: reason=bimorphic action=maybe_recompile pc=0xb36a68f0 method=java.util.regex.Pattern$BmpCharProperty.match(Ljava/util/regex/Matcher;ILjava/lang/CharSequence;)Z @ 16
Event: 17.625 Thread 0xb6607c00 Uncommon trap: reason=bimorphic action=maybe_recompile pc=0xb36802b0 method=java.util.regex.Pattern$CharProperty.match(Ljava/util/regex/Matcher;ILjava/lang/CharSequence;)Z @ 37
Event: 17.988 Thread 0xb6607c00 Uncommon trap: reason=class_check action=maybe_recompile pc=0xb3675cac method=java.util.Arrays.copyOf([Ljava/lang/Object;ILjava/lang/Class;)[Ljava/lang/Object; @ 25
Event: 18.790 Thread 0xb6607c00 Uncommon trap: reason=class_check action=maybe_recompile pc=0xb3675cac method=java.util.Arrays.copyOf([Ljava/lang/Object;ILjava/lang/Class;)[Ljava/lang/Object; @ 25
Event: 21.017 Thread 0xb6607c00 Uncommon trap: reason=null_check action=make_not_entrant pc=0xb371d1b4 method=sun.nio.cs.StreamDecoder.inReady()Z @ 21
Event: 21.658 Thread 0xb6607c00 Uncommon trap: reason=unstable_if action=reinterpret pc=0xb3724b24 method=org.apache.maven.model.ConfigurationContainer.isInherited()Z @ 4
Event: 21.659 Thread 0xb6607c00 Uncommon trap: reason=unstable_if action=reinterpret pc=0xb3716f40 method=org.apache.maven.model.ConfigurationContainer.isInherited()Z @ 4
Event: 21.987 Thread 0xb6607c00 Uncommon trap: reason=unstable_if action=reinterpret pc=0xb3669000 method=org.eclipse.sisu.plexus.RealmFilteredBeans$FilteredItr.hasNext()Z @ 44
Event: 22.026 Thread 0xb6607c00 Uncommon trap: reason=null_check action=make_not_entrant pc=0xb370c36c method=java.util.jar.Attributes.putValue(Ljava/lang/String;Ljava/lang/String;)Ljava/lang/String; @ 13

Internal exceptions (10 events):
Event: 22.027 Thread 0xb6607c00 Threw 0xac015300 at /HUDSON/workspace/7u-2-build-linux-i586/jdk7u80/2329/hotspot/src/share/vm/prims/jvm.cpp:1319
Event: 22.027 Thread 0xb6607c00 Threw 0xac015b08 at /HUDSON/workspace/7u-2-build-linux-i586/jdk7u80/2329/hotspot/src/share/vm/prims/jvm.cpp:1319
Event: 22.030 Thread 0xb6607c00 Threw 0xac038478 at /HUDSON/workspace/7u-2-build-linux-i586/jdk7u80/2329/hotspot/src/share/vm/prims/jvm.cpp:1319
Event: 22.030 Thread 0xb6607c00 Threw 0xac038af8 at /HUDSON/workspace/7u-2-build-linux-i586/jdk7u80/2329/hotspot/src/share/vm/prims/jvm.cpp:1319
Event: 22.030 Thread 0xb6607c00 Threw 0xac040d98 at /HUDSON/workspace/7u-2-build-linux-i586/jdk7u80/2329/hotspot/src/share/vm/prims/jvm.cpp:1319
Event: 22.031 Thread 0xb6607c00 Threw 0xac041558 at /HUDSON/workspace/7u-2-build-linux-i586/jdk7u80/2329/hotspot/src/share/vm/prims/jvm.cpp:1319
Event: 22.032 Thread 0xb6607c00 Threw 0xac04ce18 at /HUDSON/workspace/7u-2-build-linux-i586/jdk7u80/2329/hotspot/src/share/vm/prims/jvm.cpp:1319
Event: 22.032 Thread 0xb6607c00 Threw 0xac04d4e8 at /HUDSON/workspace/7u-2-build-linux-i586/jdk7u80/2329/hotspot/src/share/vm/prims/jvm.cpp:1319
Event: 22.032 Thread 0xb6607c00 Threw 0xac056118 at /HUDSON/workspace/7u-2-build-linux-i586/jdk7u80/2329/hotspot/src/share/vm/prims/jvm.cpp:1319
Event: 22.032 Thread 0xb6607c00 Threw 0xac056908 at /HUDSON/workspace/7u-2-build-linux-i586/jdk7u80/2329/hotspot/src/share/vm/prims/jvm.cpp:1319

Events (10 events):
Event: 22.031 loading class 0x8da112b0 done
Event: 22.032 loading class 0x8da112b0
Event: 22.032 loading class 0x8da112b0 done
Event: 22.032 loading class 0x8d5746a8
Event: 22.032 loading class 0x8d5746a8 done
Event: 22.032 loading class 0x8d5746a8
Event: 22.032 loading class 0x8d5746a8 done
Event: 22.032 loading class 0x8d5746a8
Event: 22.032 loading class 0x8d5746a8 done
Event: 22.038 Executing VM operation: ParallelGCFailedAllocation


Dynamic libraries:
08048000-08049000 r-xp 00000000 08:06 705763     /usr/local/java/jdk1.7.0_80/bin/java
08049000-0804a000 rw-p 00000000 08:06 705763     /usr/local/java/jdk1.7.0_80/bin/java
09882000-09ce2000 rw-p 00000000 00:00 0          [heap]
8d500000-8d593000 rw-p 00000000 00:00 0 
8d593000-8d600000 ---p 00000000 00:00 0 
8d700000-8d7f7000 rw-p 00000000 00:00 0 
8d7f7000-8d800000 ---p 00000000 00:00 0 
8d800000-8d8f9000 rw-p 00000000 00:00 0 
8d8f9000-8d900000 ---p 00000000 00:00 0 
8d900000-8dafb000 rw-p 00000000 00:00 0 
8dafb000-8db00000 ---p 00000000 00:00 0 
8db00000-8dbf1000 rw-p 00000000 00:00 0 
8dbf1000-8dc00000 ---p 00000000 00:00 0 
8dc3f000-8de00000 rw-p 00000000 00:00 0 
8de00000-8defe000 rw-p 00000000 00:00 0 
8defe000-8df00000 ---p 00000000 00:00 0 
8df00000-8dff9000 rw-p 00000000 00:00 0 
8dff9000-8e000000 ---p 00000000 00:00 0 
8e000000-8e100000 rw-p 00000000 00:00 0 
8e149000-8e14b000 r--s 0000b000 08:07 152863     /home/akshat/.m2/repository/org/apache/maven/plugins/maven-compiler-plugin/3.5.1/maven-compiler-plugin-3.5.1.jar
8e14b000-8e14d000 r--s 0000d000 08:07 276317     /home/akshat/.m2/repository/org/codehaus/plexus/plexus-interpolation/1.13/plexus-interpolation-1.13.jar
8e14d000-8e14e000 r--s 00001000 08:07 276315     /home/akshat/.m2/repository/org/sonatype/plexus/plexus-build-api/0.0.4/plexus-build-api-0.0.4.jar
8e14e000-8e150000 r--s 00009000 08:07 534905     /home/akshat/.m2/repository/org/apache/maven/shared/maven-filtering/1.1/maven-filtering-1.1.jar
8e150000-8e154000 r--s 00033000 08:07 165769     /home/akshat/.m2/repository/org/codehaus/plexus/plexus-utils/2.0.5/plexus-utils-2.0.5.jar
8e154000-8e157000 r--s 0001b000 08:07 276313     /home/akshat/.m2/repository/junit/junit/3.8.1/junit-3.8.1.jar
8e157000-8e159000 r--s 00002000 08:07 276309     /home/akshat/.m2/repository/org/codehaus/plexus/plexus-interactivity-api/1.0-alpha-4/plexus-interactivity-api-1.0-alpha-4.jar
8e159000-8e15b000 r--s 00006000 08:07 407424     /home/akshat/.m2/repository/commons-cli/commons-cli/1.0/commons-cli-1.0.jar
8e15b000-8e15c000 r--s 00001000 08:07 407420     /home/akshat/.m2/repository/org/apache/maven/doxia/doxia-sink-api/1.0-alpha-7/doxia-sink-api-1.0-alpha-7.jar
8e15c000-8e160000 r--s 0008b000 08:06 296723     /usr/local/java/jdk1.7.0_80/jre/lib/jsse.jar
8e160000-8e175000 r-xp 00000000 08:06 440372     /usr/local/java/jdk1.7.0_80/jre/lib/i386/libnet.so
8e175000-8e176000 rw-p 00015000 08:06 440372     /usr/local/java/jdk1.7.0_80/jre/lib/i386/libnet.so
8e176000-8e184000 r-xp 00000000 08:06 440353     /usr/local/java/jdk1.7.0_80/jre/lib/i386/libnio.so
8e184000-8e185000 rw-p 0000e000 08:06 440353     /usr/local/java/jdk1.7.0_80/jre/lib/i386/libnio.so
8e185000-8e18a000 r--s 00041000 08:07 263330     /home/akshat/Documents/DistributedComputing/eclipse/plugins/org.eclipse.m2e.maven.runtime_1.8.0.20160921-2001/jars/commons-lang-2.6.jar
8e18a000-8e18b000 ---p 00000000 00:00 0 
8e18b000-8e20b000 rw-p 00000000 00:00 0 
8e20b000-8e20e000 ---p 00000000 00:00 0 
8e20e000-8e25c000 rw-p 00000000 00:00 0 
8e25c000-8e25f000 ---p 00000000 00:00 0 
8e25f000-8e2dd000 rw-p 00000000 00:00 0 
8e2dd000-8e2e0000 ---p 00000000 00:00 0 
8e2e0000-8e35e000 rw-p 00000000 00:00 0 
8e35e000-8e361000 ---p 00000000 00:00 0 
8e361000-8e3af000 rw-p 00000000 00:00 0 
8e3af000-8e5af000 r--p 00000000 08:06 2007       /usr/lib/locale/locale-archive
8e5af000-8e5b2000 ---p 00000000 00:00 0 
8e5b2000-8e600000 rw-p 00000000 00:00 0 
8e600000-8e6fe000 rw-p 00000000 00:00 0 
8e6fe000-8e700000 ---p 00000000 00:00 0 
8e700000-8e702000 r--s 00006000 08:07 155750     /home/akshat/.m2/repository/org/apache/maven/plugins/maven-resources-plugin/2.6/maven-resources-plugin-2.6.jar
8e702000-8e72d000 r--s 001fc000 08:07 263327     /home/akshat/Documents/DistributedComputing/eclipse/plugins/org.eclipse.m2e.maven.runtime_1.8.0.20160921-2001/jars/guava-18.0.jar
8e72d000-8e730000 ---p 00000000 00:00 0 
8e730000-8e77e000 rw-p 00000000 00:00 0 
8e77e000-8e93e000 r--s 039fb000 08:06 297021     /usr/local/java/jdk1.7.0_80/jre/lib/rt.jar
8e93e000-8fd00000 rw-p 00000000 00:00 0 
8fd00000-8fdff000 rw-p 00000000 00:00 0 
8fdff000-8fe00000 ---p 00000000 00:00 0 
8fe00000-8fe01000 r--s 00002000 08:07 407418     /home/akshat/.m2/repository/org/apache/maven/reporting/maven-reporting-api/2.0.6/maven-reporting-api-2.0.6.jar
8fe01000-8fe02000 r--s 00002000 08:07 263313     /home/akshat/Documents/DistributedComputing/eclipse/plugins/org.eclipse.m2e.maven.runtime.slf4j.simple_1.8.0.20160921-2001/jars/slf4j-simple-1.7.5.jar
8fe02000-8fe03000 r--s 00002000 08:07 263342     /home/akshat/Documents/DistributedComputing/eclipse/plugins/org.eclipse.m2e.maven.runtime_1.8.0.20160921-2001/jars/wagon-file-2.10.jar
8fe03000-8fe05000 r--s 00005000 08:07 263329     /home/akshat/Documents/DistributedComputing/eclipse/plugins/org.eclipse.m2e.maven.runtime_1.8.0.20160921-2001/jars/aether-transport-wagon-1.0.2.v20150114.jar
8fe05000-8fe06000 r--s 00008000 08:07 263344     /home/akshat/Documents/DistributedComputing/eclipse/plugins/org.eclipse.m2e.maven.runtime_1.8.0.20160921-2001/jars/aether-connector-basic-1.0.2.v20150114.jar
8fe06000-8fe08000 r--s 0000f000 08:07 263349     /home/akshat/Documents/DistributedComputing/eclipse/plugins/org.eclipse.m2e.maven.runtime_1.8.0.20160921-2001/jars/okio-1.6.0.jar
8fe08000-8fe0d000 r--s 00049000 08:07 263359     /home/akshat/Documents/DistributedComputing/eclipse/plugins/org.eclipse.m2e.maven.runtime_1.8.0.20160921-2001/jars/okhttp-2.5.0.jar
8fe0d000-8fe0f000 r--s 0000b000 08:07 263340     /home/akshat/Documents/DistributedComputing/eclipse/plugins/org.eclipse.m2e.maven.runtime_1.8.0.20160921-2001/jars/aether-connector-okhttp-0.16.0.jar
8fe0f000-8fe11000 r--s 00006000 08:07 263352     /home/akshat/Documents/DistributedComputing/eclipse/plugins/org.eclipse.m2e.maven.runtime_1.8.0.20160921-2001/jars/aether-spi-1.0.2.v20150114.jar
8fe11000-8fe15000 r--s 00027000 08:07 263356     /home/akshat/Documents/DistributedComputing/eclipse/plugins/org.eclipse.m2e.maven.runtime_1.8.0.20160921-2001/jars/aether-impl-1.0.2.v20150114.jar
8fe15000-8fe1d000 r--s 00055000 08:07 263357     /home/akshat/Documents/DistributedComputing/eclipse/plugins/org.eclipse.m2e.maven.runtime_1.8.0.20160921-2001/jars/org.eclipse.sisu.inject-0.3.2.jar
8fe1d000-8fe1e000 r--s 00001000 08:07 263361     /home/akshat/Documents/DistributedComputing/eclipse/plugins/org.eclipse.m2e.maven.runtime_1.8.0.20160921-2001/jars/jsr250-api-1.0.jar
8fe1e000-8fe21000 r--s 00008000 08:07 263328     /home/akshat/Documents/DistributedComputing/eclipse/plugins/org.eclipse.m2e.maven.runtime_1.8.0.20160921-2001/jars/cdi-api-1.0.jar
8fe21000-8fe27000 r--s 0002d000 08:07 263339     /home/akshat/Documents/DistributedComputing/eclipse/plugins/org.eclipse.m2e.maven.runtime_1.8.0.20160921-2001/jars/org.eclipse.sisu.plexus-0.3.2.jar
8fe27000-8fe2a000 r--s 0000b000 08:07 263348     /home/akshat/Documents/DistributedComputing/eclipse/plugins/org.eclipse.m2e.maven.runtime_1.8.0.20160921-2001/jars/wagon-provider-api-2.10.jar
8fe2a000-8fe30000 r--s 00041000 08:07 263362     /home/akshat/Documents/DistributedComputing/eclipse/plugins/org.eclipse.m2e.maven.runtime_1.8.0.20160921-2001/jars/maven-compat-3.3.9.jar
8fe30000-8fe32000 r--s 00009000 08:07 263355     /home/akshat/Documents/DistributedComputing/eclipse/plugins/org.eclipse.m2e.maven.runtime_1.8.0.20160921-2001/jars/commons-cli-1.2.jar
8fe32000-8fe34000 r--s 00002000 08:07 263338     /home/akshat/Documents/DistributedComputing/eclipse/plugins/org.eclipse.m2e.maven.runtime_1.8.0.20160921-2001/jars/plexus-cipher-1.7.jar
8fe34000-8fe35000 ---p 00000000 00:00 0 
8fe35000-8ff00000 rw-p 00000000 00:00 0 
8ff00000-8ff21000 rw-p 00000000 00:00 0 
8ff21000-90000000 ---p 00000000 00:00 0 
90000000-90003000 r--s 00013000 08:07 263334     /home/akshat/Documents/DistributedComputing/eclipse/plugins/org.eclipse.m2e.maven.runtime_1.8.0.20160921-2001/jars/maven-embedder-3.3.9.jar
90003000-9000a000 r--s 00064000 08:07 263341     /home/akshat/Documents/DistributedComputing/eclipse/plugins/org.eclipse.m2e.maven.runtime_1.8.0.20160921-2001/jars/commons-lang3-3.4.jar
9000a000-9000b000 r--s 00006000 08:07 263346     /home/akshat/Documents/DistributedComputing/eclipse/plugins/org.eclipse.m2e.maven.runtime_1.8.0.20160921-2001/jars/plexus-sec-dispatcher-1.3.jar
9000b000-9000d000 r--s 00000000 08:07 263363     /home/akshat/Documents/DistributedComputing/eclipse/plugins/org.eclipse.m2e.maven.runtime_1.8.0.20160921-2001/jars/plexus-component-annotations-1.6.jar
9000d000-90011000 r--s 00038000 08:07 263351     /home/akshat/Documents/DistributedComputing/eclipse/plugins/org.eclipse.m2e.maven.runtime_1.8.0.20160921-2001/jars/plexus-utils-3.0.22.jar
90011000-9001a000 r--s 0005f000 08:07 263331     /home/akshat/Documents/DistributedComputing/eclipse/plugins/org.eclipse.m2e.maven.runtime_1.8.0.20160921-2001/jars/guice-4.0-no_aop.jar
9001a000-9001e000 r--s 00020000 08:07 263337     /home/akshat/Documents/DistributedComputing/eclipse/plugins/org.eclipse.m2e.maven.runtime_1.8.0.20160921-2001/jars/aether-util-1.0.2.v20150114.jar
9001e000-90023000 r--s 0001d000 08:07 263335     /home/akshat/Documents/DistributedComputing/eclipse/plugins/org.eclipse.m2e.maven.runtime_1.8.0.20160921-2001/jars/aether-api-1.0.2.v20150114.jar
90023000-9007e000 rw-p 00000000 00:00 0 
9007e000-9007f000 ---p 00000000 00:00 0 
9007f000-900ff000 rw-p 00000000 00:00 0 
900ff000-90100000 ---p 00000000 00:00 0 
90100000-9018b000 rw-p 00000000 00:00 0 
9018b000-90226000 rw-p 00000000 00:00 0 
90226000-9022e000 rw-p 00000000 00:00 0 
9022e000-90246000 rw-p 00000000 00:00 0 
90246000-90251000 rw-p 00000000 00:00 0 
90251000-902ec000 rw-p 00000000 00:00 0 
902ec000-9030a000 rw-p 00000000 00:00 0 
9030a000-9033f000 rw-p 00000000 00:00 0 
9033f000-91340000 rw-p 00000000 00:00 0 
91340000-94340000 rw-p 00000000 00:00 0 
94340000-95800000 rw-p 00000000 00:00 0 
95800000-a8f40000 rw-p 00000000 00:00 0 
a8f40000-aca00000 rw-p 00000000 00:00 0 
ae64d000-ae7c0000 rw-p 00000000 00:00 0 
ae7c0000-b3540000 rw-p 00000000 00:00 0 
b3540000-b3549000 rw-p 00000000 00:00 0 
b3549000-b3600000 rw-p 00000000 00:00 0 
b3600000-b3840000 rwxp 00000000 00:00 0 
b3840000-b66f3000 rw-p 00000000 00:00 0 
b66f3000-b6700000 ---p 00000000 00:00 0 
b6700000-b6703000 r--s 0000d000 08:07 263345     /home/akshat/Documents/DistributedComputing/eclipse/plugins/org.eclipse.m2e.maven.runtime_1.8.0.20160921-2001/jars/plexus-interpolation-1.21.jar
b6703000-b6705000 r--s 0000f000 08:07 263350     /home/akshat/Documents/DistributedComputing/eclipse/plugins/org.eclipse.m2e.maven.runtime_1.8.0.20160921-2001/jars/maven-aether-provider-3.3.9.jar
b6705000-b670a000 r--s 00027000 08:07 263332     /home/akshat/Documents/DistributedComputing/eclipse/plugins/org.eclipse.m2e.maven.runtime_1.8.0.20160921-2001/jars/maven-model-builder-3.3.9.jar
b670a000-b670c000 r--s 0000a000 08:07 263353     /home/akshat/Documents/DistributedComputing/eclipse/plugins/org.eclipse.m2e.maven.runtime_1.8.0.20160921-2001/jars/maven-plugin-api-3.3.9.jar
b670c000-b670e000 r--s 0000c000 08:07 263354     /home/akshat/Documents/DistributedComputing/eclipse/plugins/org.eclipse.m2e.maven.runtime_1.8.0.20160921-2001/jars/maven-artifact-3.3.9.jar
b670e000-b670f000 r--s 00006000 08:07 263364     /home/akshat/Documents/DistributedComputing/eclipse/plugins/org.eclipse.m2e.maven.runtime_1.8.0.20160921-2001/jars/maven-repository-metadata-3.3.9.jar
b670f000-b6711000 r--s 00009000 08:07 263360     /home/akshat/Documents/DistributedComputing/eclipse/plugins/org.eclipse.m2e.maven.runtime_1.8.0.20160921-2001/jars/maven-settings-builder-3.3.9.jar
b6711000-b671e000 r--s 0008f000 08:07 263365     /home/akshat/Documents/DistributedComputing/eclipse/plugins/org.eclipse.m2e.maven.runtime_1.8.0.20160921-2001/jars/maven-core-3.3.9.jar
b671e000-b6726000 rw-p 00000000 00:00 0 
b6726000-b673e000 rw-p 00000000 00:00 0 
b673e000-b6755000 r-xp 00000000 08:06 440373     /usr/local/java/jdk1.7.0_80/jre/lib/i386/libzip.so
b6755000-b6756000 rw-p 00016000 08:06 440373     /usr/local/java/jdk1.7.0_80/jre/lib/i386/libzip.so
b6756000-b6761000 r-xp 00000000 08:06 555855     /lib/i386-linux-gnu/libnss_files-2.23.so
b6761000-b6762000 r--p 0000a000 08:06 555855     /lib/i386-linux-gnu/libnss_files-2.23.so
b6762000-b6763000 rw-p 0000b000 08:06 555855     /lib/i386-linux-gnu/libnss_files-2.23.so
b6763000-b6769000 rw-p 00000000 00:00 0 
b6769000-b6774000 r-xp 00000000 08:06 555848     /lib/i386-linux-gnu/libnss_nis-2.23.so
b6774000-b6775000 r--p 0000a000 08:06 555848     /lib/i386-linux-gnu/libnss_nis-2.23.so
b6775000-b6776000 rw-p 0000b000 08:06 555848     /lib/i386-linux-gnu/libnss_nis-2.23.so
b6776000-b678d000 r-xp 00000000 08:06 555850     /lib/i386-linux-gnu/libnsl-2.23.so
b678d000-b678e000 r--p 00016000 08:06 555850     /lib/i386-linux-gnu/libnsl-2.23.so
b678e000-b678f000 rw-p 00017000 08:06 555850     /lib/i386-linux-gnu/libnsl-2.23.so
b678f000-b6791000 rw-p 00000000 00:00 0 
b6791000-b6799000 r-xp 00000000 08:06 555856     /lib/i386-linux-gnu/libnss_compat-2.23.so
b6799000-b679a000 r--p 00007000 08:06 555856     /lib/i386-linux-gnu/libnss_compat-2.23.so
b679a000-b679b000 rw-p 00008000 08:06 555856     /lib/i386-linux-gnu/libnss_compat-2.23.so
b679b000-b679c000 r--s 00003000 08:07 263358     /home/akshat/Documents/DistributedComputing/eclipse/plugins/org.eclipse.m2e.maven.runtime_1.8.0.20160921-2001/jars/maven-builder-support-3.3.9.jar
b679c000-b679d000 r--s 0000a000 08:07 263336     /home/akshat/Documents/DistributedComputing/eclipse/plugins/org.eclipse.m2e.maven.runtime_1.8.0.20160921-2001/jars/maven-settings-3.3.9.jar
b679d000-b67a0000 r--s 00026000 08:07 263343     /home/akshat/Documents/DistributedComputing/eclipse/plugins/org.eclipse.m2e.maven.runtime_1.8.0.20160921-2001/jars/maven-model-3.3.9.jar
b67a0000-b67a2000 r--s 0000b000 08:07 263333     /home/akshat/Documents/DistributedComputing/eclipse/plugins/org.eclipse.m2e.maven.runtime_1.8.0.20160921-2001/jars/plexus-classworlds-2.5.2.jar
b67a2000-b67a3000 r--p 002d4000 08:06 2007       /usr/lib/locale/locale-archive
b67a3000-b67b1000 rw-p 00000000 00:00 0 
b67b1000-b67d4000 r-xp 00000000 08:06 440350     /usr/local/java/jdk1.7.0_80/jre/lib/i386/libjava.so
b67d4000-b67d5000 rw-p 00023000 08:06 440350     /usr/local/java/jdk1.7.0_80/jre/lib/i386/libjava.so
b67d5000-b67dc000 r-xp 00000000 08:06 555857     /lib/i386-linux-gnu/librt-2.23.so
b67dc000-b67dd000 r--p 00006000 08:06 555857     /lib/i386-linux-gnu/librt-2.23.so
b67dd000-b67de000 rw-p 00007000 08:06 555857     /lib/i386-linux-gnu/librt-2.23.so
b67de000-b67e1000 ---p 00000000 00:00 0 
b67e1000-b682f000 rw-p 00000000 00:00 0 
b682f000-b6882000 r-xp 00000000 08:06 555849     /lib/i386-linux-gnu/libm-2.23.so
b6882000-b6883000 r--p 00052000 08:06 555849     /lib/i386-linux-gnu/libm-2.23.so
b6883000-b6884000 rw-p 00053000 08:06 555849     /lib/i386-linux-gnu/libm-2.23.so
b6884000-b710b000 r-xp 00000000 08:06 440333     /usr/local/java/jdk1.7.0_80/jre/lib/i386/server/libjvm.so
b710b000-b716f000 rw-p 00886000 08:06 440333     /usr/local/java/jdk1.7.0_80/jre/lib/i386/server/libjvm.so
b716f000-b7593000 rw-p 00000000 00:00 0 
b7593000-b7742000 r-xp 00000000 08:06 555851     /lib/i386-linux-gnu/libc-2.23.so
b7742000-b7743000 ---p 001af000 08:06 555851     /lib/i386-linux-gnu/libc-2.23.so
b7743000-b7745000 r--p 001af000 08:06 555851     /lib/i386-linux-gnu/libc-2.23.so
b7745000-b7746000 rw-p 001b1000 08:06 555851     /lib/i386-linux-gnu/libc-2.23.so
b7746000-b7749000 rw-p 00000000 00:00 0 
b7749000-b774c000 r-xp 00000000 08:06 555847     /lib/i386-linux-gnu/libdl-2.23.so
b774c000-b774d000 r--p 00002000 08:06 555847     /lib/i386-linux-gnu/libdl-2.23.so
b774d000-b774e000 rw-p 00003000 08:06 555847     /lib/i386-linux-gnu/libdl-2.23.so
b774e000-b7762000 r-xp 00000000 08:06 296707     /usr/local/java/jdk1.7.0_80/lib/i386/jli/libjli.so
b7762000-b7763000 rw-p 00013000 08:06 296707     /usr/local/java/jdk1.7.0_80/lib/i386/jli/libjli.so
b7763000-b777c000 r-xp 00000000 08:06 555861     /lib/i386-linux-gnu/libpthread-2.23.so
b777c000-b777d000 r--p 00018000 08:06 555861     /lib/i386-linux-gnu/libpthread-2.23.so
b777d000-b777e000 rw-p 00019000 08:06 555861     /lib/i386-linux-gnu/libpthread-2.23.so
b777e000-b7780000 rw-p 00000000 00:00 0 
b7780000-b7788000 rw-s 00000000 08:06 788123     /tmp/hsperfdata_akshat/5359
b7788000-b7789000 rw-p 00000000 00:00 0 
b7789000-b778a000 ---p 00000000 00:00 0 
b778a000-b7795000 r-xp 00000000 08:06 440369     /usr/local/java/jdk1.7.0_80/jre/lib/i386/libverify.so
b7795000-b7796000 rw-p 0000b000 08:06 440369     /usr/local/java/jdk1.7.0_80/jre/lib/i386/libverify.so
b7796000-b7798000 rw-p 00000000 00:00 0 
b7798000-b779a000 r--p 00000000 00:00 0          [vvar]
b779a000-b779b000 r-xp 00000000 00:00 0          [vdso]
b779b000-b77bd000 r-xp 00000000 08:06 555852     /lib/i386-linux-gnu/ld-2.23.so
b77bd000-b77be000 rw-p 00000000 00:00 0 
b77be000-b77bf000 r--p 00022000 08:06 555852     /lib/i386-linux-gnu/ld-2.23.so
b77bf000-b77c0000 rw-p 00023000 08:06 555852     /lib/i386-linux-gnu/ld-2.23.so
bfaab000-bfaac000 rwxp 00000000 00:00 0 
bfadd000-bfaff000 rw-p 00000000 00:00 0          [stack]

VM Arguments:
jvm_args: -Dmaven.home=EMBEDDED -Dclassworlds.conf=/home/akshat/workspace/.metadata/.plugins/org.eclipse.m2e.launching/launches/m2conf3324027851405084154.tmp -Dmaven.multiModuleProjectDirectory=/home/akshat/workspace/HCDistributed -Dfile.encoding=UTF-8 
java_command: org.codehaus.plexus.classworlds.launcher.Launcher -B package shade:shade
Launcher Type: SUN_STANDARD

Environment Variables:
JAVA_HOME=/usr/local/java/jdk1.8.0_101
JRE_HOME=/usr/local/java/jdk1.8.0_101/jre
PATH=/home/akshat/Documents/DistributedComputing/hadoop-2.7.2/bin:/home/akshat/Downloads/mosek/7/tools/platform/linux32x86/bin:/home/akshat/Downloads/sublime_text_3/sublime_text:/home/akshat/Documents/DistributedComputing/eclipse:/home/akshat/bin:/home/akshat/.local/bin:/usr/local/sbin:/usr/local/bin:/usr/sbin:/usr/bin:/sbin:/bin:/usr/games:/usr/local/games:/snap/bin:/usr/local/java/jdk1.8.0_101/bin:/usr/local/java/jdk1.8.0_101/jre/bin
LD_LIBRARY_PATH=/usr/local/java/jdk1.7.0_80/jre/lib/i386/server:/usr/local/java/jdk1.7.0_80/jre/lib/i386:/usr/local/java/jdk1.7.0_80/jre/../lib/i386:/usr/local/java/jdk1.8.0_101/jre/lib/i386/client:/usr/local/java/jdk1.8.0_101/jre/lib/i386:
SHELL=/bin/bash
DISPLAY=:0

Signal Handlers:
SIGSEGV: [libjvm.so+0x7eb160], sa_mask[0]=0x7ffbfeff, sa_flags=0x10000004
SIGBUS: [libjvm.so+0x7eb160], sa_mask[0]=0x7ffbfeff, sa_flags=0x10000004
SIGFPE: [libjvm.so+0x684ac0], sa_mask[0]=0x7ffbfeff, sa_flags=0x10000004
SIGPIPE: [libjvm.so+0x684ac0], sa_mask[0]=0x7ffbfeff, sa_flags=0x10000004
SIGXFSZ: [libjvm.so+0x684ac0], sa_mask[0]=0x7ffbfeff, sa_flags=0x10000004
SIGILL: [libjvm.so+0x684ac0], sa_mask[0]=0x7ffbfeff, sa_flags=0x10000004
SIGUSR1: SIG_DFL, sa_mask[0]=0x00000000, sa_flags=0x00000000
SIGUSR2: [libjvm.so+0x686330], sa_mask[0]=0x00000004, sa_flags=0x10000004
SIGHUP: [libjvm.so+0x687660], sa_mask[0]=0x7ffbfeff, sa_flags=0x10000004
SIGINT: [libjvm.so+0x687660], sa_mask[0]=0x7ffbfeff, sa_flags=0x10000004
SIGTERM: [libjvm.so+0x687660], sa_mask[0]=0x7ffbfeff, sa_flags=0x10000004
SIGQUIT: [libjvm.so+0x687660], sa_mask[0]=0x7ffbfeff, sa_flags=0x10000004


---------------  S Y S T E M  ---------------

OS:stretch/sid

uname:Linux 4.4.0-75-generic #96-Ubuntu SMP Thu Apr 20 09:55:15 UTC 2017 i686
libc:glibc 2.23 NPTL 2.23 
rlimit: STACK 8192k, CORE 0k, NPROC 15619, NOFILE 65536, AS infinity
load average:1.97 1.65 1.12

/proc/meminfo:
MemTotal:        2036416 kB
MemFree:          112128 kB
MemAvailable:       5736 kB
Buffers:            6252 kB
Cached:           333992 kB
SwapCached:            0 kB
Active:          1532016 kB
Inactive:         317176 kB
Active(anon):    1512764 kB
Inactive(anon):   293196 kB
Active(file):      19252 kB
Inactive(file):    23980 kB
Unevictable:         248 kB
Mlocked:             248 kB
HighTotal:       1157832 kB
HighFree:          14848 kB
LowTotal:         878584 kB
LowFree:           97280 kB
SwapTotal:             0 kB
SwapFree:              0 kB
Dirty:                96 kB
Writeback:             0 kB
AnonPages:       1509268 kB
Mapped:            61816 kB
Shmem:            296940 kB
Slab:              35572 kB
SReclaimable:      15728 kB
SUnreclaim:        19844 kB
KernelStack:        4936 kB
PageTables:        12156 kB
NFS_Unstable:          0 kB
Bounce:                0 kB
WritebackTmp:          0 kB
CommitLimit:     1018208 kB
Committed_AS:    5594308 kB
VmallocTotal:     122880 kB
VmallocUsed:           0 kB
VmallocChunk:          0 kB
AnonHugePages:    837632 kB
CmaTotal:              0 kB
CmaFree:               0 kB
HugePages_Total:       0
HugePages_Free:        0
HugePages_Rsvd:        0
HugePages_Surp:        0
Hugepagesize:       2048 kB
DirectMap4k:       51192 kB
DirectMap2M:      862208 kB


CPU:total 2 (2 cores per cpu, 1 threads per core) family 6 model 15 stepping 13, cmov, cx8, fxsr, mmx, sse, sse2, sse3, ssse3, tsc

/proc/cpuinfo:
processor	: 0
vendor_id	: GenuineIntel
cpu family	: 6
model		: 15
model name	: Intel(R) Core(TM)2 Duo CPU     T5870  @ 2.00GHz
stepping	: 13
microcode	: 0xa3
cpu MHz		: 2001.000
cache size	: 2048 KB
physical id	: 0
siblings	: 2
core id		: 0
cpu cores	: 2
apicid		: 0
initial apicid	: 0
fdiv_bug	: no
f00f_bug	: no
coma_bug	: no
fpu		: yes
fpu_exception	: yes
cpuid level	: 10
wp		: yes
flags		: fpu vme de pse tsc msr pae mce cx8 apic sep mtrr pge mca cmov pat pse36 clflush dts acpi mmx fxsr sse sse2 ss ht tm pbe nx lm constant_tsc arch_perfmon pebs bts aperfmperf pni dtes64 monitor ds_cpl est tm2 ssse3 cx16 xtpr pdcm lahf_lm dtherm ida
bugs		:
bogomips	: 3989.98
clflush size	: 64
cache_alignment	: 64
address sizes	: 36 bits physical, 48 bits virtual
power management:

processor	: 1
vendor_id	: GenuineIntel
cpu family	: 6
model		: 15
model name	: Intel(R) Core(TM)2 Duo CPU     T5870  @ 2.00GHz
stepping	: 13
microcode	: 0xa3
cpu MHz		: 2001.000
cache size	: 2048 KB
physical id	: 0
siblings	: 2
core id		: 1
cpu cores	: 2
apicid		: 1
initial apicid	: 1
fdiv_bug	: no
f00f_bug	: no
coma_bug	: no
fpu		: yes
fpu_exception	: yes
cpuid level	: 10
wp		: yes
flags		: fpu vme de pse tsc msr pae mce cx8 apic sep mtrr pge mca cmov pat pse36 clflush dts acpi mmx fxsr sse sse2 ss ht tm pbe nx lm constant_tsc arch_perfmon pebs bts aperfmperf pni dtes64 monitor ds_cpl est tm2 ssse3 cx16 xtpr pdcm lahf_lm dtherm ida
bugs		:
bogomips	: 3989.98
clflush size	: 64
cache_alignment	: 64
address sizes	: 36 bits physical, 48 bits virtual
power management:



Memory: 4k page, physical 2036416k(112128k free), swap 0k(0k free)

vm_info: Java HotSpot(TM) Server VM (24.80-b11) for linux-x86 JRE (1.7.0_80-b15), built on Apr 10 2015 12:29:10 by "java_re" with gcc 4.3.0 20080428 (Red Hat 4.3.0-8)

time: Thu May  4 19:56:30 2017
elapsed time: 23 seconds

