#
# There is insufficient memory for the Java Runtime Environment to continue.
# Native memory allocation (malloc) failed to allocate 72876032 bytes for committing reserved memory.
# Possible reasons:
#   The system is out of physical RAM or swap space
#   In 32 bit mode, the process size limit was hit
# Possible solutions:
#   Reduce memory load on the system
#   Increase physical memory or swap space
#   Check if swap backing store is full
#   Use 64 bit Java on a 64 bit OS
#   Decrease Java heap size (-Xmx/-Xms)
#   Decrease number of Java threads
#   Decrease Java thread stack sizes (-Xss)
#   Set larger code cache with -XX:ReservedCodeCacheSize=
# This output file may be truncated or incomplete.
#
#  Out of Memory Error (os_linux.cpp:2756), pid=4315, tid=2388654912
#
# JRE version: Java(TM) SE Runtime Environment (7.0_80-b15) (build 1.7.0_80-b15)
# Java VM: Java HotSpot(TM) Server VM (24.80-b11 mixed mode linux-x86 )
# Failed to write core dump. Core dumps have been disabled. To enable core dumping, try "ulimit -c unlimited" before starting Java again
#

---------------  T H R E A D  ---------------

Current thread (0x8e610400):  VMThread [stack: 0x8e57f000,0x8e600000] [id=4324]

Stack: [0x8e57f000,0x8e600000],  sp=0x8e5fea70,  free space=510k
Native frames: (J=compiled Java code, j=interpreted, Vv=VM code, C=native code)
V  [libjvm.so+0x7ea656]  VMError::report_and_die()+0x1a6
V  [libjvm.so+0x33eb82]  report_vm_out_of_memory(char const*, int, unsigned int, char const*)+0x72
V  [libjvm.so+0x687fb1]  os::Linux::commit_memory_impl(char*, unsigned int, bool)+0xe1
V  [libjvm.so+0x688478]  os::pd_commit_memory(char*, unsigned int, unsigned int, bool)+0x28
V  [libjvm.so+0x681b2c]  os::commit_memory(char*, unsigned int, unsigned int, bool)+0x2c
V  [libjvm.so+0x6ea8d8]  PSVirtualSpace::expand_by(unsigned int)+0x48
V  [libjvm.so+0x6dcd01]  PSOldGen::expand(unsigned int)+0x141
V  [libjvm.so+0x6dcdcf]  PSOldGen::resize(unsigned int)+0x8f
V  [libjvm.so+0x6e39d6]  PSParallelCompact::invoke_no_policy(bool)+0x8b6
V  [libjvm.so+0x6e8fed]  PSScavenge::invoke()+0x16d
V  [libjvm.so+0x6a851a]  ParallelScavengeHeap::failed_mem_allocate(unsigned int)+0x5a
V  [libjvm.so+0x7ebeea]  VM_ParallelGCFailedAllocation::doit()+0x7a
V  [libjvm.so+0x7f4d07]  VM_Operation::evaluate()+0x47
V  [libjvm.so+0x7f2da3]  VMThread::evaluate_operation(VM_Operation*)+0xb3
V  [libjvm.so+0x7f3140]  VMThread::loop()+0x1b0
V  [libjvm.so+0x7f35a5]  VMThread::run()+0x85
V  [libjvm.so+0x68a249]  java_start(Thread*)+0x119
C  [libpthread.so.0+0x6295]  start_thread+0xe5

VM_Operation (0x8e2da234): ParallelGCFailedAllocation, mode: safepoint, requested by thread 0x8e627000


---------------  P R O C E S S  ---------------

Java Threads: ( => current thread )
  0x8e62ac00 JavaThread "Service Thread" daemon [_thread_blocked, id=4330, stack(0x8e18a000,0x8e1db000)]
  0x8e629000 JavaThread "C2 CompilerThread1" daemon [_thread_blocked, id=4329, stack(0x8e1db000,0x8e25c000)]
  0x8e627000 JavaThread "C2 CompilerThread0" daemon [_thread_blocked, id=4328, stack(0x8e25c000,0x8e2dd000)]
  0x8e625800 JavaThread "Signal Dispatcher" daemon [_thread_blocked, id=4327, stack(0x8e2dd000,0x8e32e000)]
  0x8e614800 JavaThread "Finalizer" daemon [_thread_blocked, id=4326, stack(0x8e52e000,0x8e57f000)]
  0x8e613000 JavaThread "Reference Handler" daemon [_thread_blocked, id=4325, stack(0x8e72d000,0x8e77e000)]
  0xb6607c00 JavaThread "main" [_thread_blocked, id=4321, stack(0xb673e000,0xb678f000)]

Other Threads:
=>0x8e610400 VMThread [stack: 0x8e57f000,0x8e600000] [id=4324]
  0x8e62c800 WatcherThread [stack: 0x8e109000,0x8e18a000] [id=4331]

VM state:at safepoint (normal execution)

VM Mutex/Monitor currently owned by a thread:  ([mutex/lock_event])
[0xb6604c08] ExpandHeap_lock - owner thread: 0x8e610400
[0xb6605150] Threads_lock - owner thread: 0x8e610400
[0xb6605560] Heap_lock - owner thread: 0x8e627000

Heap
 PSYoungGen      total 92416K, used 17310K [0xa8ec0000, 0xb34c0000, 0xb34c0000)
  eden space 56832K, 0% used [0xa8ec0000,0xa8ec0000,0xac640000)
  from space 35584K, 48% used [0xb1200000,0xb22e7808,0xb34c0000)
  to   space 56576K, 0% used [0xac640000,0xac640000,0xafd80000)
 ParOldGen       total 156160K, used 156035K [0x942c0000, 0x9db40000, 0xa8ec0000)
  object space 156160K, 99% used [0x942c0000,0x9db20cd8,0x9db40000)
 PSPermGen       total 28928K, used 12907K [0x902c0000, 0x91f00000, 0x942c0000)
  object space 28928K, 44% used [0x902c0000,0x90f5ae58,0x91f00000)

Card table byte_map: [0x901a6000,0x902c0000] byte_map_base: 0x8fd24a00

Polling page: 0xb76e9000

Code Cache  [0xb3597000, 0xb37ff000, 0xb6597000)
 total_blobs=854 nmethods=712 adapters=96 free_code_cache=46835Kb largest_free_block=47812736

Compilation events (10 events):
Event: 33.774 Thread 0x8e629000 nmethod 807 0xb375b9c8 code [0xb375bac0, 0xb375bc10]
Event: 33.776 Thread 0x8e627000 nmethod 806 0xb375e108 code [0xb375e220, 0xb375e4d0]
Event: 33.779 Thread 0x8e629000  808             com.sun.tools.javac.util.Assert::check (8 bytes)
Event: 33.780 Thread 0x8e629000 nmethod 808 0xb375b808 code [0xb375b900, 0xb375b950]
Event: 33.786 Thread 0x8e629000  809             com.sun.tools.javac.util.Name::append (53 bytes)
Event: 33.792 Thread 0x8e629000 nmethod 809 0xb375d848 code [0xb375d980, 0xb375dd3c]
Event: 33.795 Thread 0x8e627000  810             com.sun.tools.javac.util.Convert::utf2chars (135 bytes)
Event: 33.801 Thread 0x8e627000 nmethod 810 0xb375d388 code [0xb375d480, 0xb375d770]
Event: 33.801 Thread 0x8e627000  811             com.sun.tools.javac.comp.Enter::classEnter (61 bytes)
Event: 33.802 Thread 0x8e629000  812   !         com.sun.tools.javac.comp.Enter::classEnter (64 bytes)

GC Heap History (10 events):
Event: 20.540 GC heap after
Heap after GC invocations=14 (full 0):
 PSYoungGen      total 118272K, used 4853K [0xa8ec0000, 0xb34c0000, 0xb34c0000)
  eden space 113408K, 0% used [0xa8ec0000,0xa8ec0000,0xafd80000)
  from space 4864K, 99% used [0xb1200000,0xb16bd7b8,0xb16c0000)
  to   space 20992K, 0% used [0xafd80000,0xafd80000,0xb1200000)
 ParOldGen       total 53760K, used 53553K [0x942c0000, 0x97740000, 0xa8ec0000)
  object space 53760K, 99% used [0x942c0000,0x9770c468,0x97740000)
 PSPermGen       total 16384K, used 12797K [0x902c0000, 0x912c0000, 0x942c0000)
  object space 16384K, 78% used [0x902c0000,0x90f3f7f8,0x912c0000)
}
Event: 20.540 GC heap before
{Heap before GC invocations=15 (full 1):
 PSYoungGen      total 118272K, used 4853K [0xa8ec0000, 0xb34c0000, 0xb34c0000)
  eden space 113408K, 0% used [0xa8ec0000,0xa8ec0000,0xafd80000)
  from space 4864K, 99% used [0xb1200000,0xb16bd7b8,0xb16c0000)
  to   space 20992K, 0% used [0xafd80000,0xafd80000,0xb1200000)
 ParOldGen       total 53760K, used 53553K [0x942c0000, 0x97740000, 0xa8ec0000)
  object space 53760K, 99% used [0x942c0000,0x9770c468,0x97740000)
 PSPermGen       total 16384K, used 12797K [0x902c0000, 0x912c0000, 0x942c0000)
  object space 16384K, 78% used [0x902c0000,0x90f3f7f8,0x912c0000)
Event: 21.156 GC heap after
Heap after GC invocations=15 (full 1):
 PSYoungGen      total 118272K, used 0K [0xa8ec0000, 0xb34c0000, 0xb34c0000)
  eden space 113408K, 0% used [0xa8ec0000,0xa8ec0000,0xafd80000)
  from space 4864K, 0% used [0xb1200000,0xb1200000,0xb16c0000)
  to   space 20992K, 0% used [0xafd80000,0xafd80000,0xb1200000)
 ParOldGen       total 84224K, used 53730K [0x942c0000, 0x99500000, 0xa8ec0000)
  object space 84224K, 63% used [0x942c0000,0x97738830,0x99500000)
 PSPermGen       total 25600K, used 12789K [0x902c0000, 0x91bc0000, 0x942c0000)
  object space 25600K, 49% used [0x902c0000,0x90f3d7b0,0x91bc0000)
}
Event: 26.873 GC heap before
{Heap before GC invocations=16 (full 1):
 PSYoungGen      total 118272K, used 113408K [0xa8ec0000, 0xb34c0000, 0xb34c0000)
  eden space 113408K, 100% used [0xa8ec0000,0xafd80000,0xafd80000)
  from space 4864K, 0% used [0xb1200000,0xb1200000,0xb16c0000)
  to   space 20992K, 0% used [0xafd80000,0xafd80000,0xb1200000)
 ParOldGen       total 84224K, used 53730K [0x942c0000, 0x99500000, 0xa8ec0000)
  object space 84224K, 63% used [0x942c0000,0x97738830,0x99500000)
 PSPermGen       total 25600K, used 12797K [0x902c0000, 0x91bc0000, 0x942c0000)
  object space 25600K, 49% used [0x902c0000,0x90f3f7c8,0x91bc0000)
Event: 27.241 GC heap after
Heap after GC invocations=16 (full 1):
 PSYoungGen      total 134400K, used 20977K [0xa8ec0000, 0xb34c0000, 0xb34c0000)
  eden space 113408K, 0% used [0xa8ec0000,0xa8ec0000,0xafd80000)
  from space 20992K, 99% used [0xafd80000,0xb11fc7b8,0xb1200000)
  to   space 35584K, 0% used [0xb1200000,0xb1200000,0xb34c0000)
 ParOldGen       total 101632K, used 101495K [0x942c0000, 0x9a600000, 0xa8ec0000)
  object space 101632K, 99% used [0x942c0000,0x9a5dded0,0x9a600000)
 PSPermGen       total 25600K, used 12797K [0x902c0000, 0x91bc0000, 0x942c0000)
  object space 25600K, 49% used [0x902c0000,0x90f3f7c8,0x91bc0000)
}
Event: 27.241 GC heap before
{Heap before GC invocations=17 (full 2):
 PSYoungGen      total 134400K, used 20977K [0xa8ec0000, 0xb34c0000, 0xb34c0000)
  eden space 113408K, 0% used [0xa8ec0000,0xa8ec0000,0xafd80000)
  from space 20992K, 99% used [0xafd80000,0xb11fc7b8,0xb1200000)
  to   space 35584K, 0% used [0xb1200000,0xb1200000,0xb34c0000)
 ParOldGen       total 101632K, used 101495K [0x942c0000, 0x9a600000, 0xa8ec0000)
  object space 101632K, 99% used [0x942c0000,0x9a5dded0,0x9a600000)
 PSPermGen       total 25600K, used 12797K [0x902c0000, 0x91bc0000, 0x942c0000)
  object space 25600K, 49% used [0x902c0000,0x90f3f7c8,0x91bc0000)
Event: 28.131 GC heap after
Heap after GC invocations=17 (full 2):
 PSYoungGen      total 134400K, used 19174K [0xa8ec0000, 0xb34c0000, 0xb34c0000)
  eden space 113408K, 0% used [0xa8ec0000,0xa8ec0000,0xafd80000)
  from space 20992K, 91% used [0xafd80000,0xb1039808,0xb1200000)
  to   space 35584K, 0% used [0xb1200000,0xb1200000,0xb34c0000)
 ParOldGen       total 156160K, used 101418K [0x942c0000, 0x9db40000, 0xa8ec0000)
  object space 156160K, 64% used [0x942c0000,0x9a5ca9c0,0x9db40000)
 PSPermGen       total 28928K, used 12797K [0x902c0000, 0x91f00000, 0x942c0000)
  object space 28928K, 44% used [0x902c0000,0x90f3f788,0x91f00000)
}
Event: 33.803 GC heap before
{Heap before GC invocations=18 (full 2):
 PSYoungGen      total 134400K, used 132582K [0xa8ec0000, 0xb34c0000, 0xb34c0000)
  eden space 113408K, 100% used [0xa8ec0000,0xafd80000,0xafd80000)
  from space 20992K, 91% used [0xafd80000,0xb1039808,0xb1200000)
  to   space 35584K, 0% used [0xb1200000,0xb1200000,0xb34c0000)
 ParOldGen       total 156160K, used 101418K [0x942c0000, 0x9db40000, 0xa8ec0000)
  object space 156160K, 64% used [0x942c0000,0x9a5ca9c0,0x9db40000)
 PSPermGen       total 28928K, used 12907K [0x902c0000, 0x91f00000, 0x942c0000)
  object space 28928K, 44% used [0x902c0000,0x90f5ae98,0x91f00000)
Event: 35.090 GC heap after
Heap after GC invocations=18 (full 2):
 PSYoungGen      total 92416K, used 35580K [0xa8ec0000, 0xb34c0000, 0xb34c0000)
  eden space 56832K, 0% used [0xa8ec0000,0xa8ec0000,0xac640000)
  from space 35584K, 99% used [0xb1200000,0xb34bf3c8,0xb34c0000)
  to   space 56576K, 0% used [0xac640000,0xac640000,0xafd80000)
 ParOldGen       total 156160K, used 138367K [0x942c0000, 0x9db40000, 0xa8ec0000)
  object space 156160K, 88% used [0x942c0000,0x9c9dfcd8,0x9db40000)
 PSPermGen       total 28928K, used 12907K [0x902c0000, 0x91f00000, 0x942c0000)
  object space 28928K, 44% used [0x902c0000,0x90f5ae98,0x91f00000)
}
Event: 35.101 GC heap before
{Heap before GC invocations=19 (full 3):
 PSYoungGen      total 92416K, used 35580K [0xa8ec0000, 0xb34c0000, 0xb34c0000)
  eden space 56832K, 0% used [0xa8ec0000,0xa8ec0000,0xac640000)
  from space 35584K, 99% used [0xb1200000,0xb34bf3c8,0xb34c0000)
  to   space 56576K, 0% used [0xac640000,0xac640000,0xafd80000)
 ParOldGen       total 156160K, used 138367K [0x942c0000, 0x9db40000, 0xa8ec0000)
  object space 156160K, 88% used [0x942c0000,0x9c9dfcd8,0x9db40000)
 PSPermGen       total 28928K, used 12907K [0x902c0000, 0x91f00000, 0x942c0000)
  object space 28928K, 44% used [0x902c0000,0x90f5ae98,0x91f00000)

Deoptimization events (10 events):
Event: 33.264 Thread 0xb6607c00 Uncommon trap: reason=array_check action=maybe_recompile pc=0xb37f48d8 method=java.util.ComparableTimSort.mergeHi(IIII)V @ 91
Event: 33.265 Thread 0xb6607c00 Uncommon trap: reason=array_check action=maybe_recompile pc=0xb37f48d8 method=java.util.ComparableTimSort.mergeHi(IIII)V @ 91
Event: 33.265 Thread 0xb6607c00 Uncommon trap: reason=array_check action=maybe_recompile pc=0xb37f48d8 method=java.util.ComparableTimSort.mergeHi(IIII)V @ 91
Event: 33.267 Thread 0xb6607c00 Uncommon trap: reason=array_check action=maybe_recompile pc=0xb36a1b40 method=java.util.ComparableTimSort.binarySort([Ljava/lang/Object;III)V @ 215
Event: 33.286 Thread 0xb6607c00 Uncommon trap: reason=array_check action=maybe_recompile pc=0xb3738220 method=java.util.ComparableTimSort.binarySort([Ljava/lang/Object;III)V @ 215
Event: 33.287 Thread 0xb6607c00 Uncommon trap: reason=array_check action=maybe_recompile pc=0xb37f6c50 method=java.util.ComparableTimSort.mergeLo(IIII)V @ 203
Event: 33.287 Thread 0xb6607c00 Uncommon trap: reason=array_check action=maybe_recompile pc=0xb37f7154 method=java.util.ComparableTimSort.mergeLo(IIII)V @ 129
Event: 33.287 Thread 0xb6607c00 Uncommon trap: reason=array_check action=maybe_recompile pc=0xb37f6c50 method=java.util.ComparableTimSort.mergeLo(IIII)V @ 203
Event: 33.342 Thread 0xb6607c00 Uncommon trap: reason=array_check action=maybe_recompile pc=0xb37f96e4 method=java.util.ComparableTimSort.mergeLo(IIII)V @ 236
Event: 33.454 Thread 0xb6607c00 Uncommon trap: reason=unstable_if action=reinterpret pc=0xb36a4750 method=java.lang.CharacterDataLatin1.isJavaIdentifierPart(I)Z @ 11

Internal exceptions (10 events):
Event: 33.294 Thread 0xb6607c00 Threw 0xae1c0a20 at /HUDSON/workspace/7u-2-build-linux-i586/jdk7u80/2329/hotspot/src/share/vm/prims/jni.cpp:717
Event: 33.334 Thread 0xb6607c00 Threw 0xae4f88e0 at /HUDSON/workspace/7u-2-build-linux-i586/jdk7u80/2329/hotspot/src/share/vm/prims/jvm.cpp:1319
Event: 33.335 Thread 0xb6607c00 Threw 0xae4f9058 at /HUDSON/workspace/7u-2-build-linux-i586/jdk7u80/2329/hotspot/src/share/vm/prims/jvm.cpp:1319
Event: 33.341 Thread 0xb6607c00 Threw 0xae506660 at /HUDSON/workspace/7u-2-build-linux-i586/jdk7u80/2329/hotspot/src/share/vm/prims/jni.cpp:717
Event: 33.359 Thread 0xb6607c00 Threw 0xae5400a8 at /HUDSON/workspace/7u-2-build-linux-i586/jdk7u80/2329/hotspot/src/share/vm/prims/jvm.cpp:1319
Event: 33.359 Thread 0xb6607c00 Threw 0xae5406f8 at /HUDSON/workspace/7u-2-build-linux-i586/jdk7u80/2329/hotspot/src/share/vm/prims/jvm.cpp:1319
Event: 33.365 Thread 0xb6607c00 Threw 0xae584d18 at /HUDSON/workspace/7u-2-build-linux-i586/jdk7u80/2329/hotspot/src/share/vm/prims/jvm.cpp:1319
Event: 33.366 Thread 0xb6607c00 Threw 0xae585358 at /HUDSON/workspace/7u-2-build-linux-i586/jdk7u80/2329/hotspot/src/share/vm/prims/jvm.cpp:1319
Event: 33.366 Thread 0xb6607c00 Threw 0xae587458 at /HUDSON/workspace/7u-2-build-linux-i586/jdk7u80/2329/hotspot/src/share/vm/prims/jvm.cpp:1319
Event: 33.366 Thread 0xb6607c00 Threw 0xae587b48 at /HUDSON/workspace/7u-2-build-linux-i586/jdk7u80/2329/hotspot/src/share/vm/prims/jvm.cpp:1319

Events (10 events):
Event: 33.365 loading class 0x8d49a158 done
Event: 33.366 loading class 0x8d4a1e08
Event: 33.366 loading class 0x8d4a1e08 done
Event: 33.392 Thread 0x8e629000 flushing nmethod 0xb375b388
Event: 33.392 Thread 0x8e629000 flushing nmethod 0xb3767408
Event: 33.393 Thread 0x8e629000 flushing nmethod 0xb378fb08
Event: 33.454 Thread 0xb6607c00 Uncommon trap: trap_request=0xffffff75 fr.pc=0xb36a4750
Event: 33.454 Thread 0xb6607c00 DEOPT PACKING pc=0xb36a4750 sp=0xb678d190
Event: 33.454 Thread 0xb6607c00 DEOPT UNPACKING pc=0xb35c3bc8 sp=0xb678d118 mode 2
Event: 33.802 Executing VM operation: ParallelGCFailedAllocation


Dynamic libraries:
08048000-08049000 r-xp 00000000 08:06 705763     /usr/local/java/jdk1.7.0_80/bin/java
08049000-0804a000 rw-p 00000000 08:06 705763     /usr/local/java/jdk1.7.0_80/bin/java
09508000-09d24000 rw-p 00000000 00:00 0          [heap]
8cb00000-8cbcf000 rw-p 00000000 00:00 0 
8cbcf000-8cc00000 ---p 00000000 00:00 0 
8cd00000-8cdff000 rw-p 00000000 00:00 0 
8cdff000-8ce00000 ---p 00000000 00:00 0 
8cf00000-8cfcb000 rw-p 00000000 00:00 0 
8cfcb000-8d000000 ---p 00000000 00:00 0 
8d100000-8d1ff000 rw-p 00000000 00:00 0 
8d1ff000-8d200000 ---p 00000000 00:00 0 
8d200000-8d300000 rw-p 00000000 00:00 0 
8d300000-8d3fa000 rw-p 00000000 00:00 0 
8d3fa000-8d400000 ---p 00000000 00:00 0 
8d400000-8d4fd000 rw-p 00000000 00:00 0 
8d4fd000-8d500000 ---p 00000000 00:00 0 
8d500000-8d5ff000 rw-p 00000000 00:00 0 
8d5ff000-8d600000 ---p 00000000 00:00 0 
8d700000-8d7fe000 rw-p 00000000 00:00 0 
8d7fe000-8d800000 ---p 00000000 00:00 0 
8d800000-8d8f9000 rw-p 00000000 00:00 0 
8d8f9000-8d900000 ---p 00000000 00:00 0 
8d900000-8da00000 rw-p 00000000 00:00 0 
8da00000-8db00000 rw-p 00000000 00:00 0 
8db00000-8dbec000 rw-p 00000000 00:00 0 
8dbec000-8dc00000 ---p 00000000 00:00 0 
8dc3f000-8de00000 rw-p 00000000 00:00 0 
8de00000-8deff000 rw-p 00000000 00:00 0 
8deff000-8df00000 ---p 00000000 00:00 0 
8df0f000-8df7a000 r--s 00e21000 08:06 296708     /usr/local/java/jdk1.7.0_80/lib/tools.jar
8df7a000-8df7b000 r--s 00004000 08:07 534879     /home/akshat/.m2/repository/org/codehaus/plexus/plexus-compiler-javac/2.7/plexus-compiler-javac-2.7.jar
8df7b000-8df7d000 r--s 00000000 08:07 276263     /home/akshat/.m2/repository/org/codehaus/plexus/plexus-compiler-manager/2.7/plexus-compiler-manager-2.7.jar
8df7d000-8df7f000 r--s 00005000 08:07 276261     /home/akshat/.m2/repository/org/codehaus/plexus/plexus-compiler-api/2.7/plexus-compiler-api-2.7.jar
8df7f000-8df81000 r--s 00002000 08:07 534877     /home/akshat/.m2/repository/org/apache/maven/shared/maven-shared-incremental/1.1/maven-shared-incremental-1.1.jar
8df81000-8df83000 r--s 00006000 08:07 407358     /home/akshat/.m2/repository/com/google/code/findbugs/jsr305/2.0.1/jsr305-2.0.1.jar
8df83000-8df87000 r--s 0002a000 08:07 407356     /home/akshat/.m2/repository/commons-io/commons-io/2.4/commons-io-2.4.jar
8df87000-8df8a000 r--s 00023000 08:07 407354     /home/akshat/.m2/repository/org/apache/maven/shared/maven-shared-utils/3.0.0/maven-shared-utils-3.0.0.jar
8df8a000-8df8c000 r--s 00002000 08:07 276257     /home/akshat/.m2/repository/org/sonatype/plexus/plexus-cipher/1.4/plexus-cipher-1.4.jar
8df8c000-8df8d000 r--s 00006000 08:07 165725     /home/akshat/.m2/repository/org/sonatype/plexus/plexus-sec-dispatcher/1.3/plexus-sec-dispatcher-1.3.jar
8df8d000-8df8f000 r--s 00000000 08:07 165723     /home/akshat/.m2/repository/org/codehaus/plexus/plexus-component-annotations/1.5.5/plexus-component-annotations-1.5.5.jar
8df8f000-8df91000 r--s 0000d000 08:07 165719     /home/akshat/.m2/repository/org/codehaus/plexus/plexus-interpolation/1.14/plexus-interpolation-1.14.jar
8df91000-8df95000 r--s 00017000 08:07 276255     /home/akshat/.m2/repository/org/sonatype/aether/aether-util/1.7/aether-util-1.7.jar
8df95000-8df99000 r--s 00033000 08:07 165711     /home/akshat/.m2/repository/org/codehaus/plexus/plexus-utils/2.0.4/plexus-utils-2.0.4.jar
8df99000-8dfa4000 r--s 00069000 08:07 165707     /home/akshat/.m2/repository/org/sonatype/sisu/sisu-guice/2.1.7/sisu-guice-2.1.7-noaop.jar
8dfa4000-8dfa9000 r--s 00021000 08:07 165705     /home/akshat/.m2/repository/org/sonatype/sisu/sisu-inject-bean/1.4.2/sisu-inject-bean-1.4.2.jar
8dfa9000-8dfab000 r--s 0000b000 08:07 152863     /home/akshat/.m2/repository/org/apache/maven/plugins/maven-compiler-plugin/3.5.1/maven-compiler-plugin-3.5.1.jar
8dfab000-8dfad000 r--s 0000d000 08:07 276317     /home/akshat/.m2/repository/org/codehaus/plexus/plexus-interpolation/1.13/plexus-interpolation-1.13.jar
8dfad000-8dfae000 r--s 00001000 08:07 276315     /home/akshat/.m2/repository/org/sonatype/plexus/plexus-build-api/0.0.4/plexus-build-api-0.0.4.jar
8dfae000-8dfb0000 r--s 00009000 08:07 534905     /home/akshat/.m2/repository/org/apache/maven/shared/maven-filtering/1.1/maven-filtering-1.1.jar
8dfb0000-8dfc5000 r-xp 00000000 08:06 440372     /usr/local/java/jdk1.7.0_80/jre/lib/i386/libnet.so
8dfc5000-8dfc6000 rw-p 00015000 08:06 440372     /usr/local/java/jdk1.7.0_80/jre/lib/i386/libnet.so
8dfc6000-8dfd4000 r-xp 00000000 08:06 440353     /usr/local/java/jdk1.7.0_80/jre/lib/i386/libnio.so
8dfd4000-8dfd5000 rw-p 0000e000 08:06 440353     /usr/local/java/jdk1.7.0_80/jre/lib/i386/libnio.so
8dfd5000-8e000000 r--s 001fc000 08:07 263327     /home/akshat/Documents/DistributedComputing/eclipse/plugins/org.eclipse.m2e.maven.runtime_1.8.0.20160921-2001/jars/guava-18.0.jar
8e000000-8e100000 rw-p 00000000 00:00 0 
8e100000-8e104000 r--s 00033000 08:07 165769     /home/akshat/.m2/repository/org/codehaus/plexus/plexus-utils/2.0.5/plexus-utils-2.0.5.jar
8e104000-8e107000 r--s 0001b000 08:07 276313     /home/akshat/.m2/repository/junit/junit/3.8.1/junit-3.8.1.jar
8e107000-8e109000 r--s 00002000 08:07 276309     /home/akshat/.m2/repository/org/codehaus/plexus/plexus-interactivity-api/1.0-alpha-4/plexus-interactivity-api-1.0-alpha-4.jar
8e109000-8e10a000 ---p 00000000 00:00 0 
8e10a000-8e18a000 rw-p 00000000 00:00 0 
8e18a000-8e18d000 ---p 00000000 00:00 0 
8e18d000-8e1db000 rw-p 00000000 00:00 0 
8e1db000-8e1de000 ---p 00000000 00:00 0 
8e1de000-8e25c000 rw-p 00000000 00:00 0 
8e25c000-8e25f000 ---p 00000000 00:00 0 
8e25f000-8e2dd000 rw-p 00000000 00:00 0 
8e2dd000-8e2e0000 ---p 00000000 00:00 0 
8e2e0000-8e32e000 rw-p 00000000 00:00 0 
8e32e000-8e52e000 r--p 00000000 08:06 2007       /usr/lib/locale/locale-archive
8e52e000-8e531000 ---p 00000000 00:00 0 
8e531000-8e57f000 rw-p 00000000 00:00 0 
8e57f000-8e580000 ---p 00000000 00:00 0 
8e580000-8e600000 rw-p 00000000 00:00 0 
8e600000-8e6fe000 rw-p 00000000 00:00 0 
8e6fe000-8e700000 ---p 00000000 00:00 0 
8e700000-8e702000 r--s 00006000 08:07 407424     /home/akshat/.m2/repository/commons-cli/commons-cli/1.0/commons-cli-1.0.jar
8e702000-8e703000 r--s 00001000 08:07 407420     /home/akshat/.m2/repository/org/apache/maven/doxia/doxia-sink-api/1.0-alpha-7/doxia-sink-api-1.0-alpha-7.jar
8e703000-8e704000 r--s 00002000 08:07 407418     /home/akshat/.m2/repository/org/apache/maven/reporting/maven-reporting-api/2.0.6/maven-reporting-api-2.0.6.jar
8e704000-8e706000 r--s 00006000 08:07 155750     /home/akshat/.m2/repository/org/apache/maven/plugins/maven-resources-plugin/2.6/maven-resources-plugin-2.6.jar
8e706000-8e70a000 r--s 0008b000 08:06 296723     /usr/local/java/jdk1.7.0_80/jre/lib/jsse.jar
8e70a000-8e70b000 r--s 00002000 08:07 263313     /home/akshat/Documents/DistributedComputing/eclipse/plugins/org.eclipse.m2e.maven.runtime.slf4j.simple_1.8.0.20160921-2001/jars/slf4j-simple-1.7.5.jar
8e70b000-8e710000 r--s 00041000 08:07 263330     /home/akshat/Documents/DistributedComputing/eclipse/plugins/org.eclipse.m2e.maven.runtime_1.8.0.20160921-2001/jars/commons-lang-2.6.jar
8e710000-8e711000 r--s 00002000 08:07 263342     /home/akshat/Documents/DistributedComputing/eclipse/plugins/org.eclipse.m2e.maven.runtime_1.8.0.20160921-2001/jars/wagon-file-2.10.jar
8e711000-8e713000 r--s 00005000 08:07 263329     /home/akshat/Documents/DistributedComputing/eclipse/plugins/org.eclipse.m2e.maven.runtime_1.8.0.20160921-2001/jars/aether-transport-wagon-1.0.2.v20150114.jar
8e713000-8e715000 r--s 0000f000 08:07 263349     /home/akshat/Documents/DistributedComputing/eclipse/plugins/org.eclipse.m2e.maven.runtime_1.8.0.20160921-2001/jars/okio-1.6.0.jar
8e715000-8e71a000 r--s 00049000 08:07 263359     /home/akshat/Documents/DistributedComputing/eclipse/plugins/org.eclipse.m2e.maven.runtime_1.8.0.20160921-2001/jars/okhttp-2.5.0.jar
8e71a000-8e71c000 r--s 0000b000 08:07 263340     /home/akshat/Documents/DistributedComputing/eclipse/plugins/org.eclipse.m2e.maven.runtime_1.8.0.20160921-2001/jars/aether-connector-okhttp-0.16.0.jar
8e71c000-8e71e000 r--s 00006000 08:07 263352     /home/akshat/Documents/DistributedComputing/eclipse/plugins/org.eclipse.m2e.maven.runtime_1.8.0.20160921-2001/jars/aether-spi-1.0.2.v20150114.jar
8e71e000-8e722000 r--s 00027000 08:07 263356     /home/akshat/Documents/DistributedComputing/eclipse/plugins/org.eclipse.m2e.maven.runtime_1.8.0.20160921-2001/jars/aether-impl-1.0.2.v20150114.jar
8e722000-8e72a000 r--s 00055000 08:07 263357     /home/akshat/Documents/DistributedComputing/eclipse/plugins/org.eclipse.m2e.maven.runtime_1.8.0.20160921-2001/jars/org.eclipse.sisu.inject-0.3.2.jar
8e72a000-8e72d000 r--s 00008000 08:07 263328     /home/akshat/Documents/DistributedComputing/eclipse/plugins/org.eclipse.m2e.maven.runtime_1.8.0.20160921-2001/jars/cdi-api-1.0.jar
8e72d000-8e730000 ---p 00000000 00:00 0 
8e730000-8e77e000 rw-p 00000000 00:00 0 
8e77e000-8e93e000 r--s 039fb000 08:06 297021     /usr/local/java/jdk1.7.0_80/jre/lib/rt.jar
8e93e000-8fd00000 rw-p 00000000 00:00 0 
8fd00000-8fdfe000 rw-p 00000000 00:00 0 
8fdfe000-8fe00000 ---p 00000000 00:00 0 
8fe00000-8fe01000 r--s 00008000 08:07 263344     /home/akshat/Documents/DistributedComputing/eclipse/plugins/org.eclipse.m2e.maven.runtime_1.8.0.20160921-2001/jars/aether-connector-basic-1.0.2.v20150114.jar
8fe01000-8fe02000 r--s 00001000 08:07 263361     /home/akshat/Documents/DistributedComputing/eclipse/plugins/org.eclipse.m2e.maven.runtime_1.8.0.20160921-2001/jars/jsr250-api-1.0.jar
8fe02000-8fe08000 r--s 0002d000 08:07 263339     /home/akshat/Documents/DistributedComputing/eclipse/plugins/org.eclipse.m2e.maven.runtime_1.8.0.20160921-2001/jars/org.eclipse.sisu.plexus-0.3.2.jar
8fe08000-8fe0b000 r--s 0000b000 08:07 263348     /home/akshat/Documents/DistributedComputing/eclipse/plugins/org.eclipse.m2e.maven.runtime_1.8.0.20160921-2001/jars/wagon-provider-api-2.10.jar
8fe0b000-8fe11000 r--s 00041000 08:07 263362     /home/akshat/Documents/DistributedComputing/eclipse/plugins/org.eclipse.m2e.maven.runtime_1.8.0.20160921-2001/jars/maven-compat-3.3.9.jar
8fe11000-8fe13000 r--s 00009000 08:07 263355     /home/akshat/Documents/DistributedComputing/eclipse/plugins/org.eclipse.m2e.maven.runtime_1.8.0.20160921-2001/jars/commons-cli-1.2.jar
8fe13000-8fe15000 r--s 00002000 08:07 263338     /home/akshat/Documents/DistributedComputing/eclipse/plugins/org.eclipse.m2e.maven.runtime_1.8.0.20160921-2001/jars/plexus-cipher-1.7.jar
8fe15000-8fe18000 r--s 00013000 08:07 263334     /home/akshat/Documents/DistributedComputing/eclipse/plugins/org.eclipse.m2e.maven.runtime_1.8.0.20160921-2001/jars/maven-embedder-3.3.9.jar
8fe18000-8fe1f000 r--s 00064000 08:07 263341     /home/akshat/Documents/DistributedComputing/eclipse/plugins/org.eclipse.m2e.maven.runtime_1.8.0.20160921-2001/jars/commons-lang3-3.4.jar
8fe1f000-8fe20000 r--s 00006000 08:07 263346     /home/akshat/Documents/DistributedComputing/eclipse/plugins/org.eclipse.m2e.maven.runtime_1.8.0.20160921-2001/jars/plexus-sec-dispatcher-1.3.jar
8fe20000-8fe22000 r--s 00000000 08:07 263363     /home/akshat/Documents/DistributedComputing/eclipse/plugins/org.eclipse.m2e.maven.runtime_1.8.0.20160921-2001/jars/plexus-component-annotations-1.6.jar
8fe22000-8fe26000 r--s 00038000 08:07 263351     /home/akshat/Documents/DistributedComputing/eclipse/plugins/org.eclipse.m2e.maven.runtime_1.8.0.20160921-2001/jars/plexus-utils-3.0.22.jar
8fe26000-8fe2f000 r--s 0005f000 08:07 263331     /home/akshat/Documents/DistributedComputing/eclipse/plugins/org.eclipse.m2e.maven.runtime_1.8.0.20160921-2001/jars/guice-4.0-no_aop.jar
8fe2f000-8fe34000 r--s 0001d000 08:07 263335     /home/akshat/Documents/DistributedComputing/eclipse/plugins/org.eclipse.m2e.maven.runtime_1.8.0.20160921-2001/jars/aether-api-1.0.2.v20150114.jar
8fe34000-8fe7f000 rw-p 00000000 00:00 0 
8fe7f000-8fe80000 ---p 00000000 00:00 0 
8fe80000-8ff00000 rw-p 00000000 00:00 0 
8ff00000-8ff21000 rw-p 00000000 00:00 0 
8ff21000-90000000 ---p 00000000 00:00 0 
90000000-90004000 r--s 00020000 08:07 263337     /home/akshat/Documents/DistributedComputing/eclipse/plugins/org.eclipse.m2e.maven.runtime_1.8.0.20160921-2001/jars/aether-util-1.0.2.v20150114.jar
90004000-9005f000 rw-p 00000000 00:00 0 
9005f000-90060000 ---p 00000000 00:00 0 
90060000-900ef000 rw-p 00000000 00:00 0 
900ef000-90100000 rw-p 00000000 00:00 0 
90100000-9014d000 rw-p 00000000 00:00 0 
9014d000-901a6000 rw-p 00000000 00:00 0 
901a6000-901b5000 rw-p 00000000 00:00 0 
901b5000-901c6000 rw-p 00000000 00:00 0 
901c6000-90213000 rw-p 00000000 00:00 0 
90213000-9026c000 rw-p 00000000 00:00 0 
9026c000-902bf000 rw-p 00000000 00:00 0 
902bf000-91f00000 rw-p 00000000 00:00 0 
91f00000-942c0000 rw-p 00000000 00:00 0 
942c0000-9db40000 rw-p 00000000 00:00 0 
a1f4d000-a20c0000 rw-p 00000000 00:00 0 
a20c0000-a8ec0000 rw-p 00000000 00:00 0 
a8ec0000-b34c0000 rw-p 00000000 00:00 0 
b34c0000-b34c3000 r--s 0000d000 08:07 263345     /home/akshat/Documents/DistributedComputing/eclipse/plugins/org.eclipse.m2e.maven.runtime_1.8.0.20160921-2001/jars/plexus-interpolation-1.21.jar
b34c3000-b34c5000 r--s 0000f000 08:07 263350     /home/akshat/Documents/DistributedComputing/eclipse/plugins/org.eclipse.m2e.maven.runtime_1.8.0.20160921-2001/jars/maven-aether-provider-3.3.9.jar
b34c5000-b34ca000 r--s 00027000 08:07 263332     /home/akshat/Documents/DistributedComputing/eclipse/plugins/org.eclipse.m2e.maven.runtime_1.8.0.20160921-2001/jars/maven-model-builder-3.3.9.jar
b34ca000-b34d7000 r--s 0008f000 08:07 263365     /home/akshat/Documents/DistributedComputing/eclipse/plugins/org.eclipse.m2e.maven.runtime_1.8.0.20160921-2001/jars/maven-core-3.3.9.jar
b34d7000-b34e1000 rw-p 00000000 00:00 0 
b34e1000-b3597000 rw-p 00000000 00:00 0 
b3597000-b37ff000 rwxp 00000000 00:00 0 
b37ff000-b6597000 rw-p 00000000 00:00 0 
b6597000-b65ae000 r-xp 00000000 08:06 440373     /usr/local/java/jdk1.7.0_80/jre/lib/i386/libzip.so
b65ae000-b65af000 rw-p 00016000 08:06 440373     /usr/local/java/jdk1.7.0_80/jre/lib/i386/libzip.so
b65af000-b65ba000 r-xp 00000000 08:06 555855     /lib/i386-linux-gnu/libnss_files-2.23.so
b65ba000-b65bb000 r--p 0000a000 08:06 555855     /lib/i386-linux-gnu/libnss_files-2.23.so
b65bb000-b65bc000 rw-p 0000b000 08:06 555855     /lib/i386-linux-gnu/libnss_files-2.23.so
b65bc000-b65c2000 rw-p 00000000 00:00 0 
b65c2000-b65cd000 r-xp 00000000 08:06 555848     /lib/i386-linux-gnu/libnss_nis-2.23.so
b65cd000-b65ce000 r--p 0000a000 08:06 555848     /lib/i386-linux-gnu/libnss_nis-2.23.so
b65ce000-b65cf000 rw-p 0000b000 08:06 555848     /lib/i386-linux-gnu/libnss_nis-2.23.so
b65cf000-b65e6000 r-xp 00000000 08:06 555850     /lib/i386-linux-gnu/libnsl-2.23.so
b65e6000-b65e7000 r--p 00016000 08:06 555850     /lib/i386-linux-gnu/libnsl-2.23.so
b65e7000-b65e8000 rw-p 00017000 08:06 555850     /lib/i386-linux-gnu/libnsl-2.23.so
b65e8000-b65ea000 rw-p 00000000 00:00 0 
b65ea000-b65ec000 r--s 0000a000 08:07 263353     /home/akshat/Documents/DistributedComputing/eclipse/plugins/org.eclipse.m2e.maven.runtime_1.8.0.20160921-2001/jars/maven-plugin-api-3.3.9.jar
b65ec000-b65ee000 r--s 0000c000 08:07 263354     /home/akshat/Documents/DistributedComputing/eclipse/plugins/org.eclipse.m2e.maven.runtime_1.8.0.20160921-2001/jars/maven-artifact-3.3.9.jar
b65ee000-b65ef000 r--s 00006000 08:07 263364     /home/akshat/Documents/DistributedComputing/eclipse/plugins/org.eclipse.m2e.maven.runtime_1.8.0.20160921-2001/jars/maven-repository-metadata-3.3.9.jar
b65ef000-b65f0000 r--s 00003000 08:07 263358     /home/akshat/Documents/DistributedComputing/eclipse/plugins/org.eclipse.m2e.maven.runtime_1.8.0.20160921-2001/jars/maven-builder-support-3.3.9.jar
b65f0000-b65f2000 r--s 00009000 08:07 263360     /home/akshat/Documents/DistributedComputing/eclipse/plugins/org.eclipse.m2e.maven.runtime_1.8.0.20160921-2001/jars/maven-settings-builder-3.3.9.jar
b65f2000-b6600000 rw-p 00000000 00:00 0 
b6600000-b66f3000 rw-p 00000000 00:00 0 
b66f3000-b6700000 ---p 00000000 00:00 0 
b6700000-b6701000 r--s 0000a000 08:07 263336     /home/akshat/Documents/DistributedComputing/eclipse/plugins/org.eclipse.m2e.maven.runtime_1.8.0.20160921-2001/jars/maven-settings-3.3.9.jar
b6701000-b6704000 r--s 00026000 08:07 263343     /home/akshat/Documents/DistributedComputing/eclipse/plugins/org.eclipse.m2e.maven.runtime_1.8.0.20160921-2001/jars/maven-model-3.3.9.jar
b6704000-b6706000 r--s 0000b000 08:07 263333     /home/akshat/Documents/DistributedComputing/eclipse/plugins/org.eclipse.m2e.maven.runtime_1.8.0.20160921-2001/jars/plexus-classworlds-2.5.2.jar
b6706000-b6707000 r--p 002d4000 08:06 2007       /usr/lib/locale/locale-archive
b6707000-b670f000 r-xp 00000000 08:06 555856     /lib/i386-linux-gnu/libnss_compat-2.23.so
b670f000-b6710000 r--p 00007000 08:06 555856     /lib/i386-linux-gnu/libnss_compat-2.23.so
b6710000-b6711000 rw-p 00008000 08:06 555856     /lib/i386-linux-gnu/libnss_compat-2.23.so
b6711000-b6734000 r-xp 00000000 08:06 440350     /usr/local/java/jdk1.7.0_80/jre/lib/i386/libjava.so
b6734000-b6735000 rw-p 00023000 08:06 440350     /usr/local/java/jdk1.7.0_80/jre/lib/i386/libjava.so
b6735000-b673c000 r-xp 00000000 08:06 555857     /lib/i386-linux-gnu/librt-2.23.so
b673c000-b673d000 r--p 00006000 08:06 555857     /lib/i386-linux-gnu/librt-2.23.so
b673d000-b673e000 rw-p 00007000 08:06 555857     /lib/i386-linux-gnu/librt-2.23.so
b673e000-b6741000 ---p 00000000 00:00 0 
b6741000-b678f000 rw-p 00000000 00:00 0 
b678f000-b67e2000 r-xp 00000000 08:06 555849     /lib/i386-linux-gnu/libm-2.23.so
b67e2000-b67e3000 r--p 00052000 08:06 555849     /lib/i386-linux-gnu/libm-2.23.so
b67e3000-b67e4000 rw-p 00053000 08:06 555849     /lib/i386-linux-gnu/libm-2.23.so
b67e4000-b706b000 r-xp 00000000 08:06 440333     /usr/local/java/jdk1.7.0_80/jre/lib/i386/server/libjvm.so
b706b000-b70cf000 rw-p 00886000 08:06 440333     /usr/local/java/jdk1.7.0_80/jre/lib/i386/server/libjvm.so
b70cf000-b74f3000 rw-p 00000000 00:00 0 
b74f3000-b76a2000 r-xp 00000000 08:06 555851     /lib/i386-linux-gnu/libc-2.23.so
b76a2000-b76a3000 ---p 001af000 08:06 555851     /lib/i386-linux-gnu/libc-2.23.so
b76a3000-b76a5000 r--p 001af000 08:06 555851     /lib/i386-linux-gnu/libc-2.23.so
b76a5000-b76a6000 rw-p 001b1000 08:06 555851     /lib/i386-linux-gnu/libc-2.23.so
b76a6000-b76a9000 rw-p 00000000 00:00 0 
b76a9000-b76ac000 r-xp 00000000 08:06 555847     /lib/i386-linux-gnu/libdl-2.23.so
b76ac000-b76ad000 r--p 00002000 08:06 555847     /lib/i386-linux-gnu/libdl-2.23.so
b76ad000-b76ae000 rw-p 00003000 08:06 555847     /lib/i386-linux-gnu/libdl-2.23.so
b76ae000-b76c2000 r-xp 00000000 08:06 296707     /usr/local/java/jdk1.7.0_80/lib/i386/jli/libjli.so
b76c2000-b76c3000 rw-p 00013000 08:06 296707     /usr/local/java/jdk1.7.0_80/lib/i386/jli/libjli.so
b76c3000-b76dc000 r-xp 00000000 08:06 555861     /lib/i386-linux-gnu/libpthread-2.23.so
b76dc000-b76dd000 r--p 00018000 08:06 555861     /lib/i386-linux-gnu/libpthread-2.23.so
b76dd000-b76de000 rw-p 00019000 08:06 555861     /lib/i386-linux-gnu/libpthread-2.23.so
b76de000-b76e0000 rw-p 00000000 00:00 0 
b76e0000-b76e8000 rw-s 00000000 08:06 789361     /tmp/hsperfdata_akshat/4315
b76e8000-b76e9000 rw-p 00000000 00:00 0 
b76e9000-b76ea000 ---p 00000000 00:00 0 
b76ea000-b76f5000 r-xp 00000000 08:06 440369     /usr/local/java/jdk1.7.0_80/jre/lib/i386/libverify.so
b76f5000-b76f6000 rw-p 0000b000 08:06 440369     /usr/local/java/jdk1.7.0_80/jre/lib/i386/libverify.so
b76f6000-b76f8000 rw-p 00000000 00:00 0 
b76f8000-b76fa000 r--p 00000000 00:00 0          [vvar]
b76fa000-b76fb000 r-xp 00000000 00:00 0          [vdso]
b76fb000-b771d000 r-xp 00000000 08:06 555852     /lib/i386-linux-gnu/ld-2.23.so
b771d000-b771e000 rw-p 00000000 00:00 0 
b771e000-b771f000 r--p 00022000 08:06 555852     /lib/i386-linux-gnu/ld-2.23.so
b771f000-b7720000 rw-p 00023000 08:06 555852     /lib/i386-linux-gnu/ld-2.23.so
bf983000-bf984000 rwxp 00000000 00:00 0 
bf9b5000-bf9d7000 rw-p 00000000 00:00 0          [stack]

VM Arguments:
jvm_args: -Dmaven.home=EMBEDDED -Dclassworlds.conf=/home/akshat/workspace/.metadata/.plugins/org.eclipse.m2e.launching/launches/m2conf509457205510353766.tmp -Dmaven.multiModuleProjectDirectory=/home/akshat/workspace/HCDistributed -Dfile.encoding=UTF-8 
java_command: org.codehaus.plexus.classworlds.launcher.Launcher -B package shade:shade
Launcher Type: SUN_STANDARD

Environment Variables:
JAVA_HOME=/usr/local/java/jdk1.8.0_101
JRE_HOME=/usr/local/java/jdk1.8.0_101/jre
PATH=/home/akshat/Documents/DistributedComputing/hadoop-2.7.2/bin:/home/akshat/Downloads/mosek/7/tools/platform/linux32x86/bin:/home/akshat/Downloads/sublime_text_3/sublime_text:/home/akshat/Documents/DistributedComputing/eclipse:/home/akshat/bin:/home/akshat/.local/bin:/usr/local/sbin:/usr/local/bin:/usr/sbin:/usr/bin:/sbin:/bin:/usr/games:/usr/local/games:/snap/bin:/usr/local/java/jdk1.8.0_101/bin:/usr/local/java/jdk1.8.0_101/jre/bin
LD_LIBRARY_PATH=/usr/local/java/jdk1.7.0_80/jre/lib/i386/server:/usr/local/java/jdk1.7.0_80/jre/lib/i386:/usr/local/java/jdk1.7.0_80/jre/../lib/i386:/usr/local/java/jdk1.8.0_101/jre/lib/i386/client:/usr/local/java/jdk1.8.0_101/jre/lib/i386:
SHELL=/bin/bash
DISPLAY=:0

Signal Handlers:
SIGSEGV: [libjvm.so+0x7eb160], sa_mask[0]=0x7ffbfeff, sa_flags=0x10000004
SIGBUS: [libjvm.so+0x7eb160], sa_mask[0]=0x7ffbfeff, sa_flags=0x10000004
SIGFPE: [libjvm.so+0x684ac0], sa_mask[0]=0x7ffbfeff, sa_flags=0x10000004
SIGPIPE: [libjvm.so+0x684ac0], sa_mask[0]=0x7ffbfeff, sa_flags=0x10000004
SIGXFSZ: [libjvm.so+0x684ac0], sa_mask[0]=0x7ffbfeff, sa_flags=0x10000004
SIGILL: [libjvm.so+0x684ac0], sa_mask[0]=0x7ffbfeff, sa_flags=0x10000004
SIGUSR1: SIG_DFL, sa_mask[0]=0x00000000, sa_flags=0x00000000
SIGUSR2: [libjvm.so+0x686330], sa_mask[0]=0x00000004, sa_flags=0x10000004
SIGHUP: [libjvm.so+0x687660], sa_mask[0]=0x7ffbfeff, sa_flags=0x10000004
SIGINT: [libjvm.so+0x687660], sa_mask[0]=0x7ffbfeff, sa_flags=0x10000004
SIGTERM: [libjvm.so+0x687660], sa_mask[0]=0x7ffbfeff, sa_flags=0x10000004
SIGQUIT: [libjvm.so+0x687660], sa_mask[0]=0x7ffbfeff, sa_flags=0x10000004


---------------  S Y S T E M  ---------------

OS:stretch/sid

uname:Linux 4.4.0-75-generic #96-Ubuntu SMP Thu Apr 20 09:55:15 UTC 2017 i686
libc:glibc 2.23 NPTL 2.23 
rlimit: STACK 8192k, CORE 0k, NPROC 15619, NOFILE 65536, AS infinity
load average:1.55 0.65 0.39

/proc/meminfo:
MemTotal:        2036416 kB
MemFree:          135596 kB
MemAvailable:      34168 kB
Buffers:            1900 kB
Cached:           242732 kB
SwapCached:            0 kB
Active:          1603744 kB
Inactive:         223408 kB
Active(anon):    1584264 kB
Inactive(anon):   190864 kB
Active(file):      19480 kB
Inactive(file):    32544 kB
Unevictable:         248 kB
Mlocked:             248 kB
HighTotal:       1157832 kB
HighFree:          17608 kB
LowTotal:         878584 kB
LowFree:          117988 kB
SwapTotal:             0 kB
SwapFree:              0 kB
Dirty:                84 kB
Writeback:             0 kB
AnonPages:       1582924 kB
Mapped:            59036 kB
Shmem:            192452 kB
Slab:              37300 kB
SReclaimable:      16860 kB
SUnreclaim:        20440 kB
KernelStack:        4200 kB
PageTables:        11868 kB
NFS_Unstable:          0 kB
Bounce:                0 kB
WritebackTmp:          0 kB
CommitLimit:     1018208 kB
Committed_AS:    5209800 kB
VmallocTotal:     122880 kB
VmallocUsed:           0 kB
VmallocChunk:          0 kB
AnonHugePages:    780288 kB
CmaTotal:              0 kB
CmaFree:               0 kB
HugePages_Total:       0
HugePages_Free:        0
HugePages_Rsvd:        0
HugePages_Surp:        0
Hugepagesize:       2048 kB
DirectMap4k:       40952 kB
DirectMap2M:      872448 kB


CPU:total 2 (2 cores per cpu, 1 threads per core) family 6 model 15 stepping 13, cmov, cx8, fxsr, mmx, sse, sse2, sse3, ssse3, tsc

/proc/cpuinfo:
processor	: 0
vendor_id	: GenuineIntel
cpu family	: 6
model		: 15
model name	: Intel(R) Core(TM)2 Duo CPU     T5870  @ 2.00GHz
stepping	: 13
microcode	: 0xa3
cpu MHz		: 2001.000
cache size	: 2048 KB
physical id	: 0
siblings	: 2
core id		: 0
cpu cores	: 2
apicid		: 0
initial apicid	: 0
fdiv_bug	: no
f00f_bug	: no
coma_bug	: no
fpu		: yes
fpu_exception	: yes
cpuid level	: 10
wp		: yes
flags		: fpu vme de pse tsc msr pae mce cx8 apic sep mtrr pge mca cmov pat pse36 clflush dts acpi mmx fxsr sse sse2 ss ht tm pbe nx lm constant_tsc arch_perfmon pebs bts aperfmperf pni dtes64 monitor ds_cpl est tm2 ssse3 cx16 xtpr pdcm lahf_lm dtherm ida
bugs		:
bogomips	: 3989.73
clflush size	: 64
cache_alignment	: 64
address sizes	: 36 bits physical, 48 bits virtual
power management:

processor	: 1
vendor_id	: GenuineIntel
cpu family	: 6
model		: 15
model name	: Intel(R) Core(TM)2 Duo CPU     T5870  @ 2.00GHz
stepping	: 13
microcode	: 0xa3
cpu MHz		: 2001.000
cache size	: 2048 KB
physical id	: 0
siblings	: 2
core id		: 1
cpu cores	: 2
apicid		: 1
initial apicid	: 1
fdiv_bug	: no
f00f_bug	: no
coma_bug	: no
fpu		: yes
fpu_exception	: yes
cpuid level	: 10
wp		: yes
flags		: fpu vme de pse tsc msr pae mce cx8 apic sep mtrr pge mca cmov pat pse36 clflush dts acpi mmx fxsr sse sse2 ss ht tm pbe nx lm constant_tsc arch_perfmon pebs bts aperfmperf pni dtes64 monitor ds_cpl est tm2 ssse3 cx16 xtpr pdcm lahf_lm dtherm ida
bugs		:
bogomips	: 3989.73
clflush size	: 64
cache_alignment	: 64
address sizes	: 36 bits physical, 48 bits virtual
power management:



Memory: 4k page, physical 2036416k(135596k free), swap 0k(0k free)

vm_info: Java HotSpot(TM) Server VM (24.80-b11) for linux-x86 JRE (1.7.0_80-b15), built on Apr 10 2015 12:29:10 by "java_re" with gcc 4.3.0 20080428 (Red Hat 4.3.0-8)

time: Tue May  2 05:26:59 2017
elapsed time: 40 seconds

