#
# There is insufficient memory for the Java Runtime Environment to continue.
# Native memory allocation (malloc) failed to allocate 72613888 bytes for committing reserved memory.
# Possible reasons:
#   The system is out of physical RAM or swap space
#   In 32 bit mode, the process size limit was hit
# Possible solutions:
#   Reduce memory load on the system
#   Increase physical memory or swap space
#   Check if swap backing store is full
#   Use 64 bit Java on a 64 bit OS
#   Decrease Java heap size (-Xmx/-Xms)
#   Decrease number of Java threads
#   Decrease Java thread stack sizes (-Xss)
#   Set larger code cache with -XX:ReservedCodeCacheSize=
# This output file may be truncated or incomplete.
#
#  Out of Memory Error (os_linux.cpp:2756), pid=7011, tid=2388654912
#
# JRE version: Java(TM) SE Runtime Environment (7.0_80-b15) (build 1.7.0_80-b15)
# Java VM: Java HotSpot(TM) Server VM (24.80-b11 mixed mode linux-x86 )
# Failed to write core dump. Core dumps have been disabled. To enable core dumping, try "ulimit -c unlimited" before starting Java again
#

---------------  T H R E A D  ---------------

Current thread (0x8e610400):  VMThread [stack: 0x8e57f000,0x8e600000] [id=7021]

Stack: [0x8e57f000,0x8e600000],  sp=0x8e5fea70,  free space=510k
Native frames: (J=compiled Java code, j=interpreted, Vv=VM code, C=native code)
V  [libjvm.so+0x7ea656]  VMError::report_and_die()+0x1a6
V  [libjvm.so+0x33eb82]  report_vm_out_of_memory(char const*, int, unsigned int, char const*)+0x72
V  [libjvm.so+0x687fb1]  os::Linux::commit_memory_impl(char*, unsigned int, bool)+0xe1
V  [libjvm.so+0x688478]  os::pd_commit_memory(char*, unsigned int, unsigned int, bool)+0x28
V  [libjvm.so+0x681b2c]  os::commit_memory(char*, unsigned int, unsigned int, bool)+0x2c
V  [libjvm.so+0x6ea8d8]  PSVirtualSpace::expand_by(unsigned int)+0x48
V  [libjvm.so+0x6dcd01]  PSOldGen::expand(unsigned int)+0x141
V  [libjvm.so+0x6dcdcf]  PSOldGen::resize(unsigned int)+0x8f
V  [libjvm.so+0x6e39d6]  PSParallelCompact::invoke_no_policy(bool)+0x8b6
V  [libjvm.so+0x6e8fed]  PSScavenge::invoke()+0x16d
V  [libjvm.so+0x6a851a]  ParallelScavengeHeap::failed_mem_allocate(unsigned int)+0x5a
V  [libjvm.so+0x7ebeea]  VM_ParallelGCFailedAllocation::doit()+0x7a
V  [libjvm.so+0x7f4d07]  VM_Operation::evaluate()+0x47
V  [libjvm.so+0x7f2da3]  VMThread::evaluate_operation(VM_Operation*)+0xb3
V  [libjvm.so+0x7f3140]  VMThread::loop()+0x1b0
V  [libjvm.so+0x7f35a5]  VMThread::run()+0x85
V  [libjvm.so+0x68a249]  java_start(Thread*)+0x119
C  [libpthread.so.0+0x6295]  start_thread+0xe5

VM_Operation (0x8e2aa2b4): ParallelGCFailedAllocation, mode: safepoint, requested by thread 0x8e629000


---------------  P R O C E S S  ---------------

Java Threads: ( => current thread )
  0x8e62ac00 JavaThread "Service Thread" daemon [_thread_blocked, id=7027, stack(0x8e1db000,0x8e22c000)]
  0x8e629000 JavaThread "C2 CompilerThread1" daemon [_thread_blocked, id=7026, stack(0x8e22c000,0x8e2ad000)]
  0x8e627000 JavaThread "C2 CompilerThread0" daemon [_thread_blocked, id=7025, stack(0x8e2ad000,0x8e32e000)]
  0x8e625800 JavaThread "Signal Dispatcher" daemon [_thread_blocked, id=7024, stack(0x8e32e000,0x8e37f000)]
  0x8e614800 JavaThread "Finalizer" daemon [_thread_blocked, id=7023, stack(0x8e72d000,0x8e77e000)]
  0x8e613000 JavaThread "Reference Handler" daemon [_thread_blocked, id=7022, stack(0x8fe09000,0x8fe5a000)]
  0xb6607c00 JavaThread "main" [_thread_blocked, id=7018, stack(0xb678d000,0xb67de000)]

Other Threads:
=>0x8e610400 VMThread [stack: 0x8e57f000,0x8e600000] [id=7021]
  0x8e62cc00 WatcherThread [stack: 0x8e15a000,0x8e1db000] [id=7028]

VM state:at safepoint (normal execution)

VM Mutex/Monitor currently owned by a thread:  ([mutex/lock_event])
[0xb6604c08] ExpandHeap_lock - owner thread: 0x8e610400
[0xb6605150] Threads_lock - owner thread: 0x8e610400
[0xb6605560] Heap_lock - owner thread: 0x8e629000

Heap
 PSYoungGen      total 92416K, used 17790K [0xa8f00000, 0xb3500000, 0xb3500000)
  eden space 56832K, 0% used [0xa8f00000,0xa8f00000,0xac680000)
  from space 35584K, 49% used [0xb1240000,0xb239fa00,0xb3500000)
  to   space 56576K, 0% used [0xac680000,0xac680000,0xafdc0000)
 ParOldGen       total 155648K, used 155510K [0x94300000, 0x9db00000, 0xa8f00000)
  object space 155648K, 99% used [0x94300000,0x9daddbc8,0x9db00000)
 PSPermGen       total 28928K, used 12905K [0x90300000, 0x91f40000, 0x94300000)
  object space 28928K, 44% used [0x90300000,0x90f9a438,0x91f40000)

Card table byte_map: [0x901e6000,0x90300000] byte_map_base: 0x8fd64800

Polling page: 0xb7738000

Code Cache  [0xb35e8000, 0xb3890000, 0xb65e8000)
 total_blobs=859 nmethods=717 adapters=96 free_code_cache=46500Kb largest_free_block=47551744

Compilation events (10 events):
Event: 36.572 Thread 0x8e627000 nmethod 805 0xb3794f08 code [0xb3795020, 0xb3795270]
Event: 36.582 Thread 0x8e629000  806             com.sun.tools.javac.util.BaseFileManager::nullCheck (7 bytes)
Event: 36.582 Thread 0x8e629000 nmethod 806 0xb37928c8 code [0xb37929c0, 0xb3792a10]
Event: 36.602 Thread 0x8e629000  807             com.sun.tools.javac.file.BaseFileObject::getKind (5 bytes)
Event: 36.610 Thread 0x8e629000 nmethod 807 0xb3793a88 code [0xb3793ba0, 0xb3793e50]
Event: 36.705 Thread 0x8e627000  809             java.util.Calendar::set (72 bytes)
Event: 36.707 Thread 0x8e627000 nmethod 809 0xb3794b08 code [0xb3794c00, 0xb3794d50]
Event: 36.723 Thread 0x8e627000  810             com.sun.tools.javac.util.Name::append (53 bytes)
Event: 36.730 Thread 0x8e627000 nmethod 810 0xb37931c8 code [0xb3793300, 0xb37936bc]
Event: 36.735 Thread 0x8e629000  811             com.sun.tools.javac.comp.Enter::classEnter (61 bytes)

GC Heap History (10 events):
Event: 21.121 GC heap after
Heap after GC invocations=14 (full 0):
 PSYoungGen      total 118272K, used 4861K [0xa8f00000, 0xb3500000, 0xb3500000)
  eden space 113408K, 0% used [0xa8f00000,0xa8f00000,0xafdc0000)
  from space 4864K, 99% used [0xb1240000,0xb16ff458,0xb1700000)
  to   space 20992K, 0% used [0xafdc0000,0xafdc0000,0xb1240000)
 ParOldGen       total 53760K, used 53617K [0x94300000, 0x97780000, 0xa8f00000)
  object space 53760K, 99% used [0x94300000,0x9775c550,0x97780000)
 PSPermGen       total 16384K, used 12796K [0x90300000, 0x91300000, 0x94300000)
  object space 16384K, 78% used [0x90300000,0x90f7f310,0x91300000)
}
Event: 21.121 GC heap before
{Heap before GC invocations=15 (full 1):
 PSYoungGen      total 118272K, used 4861K [0xa8f00000, 0xb3500000, 0xb3500000)
  eden space 113408K, 0% used [0xa8f00000,0xa8f00000,0xafdc0000)
  from space 4864K, 99% used [0xb1240000,0xb16ff458,0xb1700000)
  to   space 20992K, 0% used [0xafdc0000,0xafdc0000,0xb1240000)
 ParOldGen       total 53760K, used 53617K [0x94300000, 0x97780000, 0xa8f00000)
  object space 53760K, 99% used [0x94300000,0x9775c550,0x97780000)
 PSPermGen       total 16384K, used 12796K [0x90300000, 0x91300000, 0x94300000)
  object space 16384K, 78% used [0x90300000,0x90f7f310,0x91300000)
Event: 21.772 GC heap after
Heap after GC invocations=15 (full 1):
 PSYoungGen      total 118272K, used 221K [0xa8f00000, 0xb3500000, 0xb3500000)
  eden space 113408K, 0% used [0xa8f00000,0xa8f00000,0xafdc0000)
  from space 4864K, 4% used [0xb1240000,0xb12776c0,0xb1700000)
  to   space 20992K, 0% used [0xafdc0000,0xafdc0000,0xb1240000)
 ParOldGen       total 83968K, used 53546K [0x94300000, 0x99500000, 0xa8f00000)
  object space 83968K, 63% used [0x94300000,0x9774a948,0x99500000)
 PSPermGen       total 25600K, used 12788K [0x90300000, 0x91c00000, 0x94300000)
  object space 25600K, 49% used [0x90300000,0x90f7d288,0x91c00000)
}
Event: 28.040 GC heap before
{Heap before GC invocations=16 (full 1):
 PSYoungGen      total 118272K, used 113629K [0xa8f00000, 0xb3500000, 0xb3500000)
  eden space 113408K, 100% used [0xa8f00000,0xafdc0000,0xafdc0000)
  from space 4864K, 4% used [0xb1240000,0xb12776c0,0xb1700000)
  to   space 20992K, 0% used [0xafdc0000,0xafdc0000,0xb1240000)
 ParOldGen       total 83968K, used 53546K [0x94300000, 0x99500000, 0xa8f00000)
  object space 83968K, 63% used [0x94300000,0x9774a948,0x99500000)
 PSPermGen       total 25600K, used 12797K [0x90300000, 0x91c00000, 0x94300000)
  object space 25600K, 49% used [0x90300000,0x90f7f760,0x91c00000)
Event: 28.418 GC heap after
Heap after GC invocations=16 (full 1):
 PSYoungGen      total 134400K, used 20986K [0xa8f00000, 0xb3500000, 0xb3500000)
  eden space 113408K, 0% used [0xa8f00000,0xa8f00000,0xafdc0000)
  from space 20992K, 99% used [0xafdc0000,0xb123ebe0,0xb1240000)
  to   space 35584K, 0% used [0xb1240000,0xb1240000,0xb3500000)
 ParOldGen       total 101632K, used 101490K [0x94300000, 0x9a640000, 0xa8f00000)
  object space 101632K, 99% used [0x94300000,0x9a61c9a8,0x9a640000)
 PSPermGen       total 25600K, used 12797K [0x90300000, 0x91c00000, 0x94300000)
  object space 25600K, 49% used [0x90300000,0x90f7f760,0x91c00000)
}
Event: 28.418 GC heap before
{Heap before GC invocations=17 (full 2):
 PSYoungGen      total 134400K, used 20986K [0xa8f00000, 0xb3500000, 0xb3500000)
  eden space 113408K, 0% used [0xa8f00000,0xa8f00000,0xafdc0000)
  from space 20992K, 99% used [0xafdc0000,0xb123ebe0,0xb1240000)
  to   space 35584K, 0% used [0xb1240000,0xb1240000,0xb3500000)
 ParOldGen       total 101632K, used 101490K [0x94300000, 0x9a640000, 0xa8f00000)
  object space 101632K, 99% used [0x94300000,0x9a61c9a8,0x9a640000)
 PSPermGen       total 25600K, used 12797K [0x90300000, 0x91c00000, 0x94300000)
  object space 25600K, 49% used [0x90300000,0x90f7f760,0x91c00000)
Event: 29.405 GC heap after
Heap after GC invocations=17 (full 2):
 PSYoungGen      total 134400K, used 19212K [0xa8f00000, 0xb3500000, 0xb3500000)
  eden space 113408K, 0% used [0xa8f00000,0xa8f00000,0xafdc0000)
  from space 20992K, 91% used [0xafdc0000,0xb10832b8,0xb1240000)
  to   space 35584K, 0% used [0xb1240000,0xb1240000,0xb3500000)
 ParOldGen       total 155648K, used 101374K [0x94300000, 0x9db00000, 0xa8f00000)
  object space 155648K, 65% used [0x94300000,0x9a5ffba8,0x9db00000)
 PSPermGen       total 28928K, used 12797K [0x90300000, 0x91f40000, 0x94300000)
  object space 28928K, 44% used [0x90300000,0x90f7f6f0,0x91f40000)
}
Event: 36.737 GC heap before
{Heap before GC invocations=18 (full 2):
 PSYoungGen      total 134400K, used 132620K [0xa8f00000, 0xb3500000, 0xb3500000)
  eden space 113408K, 100% used [0xa8f00000,0xafdc0000,0xafdc0000)
  from space 20992K, 91% used [0xafdc0000,0xb10832b8,0xb1240000)
  to   space 35584K, 0% used [0xb1240000,0xb1240000,0xb3500000)
 ParOldGen       total 155648K, used 101374K [0x94300000, 0x9db00000, 0xa8f00000)
  object space 155648K, 65% used [0x94300000,0x9a5ffba8,0x9db00000)
 PSPermGen       total 28928K, used 12905K [0x90300000, 0x91f40000, 0x94300000)
  object space 28928K, 44% used [0x90300000,0x90f9a488,0x91f40000)
Event: 37.803 GC heap after
Heap after GC invocations=18 (full 2):
 PSYoungGen      total 92416K, used 35579K [0xa8f00000, 0xb3500000, 0xb3500000)
  eden space 56832K, 0% used [0xa8f00000,0xa8f00000,0xac680000)
  from space 35584K, 99% used [0xb1240000,0xb34feed0,0xb3500000)
  to   space 56576K, 0% used [0xac680000,0xac680000,0xafdc0000)
 ParOldGen       total 155648K, used 138319K [0x94300000, 0x9db00000, 0xa8f00000)
  object space 155648K, 88% used [0x94300000,0x9ca13df0,0x9db00000)
 PSPermGen       total 28928K, used 12905K [0x90300000, 0x91f40000, 0x94300000)
  object space 28928K, 44% used [0x90300000,0x90f9a488,0x91f40000)
}
Event: 37.803 GC heap before
{Heap before GC invocations=19 (full 3):
 PSYoungGen      total 92416K, used 35579K [0xa8f00000, 0xb3500000, 0xb3500000)
  eden space 56832K, 0% used [0xa8f00000,0xa8f00000,0xac680000)
  from space 35584K, 99% used [0xb1240000,0xb34feed0,0xb3500000)
  to   space 56576K, 0% used [0xac680000,0xac680000,0xafdc0000)
 ParOldGen       total 155648K, used 138319K [0x94300000, 0x9db00000, 0xa8f00000)
  object space 155648K, 88% used [0x94300000,0x9ca13df0,0x9db00000)
 PSPermGen       total 28928K, used 12905K [0x90300000, 0x91f40000, 0x94300000)
  object space 28928K, 44% used [0x90300000,0x90f9a488,0x91f40000)

Deoptimization events (10 events):
Event: 35.450 Thread 0xb6607c00 Uncommon trap: reason=array_check action=maybe_recompile pc=0xb388947c method=java.util.ComparableTimSort.mergeLo(IIII)V @ 583
Event: 35.451 Thread 0xb6607c00 Uncommon trap: reason=array_check action=maybe_recompile pc=0xb38891e4 method=java.util.ComparableTimSort.mergeLo(IIII)V @ 461
Event: 35.451 Thread 0xb6607c00 Uncommon trap: reason=array_check action=maybe_recompile pc=0xb38891e4 method=java.util.ComparableTimSort.mergeLo(IIII)V @ 461
Event: 35.694 Thread 0xb6607c00 Uncommon trap: reason=predicate action=maybe_recompile pc=0xb376f7c4 method=java.util.ComparableTimSort.reverseRange([Ljava/lang/Object;II)V @ 8
Event: 35.755 Thread 0xb6607c00 Uncommon trap: reason=unstable_if action=reinterpret pc=0xb388c020 method=java.util.ComparableTimSort.mergeLo(IIII)V @ 522
Event: 35.914 Thread 0xb6607c00 Uncommon trap: reason=array_check action=maybe_recompile pc=0xb388e0bc method=java.util.ComparableTimSort.reverseRange([Ljava/lang/Object;II)V @ 20
Event: 35.961 Thread 0xb6607c00 Uncommon trap: reason=array_check action=maybe_recompile pc=0xb388e0bc method=java.util.ComparableTimSort.reverseRange([Ljava/lang/Object;II)V @ 20
Event: 35.983 Thread 0xb6607c00 Uncommon trap: reason=array_check action=maybe_recompile pc=0xb388e0bc method=java.util.ComparableTimSort.reverseRange([Ljava/lang/Object;II)V @ 20
Event: 35.995 Thread 0xb6607c00 Uncommon trap: reason=array_check action=maybe_recompile pc=0xb388e0bc method=java.util.ComparableTimSort.reverseRange([Ljava/lang/Object;II)V @ 20
Event: 36.320 Thread 0xb6607c00 Uncommon trap: reason=unstable_if action=reinterpret pc=0xb375a190 method=javax.lang.model.SourceVersion.isIdentifier(Ljava/lang/CharSequence;)Z @ 54

Internal exceptions (10 events):
Event: 35.238 Thread 0xb6607c00 Threw 0xae2007f8 at /HUDSON/workspace/7u-2-build-linux-i586/jdk7u80/2329/hotspot/src/share/vm/prims/jni.cpp:717
Event: 35.758 Thread 0xb6607c00 Threw 0xae5386d0 at /HUDSON/workspace/7u-2-build-linux-i586/jdk7u80/2329/hotspot/src/share/vm/prims/jvm.cpp:1319
Event: 35.758 Thread 0xb6607c00 Threw 0xae538e48 at /HUDSON/workspace/7u-2-build-linux-i586/jdk7u80/2329/hotspot/src/share/vm/prims/jvm.cpp:1319
Event: 35.812 Thread 0xb6607c00 Threw 0xae546450 at /HUDSON/workspace/7u-2-build-linux-i586/jdk7u80/2329/hotspot/src/share/vm/prims/jni.cpp:717
Event: 36.181 Thread 0xb6607c00 Threw 0xae57fe98 at /HUDSON/workspace/7u-2-build-linux-i586/jdk7u80/2329/hotspot/src/share/vm/prims/jvm.cpp:1319
Event: 36.181 Thread 0xb6607c00 Threw 0xae5804e8 at /HUDSON/workspace/7u-2-build-linux-i586/jdk7u80/2329/hotspot/src/share/vm/prims/jvm.cpp:1319
Event: 36.219 Thread 0xb6607c00 Threw 0xae5c4b08 at /HUDSON/workspace/7u-2-build-linux-i586/jdk7u80/2329/hotspot/src/share/vm/prims/jvm.cpp:1319
Event: 36.219 Thread 0xb6607c00 Threw 0xae5c5148 at /HUDSON/workspace/7u-2-build-linux-i586/jdk7u80/2329/hotspot/src/share/vm/prims/jvm.cpp:1319
Event: 36.220 Thread 0xb6607c00 Threw 0xae5c7248 at /HUDSON/workspace/7u-2-build-linux-i586/jdk7u80/2329/hotspot/src/share/vm/prims/jvm.cpp:1319
Event: 36.220 Thread 0xb6607c00 Threw 0xae5c7938 at /HUDSON/workspace/7u-2-build-linux-i586/jdk7u80/2329/hotspot/src/share/vm/prims/jvm.cpp:1319

Events (10 events):
Event: 36.181 loading class 0x8d38ea18
Event: 36.181 loading class 0x8d38ea18 done
Event: 36.219 loading class 0x8d3abfe8
Event: 36.219 loading class 0x8d3abfe8 done
Event: 36.220 loading class 0x8d3b4660
Event: 36.220 loading class 0x8d3b4660 done
Event: 36.320 Thread 0xb6607c00 Uncommon trap: trap_request=0xffffff75 fr.pc=0xb375a190
Event: 36.320 Thread 0xb6607c00 DEOPT PACKING pc=0xb375a190 sp=0xb67dc190
Event: 36.320 Thread 0xb6607c00 DEOPT UNPACKING pc=0xb3614bc8 sp=0xb67dc178 mode 2
Event: 36.736 Executing VM operation: ParallelGCFailedAllocation


Dynamic libraries:
08048000-08049000 r-xp 00000000 08:06 705763     /usr/local/java/jdk1.7.0_80/bin/java
08049000-0804a000 rw-p 00000000 08:06 705763     /usr/local/java/jdk1.7.0_80/bin/java
09732000-09e5b000 rw-p 00000000 00:00 0          [heap]
8c900000-8c9fb000 rw-p 00000000 00:00 0 
8c9fb000-8ca00000 ---p 00000000 00:00 0 
8ca00000-8cb00000 rw-p 00000000 00:00 0 
8cb00000-8cbe8000 rw-p 00000000 00:00 0 
8cbe8000-8cc00000 ---p 00000000 00:00 0 
8cc00000-8ccfb000 rw-p 00000000 00:00 0 
8ccfb000-8cd00000 ---p 00000000 00:00 0 
8cd00000-8cdfd000 rw-p 00000000 00:00 0 
8cdfd000-8ce00000 ---p 00000000 00:00 0 
8ce00000-8ceff000 rw-p 00000000 00:00 0 
8ceff000-8cf00000 ---p 00000000 00:00 0 
8cf00000-8cfc7000 rw-p 00000000 00:00 0 
8cfc7000-8d000000 ---p 00000000 00:00 0 
8d100000-8d1fc000 rw-p 00000000 00:00 0 
8d1fc000-8d200000 ---p 00000000 00:00 0 
8d300000-8d3ff000 rw-p 00000000 00:00 0 
8d3ff000-8d400000 ---p 00000000 00:00 0 
8d400000-8d4ff000 rw-p 00000000 00:00 0 
8d4ff000-8d500000 ---p 00000000 00:00 0 
8d500000-8d5fe000 rw-p 00000000 00:00 0 
8d5fe000-8d600000 ---p 00000000 00:00 0 
8d695000-8d700000 r--s 00e21000 08:06 296708     /usr/local/java/jdk1.7.0_80/lib/tools.jar
8d700000-8d7fc000 rw-p 00000000 00:00 0 
8d7fc000-8d800000 ---p 00000000 00:00 0 
8d800000-8d900000 rw-p 00000000 00:00 0 
8d900000-8d9fe000 rw-p 00000000 00:00 0 
8d9fe000-8da00000 ---p 00000000 00:00 0 
8da00000-8db00000 rw-p 00000000 00:00 0 
8db00000-8dbf6000 rw-p 00000000 00:00 0 
8dbf6000-8dc00000 ---p 00000000 00:00 0 
8dc08000-8dc09000 r--s 00004000 08:07 534879     /home/akshat/.m2/repository/org/codehaus/plexus/plexus-compiler-javac/2.7/plexus-compiler-javac-2.7.jar
8dc09000-8dc0b000 r--s 00000000 08:07 276263     /home/akshat/.m2/repository/org/codehaus/plexus/plexus-compiler-manager/2.7/plexus-compiler-manager-2.7.jar
8dc0b000-8dc0d000 r--s 00005000 08:07 276261     /home/akshat/.m2/repository/org/codehaus/plexus/plexus-compiler-api/2.7/plexus-compiler-api-2.7.jar
8dc0d000-8dc0f000 r--s 00002000 08:07 534877     /home/akshat/.m2/repository/org/apache/maven/shared/maven-shared-incremental/1.1/maven-shared-incremental-1.1.jar
8dc0f000-8dc11000 r--s 00006000 08:07 407358     /home/akshat/.m2/repository/com/google/code/findbugs/jsr305/2.0.1/jsr305-2.0.1.jar
8dc11000-8dc15000 r--s 0002a000 08:07 407356     /home/akshat/.m2/repository/commons-io/commons-io/2.4/commons-io-2.4.jar
8dc15000-8dc18000 r--s 00023000 08:07 407354     /home/akshat/.m2/repository/org/apache/maven/shared/maven-shared-utils/3.0.0/maven-shared-utils-3.0.0.jar
8dc18000-8dc1a000 r--s 00002000 08:07 276257     /home/akshat/.m2/repository/org/sonatype/plexus/plexus-cipher/1.4/plexus-cipher-1.4.jar
8dc1a000-8dc1b000 r--s 00006000 08:07 165725     /home/akshat/.m2/repository/org/sonatype/plexus/plexus-sec-dispatcher/1.3/plexus-sec-dispatcher-1.3.jar
8dc1b000-8dc1d000 r--s 00000000 08:07 165723     /home/akshat/.m2/repository/org/codehaus/plexus/plexus-component-annotations/1.5.5/plexus-component-annotations-1.5.5.jar
8dc1d000-8dc1f000 r--s 0000d000 08:07 165719     /home/akshat/.m2/repository/org/codehaus/plexus/plexus-interpolation/1.14/plexus-interpolation-1.14.jar
8dc1f000-8dc23000 r--s 00017000 08:07 276255     /home/akshat/.m2/repository/org/sonatype/aether/aether-util/1.7/aether-util-1.7.jar
8dc23000-8dc27000 r--s 00033000 08:07 165711     /home/akshat/.m2/repository/org/codehaus/plexus/plexus-utils/2.0.4/plexus-utils-2.0.4.jar
8dc27000-8dc32000 r--s 00069000 08:07 165707     /home/akshat/.m2/repository/org/sonatype/sisu/sisu-guice/2.1.7/sisu-guice-2.1.7-noaop.jar
8dc32000-8dc37000 r--s 00021000 08:07 165705     /home/akshat/.m2/repository/org/sonatype/sisu/sisu-inject-bean/1.4.2/sisu-inject-bean-1.4.2.jar
8dc37000-8dc39000 r--s 0000b000 08:07 152863     /home/akshat/.m2/repository/org/apache/maven/plugins/maven-compiler-plugin/3.5.1/maven-compiler-plugin-3.5.1.jar
8dc39000-8dc3b000 r--s 0000d000 08:07 276317     /home/akshat/.m2/repository/org/codehaus/plexus/plexus-interpolation/1.13/plexus-interpolation-1.13.jar
8dc3b000-8dc3f000 r--s 00033000 08:07 165769     /home/akshat/.m2/repository/org/codehaus/plexus/plexus-utils/2.0.5/plexus-utils-2.0.5.jar
8dc3f000-8de00000 rw-p 00000000 00:00 0 
8de00000-8deff000 rw-p 00000000 00:00 0 
8deff000-8df00000 ---p 00000000 00:00 0 
8df00000-8dff6000 rw-p 00000000 00:00 0 
8dff6000-8e000000 ---p 00000000 00:00 0 
8e000000-8e100000 rw-p 00000000 00:00 0 
8e100000-8e101000 r--s 00001000 08:07 276315     /home/akshat/.m2/repository/org/sonatype/plexus/plexus-build-api/0.0.4/plexus-build-api-0.0.4.jar
8e101000-8e103000 r--s 00009000 08:07 534905     /home/akshat/.m2/repository/org/apache/maven/shared/maven-filtering/1.1/maven-filtering-1.1.jar
8e103000-8e106000 r--s 0001b000 08:07 276313     /home/akshat/.m2/repository/junit/junit/3.8.1/junit-3.8.1.jar
8e106000-8e108000 r--s 00002000 08:07 276309     /home/akshat/.m2/repository/org/codehaus/plexus/plexus-interactivity-api/1.0-alpha-4/plexus-interactivity-api-1.0-alpha-4.jar
8e108000-8e10a000 r--s 00006000 08:07 407424     /home/akshat/.m2/repository/commons-cli/commons-cli/1.0/commons-cli-1.0.jar
8e10a000-8e11f000 r-xp 00000000 08:06 440372     /usr/local/java/jdk1.7.0_80/jre/lib/i386/libnet.so
8e11f000-8e120000 rw-p 00015000 08:06 440372     /usr/local/java/jdk1.7.0_80/jre/lib/i386/libnet.so
8e120000-8e12e000 r-xp 00000000 08:06 440353     /usr/local/java/jdk1.7.0_80/jre/lib/i386/libnio.so
8e12e000-8e12f000 rw-p 0000e000 08:06 440353     /usr/local/java/jdk1.7.0_80/jre/lib/i386/libnio.so
8e12f000-8e15a000 r--s 001fc000 08:07 263327     /home/akshat/Documents/DistributedComputing/eclipse/plugins/org.eclipse.m2e.maven.runtime_1.8.0.20160921-2001/jars/guava-18.0.jar
8e15a000-8e15b000 ---p 00000000 00:00 0 
8e15b000-8e1db000 rw-p 00000000 00:00 0 
8e1db000-8e1de000 ---p 00000000 00:00 0 
8e1de000-8e22c000 rw-p 00000000 00:00 0 
8e22c000-8e22f000 ---p 00000000 00:00 0 
8e22f000-8e2ad000 rw-p 00000000 00:00 0 
8e2ad000-8e2b0000 ---p 00000000 00:00 0 
8e2b0000-8e32e000 rw-p 00000000 00:00 0 
8e32e000-8e331000 ---p 00000000 00:00 0 
8e331000-8e37f000 rw-p 00000000 00:00 0 
8e37f000-8e57f000 r--p 00000000 08:06 2007       /usr/lib/locale/locale-archive
8e57f000-8e580000 ---p 00000000 00:00 0 
8e580000-8e600000 rw-p 00000000 00:00 0 
8e600000-8e6fe000 rw-p 00000000 00:00 0 
8e6fe000-8e700000 ---p 00000000 00:00 0 
8e700000-8e701000 r--s 00001000 08:07 407420     /home/akshat/.m2/repository/org/apache/maven/doxia/doxia-sink-api/1.0-alpha-7/doxia-sink-api-1.0-alpha-7.jar
8e701000-8e702000 r--s 00002000 08:07 407418     /home/akshat/.m2/repository/org/apache/maven/reporting/maven-reporting-api/2.0.6/maven-reporting-api-2.0.6.jar
8e702000-8e704000 r--s 00006000 08:07 155750     /home/akshat/.m2/repository/org/apache/maven/plugins/maven-resources-plugin/2.6/maven-resources-plugin-2.6.jar
8e704000-8e708000 r--s 0008b000 08:06 296723     /usr/local/java/jdk1.7.0_80/jre/lib/jsse.jar
8e708000-8e709000 r--s 00002000 08:07 263313     /home/akshat/Documents/DistributedComputing/eclipse/plugins/org.eclipse.m2e.maven.runtime.slf4j.simple_1.8.0.20160921-2001/jars/slf4j-simple-1.7.5.jar
8e709000-8e70e000 r--s 00041000 08:07 263330     /home/akshat/Documents/DistributedComputing/eclipse/plugins/org.eclipse.m2e.maven.runtime_1.8.0.20160921-2001/jars/commons-lang-2.6.jar
8e70e000-8e70f000 r--s 00002000 08:07 263342     /home/akshat/Documents/DistributedComputing/eclipse/plugins/org.eclipse.m2e.maven.runtime_1.8.0.20160921-2001/jars/wagon-file-2.10.jar
8e70f000-8e711000 r--s 00005000 08:07 263329     /home/akshat/Documents/DistributedComputing/eclipse/plugins/org.eclipse.m2e.maven.runtime_1.8.0.20160921-2001/jars/aether-transport-wagon-1.0.2.v20150114.jar
8e711000-8e712000 r--s 00008000 08:07 263344     /home/akshat/Documents/DistributedComputing/eclipse/plugins/org.eclipse.m2e.maven.runtime_1.8.0.20160921-2001/jars/aether-connector-basic-1.0.2.v20150114.jar
8e712000-8e714000 r--s 0000f000 08:07 263349     /home/akshat/Documents/DistributedComputing/eclipse/plugins/org.eclipse.m2e.maven.runtime_1.8.0.20160921-2001/jars/okio-1.6.0.jar
8e714000-8e719000 r--s 00049000 08:07 263359     /home/akshat/Documents/DistributedComputing/eclipse/plugins/org.eclipse.m2e.maven.runtime_1.8.0.20160921-2001/jars/okhttp-2.5.0.jar
8e719000-8e71b000 r--s 0000b000 08:07 263340     /home/akshat/Documents/DistributedComputing/eclipse/plugins/org.eclipse.m2e.maven.runtime_1.8.0.20160921-2001/jars/aether-connector-okhttp-0.16.0.jar
8e71b000-8e71d000 r--s 00006000 08:07 263352     /home/akshat/Documents/DistributedComputing/eclipse/plugins/org.eclipse.m2e.maven.runtime_1.8.0.20160921-2001/jars/aether-spi-1.0.2.v20150114.jar
8e71d000-8e721000 r--s 00027000 08:07 263356     /home/akshat/Documents/DistributedComputing/eclipse/plugins/org.eclipse.m2e.maven.runtime_1.8.0.20160921-2001/jars/aether-impl-1.0.2.v20150114.jar
8e721000-8e729000 r--s 00055000 08:07 263357     /home/akshat/Documents/DistributedComputing/eclipse/plugins/org.eclipse.m2e.maven.runtime_1.8.0.20160921-2001/jars/org.eclipse.sisu.inject-0.3.2.jar
8e729000-8e72a000 r--s 00001000 08:07 263361     /home/akshat/Documents/DistributedComputing/eclipse/plugins/org.eclipse.m2e.maven.runtime_1.8.0.20160921-2001/jars/jsr250-api-1.0.jar
8e72a000-8e72d000 r--s 00008000 08:07 263328     /home/akshat/Documents/DistributedComputing/eclipse/plugins/org.eclipse.m2e.maven.runtime_1.8.0.20160921-2001/jars/cdi-api-1.0.jar
8e72d000-8e730000 ---p 00000000 00:00 0 
8e730000-8e77e000 rw-p 00000000 00:00 0 
8e77e000-8e93e000 r--s 039fb000 08:06 297021     /usr/local/java/jdk1.7.0_80/jre/lib/rt.jar
8e93e000-8fd00000 rw-p 00000000 00:00 0 
8fd00000-8fdff000 rw-p 00000000 00:00 0 
8fdff000-8fe00000 ---p 00000000 00:00 0 
8fe00000-8fe06000 r--s 0002d000 08:07 263339     /home/akshat/Documents/DistributedComputing/eclipse/plugins/org.eclipse.m2e.maven.runtime_1.8.0.20160921-2001/jars/org.eclipse.sisu.plexus-0.3.2.jar
8fe06000-8fe09000 r--s 0000b000 08:07 263348     /home/akshat/Documents/DistributedComputing/eclipse/plugins/org.eclipse.m2e.maven.runtime_1.8.0.20160921-2001/jars/wagon-provider-api-2.10.jar
8fe09000-8fe0c000 ---p 00000000 00:00 0 
8fe0c000-8ff00000 rw-p 00000000 00:00 0 
8ff00000-8ff21000 rw-p 00000000 00:00 0 
8ff21000-90000000 ---p 00000000 00:00 0 
90000000-90006000 r--s 00041000 08:07 263362     /home/akshat/Documents/DistributedComputing/eclipse/plugins/org.eclipse.m2e.maven.runtime_1.8.0.20160921-2001/jars/maven-compat-3.3.9.jar
90006000-90008000 r--s 00009000 08:07 263355     /home/akshat/Documents/DistributedComputing/eclipse/plugins/org.eclipse.m2e.maven.runtime_1.8.0.20160921-2001/jars/commons-cli-1.2.jar
90008000-9000a000 r--s 00002000 08:07 263338     /home/akshat/Documents/DistributedComputing/eclipse/plugins/org.eclipse.m2e.maven.runtime_1.8.0.20160921-2001/jars/plexus-cipher-1.7.jar
9000a000-9000d000 r--s 00013000 08:07 263334     /home/akshat/Documents/DistributedComputing/eclipse/plugins/org.eclipse.m2e.maven.runtime_1.8.0.20160921-2001/jars/maven-embedder-3.3.9.jar
9000d000-90014000 r--s 00064000 08:07 263341     /home/akshat/Documents/DistributedComputing/eclipse/plugins/org.eclipse.m2e.maven.runtime_1.8.0.20160921-2001/jars/commons-lang3-3.4.jar
90014000-90016000 r--s 00000000 08:07 263363     /home/akshat/Documents/DistributedComputing/eclipse/plugins/org.eclipse.m2e.maven.runtime_1.8.0.20160921-2001/jars/plexus-component-annotations-1.6.jar
90016000-9001a000 r--s 00038000 08:07 263351     /home/akshat/Documents/DistributedComputing/eclipse/plugins/org.eclipse.m2e.maven.runtime_1.8.0.20160921-2001/jars/plexus-utils-3.0.22.jar
9001a000-9001d000 r--s 0000d000 08:07 263345     /home/akshat/Documents/DistributedComputing/eclipse/plugins/org.eclipse.m2e.maven.runtime_1.8.0.20160921-2001/jars/plexus-interpolation-1.21.jar
9001d000-90026000 r--s 0005f000 08:07 263331     /home/akshat/Documents/DistributedComputing/eclipse/plugins/org.eclipse.m2e.maven.runtime_1.8.0.20160921-2001/jars/guice-4.0-no_aop.jar
90026000-9002a000 r--s 00020000 08:07 263337     /home/akshat/Documents/DistributedComputing/eclipse/plugins/org.eclipse.m2e.maven.runtime_1.8.0.20160921-2001/jars/aether-util-1.0.2.v20150114.jar
9002a000-9002f000 r--s 0001d000 08:07 263335     /home/akshat/Documents/DistributedComputing/eclipse/plugins/org.eclipse.m2e.maven.runtime_1.8.0.20160921-2001/jars/aether-api-1.0.2.v20150114.jar
9002f000-90031000 r--s 0000f000 08:07 263350     /home/akshat/Documents/DistributedComputing/eclipse/plugins/org.eclipse.m2e.maven.runtime_1.8.0.20160921-2001/jars/maven-aether-provider-3.3.9.jar
90031000-9003e000 r--s 0008f000 08:07 263365     /home/akshat/Documents/DistributedComputing/eclipse/plugins/org.eclipse.m2e.maven.runtime_1.8.0.20160921-2001/jars/maven-core-3.3.9.jar
9003e000-9003f000 ---p 00000000 00:00 0 
9003f000-900bf000 rw-p 00000000 00:00 0 
900bf000-900c0000 ---p 00000000 00:00 0 
900c0000-9018c000 rw-p 00000000 00:00 0 
9018c000-901e6000 rw-p 00000000 00:00 0 
901e6000-901f5000 rw-p 00000000 00:00 0 
901f5000-90206000 rw-p 00000000 00:00 0 
90206000-90252000 rw-p 00000000 00:00 0 
90252000-902ac000 rw-p 00000000 00:00 0 
902ac000-902ff000 rw-p 00000000 00:00 0 
902ff000-91f40000 rw-p 00000000 00:00 0 
91f40000-94300000 rw-p 00000000 00:00 0 
94300000-9db00000 rw-p 00000000 00:00 0 
a1ecd000-a2040000 rw-p 00000000 00:00 0 
a2040000-a8f00000 rw-p 00000000 00:00 0 
a8f00000-b3500000 rw-p 00000000 00:00 0 
b3500000-b3501000 r--s 00006000 08:07 263346     /home/akshat/Documents/DistributedComputing/eclipse/plugins/org.eclipse.m2e.maven.runtime_1.8.0.20160921-2001/jars/plexus-sec-dispatcher-1.3.jar
b3501000-b3506000 r--s 00027000 08:07 263332     /home/akshat/Documents/DistributedComputing/eclipse/plugins/org.eclipse.m2e.maven.runtime_1.8.0.20160921-2001/jars/maven-model-builder-3.3.9.jar
b3506000-b3508000 r--s 0000a000 08:07 263353     /home/akshat/Documents/DistributedComputing/eclipse/plugins/org.eclipse.m2e.maven.runtime_1.8.0.20160921-2001/jars/maven-plugin-api-3.3.9.jar
b3508000-b3517000 rw-p 00000000 00:00 0 
b3517000-b3528000 rw-p 00000000 00:00 0 
b3528000-b3533000 rw-p 00000000 00:00 0 
b3533000-b35e8000 rw-p 00000000 00:00 0 
b35e8000-b3890000 rwxp 00000000 00:00 0 
b3890000-b65e8000 rw-p 00000000 00:00 0 
b65e8000-b65ff000 r-xp 00000000 08:06 440373     /usr/local/java/jdk1.7.0_80/jre/lib/i386/libzip.so
b65ff000-b6600000 rw-p 00016000 08:06 440373     /usr/local/java/jdk1.7.0_80/jre/lib/i386/libzip.so
b6600000-b66f3000 rw-p 00000000 00:00 0 
b66f3000-b6700000 ---p 00000000 00:00 0 
b6700000-b6702000 r--s 0000c000 08:07 263354     /home/akshat/Documents/DistributedComputing/eclipse/plugins/org.eclipse.m2e.maven.runtime_1.8.0.20160921-2001/jars/maven-artifact-3.3.9.jar
b6702000-b6703000 r--s 00006000 08:07 263364     /home/akshat/Documents/DistributedComputing/eclipse/plugins/org.eclipse.m2e.maven.runtime_1.8.0.20160921-2001/jars/maven-repository-metadata-3.3.9.jar
b6703000-b6705000 r--s 00009000 08:07 263360     /home/akshat/Documents/DistributedComputing/eclipse/plugins/org.eclipse.m2e.maven.runtime_1.8.0.20160921-2001/jars/maven-settings-builder-3.3.9.jar
b6705000-b6710000 r-xp 00000000 08:06 555855     /lib/i386-linux-gnu/libnss_files-2.23.so
b6710000-b6711000 r--p 0000a000 08:06 555855     /lib/i386-linux-gnu/libnss_files-2.23.so
b6711000-b6712000 rw-p 0000b000 08:06 555855     /lib/i386-linux-gnu/libnss_files-2.23.so
b6712000-b6718000 rw-p 00000000 00:00 0 
b6718000-b6723000 r-xp 00000000 08:06 555848     /lib/i386-linux-gnu/libnss_nis-2.23.so
b6723000-b6724000 r--p 0000a000 08:06 555848     /lib/i386-linux-gnu/libnss_nis-2.23.so
b6724000-b6725000 rw-p 0000b000 08:06 555848     /lib/i386-linux-gnu/libnss_nis-2.23.so
b6725000-b673c000 r-xp 00000000 08:06 555850     /lib/i386-linux-gnu/libnsl-2.23.so
b673c000-b673d000 r--p 00016000 08:06 555850     /lib/i386-linux-gnu/libnsl-2.23.so
b673d000-b673e000 rw-p 00017000 08:06 555850     /lib/i386-linux-gnu/libnsl-2.23.so
b673e000-b6740000 rw-p 00000000 00:00 0 
b6740000-b6748000 r-xp 00000000 08:06 555856     /lib/i386-linux-gnu/libnss_compat-2.23.so
b6748000-b6749000 r--p 00007000 08:06 555856     /lib/i386-linux-gnu/libnss_compat-2.23.so
b6749000-b674a000 rw-p 00008000 08:06 555856     /lib/i386-linux-gnu/libnss_compat-2.23.so
b674a000-b674b000 r--s 00003000 08:07 263358     /home/akshat/Documents/DistributedComputing/eclipse/plugins/org.eclipse.m2e.maven.runtime_1.8.0.20160921-2001/jars/maven-builder-support-3.3.9.jar
b674b000-b674c000 r--s 0000a000 08:07 263336     /home/akshat/Documents/DistributedComputing/eclipse/plugins/org.eclipse.m2e.maven.runtime_1.8.0.20160921-2001/jars/maven-settings-3.3.9.jar
b674c000-b674f000 r--s 00026000 08:07 263343     /home/akshat/Documents/DistributedComputing/eclipse/plugins/org.eclipse.m2e.maven.runtime_1.8.0.20160921-2001/jars/maven-model-3.3.9.jar
b674f000-b6751000 r--s 0000b000 08:07 263333     /home/akshat/Documents/DistributedComputing/eclipse/plugins/org.eclipse.m2e.maven.runtime_1.8.0.20160921-2001/jars/plexus-classworlds-2.5.2.jar
b6751000-b6752000 r--p 002d4000 08:06 2007       /usr/lib/locale/locale-archive
b6752000-b6760000 rw-p 00000000 00:00 0 
b6760000-b6783000 r-xp 00000000 08:06 440350     /usr/local/java/jdk1.7.0_80/jre/lib/i386/libjava.so
b6783000-b6784000 rw-p 00023000 08:06 440350     /usr/local/java/jdk1.7.0_80/jre/lib/i386/libjava.so
b6784000-b678b000 r-xp 00000000 08:06 555857     /lib/i386-linux-gnu/librt-2.23.so
b678b000-b678c000 r--p 00006000 08:06 555857     /lib/i386-linux-gnu/librt-2.23.so
b678c000-b678d000 rw-p 00007000 08:06 555857     /lib/i386-linux-gnu/librt-2.23.so
b678d000-b6790000 ---p 00000000 00:00 0 
b6790000-b67de000 rw-p 00000000 00:00 0 
b67de000-b6831000 r-xp 00000000 08:06 555849     /lib/i386-linux-gnu/libm-2.23.so
b6831000-b6832000 r--p 00052000 08:06 555849     /lib/i386-linux-gnu/libm-2.23.so
b6832000-b6833000 rw-p 00053000 08:06 555849     /lib/i386-linux-gnu/libm-2.23.so
b6833000-b70ba000 r-xp 00000000 08:06 440333     /usr/local/java/jdk1.7.0_80/jre/lib/i386/server/libjvm.so
b70ba000-b711e000 rw-p 00886000 08:06 440333     /usr/local/java/jdk1.7.0_80/jre/lib/i386/server/libjvm.so
b711e000-b7542000 rw-p 00000000 00:00 0 
b7542000-b76f1000 r-xp 00000000 08:06 555851     /lib/i386-linux-gnu/libc-2.23.so
b76f1000-b76f2000 ---p 001af000 08:06 555851     /lib/i386-linux-gnu/libc-2.23.so
b76f2000-b76f4000 r--p 001af000 08:06 555851     /lib/i386-linux-gnu/libc-2.23.so
b76f4000-b76f5000 rw-p 001b1000 08:06 555851     /lib/i386-linux-gnu/libc-2.23.so
b76f5000-b76f8000 rw-p 00000000 00:00 0 
b76f8000-b76fb000 r-xp 00000000 08:06 555847     /lib/i386-linux-gnu/libdl-2.23.so
b76fb000-b76fc000 r--p 00002000 08:06 555847     /lib/i386-linux-gnu/libdl-2.23.so
b76fc000-b76fd000 rw-p 00003000 08:06 555847     /lib/i386-linux-gnu/libdl-2.23.so
b76fd000-b7711000 r-xp 00000000 08:06 296707     /usr/local/java/jdk1.7.0_80/lib/i386/jli/libjli.so
b7711000-b7712000 rw-p 00013000 08:06 296707     /usr/local/java/jdk1.7.0_80/lib/i386/jli/libjli.so
b7712000-b772b000 r-xp 00000000 08:06 555861     /lib/i386-linux-gnu/libpthread-2.23.so
b772b000-b772c000 r--p 00018000 08:06 555861     /lib/i386-linux-gnu/libpthread-2.23.so
b772c000-b772d000 rw-p 00019000 08:06 555861     /lib/i386-linux-gnu/libpthread-2.23.so
b772d000-b772f000 rw-p 00000000 00:00 0 
b772f000-b7737000 rw-s 00000000 08:06 789361     /tmp/hsperfdata_akshat/7011
b7737000-b7738000 rw-p 00000000 00:00 0 
b7738000-b7739000 ---p 00000000 00:00 0 
b7739000-b7744000 r-xp 00000000 08:06 440369     /usr/local/java/jdk1.7.0_80/jre/lib/i386/libverify.so
b7744000-b7745000 rw-p 0000b000 08:06 440369     /usr/local/java/jdk1.7.0_80/jre/lib/i386/libverify.so
b7745000-b7747000 rw-p 00000000 00:00 0 
b7747000-b7749000 r--p 00000000 00:00 0          [vvar]
b7749000-b774a000 r-xp 00000000 00:00 0          [vdso]
b774a000-b776c000 r-xp 00000000 08:06 555852     /lib/i386-linux-gnu/ld-2.23.so
b776c000-b776d000 rw-p 00000000 00:00 0 
b776d000-b776e000 r--p 00022000 08:06 555852     /lib/i386-linux-gnu/ld-2.23.so
b776e000-b776f000 rw-p 00023000 08:06 555852     /lib/i386-linux-gnu/ld-2.23.so
bf97e000-bf97f000 rwxp 00000000 00:00 0 
bf9b0000-bf9d2000 rw-p 00000000 00:00 0          [stack]

VM Arguments:
jvm_args: -Dmaven.home=EMBEDDED -Dclassworlds.conf=/home/akshat/workspace/.metadata/.plugins/org.eclipse.m2e.launching/launches/m2conf5996765250945798798.tmp -Dmaven.multiModuleProjectDirectory=/home/akshat/workspace/HCDistributed -Dfile.encoding=UTF-8 
java_command: org.codehaus.plexus.classworlds.launcher.Launcher -B package shade:shade
Launcher Type: SUN_STANDARD

Environment Variables:
JAVA_HOME=/usr/local/java/jdk1.8.0_101
JRE_HOME=/usr/local/java/jdk1.8.0_101/jre
PATH=/home/akshat/Documents/DistributedComputing/hadoop-2.7.2/bin:/home/akshat/Downloads/mosek/7/tools/platform/linux32x86/bin:/home/akshat/Downloads/sublime_text_3/sublime_text:/home/akshat/Documents/DistributedComputing/eclipse:/home/akshat/bin:/home/akshat/.local/bin:/usr/local/sbin:/usr/local/bin:/usr/sbin:/usr/bin:/sbin:/bin:/usr/games:/usr/local/games:/snap/bin:/usr/local/java/jdk1.8.0_101/bin:/usr/local/java/jdk1.8.0_101/jre/bin
LD_LIBRARY_PATH=/usr/local/java/jdk1.7.0_80/jre/lib/i386/server:/usr/local/java/jdk1.7.0_80/jre/lib/i386:/usr/local/java/jdk1.7.0_80/jre/../lib/i386:/usr/local/java/jdk1.8.0_101/jre/lib/i386/client:/usr/local/java/jdk1.8.0_101/jre/lib/i386:
SHELL=/bin/bash
DISPLAY=:0

Signal Handlers:
SIGSEGV: [libjvm.so+0x7eb160], sa_mask[0]=0x7ffbfeff, sa_flags=0x10000004
SIGBUS: [libjvm.so+0x7eb160], sa_mask[0]=0x7ffbfeff, sa_flags=0x10000004
SIGFPE: [libjvm.so+0x684ac0], sa_mask[0]=0x7ffbfeff, sa_flags=0x10000004
SIGPIPE: [libjvm.so+0x684ac0], sa_mask[0]=0x7ffbfeff, sa_flags=0x10000004
SIGXFSZ: [libjvm.so+0x684ac0], sa_mask[0]=0x7ffbfeff, sa_flags=0x10000004
SIGILL: [libjvm.so+0x684ac0], sa_mask[0]=0x7ffbfeff, sa_flags=0x10000004
SIGUSR1: SIG_DFL, sa_mask[0]=0x00000000, sa_flags=0x00000000
SIGUSR2: [libjvm.so+0x686330], sa_mask[0]=0x00000004, sa_flags=0x10000004
SIGHUP: [libjvm.so+0x687660], sa_mask[0]=0x7ffbfeff, sa_flags=0x10000004
SIGINT: [libjvm.so+0x687660], sa_mask[0]=0x7ffbfeff, sa_flags=0x10000004
SIGTERM: [libjvm.so+0x687660], sa_mask[0]=0x7ffbfeff, sa_flags=0x10000004
SIGQUIT: [libjvm.so+0x687660], sa_mask[0]=0x7ffbfeff, sa_flags=0x10000004


---------------  S Y S T E M  ---------------

OS:stretch/sid

uname:Linux 4.4.0-75-generic #96-Ubuntu SMP Thu Apr 20 09:55:15 UTC 2017 i686
libc:glibc 2.23 NPTL 2.23 
rlimit: STACK 8192k, CORE 0k, NPROC 15619, NOFILE 65536, AS infinity
load average:1.67 0.86 0.65

/proc/meminfo:
MemTotal:        2036416 kB
MemFree:          121880 kB
MemAvailable:      17608 kB
Buffers:            6524 kB
Cached:           229876 kB
SwapCached:            0 kB
Active:          1625544 kB
Inactive:         213960 kB
Active(anon):    1605136 kB
Inactive(anon):   188572 kB
Active(file):      20408 kB
Inactive(file):    25388 kB
Unevictable:         248 kB
Mlocked:             248 kB
HighTotal:       1157832 kB
HighFree:          14856 kB
LowTotal:         878584 kB
LowFree:          107024 kB
SwapTotal:             0 kB
SwapFree:              0 kB
Dirty:                52 kB
Writeback:             0 kB
AnonPages:       1603672 kB
Mapped:            54476 kB
Shmem:            190340 kB
Slab:              38132 kB
SReclaimable:      17396 kB
SUnreclaim:        20736 kB
KernelStack:        4328 kB
PageTables:        12044 kB
NFS_Unstable:          0 kB
Bounce:                0 kB
WritebackTmp:          0 kB
CommitLimit:     1018208 kB
Committed_AS:    5246380 kB
VmallocTotal:     122880 kB
VmallocUsed:           0 kB
VmallocChunk:          0 kB
AnonHugePages:    819200 kB
CmaTotal:              0 kB
CmaFree:               0 kB
HugePages_Total:       0
HugePages_Free:        0
HugePages_Rsvd:        0
HugePages_Surp:        0
Hugepagesize:       2048 kB
DirectMap4k:       40952 kB
DirectMap2M:      872448 kB


CPU:total 2 (2 cores per cpu, 1 threads per core) family 6 model 15 stepping 13, cmov, cx8, fxsr, mmx, sse, sse2, sse3, ssse3, tsc

/proc/cpuinfo:
processor	: 0
vendor_id	: GenuineIntel
cpu family	: 6
model		: 15
model name	: Intel(R) Core(TM)2 Duo CPU     T5870  @ 2.00GHz
stepping	: 13
microcode	: 0xa3
cpu MHz		: 2001.000
cache size	: 2048 KB
physical id	: 0
siblings	: 2
core id		: 0
cpu cores	: 2
apicid		: 0
initial apicid	: 0
fdiv_bug	: no
f00f_bug	: no
coma_bug	: no
fpu		: yes
fpu_exception	: yes
cpuid level	: 10
wp		: yes
flags		: fpu vme de pse tsc msr pae mce cx8 apic sep mtrr pge mca cmov pat pse36 clflush dts acpi mmx fxsr sse sse2 ss ht tm pbe nx lm constant_tsc arch_perfmon pebs bts aperfmperf pni dtes64 monitor ds_cpl est tm2 ssse3 cx16 xtpr pdcm lahf_lm dtherm ida
bugs		:
bogomips	: 3989.73
clflush size	: 64
cache_alignment	: 64
address sizes	: 36 bits physical, 48 bits virtual
power management:

processor	: 1
vendor_id	: GenuineIntel
cpu family	: 6
model		: 15
model name	: Intel(R) Core(TM)2 Duo CPU     T5870  @ 2.00GHz
stepping	: 13
microcode	: 0xa3
cpu MHz		: 2001.000
cache size	: 2048 KB
physical id	: 0
siblings	: 2
core id		: 1
cpu cores	: 2
apicid		: 1
initial apicid	: 1
fdiv_bug	: no
f00f_bug	: no
coma_bug	: no
fpu		: yes
fpu_exception	: yes
cpuid level	: 10
wp		: yes
flags		: fpu vme de pse tsc msr pae mce cx8 apic sep mtrr pge mca cmov pat pse36 clflush dts acpi mmx fxsr sse sse2 ss ht tm pbe nx lm constant_tsc arch_perfmon pebs bts aperfmperf pni dtes64 monitor ds_cpl est tm2 ssse3 cx16 xtpr pdcm lahf_lm dtherm ida
bugs		:
bogomips	: 3989.73
clflush size	: 64
cache_alignment	: 64
address sizes	: 36 bits physical, 48 bits virtual
power management:



Memory: 4k page, physical 2036416k(121880k free), swap 0k(0k free)

vm_info: Java HotSpot(TM) Server VM (24.80-b11) for linux-x86 JRE (1.7.0_80-b15), built on Apr 10 2015 12:29:10 by "java_re" with gcc 4.3.0 20080428 (Red Hat 4.3.0-8)

time: Tue May  2 06:56:26 2017
elapsed time: 42 seconds

