#
# There is insufficient memory for the Java Runtime Environment to continue.
# Native memory allocation (malloc) failed to allocate 262144 bytes for committing reserved memory.
# Possible reasons:
#   The system is out of physical RAM or swap space
#   In 32 bit mode, the process size limit was hit
# Possible solutions:
#   Reduce memory load on the system
#   Increase physical memory or swap space
#   Check if swap backing store is full
#   Use 64 bit Java on a 64 bit OS
#   Decrease Java heap size (-Xmx/-Xms)
#   Decrease number of Java threads
#   Decrease Java thread stack sizes (-Xss)
#   Set larger code cache with -XX:ReservedCodeCacheSize=
# This output file may be truncated or incomplete.
#
#  Out of Memory Error (os_linux.cpp:2756), pid=3844, tid=2416831296
#
# JRE version: Java(TM) SE Runtime Environment (7.0_80-b15) (build 1.7.0_80-b15)
# Java VM: Java HotSpot(TM) Server VM (24.80-b11 mixed mode linux-x86 )
# Failed to write core dump. Core dumps have been disabled. To enable core dumping, try "ulimit -c unlimited" before starting Java again
#

---------------  T H R E A D  ---------------

Current thread (0xb6613000):  GCTaskThread [stack: 0x9005e000,0x900df000] [id=3852]

Stack: [0x9005e000,0x900df000],  sp=0x900ddc40,  free space=511k
Native frames: (J=compiled Java code, j=interpreted, Vv=VM code, C=native code)
V  [libjvm.so+0x7ea656]  VMError::report_and_die()+0x1a6
V  [libjvm.so+0x33eb82]  report_vm_out_of_memory(char const*, int, unsigned int, char const*)+0x72
V  [libjvm.so+0x687fb1]  os::Linux::commit_memory_impl(char*, unsigned int, bool)+0xe1
V  [libjvm.so+0x688478]  os::pd_commit_memory(char*, unsigned int, unsigned int, bool)+0x28
V  [libjvm.so+0x681b2c]  os::commit_memory(char*, unsigned int, unsigned int, bool)+0x2c
V  [libjvm.so+0x6ea8d8]  PSVirtualSpace::expand_by(unsigned int)+0x48
V  [libjvm.so+0x6dcd01]  PSOldGen::expand(unsigned int)+0x141
V  [libjvm.so+0x6dcefb]  PSOldGen::expand_and_cas_allocate(unsigned int)+0x1b
V  [libjvm.so+0x6e6c27]  oopDesc* PSPromotionManager::copy_to_survivor_space<false>(oopDesc*)+0x447
V  [libjvm.so+0x6e63e9]  PSPromotionManager::drain_stacks_depth(bool)+0x689
V  [libjvm.so+0x6e9a3f]  StealTask::do_it(GCTaskManager*, unsigned int)+0x27f
V  [libjvm.so+0x3fb936]  GCTaskThread::run()+0x106
V  [libjvm.so+0x68a249]  java_start(Thread*)+0x119
C  [libpthread.so.0+0x6295]  start_thread+0xe5


---------------  P R O C E S S  ---------------

Java Threads: ( => current thread )
  0x8e62ac00 JavaThread "Service Thread" daemon [_thread_blocked, id=3859, stack(0x8e20b000,0x8e25c000)]
  0x8e629000 JavaThread "C2 CompilerThread1" daemon [_thread_blocked, id=3858, stack(0x8e25c000,0x8e2dd000)]
  0x8e627000 JavaThread "C2 CompilerThread0" daemon [_thread_blocked, id=3857, stack(0x8e2dd000,0x8e35e000)]
  0x8e625800 JavaThread "Signal Dispatcher" daemon [_thread_blocked, id=3856, stack(0x8e35e000,0x8e3af000)]
  0x8e614800 JavaThread "Finalizer" daemon [_thread_blocked, id=3855, stack(0x8e5af000,0x8e600000)]
  0x8e613000 JavaThread "Reference Handler" daemon [_thread_blocked, id=3854, stack(0x8e72d000,0x8e77e000)]
  0xb6607c00 JavaThread "main" [_thread_blocked, id=3850, stack(0xb67b9000,0xb680a000)]

Other Threads:
  0x8e610400 VMThread [stack: 0x8fe34000,0x8feb5000] [id=3853]
  0x8e62c800 WatcherThread [stack: 0x8e18a000,0x8e20b000] [id=3860]

=>0xb6613000 (exited) GCTaskThread [stack: 0x9005e000,0x900df000] [id=3852]

VM state:at safepoint (normal execution)

VM Mutex/Monitor currently owned by a thread:  ([mutex/lock_event])
[0xb6604c08] ExpandHeap_lock - owner thread: 0xb6613000
[0xb6605150] Threads_lock - owner thread: 0x8e610400
[0xb6605560] Heap_lock - owner thread: 0xb6607c00

Heap
 PSYoungGen      total 116992K, used 112384K [0xa8f40000, 0xb3540000, 0xb3540000)
  eden space 112384K, 100% used [0xa8f40000,0xafd00000,0xafd00000)
  from space 4608K, 0% used [0xb1240000,0xb1240000,0xb16c0000)
  to   space 21760K, 99% used [0xafd00000,0xb123dea8,0xb1240000)
 ParOldGen       total 87040K, used 87036K [0x94340000, 0x99840000, 0xa8f40000)
  object space 87040K, 99% used [0x94340000,0x9983f3a0,0x99840000)
 PSPermGen       total 25600K, used 12799K [0x90340000, 0x91c40000, 0x94340000)
  object space 25600K, 49% used [0x90340000,0x90fbfe10,0x91c40000)

Card table byte_map: [0x90226000,0x90340000] byte_map_base: 0x8fda4600

Polling page: 0xb7764000

Code Cache  [0xb3600000, 0xb3888000, 0xb6600000)
 total_blobs=775 nmethods=633 adapters=96 free_code_cache=46693Kb largest_free_block=47691712

Compilation events (10 events):
Event: 34.743 Thread 0x8e627000  721             com.sun.tools.javac.file.RegularFileObject::hashCode (8 bytes)
Event: 34.744 Thread 0x8e629000  722             com.sun.tools.javac.file.RegularFileObject::getAbsoluteFile (48 bytes)
Event: 34.751 Thread 0x8e629000 nmethod 722 0xb374c788 code [0xb374c8e0, 0xb374cc9c]
Event: 34.759 Thread 0x8e627000 nmethod 721 0xb374ba48 code [0xb374bba0, 0xb374c05c]
Event: 35.265 Thread 0x8e629000  723             com.sun.tools.javac.parser.JavacParser::classOrInterfaceBodyDeclaration (609 bytes)
Event: 35.321 Thread 0x8e627000  724             com.sun.tools.javac.parser.JavacParser::checkNoMods (38 bytes)
Event: 35.321 Thread 0x8e627000 nmethod 724 0xb3801ec8 code [0xb3801fc0, 0xb3802030]
Event: 35.322 Thread 0x8e627000  725             com.sun.tools.javac.parser.JavacParser::optFinal (29 bytes)
Event: 35.323 Thread 0x8e627000 nmethod 725 0xb3746e08 code [0xb3746f00, 0xb3746fdc]
Event: 35.523 Thread 0x8e629000 nmethod 723 0xb3874fc8 code [0xb38759e0, 0xb387a05c]

GC Heap History (10 events):
Event: 12.444 GC heap after
Heap after GC invocations=11 (full 0):
 PSYoungGen      total 55296K, used 1624K [0xa8f40000, 0xae7c0000, 0xb3540000)
  eden space 50432K, 0% used [0xa8f40000,0xa8f40000,0xac080000)
  from space 4864K, 33% used [0xac080000,0xac2161b8,0xac540000)
  to   space 4864K, 0% used [0xae300000,0xae300000,0xae7c0000)
 ParOldGen       total 21248K, used 9983K [0x94340000, 0x95800000, 0xa8f40000)
  object space 21248K, 46% used [0x94340000,0x94cffff0,0x95800000)
 PSPermGen       total 16384K, used 10263K [0x90340000, 0x91340000, 0x94340000)
  object space 16384K, 62% used [0x90340000,0x90d45f70,0x91340000)
}
Event: 13.066 GC heap before
{Heap before GC invocations=12 (full 0):
 PSYoungGen      total 55296K, used 52056K [0xa8f40000, 0xae7c0000, 0xb3540000)
  eden space 50432K, 100% used [0xa8f40000,0xac080000,0xac080000)
  from space 4864K, 33% used [0xac080000,0xac2161b8,0xac540000)
  to   space 4864K, 0% used [0xae300000,0xae300000,0xae7c0000)
 ParOldGen       total 21248K, used 9983K [0x94340000, 0x95800000, 0xa8f40000)
  object space 21248K, 46% used [0x94340000,0x94cffff0,0x95800000)
 PSPermGen       total 16384K, used 10465K [0x90340000, 0x91340000, 0x94340000)
  object space 16384K, 63% used [0x90340000,0x90d785c8,0x91340000)
Event: 13.084 GC heap after
Heap after GC invocations=12 (full 0):
 PSYoungGen      total 85760K, used 802K [0xa8f40000, 0xae7c0000, 0xb3540000)
  eden space 80896K, 0% used [0xa8f40000,0xa8f40000,0xade40000)
  from space 4864K, 16% used [0xae300000,0xae3c89b0,0xae7c0000)
  to   space 4864K, 0% used [0xade40000,0xade40000,0xae300000)
 ParOldGen       total 21248K, used 11423K [0x94340000, 0x95800000, 0xa8f40000)
  object space 21248K, 53% used [0x94340000,0x94e67ff0,0x95800000)
 PSPermGen       total 16384K, used 10465K [0x90340000, 0x91340000, 0x94340000)
  object space 16384K, 63% used [0x90340000,0x90d785c8,0x91340000)
}
Event: 15.316 GC heap before
{Heap before GC invocations=13 (full 0):
 PSYoungGen      total 85760K, used 81698K [0xa8f40000, 0xae7c0000, 0xb3540000)
  eden space 80896K, 100% used [0xa8f40000,0xade40000,0xade40000)
  from space 4864K, 16% used [0xae300000,0xae3c89b0,0xae7c0000)
  to   space 4864K, 0% used [0xade40000,0xade40000,0xae300000)
 ParOldGen       total 21248K, used 11423K [0x94340000, 0x95800000, 0xa8f40000)
  object space 21248K, 53% used [0x94340000,0x94e67ff0,0x95800000)
 PSPermGen       total 16384K, used 12593K [0x90340000, 0x91340000, 0x94340000)
  object space 16384K, 76% used [0x90340000,0x90f8c5c8,0x91340000)
Event: 15.349 GC heap after
Heap after GC invocations=13 (full 0):
 PSYoungGen      total 85760K, used 2475K [0xa8f40000, 0xb16c0000, 0xb3540000)
  eden space 80896K, 0% used [0xa8f40000,0xa8f40000,0xade40000)
  from space 4864K, 50% used [0xade40000,0xae0aaf68,0xae300000)
  to   space 4608K, 0% used [0xb1240000,0xb1240000,0xb16c0000)
 ParOldGen       total 21248K, used 11611K [0x94340000, 0x95800000, 0xa8f40000)
  object space 21248K, 54% used [0x94340000,0x94e96ff0,0x95800000)
 PSPermGen       total 16384K, used 12593K [0x90340000, 0x91340000, 0x94340000)
  object space 16384K, 76% used [0x90340000,0x90f8c5c8,0x91340000)
}
Event: 23.867 GC heap before
{Heap before GC invocations=14 (full 0):
 PSYoungGen      total 85760K, used 83371K [0xa8f40000, 0xb16c0000, 0xb3540000)
  eden space 80896K, 100% used [0xa8f40000,0xade40000,0xade40000)
  from space 4864K, 50% used [0xade40000,0xae0aaf68,0xae300000)
  to   space 4608K, 0% used [0xb1240000,0xb1240000,0xb16c0000)
 ParOldGen       total 21248K, used 11611K [0x94340000, 0x95800000, 0xa8f40000)
  object space 21248K, 54% used [0x94340000,0x94e96ff0,0x95800000)
 PSPermGen       total 16384K, used 12798K [0x90340000, 0x91340000, 0x94340000)
  object space 16384K, 78% used [0x90340000,0x90fbf840,0x91340000)
Event: 24.160 GC heap after
Heap after GC invocations=14 (full 0):
 PSYoungGen      total 116992K, used 4604K [0xa8f40000, 0xb3540000, 0xb3540000)
  eden space 112384K, 0% used [0xa8f40000,0xa8f40000,0xafd00000)
  from space 4608K, 99% used [0xb1240000,0xb16bf1f0,0xb16c0000)
  to   space 21760K, 0% used [0xafd00000,0xafd00000,0xb1240000)
 ParOldGen       total 56064K, used 55919K [0x94340000, 0x97a00000, 0xa8f40000)
  object space 56064K, 99% used [0x94340000,0x979dbd58,0x97a00000)
 PSPermGen       total 16384K, used 12798K [0x90340000, 0x91340000, 0x94340000)
  object space 16384K, 78% used [0x90340000,0x90fbf840,0x91340000)
}
Event: 24.160 GC heap before
{Heap before GC invocations=15 (full 1):
 PSYoungGen      total 116992K, used 4604K [0xa8f40000, 0xb3540000, 0xb3540000)
  eden space 112384K, 0% used [0xa8f40000,0xa8f40000,0xafd00000)
  from space 4608K, 99% used [0xb1240000,0xb16bf1f0,0xb16c0000)
  to   space 21760K, 0% used [0xafd00000,0xafd00000,0xb1240000)
 ParOldGen       total 56064K, used 55919K [0x94340000, 0x97a00000, 0xa8f40000)
  object space 56064K, 99% used [0x94340000,0x979dbd58,0x97a00000)
 PSPermGen       total 16384K, used 12798K [0x90340000, 0x91340000, 0x94340000)
  object space 16384K, 78% used [0x90340000,0x90fbf840,0x91340000)
Event: 24.891 GC heap after
Heap after GC invocations=15 (full 1):
 PSYoungGen      total 116992K, used 0K [0xa8f40000, 0xb3540000, 0xb3540000)
  eden space 112384K, 0% used [0xa8f40000,0xa8f40000,0xafd00000)
  from space 4608K, 0% used [0xb1240000,0xb1240000,0xb16c0000)
  to   space 21760K, 0% used [0xafd00000,0xafd00000,0xb1240000)
 ParOldGen       total 87040K, used 55885K [0x94340000, 0x99840000, 0xa8f40000)
  object space 87040K, 64% used [0x94340000,0x979d3510,0x99840000)
 PSPermGen       total 25600K, used 12789K [0x90340000, 0x91c40000, 0x94340000)
  object space 25600K, 49% used [0x90340000,0x90fbd798,0x91c40000)
}
Event: 37.472 GC heap before
{Heap before GC invocations=16 (full 1):
 PSYoungGen      total 116992K, used 112384K [0xa8f40000, 0xb3540000, 0xb3540000)
  eden space 112384K, 100% used [0xa8f40000,0xafd00000,0xafd00000)
  from space 4608K, 0% used [0xb1240000,0xb1240000,0xb16c0000)
  to   space 21760K, 0% used [0xafd00000,0xafd00000,0xb1240000)
 ParOldGen       total 87040K, used 55885K [0x94340000, 0x99840000, 0xa8f40000)
  object space 87040K, 64% used [0x94340000,0x979d3510,0x99840000)
 PSPermGen       total 25600K, used 12799K [0x90340000, 0x91c40000, 0x94340000)
  object space 25600K, 49% used [0x90340000,0x90fbfe10,0x91c40000)

Deoptimization events (10 events):
Event: 25.018 Thread 0xb6607c00 Uncommon trap: reason=unstable_if action=reinterpret pc=0xb37aea4c method=com.sun.tools.javac.parser.Scanner.scanDocComment()V @ 163
Event: 25.018 Thread 0xb6607c00 Uncommon trap: reason=unstable_if action=reinterpret pc=0xb379831c method=com.sun.tools.javac.parser.JavacParser.modifiersOpt(Lcom/sun/tools/javac/tree/JCTree$JCModifiers;)Lcom/sun/tools/javac/tree/JCTree$JCModifiers; @ 412
Event: 25.032 Thread 0xb6607c00 Uncommon trap: reason=unstable_if action=reinterpret pc=0xb3672c3c method=java.lang.CharacterDataLatin1.isWhitespace(I)Z @ 14
Event: 26.602 Thread 0xb6607c00 Uncommon trap: reason=unstable_if action=reinterpret pc=0xb380a48c method=com.sun.tools.javac.parser.JavacParser.classOrInterfaceBodyDeclaration(Lcom/sun/tools/javac/util/Name;Z)Lcom/sun/tools/javac/util/List; @ 12
Event: 26.757 Thread 0xb6607c00 Uncommon trap: reason=unstable_if action=reinterpret pc=0xb3833ae8 method=com.sun.tools.javac.parser.JavacParser.parseStatement()Lcom/sun/tools/javac/tree/JCTree$JCStatement; @ 1275
Event: 29.739 Thread 0xb6607c00 Uncommon trap: reason=unstable_if action=reinterpret pc=0xb381853c method=com.sun.tools.javac.parser.JavacParser.formalParameter()Lcom/sun/tools/javac/tree/JCTree$JCVariableDecl; @ 25
Event: 29.881 Thread 0xb6607c00 Uncommon trap: reason=unstable_if action=reinterpret pc=0xb3820f24 method=com.sun.tools.javac.parser.JavacParser.term3()Lcom/sun/tools/javac/tree/JCTree$JCExpression; @ 2639
Event: 31.310 Thread 0xb6607c00 Uncommon trap: reason=unstable_if action=reinterpret pc=0xb3738390 method=com.sun.tools.javac.parser.JavacParser.importDeclaration()Lcom/sun/tools/javac/tree/JCTree; @ 33
Event: 32.630 Thread 0xb6607c00 Uncommon trap: reason=unstable_if action=reinterpret pc=0xb3774844 method=com.sun.tools.javac.parser.JavacParser.methodDeclaratorRest(ILcom/sun/tools/javac/tree/JCTree$JCModifiers;Lcom/sun/tools/javac/tree/JCTree$JCExpression;Lcom/sun/tools/javac/util/Nam
Event: 37.257 Thread 0xb6607c00 Uncommon trap: reason=unstable_if action=reinterpret pc=0xb3846b6c method=com.sun.tools.javac.parser.JavacParser.parseCompilationUnit()Lcom/sun/tools/javac/tree/JCTree$JCCompilationUnit; @ 183

Internal exceptions (10 events):
Event: 18.425 Thread 0xb6607c00 Threw 0xa92380e8 at /HUDSON/workspace/7u-2-build-linux-i586/jdk7u80/2329/hotspot/src/share/vm/prims/jvm.cpp:1319
Event: 18.425 Thread 0xb6607c00 Threw 0xa9238718 at /HUDSON/workspace/7u-2-build-linux-i586/jdk7u80/2329/hotspot/src/share/vm/prims/jvm.cpp:1319
Event: 18.426 Thread 0xb6607c00 Threw 0xa923a5c8 at /HUDSON/workspace/7u-2-build-linux-i586/jdk7u80/2329/hotspot/src/share/vm/prims/jvm.cpp:1319
Event: 18.426 Thread 0xb6607c00 Threw 0xa923ac68 at /HUDSON/workspace/7u-2-build-linux-i586/jdk7u80/2329/hotspot/src/share/vm/prims/jvm.cpp:1319
Event: 18.426 Thread 0xb6607c00 Threw 0xa923ce18 at /HUDSON/workspace/7u-2-build-linux-i586/jdk7u80/2329/hotspot/src/share/vm/prims/jvm.cpp:1319
Event: 18.426 Thread 0xb6607c00 Threw 0xa923d498 at /HUDSON/workspace/7u-2-build-linux-i586/jdk7u80/2329/hotspot/src/share/vm/prims/jvm.cpp:1319
Event: 18.426 Thread 0xb6607c00 Threw 0xa923ed20 at /HUDSON/workspace/7u-2-build-linux-i586/jdk7u80/2329/hotspot/src/share/vm/prims/jvm.cpp:1319
Event: 18.426 Thread 0xb6607c00 Threw 0xa923f3d8 at /HUDSON/workspace/7u-2-build-linux-i586/jdk7u80/2329/hotspot/src/share/vm/prims/jvm.cpp:1319
Event: 19.048 Thread 0xb6607c00 Threw 0xa94b83e0 at /HUDSON/workspace/7u-2-build-linux-i586/jdk7u80/2329/hotspot/src/share/vm/prims/jvm.cpp:1319
Event: 19.048 Thread 0xb6607c00 Threw 0xa94b8a10 at /HUDSON/workspace/7u-2-build-linux-i586/jdk7u80/2329/hotspot/src/share/vm/prims/jvm.cpp:1319

Events (10 events):
Event: 32.423 Thread 0x8e627000 flushing nmethod 0xb378a088
Event: 32.630 Thread 0xb6607c00 Uncommon trap: trap_request=0xffffff75 fr.pc=0xb3774844
Event: 32.630 Thread 0xb6607c00 DEOPT PACKING pc=0xb3774844 sp=0xb6808150
Event: 32.630 Thread 0xb6607c00 DEOPT UNPACKING pc=0xb362cbc8 sp=0xb680814c mode 2
Event: 33.128 loading class 0x9000b400
Event: 33.163 loading class 0x9000b400 done
Event: 37.257 Thread 0xb6607c00 Uncommon trap: trap_request=0xffffff75 fr.pc=0xb3846b6c
Event: 37.257 Thread 0xb6607c00 DEOPT PACKING pc=0xb3846b6c sp=0xb6808320
Event: 37.258 Thread 0xb6607c00 DEOPT UNPACKING pc=0xb362cbc8 sp=0xb6808334 mode 2
Event: 37.472 Executing VM operation: ParallelGCFailedAllocation


Dynamic libraries:
08048000-08049000 r-xp 00000000 08:06 705763     /usr/local/java/jdk1.7.0_80/bin/java
08049000-0804a000 rw-p 00000000 08:06 705763     /usr/local/java/jdk1.7.0_80/bin/java
09019000-097b6000 rw-p 00000000 00:00 0          [heap]
8c700000-8c7ff000 rw-p 00000000 00:00 0 
8c7ff000-8c800000 ---p 00000000 00:00 0 
8c900000-8caef000 rw-p 00000000 00:00 0 
8caef000-8cb00000 ---p 00000000 00:00 0 
8cb00000-8cbd9000 rw-p 00000000 00:00 0 
8cbd9000-8cc00000 ---p 00000000 00:00 0 
8cc00000-8ccff000 rw-p 00000000 00:00 0 
8ccff000-8cd00000 ---p 00000000 00:00 0 
8cd00000-8cdf5000 rw-p 00000000 00:00 0 
8cdf5000-8ce00000 ---p 00000000 00:00 0 
8cf00000-8cffb000 rw-p 00000000 00:00 0 
8cffb000-8d000000 ---p 00000000 00:00 0 
8d100000-8d1ff000 rw-p 00000000 00:00 0 
8d1ff000-8d200000 ---p 00000000 00:00 0 
8d200000-8d300000 rw-p 00000000 00:00 0 
8d400000-8d4f1000 rw-p 00000000 00:00 0 
8d4f1000-8d500000 ---p 00000000 00:00 0 
8d500000-8d5ff000 rw-p 00000000 00:00 0 
8d5ff000-8d600000 ---p 00000000 00:00 0 
8d700000-8d800000 rw-p 00000000 00:00 0 
8d900000-8d9fd000 rw-p 00000000 00:00 0 
8d9fd000-8da00000 ---p 00000000 00:00 0 
8da95000-8db00000 r--s 00e21000 08:06 296708     /usr/local/java/jdk1.7.0_80/lib/tools.jar
8db00000-8dbfe000 rw-p 00000000 00:00 0 
8dbfe000-8dc00000 ---p 00000000 00:00 0 
8dc34000-8dc35000 r--s 00004000 08:07 534879     /home/akshat/.m2/repository/org/codehaus/plexus/plexus-compiler-javac/2.7/plexus-compiler-javac-2.7.jar
8dc35000-8dc37000 r--s 00000000 08:07 276263     /home/akshat/.m2/repository/org/codehaus/plexus/plexus-compiler-manager/2.7/plexus-compiler-manager-2.7.jar
8dc37000-8dc39000 r--s 00005000 08:07 276261     /home/akshat/.m2/repository/org/codehaus/plexus/plexus-compiler-api/2.7/plexus-compiler-api-2.7.jar
8dc39000-8dc3b000 r--s 00002000 08:07 534877     /home/akshat/.m2/repository/org/apache/maven/shared/maven-shared-incremental/1.1/maven-shared-incremental-1.1.jar
8dc3b000-8dc3f000 r--s 0002a000 08:07 407356     /home/akshat/.m2/repository/commons-io/commons-io/2.4/commons-io-2.4.jar
8dc3f000-8de00000 rw-p 00000000 00:00 0 
8de00000-8deff000 rw-p 00000000 00:00 0 
8deff000-8df00000 ---p 00000000 00:00 0 
8df00000-8dffd000 rw-p 00000000 00:00 0 
8dffd000-8e000000 ---p 00000000 00:00 0 
8e000000-8e100000 rw-p 00000000 00:00 0 
8e100000-8e102000 r--s 00006000 08:07 407358     /home/akshat/.m2/repository/com/google/code/findbugs/jsr305/2.0.1/jsr305-2.0.1.jar
8e102000-8e105000 r--s 00023000 08:07 407354     /home/akshat/.m2/repository/org/apache/maven/shared/maven-shared-utils/3.0.0/maven-shared-utils-3.0.0.jar
8e105000-8e107000 r--s 00002000 08:07 276257     /home/akshat/.m2/repository/org/sonatype/plexus/plexus-cipher/1.4/plexus-cipher-1.4.jar
8e107000-8e108000 r--s 00006000 08:07 165725     /home/akshat/.m2/repository/org/sonatype/plexus/plexus-sec-dispatcher/1.3/plexus-sec-dispatcher-1.3.jar
8e108000-8e10a000 r--s 00000000 08:07 165723     /home/akshat/.m2/repository/org/codehaus/plexus/plexus-component-annotations/1.5.5/plexus-component-annotations-1.5.5.jar
8e10a000-8e10c000 r--s 0000d000 08:07 165719     /home/akshat/.m2/repository/org/codehaus/plexus/plexus-interpolation/1.14/plexus-interpolation-1.14.jar
8e10c000-8e110000 r--s 00017000 08:07 276255     /home/akshat/.m2/repository/org/sonatype/aether/aether-util/1.7/aether-util-1.7.jar
8e110000-8e114000 r--s 00033000 08:07 165711     /home/akshat/.m2/repository/org/codehaus/plexus/plexus-utils/2.0.4/plexus-utils-2.0.4.jar
8e114000-8e11f000 r--s 00069000 08:07 165707     /home/akshat/.m2/repository/org/sonatype/sisu/sisu-guice/2.1.7/sisu-guice-2.1.7-noaop.jar
8e11f000-8e124000 r--s 00021000 08:07 165705     /home/akshat/.m2/repository/org/sonatype/sisu/sisu-inject-bean/1.4.2/sisu-inject-bean-1.4.2.jar
8e124000-8e126000 r--s 0000b000 08:07 152863     /home/akshat/.m2/repository/org/apache/maven/plugins/maven-compiler-plugin/3.5.1/maven-compiler-plugin-3.5.1.jar
8e126000-8e128000 r--s 0000d000 08:07 276317     /home/akshat/.m2/repository/org/codehaus/plexus/plexus-interpolation/1.13/plexus-interpolation-1.13.jar
8e128000-8e129000 r--s 00001000 08:07 276315     /home/akshat/.m2/repository/org/sonatype/plexus/plexus-build-api/0.0.4/plexus-build-api-0.0.4.jar
8e129000-8e12b000 r--s 00009000 08:07 534905     /home/akshat/.m2/repository/org/apache/maven/shared/maven-filtering/1.1/maven-filtering-1.1.jar
8e12b000-8e12f000 r--s 00033000 08:07 165769     /home/akshat/.m2/repository/org/codehaus/plexus/plexus-utils/2.0.5/plexus-utils-2.0.5.jar
8e12f000-8e132000 r--s 0001b000 08:07 276313     /home/akshat/.m2/repository/junit/junit/3.8.1/junit-3.8.1.jar
8e132000-8e134000 r--s 00002000 08:07 276309     /home/akshat/.m2/repository/org/codehaus/plexus/plexus-interactivity-api/1.0-alpha-4/plexus-interactivity-api-1.0-alpha-4.jar
8e134000-8e136000 r--s 00006000 08:07 407424     /home/akshat/.m2/repository/commons-cli/commons-cli/1.0/commons-cli-1.0.jar
8e136000-8e137000 r--s 00001000 08:07 407420     /home/akshat/.m2/repository/org/apache/maven/doxia/doxia-sink-api/1.0-alpha-7/doxia-sink-api-1.0-alpha-7.jar
8e137000-8e138000 r--s 00002000 08:07 407418     /home/akshat/.m2/repository/org/apache/maven/reporting/maven-reporting-api/2.0.6/maven-reporting-api-2.0.6.jar
8e138000-8e13a000 r--s 00006000 08:07 155750     /home/akshat/.m2/repository/org/apache/maven/plugins/maven-resources-plugin/2.6/maven-resources-plugin-2.6.jar
8e13a000-8e14f000 r-xp 00000000 08:06 440372     /usr/local/java/jdk1.7.0_80/jre/lib/i386/libnet.so
8e14f000-8e150000 rw-p 00015000 08:06 440372     /usr/local/java/jdk1.7.0_80/jre/lib/i386/libnet.so
8e150000-8e15e000 r-xp 00000000 08:06 440353     /usr/local/java/jdk1.7.0_80/jre/lib/i386/libnio.so
8e15e000-8e15f000 rw-p 0000e000 08:06 440353     /usr/local/java/jdk1.7.0_80/jre/lib/i386/libnio.so
8e15f000-8e18a000 r--s 001fc000 08:07 263327     /home/akshat/Documents/DistributedComputing/eclipse/plugins/org.eclipse.m2e.maven.runtime_1.8.0.20160921-2001/jars/guava-18.0.jar
8e18a000-8e18b000 ---p 00000000 00:00 0 
8e18b000-8e20b000 rw-p 00000000 00:00 0 
8e20b000-8e20e000 ---p 00000000 00:00 0 
8e20e000-8e25c000 rw-p 00000000 00:00 0 
8e25c000-8e25f000 ---p 00000000 00:00 0 
8e25f000-8e2dd000 rw-p 00000000 00:00 0 
8e2dd000-8e2e0000 ---p 00000000 00:00 0 
8e2e0000-8e35e000 rw-p 00000000 00:00 0 
8e35e000-8e361000 ---p 00000000 00:00 0 
8e361000-8e3af000 rw-p 00000000 00:00 0 
8e3af000-8e5af000 r--p 00000000 08:06 2007       /usr/lib/locale/locale-archive
8e5af000-8e5b2000 ---p 00000000 00:00 0 
8e5b2000-8e600000 rw-p 00000000 00:00 0 
8e600000-8e6fe000 rw-p 00000000 00:00 0 
8e6fe000-8e700000 ---p 00000000 00:00 0 
8e700000-8e704000 r--s 0008b000 08:06 296723     /usr/local/java/jdk1.7.0_80/jre/lib/jsse.jar
8e704000-8e705000 r--s 00002000 08:07 263313     /home/akshat/Documents/DistributedComputing/eclipse/plugins/org.eclipse.m2e.maven.runtime.slf4j.simple_1.8.0.20160921-2001/jars/slf4j-simple-1.7.5.jar
8e705000-8e70a000 r--s 00041000 08:07 263330     /home/akshat/Documents/DistributedComputing/eclipse/plugins/org.eclipse.m2e.maven.runtime_1.8.0.20160921-2001/jars/commons-lang-2.6.jar
8e70a000-8e70b000 r--s 00002000 08:07 263342     /home/akshat/Documents/DistributedComputing/eclipse/plugins/org.eclipse.m2e.maven.runtime_1.8.0.20160921-2001/jars/wagon-file-2.10.jar
8e70b000-8e70d000 r--s 00005000 08:07 263329     /home/akshat/Documents/DistributedComputing/eclipse/plugins/org.eclipse.m2e.maven.runtime_1.8.0.20160921-2001/jars/aether-transport-wagon-1.0.2.v20150114.jar
8e70d000-8e70f000 r--s 0000f000 08:07 263349     /home/akshat/Documents/DistributedComputing/eclipse/plugins/org.eclipse.m2e.maven.runtime_1.8.0.20160921-2001/jars/okio-1.6.0.jar
8e70f000-8e714000 r--s 00049000 08:07 263359     /home/akshat/Documents/DistributedComputing/eclipse/plugins/org.eclipse.m2e.maven.runtime_1.8.0.20160921-2001/jars/okhttp-2.5.0.jar
8e714000-8e716000 r--s 0000b000 08:07 263340     /home/akshat/Documents/DistributedComputing/eclipse/plugins/org.eclipse.m2e.maven.runtime_1.8.0.20160921-2001/jars/aether-connector-okhttp-0.16.0.jar
8e716000-8e718000 r--s 00006000 08:07 263352     /home/akshat/Documents/DistributedComputing/eclipse/plugins/org.eclipse.m2e.maven.runtime_1.8.0.20160921-2001/jars/aether-spi-1.0.2.v20150114.jar
8e718000-8e71c000 r--s 00027000 08:07 263356     /home/akshat/Documents/DistributedComputing/eclipse/plugins/org.eclipse.m2e.maven.runtime_1.8.0.20160921-2001/jars/aether-impl-1.0.2.v20150114.jar
8e71c000-8e724000 r--s 00055000 08:07 263357     /home/akshat/Documents/DistributedComputing/eclipse/plugins/org.eclipse.m2e.maven.runtime_1.8.0.20160921-2001/jars/org.eclipse.sisu.inject-0.3.2.jar
8e724000-8e727000 r--s 00008000 08:07 263328     /home/akshat/Documents/DistributedComputing/eclipse/plugins/org.eclipse.m2e.maven.runtime_1.8.0.20160921-2001/jars/cdi-api-1.0.jar
8e727000-8e72d000 r--s 0002d000 08:07 263339     /home/akshat/Documents/DistributedComputing/eclipse/plugins/org.eclipse.m2e.maven.runtime_1.8.0.20160921-2001/jars/org.eclipse.sisu.plexus-0.3.2.jar
8e72d000-8e730000 ---p 00000000 00:00 0 
8e730000-8e77e000 rw-p 00000000 00:00 0 
8e77e000-8e93e000 r--s 039fb000 08:06 297021     /usr/local/java/jdk1.7.0_80/jre/lib/rt.jar
8e93e000-8fd00000 rw-p 00000000 00:00 0 
8fd00000-8fdff000 rw-p 00000000 00:00 0 
8fdff000-8fe00000 ---p 00000000 00:00 0 
8fe00000-8fe01000 r--s 00008000 08:07 263344     /home/akshat/Documents/DistributedComputing/eclipse/plugins/org.eclipse.m2e.maven.runtime_1.8.0.20160921-2001/jars/aether-connector-basic-1.0.2.v20150114.jar
8fe01000-8fe02000 r--s 00001000 08:07 263361     /home/akshat/Documents/DistributedComputing/eclipse/plugins/org.eclipse.m2e.maven.runtime_1.8.0.20160921-2001/jars/jsr250-api-1.0.jar
8fe02000-8fe05000 r--s 0000b000 08:07 263348     /home/akshat/Documents/DistributedComputing/eclipse/plugins/org.eclipse.m2e.maven.runtime_1.8.0.20160921-2001/jars/wagon-provider-api-2.10.jar
8fe05000-8fe0b000 r--s 00041000 08:07 263362     /home/akshat/Documents/DistributedComputing/eclipse/plugins/org.eclipse.m2e.maven.runtime_1.8.0.20160921-2001/jars/maven-compat-3.3.9.jar
8fe0b000-8fe0d000 r--s 00009000 08:07 263355     /home/akshat/Documents/DistributedComputing/eclipse/plugins/org.eclipse.m2e.maven.runtime_1.8.0.20160921-2001/jars/commons-cli-1.2.jar
8fe0d000-8fe0f000 r--s 00002000 08:07 263338     /home/akshat/Documents/DistributedComputing/eclipse/plugins/org.eclipse.m2e.maven.runtime_1.8.0.20160921-2001/jars/plexus-cipher-1.7.jar
8fe0f000-8fe12000 r--s 00013000 08:07 263334     /home/akshat/Documents/DistributedComputing/eclipse/plugins/org.eclipse.m2e.maven.runtime_1.8.0.20160921-2001/jars/maven-embedder-3.3.9.jar
8fe12000-8fe19000 r--s 00064000 08:07 263341     /home/akshat/Documents/DistributedComputing/eclipse/plugins/org.eclipse.m2e.maven.runtime_1.8.0.20160921-2001/jars/commons-lang3-3.4.jar
8fe19000-8fe1b000 r--s 00000000 08:07 263363     /home/akshat/Documents/DistributedComputing/eclipse/plugins/org.eclipse.m2e.maven.runtime_1.8.0.20160921-2001/jars/plexus-component-annotations-1.6.jar
8fe1b000-8fe1f000 r--s 00038000 08:07 263351     /home/akshat/Documents/DistributedComputing/eclipse/plugins/org.eclipse.m2e.maven.runtime_1.8.0.20160921-2001/jars/plexus-utils-3.0.22.jar
8fe1f000-8fe22000 r--s 0000d000 08:07 263345     /home/akshat/Documents/DistributedComputing/eclipse/plugins/org.eclipse.m2e.maven.runtime_1.8.0.20160921-2001/jars/plexus-interpolation-1.21.jar
8fe22000-8fe2b000 r--s 0005f000 08:07 263331     /home/akshat/Documents/DistributedComputing/eclipse/plugins/org.eclipse.m2e.maven.runtime_1.8.0.20160921-2001/jars/guice-4.0-no_aop.jar
8fe2b000-8fe2f000 r--s 00020000 08:07 263337     /home/akshat/Documents/DistributedComputing/eclipse/plugins/org.eclipse.m2e.maven.runtime_1.8.0.20160921-2001/jars/aether-util-1.0.2.v20150114.jar
8fe2f000-8fe34000 r--s 0001d000 08:07 263335     /home/akshat/Documents/DistributedComputing/eclipse/plugins/org.eclipse.m2e.maven.runtime_1.8.0.20160921-2001/jars/aether-api-1.0.2.v20150114.jar
8fe34000-8fe35000 ---p 00000000 00:00 0 
8fe35000-8ff00000 rw-p 00000000 00:00 0 
8ff00000-8ff21000 rw-p 00000000 00:00 0 
8ff21000-90000000 ---p 00000000 00:00 0 
90000000-90001000 r--s 00006000 08:07 263346     /home/akshat/Documents/DistributedComputing/eclipse/plugins/org.eclipse.m2e.maven.runtime_1.8.0.20160921-2001/jars/plexus-sec-dispatcher-1.3.jar
90001000-90003000 r--s 0000f000 08:07 263350     /home/akshat/Documents/DistributedComputing/eclipse/plugins/org.eclipse.m2e.maven.runtime_1.8.0.20160921-2001/jars/maven-aether-provider-3.3.9.jar
90003000-9005e000 rw-p 00000000 00:00 0 
9005e000-9005f000 ---p 00000000 00:00 0 
9005f000-900df000 rw-p 00000000 00:00 0 
900df000-900e0000 ---p 00000000 00:00 0 
900e0000-9016d000 rw-p 00000000 00:00 0 
9016d000-90180000 rw-p 00000000 00:00 0 
90180000-901ab000 rw-p 00000000 00:00 0 
901ab000-90226000 rw-p 00000000 00:00 0 
90226000-90233000 rw-p 00000000 00:00 0 
90233000-90246000 rw-p 00000000 00:00 0 
90246000-90271000 rw-p 00000000 00:00 0 
90271000-902ec000 rw-p 00000000 00:00 0 
902ec000-9033f000 rw-p 00000000 00:00 0 
9033f000-91c40000 rw-p 00000000 00:00 0 
91c40000-94340000 rw-p 00000000 00:00 0 
94340000-99840000 rw-p 00000000 00:00 0 
99880000-a8f40000 rw-p 00000000 00:00 0 
a8f40000-b3540000 rw-p 00000000 00:00 0 
b3540000-b354b000 rw-p 00000000 00:00 0 
b354b000-b3600000 rw-p 00000000 00:00 0 
b3600000-b3888000 rwxp 00000000 00:00 0 
b3888000-b66f3000 rw-p 00000000 00:00 0 
b66f3000-b6700000 ---p 00000000 00:00 0 
b6700000-b6705000 r--s 00027000 08:07 263332     /home/akshat/Documents/DistributedComputing/eclipse/plugins/org.eclipse.m2e.maven.runtime_1.8.0.20160921-2001/jars/maven-model-builder-3.3.9.jar
b6705000-b6707000 r--s 0000a000 08:07 263353     /home/akshat/Documents/DistributedComputing/eclipse/plugins/org.eclipse.m2e.maven.runtime_1.8.0.20160921-2001/jars/maven-plugin-api-3.3.9.jar
b6707000-b6709000 r--s 0000c000 08:07 263354     /home/akshat/Documents/DistributedComputing/eclipse/plugins/org.eclipse.m2e.maven.runtime_1.8.0.20160921-2001/jars/maven-artifact-3.3.9.jar
b6709000-b670a000 r--s 00006000 08:07 263364     /home/akshat/Documents/DistributedComputing/eclipse/plugins/org.eclipse.m2e.maven.runtime_1.8.0.20160921-2001/jars/maven-repository-metadata-3.3.9.jar
b670a000-b670c000 r--s 00009000 08:07 263360     /home/akshat/Documents/DistributedComputing/eclipse/plugins/org.eclipse.m2e.maven.runtime_1.8.0.20160921-2001/jars/maven-settings-builder-3.3.9.jar
b670c000-b6719000 r--s 0008f000 08:07 263365     /home/akshat/Documents/DistributedComputing/eclipse/plugins/org.eclipse.m2e.maven.runtime_1.8.0.20160921-2001/jars/maven-core-3.3.9.jar
b6719000-b6730000 r-xp 00000000 08:06 440373     /usr/local/java/jdk1.7.0_80/jre/lib/i386/libzip.so
b6730000-b6731000 rw-p 00016000 08:06 440373     /usr/local/java/jdk1.7.0_80/jre/lib/i386/libzip.so
b6731000-b673c000 r-xp 00000000 08:06 555855     /lib/i386-linux-gnu/libnss_files-2.23.so
b673c000-b673d000 r--p 0000a000 08:06 555855     /lib/i386-linux-gnu/libnss_files-2.23.so
b673d000-b673e000 rw-p 0000b000 08:06 555855     /lib/i386-linux-gnu/libnss_files-2.23.so
b673e000-b6744000 rw-p 00000000 00:00 0 
b6744000-b674f000 r-xp 00000000 08:06 555848     /lib/i386-linux-gnu/libnss_nis-2.23.so
b674f000-b6750000 r--p 0000a000 08:06 555848     /lib/i386-linux-gnu/libnss_nis-2.23.so
b6750000-b6751000 rw-p 0000b000 08:06 555848     /lib/i386-linux-gnu/libnss_nis-2.23.so
b6751000-b6768000 r-xp 00000000 08:06 555850     /lib/i386-linux-gnu/libnsl-2.23.so
b6768000-b6769000 r--p 00016000 08:06 555850     /lib/i386-linux-gnu/libnsl-2.23.so
b6769000-b676a000 rw-p 00017000 08:06 555850     /lib/i386-linux-gnu/libnsl-2.23.so
b676a000-b676c000 rw-p 00000000 00:00 0 
b676c000-b6774000 r-xp 00000000 08:06 555856     /lib/i386-linux-gnu/libnss_compat-2.23.so
b6774000-b6775000 r--p 00007000 08:06 555856     /lib/i386-linux-gnu/libnss_compat-2.23.so
b6775000-b6776000 rw-p 00008000 08:06 555856     /lib/i386-linux-gnu/libnss_compat-2.23.so
b6776000-b6777000 r--s 00003000 08:07 263358     /home/akshat/Documents/DistributedComputing/eclipse/plugins/org.eclipse.m2e.maven.runtime_1.8.0.20160921-2001/jars/maven-builder-support-3.3.9.jar
b6777000-b6778000 r--s 0000a000 08:07 263336     /home/akshat/Documents/DistributedComputing/eclipse/plugins/org.eclipse.m2e.maven.runtime_1.8.0.20160921-2001/jars/maven-settings-3.3.9.jar
b6778000-b677b000 r--s 00026000 08:07 263343     /home/akshat/Documents/DistributedComputing/eclipse/plugins/org.eclipse.m2e.maven.runtime_1.8.0.20160921-2001/jars/maven-model-3.3.9.jar
b677b000-b677d000 r--s 0000b000 08:07 263333     /home/akshat/Documents/DistributedComputing/eclipse/plugins/org.eclipse.m2e.maven.runtime_1.8.0.20160921-2001/jars/plexus-classworlds-2.5.2.jar
b677d000-b677e000 r--p 002d4000 08:06 2007       /usr/lib/locale/locale-archive
b677e000-b678c000 rw-p 00000000 00:00 0 
b678c000-b67af000 r-xp 00000000 08:06 440350     /usr/local/java/jdk1.7.0_80/jre/lib/i386/libjava.so
b67af000-b67b0000 rw-p 00023000 08:06 440350     /usr/local/java/jdk1.7.0_80/jre/lib/i386/libjava.so
b67b0000-b67b7000 r-xp 00000000 08:06 555857     /lib/i386-linux-gnu/librt-2.23.so
b67b7000-b67b8000 r--p 00006000 08:06 555857     /lib/i386-linux-gnu/librt-2.23.so
b67b8000-b67b9000 rw-p 00007000 08:06 555857     /lib/i386-linux-gnu/librt-2.23.so
b67b9000-b67bc000 ---p 00000000 00:00 0 
b67bc000-b680a000 rw-p 00000000 00:00 0 
b680a000-b685d000 r-xp 00000000 08:06 555849     /lib/i386-linux-gnu/libm-2.23.so
b685d000-b685e000 r--p 00052000 08:06 555849     /lib/i386-linux-gnu/libm-2.23.so
b685e000-b685f000 rw-p 00053000 08:06 555849     /lib/i386-linux-gnu/libm-2.23.so
b685f000-b70e6000 r-xp 00000000 08:06 440333     /usr/local/java/jdk1.7.0_80/jre/lib/i386/server/libjvm.so
b70e6000-b714a000 rw-p 00886000 08:06 440333     /usr/local/java/jdk1.7.0_80/jre/lib/i386/server/libjvm.so
b714a000-b756e000 rw-p 00000000 00:00 0 
b756e000-b771d000 r-xp 00000000 08:06 555851     /lib/i386-linux-gnu/libc-2.23.so
b771d000-b771e000 ---p 001af000 08:06 555851     /lib/i386-linux-gnu/libc-2.23.so
b771e000-b7720000 r--p 001af000 08:06 555851     /lib/i386-linux-gnu/libc-2.23.so
b7720000-b7721000 rw-p 001b1000 08:06 555851     /lib/i386-linux-gnu/libc-2.23.so
b7721000-b7724000 rw-p 00000000 00:00 0 
b7724000-b7727000 r-xp 00000000 08:06 555847     /lib/i386-linux-gnu/libdl-2.23.so
b7727000-b7728000 r--p 00002000 08:06 555847     /lib/i386-linux-gnu/libdl-2.23.so
b7728000-b7729000 rw-p 00003000 08:06 555847     /lib/i386-linux-gnu/libdl-2.23.so
b7729000-b773d000 r-xp 00000000 08:06 296707     /usr/local/java/jdk1.7.0_80/lib/i386/jli/libjli.so
b773d000-b773e000 rw-p 00013000 08:06 296707     /usr/local/java/jdk1.7.0_80/lib/i386/jli/libjli.so
b773e000-b7757000 r-xp 00000000 08:06 555861     /lib/i386-linux-gnu/libpthread-2.23.so
b7757000-b7758000 r--p 00018000 08:06 555861     /lib/i386-linux-gnu/libpthread-2.23.so
b7758000-b7759000 rw-p 00019000 08:06 555861     /lib/i386-linux-gnu/libpthread-2.23.so
b7759000-b775b000 rw-p 00000000 00:00 0 
b775b000-b7763000 rw-s 00000000 08:06 788118     /tmp/hsperfdata_akshat/3844
b7763000-b7764000 rw-p 00000000 00:00 0 
b7764000-b7765000 ---p 00000000 00:00 0 
b7765000-b7770000 r-xp 00000000 08:06 440369     /usr/local/java/jdk1.7.0_80/jre/lib/i386/libverify.so
b7770000-b7771000 rw-p 0000b000 08:06 440369     /usr/local/java/jdk1.7.0_80/jre/lib/i386/libverify.so
b7771000-b7773000 rw-p 00000000 00:00 0 
b7773000-b7775000 r--p 00000000 00:00 0          [vvar]
b7775000-b7776000 r-xp 00000000 00:00 0          [vdso]
b7776000-b7798000 r-xp 00000000 08:06 555852     /lib/i386-linux-gnu/ld-2.23.so
b7798000-b7799000 rw-p 00000000 00:00 0 
b7799000-b779a000 r--p 00022000 08:06 555852     /lib/i386-linux-gnu/ld-2.23.so
b779a000-b779b000 rw-p 00023000 08:06 555852     /lib/i386-linux-gnu/ld-2.23.so
bf93e000-bf93f000 rwxp 00000000 00:00 0 
bf970000-bf992000 rw-p 00000000 00:00 0          [stack]

VM Arguments:
jvm_args: -Dmaven.home=EMBEDDED -Dclassworlds.conf=/home/akshat/workspace/.metadata/.plugins/org.eclipse.m2e.launching/launches/m2conf3525218854176004312.tmp -Dmaven.multiModuleProjectDirectory=/home/akshat/workspace/HCDistributed -Dfile.encoding=UTF-8 
java_command: org.codehaus.plexus.classworlds.launcher.Launcher -B package shade:shade
Launcher Type: SUN_STANDARD

Environment Variables:
JAVA_HOME=/usr/local/java/jdk1.8.0_101
JRE_HOME=/usr/local/java/jdk1.8.0_101/jre
PATH=/home/akshat/Documents/DistributedComputing/hadoop-2.7.2/bin:/home/akshat/Downloads/mosek/7/tools/platform/linux32x86/bin:/home/akshat/Downloads/sublime_text_3/sublime_text:/home/akshat/Documents/DistributedComputing/eclipse:/home/akshat/bin:/home/akshat/.local/bin:/usr/local/sbin:/usr/local/bin:/usr/sbin:/usr/bin:/sbin:/bin:/usr/games:/usr/local/games:/snap/bin:/usr/local/java/jdk1.8.0_101/bin:/usr/local/java/jdk1.8.0_101/jre/bin
LD_LIBRARY_PATH=/usr/local/java/jdk1.7.0_80/jre/lib/i386/server:/usr/local/java/jdk1.7.0_80/jre/lib/i386:/usr/local/java/jdk1.7.0_80/jre/../lib/i386:/usr/local/java/jdk1.8.0_101/jre/lib/i386/client:/usr/local/java/jdk1.8.0_101/jre/lib/i386:
SHELL=/bin/bash
DISPLAY=:0

Signal Handlers:
SIGSEGV: [libjvm.so+0x7eb160], sa_mask[0]=0x7ffbfeff, sa_flags=0x10000004
SIGBUS: [libjvm.so+0x7eb160], sa_mask[0]=0x7ffbfeff, sa_flags=0x10000004
SIGFPE: [libjvm.so+0x684ac0], sa_mask[0]=0x7ffbfeff, sa_flags=0x10000004
SIGPIPE: [libjvm.so+0x684ac0], sa_mask[0]=0x7ffbfeff, sa_flags=0x10000004
SIGXFSZ: [libjvm.so+0x684ac0], sa_mask[0]=0x7ffbfeff, sa_flags=0x10000004
SIGILL: [libjvm.so+0x684ac0], sa_mask[0]=0x7ffbfeff, sa_flags=0x10000004
SIGUSR1: SIG_DFL, sa_mask[0]=0x00000000, sa_flags=0x00000000
SIGUSR2: [libjvm.so+0x686330], sa_mask[0]=0x00000004, sa_flags=0x10000004
SIGHUP: [libjvm.so+0x687660], sa_mask[0]=0x7ffbfeff, sa_flags=0x10000004
SIGINT: [libjvm.so+0x687660], sa_mask[0]=0x7ffbfeff, sa_flags=0x10000004
SIGTERM: [libjvm.so+0x687660], sa_mask[0]=0x7ffbfeff, sa_flags=0x10000004
SIGQUIT: [libjvm.so+0x687660], sa_mask[0]=0x7ffbfeff, sa_flags=0x10000004


---------------  S Y S T E M  ---------------

OS:stretch/sid

uname:Linux 4.4.0-75-generic #96-Ubuntu SMP Thu Apr 20 09:55:15 UTC 2017 i686
libc:glibc 2.23 NPTL 2.23 
rlimit: STACK 8192k, CORE 0k, NPROC 15619, NOFILE 65536, AS infinity
load average:19.87 7.53 2.94

/proc/meminfo:
MemTotal:        2036416 kB
MemFree:          102156 kB
MemAvailable:          0 kB
Buffers:             560 kB
Cached:           214160 kB
SwapCached:            0 kB
Active:          1658944 kB
Inactive:         203952 kB
Active(anon):    1649968 kB
Inactive(anon):   194696 kB
Active(file):       8976 kB
Inactive(file):     9256 kB
Unevictable:         248 kB
Mlocked:             248 kB
HighTotal:       1157832 kB
HighFree:           6356 kB
LowTotal:         878584 kB
LowFree:           95800 kB
SwapTotal:             0 kB
SwapFree:              0 kB
Dirty:                12 kB
Writeback:             0 kB
AnonPages:       1648500 kB
Mapped:            46828 kB
Shmem:            196412 kB
Slab:              35100 kB
SReclaimable:      15092 kB
SUnreclaim:        20008 kB
KernelStack:        4232 kB
PageTables:        12076 kB
NFS_Unstable:          0 kB
Bounce:                0 kB
WritebackTmp:          0 kB
CommitLimit:     1018208 kB
Committed_AS:    5399200 kB
VmallocTotal:     122880 kB
VmallocUsed:           0 kB
VmallocChunk:          0 kB
AnonHugePages:    768000 kB
CmaTotal:              0 kB
CmaFree:               0 kB
HugePages_Total:       0
HugePages_Free:        0
HugePages_Rsvd:        0
HugePages_Surp:        0
Hugepagesize:       2048 kB
DirectMap4k:       51192 kB
DirectMap2M:      862208 kB


CPU:total 2 (2 cores per cpu, 1 threads per core) family 6 model 15 stepping 13, cmov, cx8, fxsr, mmx, sse, sse2, sse3, ssse3, tsc

/proc/cpuinfo:
processor	: 0
vendor_id	: GenuineIntel
cpu family	: 6
model		: 15
model name	: Intel(R) Core(TM)2 Duo CPU     T5870  @ 2.00GHz
stepping	: 13
microcode	: 0xa3
cpu MHz		: 2001.000
cache size	: 2048 KB
physical id	: 0
siblings	: 2
core id		: 0
cpu cores	: 2
apicid		: 0
initial apicid	: 0
fdiv_bug	: no
f00f_bug	: no
coma_bug	: no
fpu		: yes
fpu_exception	: yes
cpuid level	: 10
wp		: yes
flags		: fpu vme de pse tsc msr pae mce cx8 apic sep mtrr pge mca cmov pat pse36 clflush dts acpi mmx fxsr sse sse2 ss ht tm pbe nx lm constant_tsc arch_perfmon pebs bts aperfmperf pni dtes64 monitor ds_cpl est tm2 ssse3 cx16 xtpr pdcm lahf_lm dtherm ida
bugs		:
bogomips	: 3989.89
clflush size	: 64
cache_alignment	: 64
address sizes	: 36 bits physical, 48 bits virtual
power management:

processor	: 1
vendor_id	: GenuineIntel
cpu family	: 6
model		: 15
model name	: Intel(R) Core(TM)2 Duo CPU     T5870  @ 2.00GHz
stepping	: 13
microcode	: 0xa3
cpu MHz		: 2001.000
cache size	: 2048 KB
physical id	: 0
siblings	: 2
core id		: 1
cpu cores	: 2
apicid		: 1
initial apicid	: 1
fdiv_bug	: no
f00f_bug	: no
coma_bug	: no
fpu		: yes
fpu_exception	: yes
cpuid level	: 10
wp		: yes
flags		: fpu vme de pse tsc msr pae mce cx8 apic sep mtrr pge mca cmov pat pse36 clflush dts acpi mmx fxsr sse sse2 ss ht tm pbe nx lm constant_tsc arch_perfmon pebs bts aperfmperf pni dtes64 monitor ds_cpl est tm2 ssse3 cx16 xtpr pdcm lahf_lm dtherm ida
bugs		:
bogomips	: 3989.89
clflush size	: 64
cache_alignment	: 64
address sizes	: 36 bits physical, 48 bits virtual
power management:



Memory: 4k page, physical 2036416k(102156k free), swap 0k(0k free)

vm_info: Java HotSpot(TM) Server VM (24.80-b11) for linux-x86 JRE (1.7.0_80-b15), built on Apr 10 2015 12:29:10 by "java_re" with gcc 4.3.0 20080428 (Red Hat 4.3.0-8)

time: Thu May  4 00:26:27 2017
elapsed time: 133 seconds

