#
# There is insufficient memory for the Java Runtime Environment to continue.
# Native memory allocation (malloc) failed to allocate 49807360 bytes for committing reserved memory.
# Possible reasons:
#   The system is out of physical RAM or swap space
#   In 32 bit mode, the process size limit was hit
# Possible solutions:
#   Reduce memory load on the system
#   Increase physical memory or swap space
#   Check if swap backing store is full
#   Use 64 bit Java on a 64 bit OS
#   Decrease Java heap size (-Xmx/-Xms)
#   Decrease number of Java threads
#   Decrease Java thread stack sizes (-Xss)
#   Set larger code cache with -XX:ReservedCodeCacheSize=
# This output file may be truncated or incomplete.
#
#  Out of Memory Error (os_linux.cpp:2756), pid=5242, tid=2389703488
#
# JRE version: Java(TM) SE Runtime Environment (7.0_80-b15) (build 1.7.0_80-b15)
# Java VM: Java HotSpot(TM) Server VM (24.80-b11 mixed mode linux-x86 )
# Failed to write core dump. Core dumps have been disabled. To enable core dumping, try "ulimit -c unlimited" before starting Java again
#

---------------  T H R E A D  ---------------

Current thread (0x8e710400):  VMThread [stack: 0x8e67f000,0x8e700000] [id=5250]

Stack: [0x8e67f000,0x8e700000],  sp=0x8e6feab0,  free space=510k
Native frames: (J=compiled Java code, j=interpreted, Vv=VM code, C=native code)
V  [libjvm.so+0x7ea656]  VMError::report_and_die()+0x1a6
V  [libjvm.so+0x33eb82]  report_vm_out_of_memory(char const*, int, unsigned int, char const*)+0x72
V  [libjvm.so+0x687fb1]  os::Linux::commit_memory_impl(char*, unsigned int, bool)+0xe1
V  [libjvm.so+0x688478]  os::pd_commit_memory(char*, unsigned int, unsigned int, bool)+0x28
V  [libjvm.so+0x681b2c]  os::commit_memory(char*, unsigned int, unsigned int, bool)+0x2c
V  [libjvm.so+0x6ea8d8]  PSVirtualSpace::expand_by(unsigned int)+0x48
V  [libjvm.so+0x6eb9da]  PSYoungGen::resize_generation(unsigned int, unsigned int)+0xda
V  [libjvm.so+0x6ead19]  PSYoungGen::resize(unsigned int, unsigned int)+0x19
V  [libjvm.so+0x6e8649]  PSScavenge::invoke_no_policy()+0xcf9
V  [libjvm.so+0x6e8ea8]  PSScavenge::invoke()+0x28
V  [libjvm.so+0x6a851a]  ParallelScavengeHeap::failed_mem_allocate(unsigned int)+0x5a
V  [libjvm.so+0x7ebeea]  VM_ParallelGCFailedAllocation::doit()+0x7a
V  [libjvm.so+0x7f4d07]  VM_Operation::evaluate()+0x47
V  [libjvm.so+0x7f2da3]  VMThread::evaluate_operation(VM_Operation*)+0xb3
V  [libjvm.so+0x7f3140]  VMThread::loop()+0x1b0
V  [libjvm.so+0x7f35a5]  VMThread::run()+0x85
V  [libjvm.so+0x68a249]  java_start(Thread*)+0x119
C  [libpthread.so.0+0x6295]  start_thread+0xe5

VM_Operation (0xb6862bc4): ParallelGCFailedAllocation, mode: safepoint, requested by thread 0xb6707c00


---------------  P R O C E S S  ---------------

Java Threads: ( => current thread )
  0x8e72a800 JavaThread "Service Thread" daemon [_thread_blocked, id=5256, stack(0x8e239000,0x8e28a000)]
  0x8e729000 JavaThread "C2 CompilerThread1" daemon [_thread_blocked, id=5255, stack(0x8e28a000,0x8e30b000)]
  0x8e727000 JavaThread "C2 CompilerThread0" daemon [_thread_blocked, id=5254, stack(0x8e30b000,0x8e38c000)]
  0x8e725800 JavaThread "Signal Dispatcher" daemon [_thread_blocked, id=5253, stack(0x8e38c000,0x8e3dd000)]
  0x8e714800 JavaThread "Finalizer" daemon [_thread_blocked, id=5252, stack(0x8e5dd000,0x8e62e000)]
  0x8e713000 JavaThread "Reference Handler" daemon [_thread_blocked, id=5251, stack(0x8e62e000,0x8e67f000)]
  0xb6707c00 JavaThread "main" [_thread_blocked, id=5247, stack(0xb6816000,0xb6867000)]

Other Threads:
=>0x8e710400 VMThread [stack: 0x8e67f000,0x8e700000] [id=5250]
  0x8e72c800 WatcherThread [stack: 0x8e1b8000,0x8e239000] [id=5257]

VM state:at safepoint (normal execution)

VM Mutex/Monitor currently owned by a thread:  ([mutex/lock_event])
[0xb6705150] Threads_lock - owner thread: 0x8e710400
[0xb6705560] Heap_lock - owner thread: 0xb6707c00

Heap
 PSYoungGen      total 85760K, used 3134K [0xa8f80000, 0xae800000, 0xb3580000)
  eden space 80896K, 0% used [0xa8f80000,0xa8f80000,0xade80000)
  from space 4864K, 64% used [0xade80000,0xae18fab0,0xae340000)
  to   space 4864K, 0% used [0xae340000,0xae340000,0xae800000)
 ParOldGen       total 21248K, used 12299K [0x94380000, 0x95840000, 0xa8f80000)
  object space 21248K, 57% used [0x94380000,0x94f82f68,0x95840000)
 PSPermGen       total 16384K, used 12635K [0x90380000, 0x91380000, 0x94380000)
  object space 16384K, 77% used [0x90380000,0x90fd6c98,0x91380000)

Card table byte_map: [0x90266000,0x90380000] byte_map_base: 0x8fde4400

Polling page: 0xb77c1000

Code Cache  [0xb3673000, 0xb38b3000, 0xb6673000)
 total_blobs=618 nmethods=476 adapters=96 free_code_cache=47869Kb largest_free_block=48989248

Compilation events (10 events):
Event: 20.844 Thread 0x8e727000 nmethod 526 0xb37b3648 code [0xb37b3740, 0xb37b3a70]
Event: 20.844 Thread 0x8e727000  527             java.net.URI::quote (208 bytes)
Event: 20.854 Thread 0x8e729000 nmethod 525 0xb371c6c8 code [0xb371c7e0, 0xb371ce70]
Event: 20.855 Thread 0x8e729000  528             java.net.URI::access$300 (7 bytes)
Event: 20.856 Thread 0x8e729000 nmethod 528 0xb37b3308 code [0xb37b3400, 0xb37b3510]
Event: 20.856 Thread 0x8e729000  529             java.util.jar.JarFile::hasClassPathAttribute (168 bytes)
Event: 20.858 Thread 0x8e727000 nmethod 527 0xb371bf08 code [0xb371c020, 0xb371c410]
Event: 20.858 Thread 0x8e727000  530             java.util.zip.Inflater::ensureOpen (47 bytes)
Event: 20.859 Thread 0x8e727000 nmethod 530 0xb37ae0c8 code [0xb37ae1c0, 0xb37ae250]
Event: 20.864 Thread 0x8e729000 nmethod 529 0xb371b888 code [0xb371b9c0, 0xb371bc50]

GC Heap History (10 events):
Event: 7.221 GC heap after
Heap after GC invocations=8 (full 0):
 PSYoungGen      total 35328K, used 3834K [0xa8f80000, 0xab800000, 0xb3580000)
  eden space 31488K, 0% used [0xa8f80000,0xa8f80000,0xaae40000)
  from space 3840K, 99% used [0xab2c0000,0xab67e800,0xab680000)
  to   space 4608K, 0% used [0xaae40000,0xaae40000,0xab2c0000)
 ParOldGen       total 21248K, used 5098K [0x94380000, 0x95840000, 0xa8f80000)
  object space 21248K, 23% used [0x94380000,0x9487aae0,0x95840000)
 PSPermGen       total 16384K, used 9584K [0x90380000, 0x91380000, 0x94380000)
  object space 16384K, 58% used [0x90380000,0x90cdc3d8,0x91380000)
}
Event: 10.798 GC heap before
{Heap before GC invocations=9 (full 0):
 PSYoungGen      total 35328K, used 35322K [0xa8f80000, 0xab800000, 0xb3580000)
  eden space 31488K, 100% used [0xa8f80000,0xaae40000,0xaae40000)
  from space 3840K, 99% used [0xab2c0000,0xab67e800,0xab680000)
  to   space 4608K, 0% used [0xaae40000,0xaae40000,0xab2c0000)
 ParOldGen       total 21248K, used 5098K [0x94380000, 0x95840000, 0xa8f80000)
  object space 21248K, 23% used [0x94380000,0x9487aae0,0x95840000)
 PSPermGen       total 16384K, used 9702K [0x90380000, 0x91380000, 0x94380000)
  object space 16384K, 59% used [0x90380000,0x90cf9ac0,0x91380000)
Event: 10.827 GC heap after
Heap after GC invocations=9 (full 0):
 PSYoungGen      total 36096K, used 3880K [0xa8f80000, 0xaca40000, 0xb3580000)
  eden space 31488K, 0% used [0xa8f80000,0xa8f80000,0xaae40000)
  from space 4608K, 84% used [0xaae40000,0xab20a350,0xab2c0000)
  to   space 4864K, 0% used [0xac580000,0xac580000,0xaca40000)
 ParOldGen       total 21248K, used 5565K [0x94380000, 0x95840000, 0xa8f80000)
  object space 21248K, 26% used [0x94380000,0x948ef718,0x95840000)
 PSPermGen       total 16384K, used 9702K [0x90380000, 0x91380000, 0x94380000)
  object space 16384K, 59% used [0x90380000,0x90cf9ac0,0x91380000)
}
Event: 13.117 GC heap before
{Heap before GC invocations=10 (full 0):
 PSYoungGen      total 36096K, used 35368K [0xa8f80000, 0xaca40000, 0xb3580000)
  eden space 31488K, 100% used [0xa8f80000,0xaae40000,0xaae40000)
  from space 4608K, 84% used [0xaae40000,0xab20a350,0xab2c0000)
  to   space 4864K, 0% used [0xac580000,0xac580000,0xaca40000)
 ParOldGen       total 21248K, used 5565K [0x94380000, 0x95840000, 0xa8f80000)
  object space 21248K, 26% used [0x94380000,0x948ef718,0x95840000)
 PSPermGen       total 16384K, used 10171K [0x90380000, 0x91380000, 0x94380000)
  object space 16384K, 62% used [0x90380000,0x90d6ec48,0x91380000)
Event: 13.160 GC heap after
Heap after GC invocations=10 (full 0):
 PSYoungGen      total 55296K, used 3193K [0xa8f80000, 0xaca40000, 0xb3580000)
  eden space 50432K, 0% used [0xa8f80000,0xa8f80000,0xac0c0000)
  from space 4864K, 65% used [0xac580000,0xac89e440,0xaca40000)
  to   space 4864K, 0% used [0xac0c0000,0xac0c0000,0xac580000)
 ParOldGen       total 21248K, used 7653K [0x94380000, 0x95840000, 0xa8f80000)
  object space 21248K, 36% used [0x94380000,0x94af9758,0x95840000)
 PSPermGen       total 16384K, used 10171K [0x90380000, 0x91380000, 0x94380000)
  object space 16384K, 62% used [0x90380000,0x90d6ec48,0x91380000)
}
Event: 15.858 GC heap before
{Heap before GC invocations=11 (full 0):
 PSYoungGen      total 55296K, used 53625K [0xa8f80000, 0xaca40000, 0xb3580000)
  eden space 50432K, 100% used [0xa8f80000,0xac0c0000,0xac0c0000)
  from space 4864K, 65% used [0xac580000,0xac89e440,0xaca40000)
  to   space 4864K, 0% used [0xac0c0000,0xac0c0000,0xac580000)
 ParOldGen       total 21248K, used 7653K [0x94380000, 0x95840000, 0xa8f80000)
  object space 21248K, 36% used [0x94380000,0x94af9758,0x95840000)
 PSPermGen       total 16384K, used 10246K [0x90380000, 0x91380000, 0x94380000)
  object space 16384K, 62% used [0x90380000,0x90d818a8,0x91380000)
Event: 15.888 GC heap after
Heap after GC invocations=11 (full 0):
 PSYoungGen      total 55296K, used 2104K [0xa8f80000, 0xae800000, 0xb3580000)
  eden space 50432K, 0% used [0xa8f80000,0xa8f80000,0xac0c0000)
  from space 4864K, 43% used [0xac0c0000,0xac2ce068,0xac580000)
  to   space 4864K, 0% used [0xae340000,0xae340000,0xae800000)
 ParOldGen       total 21248K, used 9891K [0x94380000, 0x95840000, 0xa8f80000)
  object space 21248K, 46% used [0x94380000,0x94d28f68,0x95840000)
 PSPermGen       total 16384K, used 10246K [0x90380000, 0x91380000, 0x94380000)
  object space 16384K, 62% used [0x90380000,0x90d818a8,0x91380000)
}
Event: 16.849 GC heap before
{Heap before GC invocations=12 (full 0):
 PSYoungGen      total 55296K, used 52536K [0xa8f80000, 0xae800000, 0xb3580000)
  eden space 50432K, 100% used [0xa8f80000,0xac0c0000,0xac0c0000)
  from space 4864K, 43% used [0xac0c0000,0xac2ce068,0xac580000)
  to   space 4864K, 0% used [0xae340000,0xae340000,0xae800000)
 ParOldGen       total 21248K, used 9891K [0x94380000, 0x95840000, 0xa8f80000)
  object space 21248K, 46% used [0x94380000,0x94d28f68,0x95840000)
 PSPermGen       total 16384K, used 10479K [0x90380000, 0x91380000, 0x94380000)
  object space 16384K, 63% used [0x90380000,0x90dbbfd8,0x91380000)
Event: 16.874 GC heap after
Heap after GC invocations=12 (full 0):
 PSYoungGen      total 85760K, used 1340K [0xa8f80000, 0xae800000, 0xb3580000)
  eden space 80896K, 0% used [0xa8f80000,0xa8f80000,0xade80000)
  from space 4864K, 27% used [0xae340000,0xae48f310,0xae800000)
  to   space 4864K, 0% used [0xade80000,0xade80000,0xae340000)
 ParOldGen       total 21248K, used 11591K [0x94380000, 0x95840000, 0xa8f80000)
  object space 21248K, 54% used [0x94380000,0x94ed1f68,0x95840000)
 PSPermGen       total 16384K, used 10479K [0x90380000, 0x91380000, 0x94380000)
  object space 16384K, 63% used [0x90380000,0x90dbbfd8,0x91380000)
}
Event: 21.236 GC heap before
{Heap before GC invocations=13 (full 0):
 PSYoungGen      total 85760K, used 82236K [0xa8f80000, 0xae800000, 0xb3580000)
  eden space 80896K, 100% used [0xa8f80000,0xade80000,0xade80000)
  from space 4864K, 27% used [0xae340000,0xae48f310,0xae800000)
  to   space 4864K, 0% used [0xade80000,0xade80000,0xae340000)
 ParOldGen       total 21248K, used 11591K [0x94380000, 0x95840000, 0xa8f80000)
  object space 21248K, 54% used [0x94380000,0x94ed1f68,0x95840000)
 PSPermGen       total 16384K, used 12635K [0x90380000, 0x91380000, 0x94380000)
  object space 16384K, 77% used [0x90380000,0x90fd6c98,0x91380000)

Deoptimization events (10 events):
Event: 19.212 Thread 0xb6707c00 Uncommon trap: reason=unstable_if action=reinterpret pc=0xb36cb904 method=java.util.jar.Attributes$Name.isValid(C)Z @ 11
Event: 19.213 Thread 0xb6707c00 Uncommon trap: reason=unstable_if action=reinterpret pc=0xb36c8f84 method=java.util.jar.Manifest$FastInputStream.readLine([BII)I @ 87
Event: 19.225 Thread 0xb6707c00 Uncommon trap: reason=unstable_if action=reinterpret pc=0xb37b6b10 method=java.lang.StringCoding$StringDecoder.decode([BII)[C @ 20
Event: 19.533 Thread 0xb6707c00 Uncommon trap: reason=unstable_if action=reinterpret pc=0xb37326c0 method=java.util.StringTokenizer.setMaxDelimCodePoint()V @ 71
Event: 19.696 Thread 0xb6707c00 Uncommon trap: reason=unstable_if action=reinterpret pc=0xb36f5240 method=java.util.StringTokenizer.setMaxDelimCodePoint()V @ 71
Event: 20.099 Thread 0xb6707c00 Uncommon trap: reason=unstable_if action=reinterpret pc=0xb37551b4 method=java.util.jar.Attributes.read(Ljava/util/jar/Manifest$FastInputStream;[B)V @ 58
Event: 20.818 Thread 0xb6707c00 Uncommon trap: reason=unstable_if action=reinterpret pc=0xb377409c method=java.io.File.getName()Ljava/lang/String; @ 16
Event: 20.818 Thread 0xb6707c00 Uncommon trap: reason=unstable_if action=reinterpret pc=0xb374193c method=java.io.UnixFileSystem.getBooleanAttributes(Ljava/io/File;)I @ 25
Event: 20.818 Thread 0xb6707c00 Uncommon trap: reason=unstable_if action=reinterpret pc=0xb37421e8 method=java.io.UnixFileSystem.parentOrNull(Ljava/lang/String;)Ljava/lang/String; @ 63
Event: 20.842 Thread 0xb6707c00 Uncommon trap: reason=unstable_if action=reinterpret pc=0xb36cfc38 method=sun.misc.URLClassPath$JarLoader.getResource(Ljava/lang/String;Z)Lsun/misc/Resource; @ 68

Internal exceptions (10 events):
Event: 20.999 Thread 0xb6707c00 Threw 0xade69018 at /HUDSON/workspace/7u-2-build-linux-i586/jdk7u80/2329/hotspot/src/share/vm/prims/jvm.cpp:1319
Event: 20.999 Thread 0xb6707c00 Threw 0xade69698 at /HUDSON/workspace/7u-2-build-linux-i586/jdk7u80/2329/hotspot/src/share/vm/prims/jvm.cpp:1319
Event: 21.052 Thread 0xb6707c00 Threw 0xade6cc58 at /HUDSON/workspace/7u-2-build-linux-i586/jdk7u80/2329/hotspot/src/share/vm/prims/jvm.cpp:1319
Event: 21.052 Thread 0xb6707c00 Threw 0xade6d2e0 at /HUDSON/workspace/7u-2-build-linux-i586/jdk7u80/2329/hotspot/src/share/vm/prims/jvm.cpp:1319
Event: 21.087 Thread 0xb6707c00 Threw 0xade77b98 at /HUDSON/workspace/7u-2-build-linux-i586/jdk7u80/2329/hotspot/src/share/vm/prims/jvm.cpp:1319
Event: 21.087 Thread 0xb6707c00 Threw 0xade782b8 at /HUDSON/workspace/7u-2-build-linux-i586/jdk7u80/2329/hotspot/src/share/vm/prims/jvm.cpp:1319
Event: 21.103 Thread 0xb6707c00 Threw 0xade7a0c8 at /HUDSON/workspace/7u-2-build-linux-i586/jdk7u80/2329/hotspot/src/share/vm/prims/jvm.cpp:1319
Event: 21.103 Thread 0xb6707c00 Threw 0xade7a6b0 at /HUDSON/workspace/7u-2-build-linux-i586/jdk7u80/2329/hotspot/src/share/vm/prims/jvm.cpp:1319
Event: 21.115 Thread 0xb6707c00 Threw 0xade7d558 at /HUDSON/workspace/7u-2-build-linux-i586/jdk7u80/2329/hotspot/src/share/vm/prims/jvm.cpp:1319
Event: 21.115 Thread 0xb6707c00 Threw 0xade7dbc0 at /HUDSON/workspace/7u-2-build-linux-i586/jdk7u80/2329/hotspot/src/share/vm/prims/jvm.cpp:1319

Events (10 events):
Event: 21.051 loading class 0x8d579648 done
Event: 21.087 loading class 0x8d55a3b8
Event: 21.087 loading class 0x8d55a3b8 done
Event: 21.103 loading class 0x8d579318
Event: 21.103 loading class 0x8d579318 done
Event: 21.115 loading class 0x8d5bf360
Event: 21.115 loading class 0x8d5bf360 done
Event: 21.116 loading class 0x8d5bf3a0
Event: 21.116 loading class 0x8d5bf3a0 done
Event: 21.189 Executing VM operation: ParallelGCFailedAllocation


Dynamic libraries:
08048000-08049000 r-xp 00000000 08:06 705763     /usr/local/java/jdk1.7.0_80/bin/java
08049000-0804a000 rw-p 00000000 08:06 705763     /usr/local/java/jdk1.7.0_80/bin/java
087f6000-08b4b000 rw-p 00000000 00:00 0          [heap]
8d200000-8d2cb000 rw-p 00000000 00:00 0 
8d2cb000-8d300000 ---p 00000000 00:00 0 
8d300000-8d400000 rw-p 00000000 00:00 0 
8d500000-8d5fe000 rw-p 00000000 00:00 0 
8d5fe000-8d600000 ---p 00000000 00:00 0 
8d600000-8d6fe000 rw-p 00000000 00:00 0 
8d6fe000-8d700000 ---p 00000000 00:00 0 
8d700000-8d800000 rw-p 00000000 00:00 0 
8d895000-8d900000 r--s 00e21000 08:06 296708     /usr/local/java/jdk1.7.0_80/lib/tools.jar
8d900000-8d9ff000 rw-p 00000000 00:00 0 
8d9ff000-8da00000 ---p 00000000 00:00 0 
8da00000-8db00000 rw-p 00000000 00:00 0 
8db00000-8dbfa000 rw-p 00000000 00:00 0 
8dbfa000-8dc00000 ---p 00000000 00:00 0 
8dc3f000-8de00000 rw-p 00000000 00:00 0 
8de00000-8df00000 rw-p 00000000 00:00 0 
8df00000-8dfe9000 rw-p 00000000 00:00 0 
8dfe9000-8e000000 ---p 00000000 00:00 0 
8e000000-8e100000 rw-p 00000000 00:00 0 
8e152000-8e153000 r--s 00004000 08:07 534879     /home/akshat/.m2/repository/org/codehaus/plexus/plexus-compiler-javac/2.7/plexus-compiler-javac-2.7.jar
8e153000-8e155000 r--s 00000000 08:07 276263     /home/akshat/.m2/repository/org/codehaus/plexus/plexus-compiler-manager/2.7/plexus-compiler-manager-2.7.jar
8e155000-8e157000 r--s 00005000 08:07 276261     /home/akshat/.m2/repository/org/codehaus/plexus/plexus-compiler-api/2.7/plexus-compiler-api-2.7.jar
8e157000-8e159000 r--s 00002000 08:07 534877     /home/akshat/.m2/repository/org/apache/maven/shared/maven-shared-incremental/1.1/maven-shared-incremental-1.1.jar
8e159000-8e15b000 r--s 00006000 08:07 407358     /home/akshat/.m2/repository/com/google/code/findbugs/jsr305/2.0.1/jsr305-2.0.1.jar
8e15b000-8e15f000 r--s 0002a000 08:07 407356     /home/akshat/.m2/repository/commons-io/commons-io/2.4/commons-io-2.4.jar
8e15f000-8e162000 r--s 00023000 08:07 407354     /home/akshat/.m2/repository/org/apache/maven/shared/maven-shared-utils/3.0.0/maven-shared-utils-3.0.0.jar
8e162000-8e164000 r--s 00002000 08:07 276257     /home/akshat/.m2/repository/org/sonatype/plexus/plexus-cipher/1.4/plexus-cipher-1.4.jar
8e164000-8e165000 r--s 00006000 08:07 165725     /home/akshat/.m2/repository/org/sonatype/plexus/plexus-sec-dispatcher/1.3/plexus-sec-dispatcher-1.3.jar
8e165000-8e167000 r--s 00000000 08:07 165723     /home/akshat/.m2/repository/org/codehaus/plexus/plexus-component-annotations/1.5.5/plexus-component-annotations-1.5.5.jar
8e167000-8e169000 r--s 0000d000 08:07 165719     /home/akshat/.m2/repository/org/codehaus/plexus/plexus-interpolation/1.14/plexus-interpolation-1.14.jar
8e169000-8e16d000 r--s 00017000 08:07 276255     /home/akshat/.m2/repository/org/sonatype/aether/aether-util/1.7/aether-util-1.7.jar
8e16d000-8e171000 r--s 00033000 08:07 165711     /home/akshat/.m2/repository/org/codehaus/plexus/plexus-utils/2.0.4/plexus-utils-2.0.4.jar
8e171000-8e17c000 r--s 00069000 08:07 165707     /home/akshat/.m2/repository/org/sonatype/sisu/sisu-guice/2.1.7/sisu-guice-2.1.7-noaop.jar
8e17c000-8e181000 r--s 00021000 08:07 165705     /home/akshat/.m2/repository/org/sonatype/sisu/sisu-inject-bean/1.4.2/sisu-inject-bean-1.4.2.jar
8e181000-8e183000 r--s 0000b000 08:07 152863     /home/akshat/.m2/repository/org/apache/maven/plugins/maven-compiler-plugin/3.5.1/maven-compiler-plugin-3.5.1.jar
8e183000-8e185000 r--s 0000d000 08:07 276317     /home/akshat/.m2/repository/org/codehaus/plexus/plexus-interpolation/1.13/plexus-interpolation-1.13.jar
8e185000-8e186000 r--s 00001000 08:07 276315     /home/akshat/.m2/repository/org/sonatype/plexus/plexus-build-api/0.0.4/plexus-build-api-0.0.4.jar
8e186000-8e188000 r--s 00009000 08:07 534905     /home/akshat/.m2/repository/org/apache/maven/shared/maven-filtering/1.1/maven-filtering-1.1.jar
8e188000-8e18c000 r--s 00033000 08:07 165769     /home/akshat/.m2/repository/org/codehaus/plexus/plexus-utils/2.0.5/plexus-utils-2.0.5.jar
8e18c000-8e18f000 r--s 0001b000 08:07 276313     /home/akshat/.m2/repository/junit/junit/3.8.1/junit-3.8.1.jar
8e18f000-8e191000 r--s 00002000 08:07 276309     /home/akshat/.m2/repository/org/codehaus/plexus/plexus-interactivity-api/1.0-alpha-4/plexus-interactivity-api-1.0-alpha-4.jar
8e191000-8e193000 r--s 00006000 08:07 407424     /home/akshat/.m2/repository/commons-cli/commons-cli/1.0/commons-cli-1.0.jar
8e193000-8e1a8000 r-xp 00000000 08:06 440372     /usr/local/java/jdk1.7.0_80/jre/lib/i386/libnet.so
8e1a8000-8e1a9000 rw-p 00015000 08:06 440372     /usr/local/java/jdk1.7.0_80/jre/lib/i386/libnet.so
8e1a9000-8e1b7000 r-xp 00000000 08:06 440353     /usr/local/java/jdk1.7.0_80/jre/lib/i386/libnio.so
8e1b7000-8e1b8000 rw-p 0000e000 08:06 440353     /usr/local/java/jdk1.7.0_80/jre/lib/i386/libnio.so
8e1b8000-8e1b9000 ---p 00000000 00:00 0 
8e1b9000-8e239000 rw-p 00000000 00:00 0 
8e239000-8e23c000 ---p 00000000 00:00 0 
8e23c000-8e28a000 rw-p 00000000 00:00 0 
8e28a000-8e28d000 ---p 00000000 00:00 0 
8e28d000-8e30b000 rw-p 00000000 00:00 0 
8e30b000-8e30e000 ---p 00000000 00:00 0 
8e30e000-8e38c000 rw-p 00000000 00:00 0 
8e38c000-8e38f000 ---p 00000000 00:00 0 
8e38f000-8e3dd000 rw-p 00000000 00:00 0 
8e3dd000-8e5dd000 r--p 00000000 08:06 2007       /usr/lib/locale/locale-archive
8e5dd000-8e5e0000 ---p 00000000 00:00 0 
8e5e0000-8e62e000 rw-p 00000000 00:00 0 
8e62e000-8e631000 ---p 00000000 00:00 0 
8e631000-8e67f000 rw-p 00000000 00:00 0 
8e67f000-8e680000 ---p 00000000 00:00 0 
8e680000-8e700000 rw-p 00000000 00:00 0 
8e700000-8e7fe000 rw-p 00000000 00:00 0 
8e7fe000-8e800000 ---p 00000000 00:00 0 
8e800000-8e801000 r--s 00001000 08:07 407420     /home/akshat/.m2/repository/org/apache/maven/doxia/doxia-sink-api/1.0-alpha-7/doxia-sink-api-1.0-alpha-7.jar
8e801000-8e802000 r--s 00002000 08:07 407418     /home/akshat/.m2/repository/org/apache/maven/reporting/maven-reporting-api/2.0.6/maven-reporting-api-2.0.6.jar
8e802000-8e804000 r--s 00006000 08:07 155750     /home/akshat/.m2/repository/org/apache/maven/plugins/maven-resources-plugin/2.6/maven-resources-plugin-2.6.jar
8e804000-8e808000 r--s 0008b000 08:06 296723     /usr/local/java/jdk1.7.0_80/jre/lib/jsse.jar
8e808000-8e833000 r--s 001fc000 08:07 263327     /home/akshat/Documents/DistributedComputing/eclipse/plugins/org.eclipse.m2e.maven.runtime_1.8.0.20160921-2001/jars/guava-18.0.jar
8e833000-8e87e000 rw-p 00000000 00:00 0 
8e87e000-8ea3e000 r--s 039fb000 08:06 297021     /usr/local/java/jdk1.7.0_80/jre/lib/rt.jar
8ea3e000-8fe00000 rw-p 00000000 00:00 0 
8fe00000-8fefc000 rw-p 00000000 00:00 0 
8fefc000-8ff00000 ---p 00000000 00:00 0 
8ff00000-8ff01000 r--s 00002000 08:07 263313     /home/akshat/Documents/DistributedComputing/eclipse/plugins/org.eclipse.m2e.maven.runtime.slf4j.simple_1.8.0.20160921-2001/jars/slf4j-simple-1.7.5.jar
8ff01000-8ff06000 r--s 00041000 08:07 263330     /home/akshat/Documents/DistributedComputing/eclipse/plugins/org.eclipse.m2e.maven.runtime_1.8.0.20160921-2001/jars/commons-lang-2.6.jar
8ff06000-8ff07000 r--s 00002000 08:07 263342     /home/akshat/Documents/DistributedComputing/eclipse/plugins/org.eclipse.m2e.maven.runtime_1.8.0.20160921-2001/jars/wagon-file-2.10.jar
8ff07000-8ff09000 r--s 00005000 08:07 263329     /home/akshat/Documents/DistributedComputing/eclipse/plugins/org.eclipse.m2e.maven.runtime_1.8.0.20160921-2001/jars/aether-transport-wagon-1.0.2.v20150114.jar
8ff09000-8ff0a000 r--s 00008000 08:07 263344     /home/akshat/Documents/DistributedComputing/eclipse/plugins/org.eclipse.m2e.maven.runtime_1.8.0.20160921-2001/jars/aether-connector-basic-1.0.2.v20150114.jar
8ff0a000-8ff0c000 r--s 0000f000 08:07 263349     /home/akshat/Documents/DistributedComputing/eclipse/plugins/org.eclipse.m2e.maven.runtime_1.8.0.20160921-2001/jars/okio-1.6.0.jar
8ff0c000-8ff11000 r--s 00049000 08:07 263359     /home/akshat/Documents/DistributedComputing/eclipse/plugins/org.eclipse.m2e.maven.runtime_1.8.0.20160921-2001/jars/okhttp-2.5.0.jar
8ff11000-8ff13000 r--s 0000b000 08:07 263340     /home/akshat/Documents/DistributedComputing/eclipse/plugins/org.eclipse.m2e.maven.runtime_1.8.0.20160921-2001/jars/aether-connector-okhttp-0.16.0.jar
8ff13000-8ff15000 r--s 00006000 08:07 263352     /home/akshat/Documents/DistributedComputing/eclipse/plugins/org.eclipse.m2e.maven.runtime_1.8.0.20160921-2001/jars/aether-spi-1.0.2.v20150114.jar
8ff15000-8ff19000 r--s 00027000 08:07 263356     /home/akshat/Documents/DistributedComputing/eclipse/plugins/org.eclipse.m2e.maven.runtime_1.8.0.20160921-2001/jars/aether-impl-1.0.2.v20150114.jar
8ff19000-8ff21000 r--s 00055000 08:07 263357     /home/akshat/Documents/DistributedComputing/eclipse/plugins/org.eclipse.m2e.maven.runtime_1.8.0.20160921-2001/jars/org.eclipse.sisu.inject-0.3.2.jar
8ff21000-8ff24000 r--s 00008000 08:07 263328     /home/akshat/Documents/DistributedComputing/eclipse/plugins/org.eclipse.m2e.maven.runtime_1.8.0.20160921-2001/jars/cdi-api-1.0.jar
8ff24000-8ff7f000 rw-p 00000000 00:00 0 
8ff7f000-8ff80000 ---p 00000000 00:00 0 
8ff80000-90000000 rw-p 00000000 00:00 0 
90000000-90021000 rw-p 00000000 00:00 0 
90021000-90100000 ---p 00000000 00:00 0 
90100000-90101000 r--s 00001000 08:07 263361     /home/akshat/Documents/DistributedComputing/eclipse/plugins/org.eclipse.m2e.maven.runtime_1.8.0.20160921-2001/jars/jsr250-api-1.0.jar
90101000-90107000 r--s 0002d000 08:07 263339     /home/akshat/Documents/DistributedComputing/eclipse/plugins/org.eclipse.m2e.maven.runtime_1.8.0.20160921-2001/jars/org.eclipse.sisu.plexus-0.3.2.jar
90107000-9010a000 r--s 0000b000 08:07 263348     /home/akshat/Documents/DistributedComputing/eclipse/plugins/org.eclipse.m2e.maven.runtime_1.8.0.20160921-2001/jars/wagon-provider-api-2.10.jar
9010a000-90110000 r--s 00041000 08:07 263362     /home/akshat/Documents/DistributedComputing/eclipse/plugins/org.eclipse.m2e.maven.runtime_1.8.0.20160921-2001/jars/maven-compat-3.3.9.jar
90110000-90112000 r--s 00009000 08:07 263355     /home/akshat/Documents/DistributedComputing/eclipse/plugins/org.eclipse.m2e.maven.runtime_1.8.0.20160921-2001/jars/commons-cli-1.2.jar
90112000-90114000 r--s 00002000 08:07 263338     /home/akshat/Documents/DistributedComputing/eclipse/plugins/org.eclipse.m2e.maven.runtime_1.8.0.20160921-2001/jars/plexus-cipher-1.7.jar
90114000-90117000 r--s 00013000 08:07 263334     /home/akshat/Documents/DistributedComputing/eclipse/plugins/org.eclipse.m2e.maven.runtime_1.8.0.20160921-2001/jars/maven-embedder-3.3.9.jar
90117000-9011e000 r--s 00064000 08:07 263341     /home/akshat/Documents/DistributedComputing/eclipse/plugins/org.eclipse.m2e.maven.runtime_1.8.0.20160921-2001/jars/commons-lang3-3.4.jar
9011e000-9011f000 r--s 00006000 08:07 263346     /home/akshat/Documents/DistributedComputing/eclipse/plugins/org.eclipse.m2e.maven.runtime_1.8.0.20160921-2001/jars/plexus-sec-dispatcher-1.3.jar
9011f000-90121000 r--s 00000000 08:07 263363     /home/akshat/Documents/DistributedComputing/eclipse/plugins/org.eclipse.m2e.maven.runtime_1.8.0.20160921-2001/jars/plexus-component-annotations-1.6.jar
90121000-90125000 r--s 00038000 08:07 263351     /home/akshat/Documents/DistributedComputing/eclipse/plugins/org.eclipse.m2e.maven.runtime_1.8.0.20160921-2001/jars/plexus-utils-3.0.22.jar
90125000-90128000 r--s 0000d000 08:07 263345     /home/akshat/Documents/DistributedComputing/eclipse/plugins/org.eclipse.m2e.maven.runtime_1.8.0.20160921-2001/jars/plexus-interpolation-1.21.jar
90128000-90131000 r--s 0005f000 08:07 263331     /home/akshat/Documents/DistributedComputing/eclipse/plugins/org.eclipse.m2e.maven.runtime_1.8.0.20160921-2001/jars/guice-4.0-no_aop.jar
90131000-90135000 r--s 00020000 08:07 263337     /home/akshat/Documents/DistributedComputing/eclipse/plugins/org.eclipse.m2e.maven.runtime_1.8.0.20160921-2001/jars/aether-util-1.0.2.v20150114.jar
90135000-9013a000 r--s 0001d000 08:07 263335     /home/akshat/Documents/DistributedComputing/eclipse/plugins/org.eclipse.m2e.maven.runtime_1.8.0.20160921-2001/jars/aether-api-1.0.2.v20150114.jar
9013a000-9013f000 r--s 00027000 08:07 263332     /home/akshat/Documents/DistributedComputing/eclipse/plugins/org.eclipse.m2e.maven.runtime_1.8.0.20160921-2001/jars/maven-model-builder-3.3.9.jar
9013f000-90140000 ---p 00000000 00:00 0 
90140000-901cb000 rw-p 00000000 00:00 0 
901cb000-90266000 rw-p 00000000 00:00 0 
90266000-9026e000 rw-p 00000000 00:00 0 
9026e000-90286000 rw-p 00000000 00:00 0 
90286000-90291000 rw-p 00000000 00:00 0 
90291000-9032c000 rw-p 00000000 00:00 0 
9032c000-90359000 rw-p 00000000 00:00 0 
90359000-9037f000 rw-p 00000000 00:00 0 
9037f000-91380000 rw-p 00000000 00:00 0 
91380000-94380000 rw-p 00000000 00:00 0 
94380000-95840000 rw-p 00000000 00:00 0 
95840000-a8f80000 rw-p 00000000 00:00 0 
a8f80000-ae800000 rw-p 00000000 00:00 0 
b1564000-b1780000 rw-p 00000000 00:00 0 
b1780000-b3580000 rw-p 00000000 00:00 0 
b3580000-b3582000 r--s 0000f000 08:07 263350     /home/akshat/Documents/DistributedComputing/eclipse/plugins/org.eclipse.m2e.maven.runtime_1.8.0.20160921-2001/jars/maven-aether-provider-3.3.9.jar
b3582000-b3584000 r--s 0000a000 08:07 263353     /home/akshat/Documents/DistributedComputing/eclipse/plugins/org.eclipse.m2e.maven.runtime_1.8.0.20160921-2001/jars/maven-plugin-api-3.3.9.jar
b3584000-b3586000 r--s 0000c000 08:07 263354     /home/akshat/Documents/DistributedComputing/eclipse/plugins/org.eclipse.m2e.maven.runtime_1.8.0.20160921-2001/jars/maven-artifact-3.3.9.jar
b3586000-b3593000 r--s 0008f000 08:07 263365     /home/akshat/Documents/DistributedComputing/eclipse/plugins/org.eclipse.m2e.maven.runtime_1.8.0.20160921-2001/jars/maven-core-3.3.9.jar
b3593000-b359b000 rw-p 00000000 00:00 0 
b359b000-b35b3000 rw-p 00000000 00:00 0 
b35b3000-b35bc000 rw-p 00000000 00:00 0 
b35bc000-b3673000 rw-p 00000000 00:00 0 
b3673000-b38b3000 rwxp 00000000 00:00 0 
b38b3000-b6673000 rw-p 00000000 00:00 0 
b6673000-b668a000 r-xp 00000000 08:06 440373     /usr/local/java/jdk1.7.0_80/jre/lib/i386/libzip.so
b668a000-b668b000 rw-p 00016000 08:06 440373     /usr/local/java/jdk1.7.0_80/jre/lib/i386/libzip.so
b668b000-b6696000 r-xp 00000000 08:06 555855     /lib/i386-linux-gnu/libnss_files-2.23.so
b6696000-b6697000 r--p 0000a000 08:06 555855     /lib/i386-linux-gnu/libnss_files-2.23.so
b6697000-b6698000 rw-p 0000b000 08:06 555855     /lib/i386-linux-gnu/libnss_files-2.23.so
b6698000-b669e000 rw-p 00000000 00:00 0 
b669e000-b66a9000 r-xp 00000000 08:06 555848     /lib/i386-linux-gnu/libnss_nis-2.23.so
b66a9000-b66aa000 r--p 0000a000 08:06 555848     /lib/i386-linux-gnu/libnss_nis-2.23.so
b66aa000-b66ab000 rw-p 0000b000 08:06 555848     /lib/i386-linux-gnu/libnss_nis-2.23.so
b66ab000-b66c2000 r-xp 00000000 08:06 555850     /lib/i386-linux-gnu/libnsl-2.23.so
b66c2000-b66c3000 r--p 00016000 08:06 555850     /lib/i386-linux-gnu/libnsl-2.23.so
b66c3000-b66c4000 rw-p 00017000 08:06 555850     /lib/i386-linux-gnu/libnsl-2.23.so
b66c4000-b66c6000 rw-p 00000000 00:00 0 
b66c6000-b66c7000 r--s 00006000 08:07 263364     /home/akshat/Documents/DistributedComputing/eclipse/plugins/org.eclipse.m2e.maven.runtime_1.8.0.20160921-2001/jars/maven-repository-metadata-3.3.9.jar
b66c7000-b66c8000 r--s 00003000 08:07 263358     /home/akshat/Documents/DistributedComputing/eclipse/plugins/org.eclipse.m2e.maven.runtime_1.8.0.20160921-2001/jars/maven-builder-support-3.3.9.jar
b66c8000-b66ca000 r--s 00009000 08:07 263360     /home/akshat/Documents/DistributedComputing/eclipse/plugins/org.eclipse.m2e.maven.runtime_1.8.0.20160921-2001/jars/maven-settings-builder-3.3.9.jar
b66ca000-b66cb000 r--s 0000a000 08:07 263336     /home/akshat/Documents/DistributedComputing/eclipse/plugins/org.eclipse.m2e.maven.runtime_1.8.0.20160921-2001/jars/maven-settings-3.3.9.jar
b66cb000-b66ce000 r--s 00026000 08:07 263343     /home/akshat/Documents/DistributedComputing/eclipse/plugins/org.eclipse.m2e.maven.runtime_1.8.0.20160921-2001/jars/maven-model-3.3.9.jar
b66ce000-b66dc000 rw-p 00000000 00:00 0 
b66dc000-b66ff000 r-xp 00000000 08:06 440350     /usr/local/java/jdk1.7.0_80/jre/lib/i386/libjava.so
b66ff000-b6700000 rw-p 00023000 08:06 440350     /usr/local/java/jdk1.7.0_80/jre/lib/i386/libjava.so
b6700000-b67f3000 rw-p 00000000 00:00 0 
b67f3000-b6800000 ---p 00000000 00:00 0 
b6800000-b6802000 r--s 0000b000 08:07 263333     /home/akshat/Documents/DistributedComputing/eclipse/plugins/org.eclipse.m2e.maven.runtime_1.8.0.20160921-2001/jars/plexus-classworlds-2.5.2.jar
b6802000-b6803000 r--p 002d4000 08:06 2007       /usr/lib/locale/locale-archive
b6803000-b680b000 r-xp 00000000 08:06 555856     /lib/i386-linux-gnu/libnss_compat-2.23.so
b680b000-b680c000 r--p 00007000 08:06 555856     /lib/i386-linux-gnu/libnss_compat-2.23.so
b680c000-b680d000 rw-p 00008000 08:06 555856     /lib/i386-linux-gnu/libnss_compat-2.23.so
b680d000-b6814000 r-xp 00000000 08:06 555857     /lib/i386-linux-gnu/librt-2.23.so
b6814000-b6815000 r--p 00006000 08:06 555857     /lib/i386-linux-gnu/librt-2.23.so
b6815000-b6816000 rw-p 00007000 08:06 555857     /lib/i386-linux-gnu/librt-2.23.so
b6816000-b6819000 ---p 00000000 00:00 0 
b6819000-b6867000 rw-p 00000000 00:00 0 
b6867000-b68ba000 r-xp 00000000 08:06 555849     /lib/i386-linux-gnu/libm-2.23.so
b68ba000-b68bb000 r--p 00052000 08:06 555849     /lib/i386-linux-gnu/libm-2.23.so
b68bb000-b68bc000 rw-p 00053000 08:06 555849     /lib/i386-linux-gnu/libm-2.23.so
b68bc000-b7143000 r-xp 00000000 08:06 440333     /usr/local/java/jdk1.7.0_80/jre/lib/i386/server/libjvm.so
b7143000-b71a7000 rw-p 00886000 08:06 440333     /usr/local/java/jdk1.7.0_80/jre/lib/i386/server/libjvm.so
b71a7000-b75cb000 rw-p 00000000 00:00 0 
b75cb000-b777a000 r-xp 00000000 08:06 555851     /lib/i386-linux-gnu/libc-2.23.so
b777a000-b777b000 ---p 001af000 08:06 555851     /lib/i386-linux-gnu/libc-2.23.so
b777b000-b777d000 r--p 001af000 08:06 555851     /lib/i386-linux-gnu/libc-2.23.so
b777d000-b777e000 rw-p 001b1000 08:06 555851     /lib/i386-linux-gnu/libc-2.23.so
b777e000-b7781000 rw-p 00000000 00:00 0 
b7781000-b7784000 r-xp 00000000 08:06 555847     /lib/i386-linux-gnu/libdl-2.23.so
b7784000-b7785000 r--p 00002000 08:06 555847     /lib/i386-linux-gnu/libdl-2.23.so
b7785000-b7786000 rw-p 00003000 08:06 555847     /lib/i386-linux-gnu/libdl-2.23.so
b7786000-b779a000 r-xp 00000000 08:06 296707     /usr/local/java/jdk1.7.0_80/lib/i386/jli/libjli.so
b779a000-b779b000 rw-p 00013000 08:06 296707     /usr/local/java/jdk1.7.0_80/lib/i386/jli/libjli.so
b779b000-b77b4000 r-xp 00000000 08:06 555861     /lib/i386-linux-gnu/libpthread-2.23.so
b77b4000-b77b5000 r--p 00018000 08:06 555861     /lib/i386-linux-gnu/libpthread-2.23.so
b77b5000-b77b6000 rw-p 00019000 08:06 555861     /lib/i386-linux-gnu/libpthread-2.23.so
b77b6000-b77b8000 rw-p 00000000 00:00 0 
b77b8000-b77c0000 rw-s 00000000 08:06 789362     /tmp/hsperfdata_akshat/5242
b77c0000-b77c1000 rw-p 00000000 00:00 0 
b77c1000-b77c2000 ---p 00000000 00:00 0 
b77c2000-b77cd000 r-xp 00000000 08:06 440369     /usr/local/java/jdk1.7.0_80/jre/lib/i386/libverify.so
b77cd000-b77ce000 rw-p 0000b000 08:06 440369     /usr/local/java/jdk1.7.0_80/jre/lib/i386/libverify.so
b77ce000-b77d0000 rw-p 00000000 00:00 0 
b77d0000-b77d2000 r--p 00000000 00:00 0          [vvar]
b77d2000-b77d3000 r-xp 00000000 00:00 0          [vdso]
b77d3000-b77f5000 r-xp 00000000 08:06 555852     /lib/i386-linux-gnu/ld-2.23.so
b77f5000-b77f6000 rw-p 00000000 00:00 0 
b77f6000-b77f7000 r--p 00022000 08:06 555852     /lib/i386-linux-gnu/ld-2.23.so
b77f7000-b77f8000 rw-p 00023000 08:06 555852     /lib/i386-linux-gnu/ld-2.23.so
bfbfc000-bfbfd000 rwxp 00000000 00:00 0 
bfc2e000-bfc50000 rw-p 00000000 00:00 0          [stack]

VM Arguments:
jvm_args: -Dmaven.home=EMBEDDED -Dclassworlds.conf=/home/akshat/workspace/.metadata/.plugins/org.eclipse.m2e.launching/launches/m2conf6603618970685402820.tmp -Dmaven.multiModuleProjectDirectory=/home/akshat/workspace/HCDistributed -Dfile.encoding=UTF-8 
java_command: org.codehaus.plexus.classworlds.launcher.Launcher -B package shade:shade
Launcher Type: SUN_STANDARD

Environment Variables:
JAVA_HOME=/usr/local/java/jdk1.8.0_101
JRE_HOME=/usr/local/java/jdk1.8.0_101/jre
PATH=/home/akshat/Documents/DistributedComputing/hadoop-2.7.2/bin:/home/akshat/Downloads/mosek/7/tools/platform/linux32x86/bin:/home/akshat/Downloads/sublime_text_3/sublime_text:/home/akshat/Documents/DistributedComputing/eclipse:/home/akshat/bin:/home/akshat/.local/bin:/usr/local/sbin:/usr/local/bin:/usr/sbin:/usr/bin:/sbin:/bin:/usr/games:/usr/local/games:/snap/bin:/usr/local/java/jdk1.8.0_101/bin:/usr/local/java/jdk1.8.0_101/jre/bin
LD_LIBRARY_PATH=/usr/local/java/jdk1.7.0_80/jre/lib/i386/server:/usr/local/java/jdk1.7.0_80/jre/lib/i386:/usr/local/java/jdk1.7.0_80/jre/../lib/i386:/usr/local/java/jdk1.8.0_101/jre/lib/i386/client:/usr/local/java/jdk1.8.0_101/jre/lib/i386:
SHELL=/bin/bash
DISPLAY=:0

Signal Handlers:
SIGSEGV: [libjvm.so+0x7eb160], sa_mask[0]=0x7ffbfeff, sa_flags=0x10000004
SIGBUS: [libjvm.so+0x7eb160], sa_mask[0]=0x7ffbfeff, sa_flags=0x10000004
SIGFPE: [libjvm.so+0x684ac0], sa_mask[0]=0x7ffbfeff, sa_flags=0x10000004
SIGPIPE: [libjvm.so+0x684ac0], sa_mask[0]=0x7ffbfeff, sa_flags=0x10000004
SIGXFSZ: [libjvm.so+0x684ac0], sa_mask[0]=0x7ffbfeff, sa_flags=0x10000004
SIGILL: [libjvm.so+0x684ac0], sa_mask[0]=0x7ffbfeff, sa_flags=0x10000004
SIGUSR1: SIG_DFL, sa_mask[0]=0x00000000, sa_flags=0x00000000
SIGUSR2: [libjvm.so+0x686330], sa_mask[0]=0x00000004, sa_flags=0x10000004
SIGHUP: [libjvm.so+0x687660], sa_mask[0]=0x7ffbfeff, sa_flags=0x10000004
SIGINT: [libjvm.so+0x687660], sa_mask[0]=0x7ffbfeff, sa_flags=0x10000004
SIGTERM: [libjvm.so+0x687660], sa_mask[0]=0x7ffbfeff, sa_flags=0x10000004
SIGQUIT: [libjvm.so+0x687660], sa_mask[0]=0x7ffbfeff, sa_flags=0x10000004


---------------  S Y S T E M  ---------------

OS:stretch/sid

uname:Linux 4.4.0-75-generic #96-Ubuntu SMP Thu Apr 20 09:55:15 UTC 2017 i686
libc:glibc 2.23 NPTL 2.23 
rlimit: STACK 8192k, CORE 0k, NPROC 15619, NOFILE 65536, AS infinity
load average:1.21 0.63 0.70

/proc/meminfo:
MemTotal:        2036416 kB
MemFree:          121056 kB
MemAvailable:      13336 kB
Buffers:            2104 kB
Cached:           354324 kB
SwapCached:            0 kB
Active:          1500820 kB
Inactive:         339620 kB
Active(anon):    1486912 kB
Inactive(anon):   312784 kB
Active(file):      13908 kB
Inactive(file):    26836 kB
Unevictable:         248 kB
Mlocked:             248 kB
HighTotal:       1157832 kB
HighFree:          14820 kB
LowTotal:         878584 kB
LowFree:          106236 kB
SwapTotal:             0 kB
SwapFree:              0 kB
Dirty:               524 kB
Writeback:             0 kB
AnonPages:       1484456 kB
Mapped:            58552 kB
Shmem:            315488 kB
Slab:              35336 kB
SReclaimable:      15560 kB
SUnreclaim:        19776 kB
KernelStack:        4304 kB
PageTables:        11808 kB
NFS_Unstable:          0 kB
Bounce:                0 kB
WritebackTmp:          0 kB
CommitLimit:     1018208 kB
Committed_AS:    5316988 kB
VmallocTotal:     122880 kB
VmallocUsed:           0 kB
VmallocChunk:          0 kB
AnonHugePages:    839680 kB
CmaTotal:              0 kB
CmaFree:               0 kB
HugePages_Total:       0
HugePages_Free:        0
HugePages_Rsvd:        0
HugePages_Surp:        0
Hugepagesize:       2048 kB
DirectMap4k:       51192 kB
DirectMap2M:      862208 kB


CPU:total 2 (2 cores per cpu, 1 threads per core) family 6 model 15 stepping 13, cmov, cx8, fxsr, mmx, sse, sse2, sse3, ssse3, tsc

/proc/cpuinfo:
processor	: 0
vendor_id	: GenuineIntel
cpu family	: 6
model		: 15
model name	: Intel(R) Core(TM)2 Duo CPU     T5870  @ 2.00GHz
stepping	: 13
microcode	: 0xa3
cpu MHz		: 2001.000
cache size	: 2048 KB
physical id	: 0
siblings	: 2
core id		: 0
cpu cores	: 2
apicid		: 0
initial apicid	: 0
fdiv_bug	: no
f00f_bug	: no
coma_bug	: no
fpu		: yes
fpu_exception	: yes
cpuid level	: 10
wp		: yes
flags		: fpu vme de pse tsc msr pae mce cx8 apic sep mtrr pge mca cmov pat pse36 clflush dts acpi mmx fxsr sse sse2 ss ht tm pbe nx lm constant_tsc arch_perfmon pebs bts aperfmperf pni dtes64 monitor ds_cpl est tm2 ssse3 cx16 xtpr pdcm lahf_lm dtherm ida
bugs		:
bogomips	: 3990.08
clflush size	: 64
cache_alignment	: 64
address sizes	: 36 bits physical, 48 bits virtual
power management:

processor	: 1
vendor_id	: GenuineIntel
cpu family	: 6
model		: 15
model name	: Intel(R) Core(TM)2 Duo CPU     T5870  @ 2.00GHz
stepping	: 13
microcode	: 0xa3
cpu MHz		: 2001.000
cache size	: 2048 KB
physical id	: 0
siblings	: 2
core id		: 1
cpu cores	: 2
apicid		: 1
initial apicid	: 1
fdiv_bug	: no
f00f_bug	: no
coma_bug	: no
fpu		: yes
fpu_exception	: yes
cpuid level	: 10
wp		: yes
flags		: fpu vme de pse tsc msr pae mce cx8 apic sep mtrr pge mca cmov pat pse36 clflush dts acpi mmx fxsr sse sse2 ss ht tm pbe nx lm constant_tsc arch_perfmon pebs bts aperfmperf pni dtes64 monitor ds_cpl est tm2 ssse3 cx16 xtpr pdcm lahf_lm dtherm ida
bugs		:
bogomips	: 3990.08
clflush size	: 64
cache_alignment	: 64
address sizes	: 36 bits physical, 48 bits virtual
power management:



Memory: 4k page, physical 2036416k(121056k free), swap 0k(0k free)

vm_info: Java HotSpot(TM) Server VM (24.80-b11) for linux-x86 JRE (1.7.0_80-b15), built on Apr 10 2015 12:29:10 by "java_re" with gcc 4.3.0 20080428 (Red Hat 4.3.0-8)

time: Tue May  2 00:58:56 2017
elapsed time: 24 seconds

